[0.065s] Invoking command in '/home/jacob/MTRN4231/lab1_workspace/build/tutorial_interfaces': CMAKE_PREFIX_PATH=${CMAKE_PREFIX_PATH}:/opt/ros/humble /usr/bin/cmake --build /home/jacob/MTRN4231/lab1_workspace/build/tutorial_interfaces -- -j8 -l8
[0.247s] [  3%] Built target tutorial_interfaces__cpp
[0.260s] [ 12%] Built target tutorial_interfaces__rosidl_generator_c
[0.284s] [ 12%] Built target ament_cmake_python_copy_tutorial_interfaces
[0.371s] [ 22%] Built target tutorial_interfaces__rosidl_typesupport_cpp
[0.378s] [ 41%] Built target tutorial_interfaces__rosidl_typesupport_fastrtps_c
[0.379s] [ 45%] Built target tutorial_interfaces__rosidl_typesupport_introspection_cpp
[0.380s] [ 51%] Built target tutorial_interfaces__rosidl_typesupport_introspection_c
[0.384s] [ 61%] Built target tutorial_interfaces__rosidl_typesupport_c
[0.391s] [ 70%] Built target tutorial_interfaces__rosidl_typesupport_fastrtps_cpp
[0.464s] [ 70%] Built target tutorial_interfaces
[0.542s] [ 74%] Built target tutorial_interfaces__py
[0.614s] [ 80%] Built target tutorial_interfaces__rosidl_generator_py
[0.699s] [ 93%] Built target tutorial_interfaces__rosidl_typesupport_c__pyext
[0.700s] [ 93%] Built target tutorial_interfaces__rosidl_typesupport_introspection_c__pyext
[0.708s] [100%] Built target tutorial_interfaces__rosidl_typesupport_fastrtps_c__pyext
[1.293s] running egg_info
[1.296s] writing tutorial_interfaces.egg-info/PKG-INFO
[1.297s] writing dependency_links to tutorial_interfaces.egg-info/dependency_links.txt
[1.297s] writing top-level names to tutorial_interfaces.egg-info/top_level.txt
[1.307s] reading manifest file 'tutorial_interfaces.egg-info/SOURCES.txt'
[1.308s] writing manifest file 'tutorial_interfaces.egg-info/SOURCES.txt'
[1.382s] [100%] Built target ament_cmake_python_build_tutorial_interfaces_egg
[1.416s] Invoked command in '/home/jacob/MTRN4231/lab1_workspace/build/tutorial_interfaces' returned '0': CMAKE_PREFIX_PATH=${CMAKE_PREFIX_PATH}:/opt/ros/humble /usr/bin/cmake --build /home/jacob/MTRN4231/lab1_workspace/build/tutorial_interfaces -- -j8 -l8
[1.453s] Invoking command in '/home/jacob/MTRN4231/lab1_workspace/build/tutorial_interfaces': CMAKE_PREFIX_PATH=${CMAKE_PREFIX_PATH}:/opt/ros/humble /usr/bin/cmake --install /home/jacob/MTRN4231/lab1_workspace/build/tutorial_interfaces
[1.477s] -- Install configuration: ""
[1.477s] -- Up-to-date: /home/jacob/MTRN4231/lab1_workspace/install/tutorial_interfaces/share/ament_index/resource_index/rosidl_interfaces/tutorial_interfaces
[1.478s] -- Up-to-date: /home/jacob/MTRN4231/lab1_workspace/install/tutorial_interfaces/include/tutorial_interfaces/tutorial_interfaces
[1.479s] -- Up-to-date: /home/jacob/MTRN4231/lab1_workspace/install/tutorial_interfaces/include/tutorial_interfaces/tutorial_interfaces/msg
[1.480s] -- Up-to-date: /home/jacob/MTRN4231/lab1_workspace/install/tutorial_interfaces/include/tutorial_interfaces/tutorial_interfaces/msg/posestamped.h
[1.480s] -- Up-to-date: /home/jacob/MTRN4231/lab1_workspace/install/tutorial_interfaces/include/tutorial_interfaces/tutorial_interfaces/msg/pose_stamped.h
[1.480s] -- Up-to-date: /home/jacob/MTRN4231/lab1_workspace/install/tutorial_interfaces/include/tutorial_interfaces/tutorial_interfaces/msg/rosidl_generator_c__visibility_control.h
[1.480s] -- Up-to-date: /home/jacob/MTRN4231/lab1_workspace/install/tutorial_interfaces/include/tutorial_interfaces/tutorial_interfaces/msg/detail
[1.481s] -- Up-to-date: /home/jacob/MTRN4231/lab1_workspace/install/tutorial_interfaces/include/tutorial_interfaces/tutorial_interfaces/msg/detail/posestamped__functions.c
[1.481s] -- Up-to-date: /home/jacob/MTRN4231/lab1_workspace/install/tutorial_interfaces/include/tutorial_interfaces/tutorial_interfaces/msg/detail/posestamped__functions.h
[1.482s] -- Up-to-date: /home/jacob/MTRN4231/lab1_workspace/install/tutorial_interfaces/include/tutorial_interfaces/tutorial_interfaces/msg/detail/pose_stamped__type_support.h
[1.482s] -- Up-to-date: /home/jacob/MTRN4231/lab1_workspace/install/tutorial_interfaces/include/tutorial_interfaces/tutorial_interfaces/msg/detail/pose_stamped__functions.h
[1.483s] -- Up-to-date: /home/jacob/MTRN4231/lab1_workspace/install/tutorial_interfaces/include/tutorial_interfaces/tutorial_interfaces/msg/detail/pose_stamped__struct.h
[1.484s] -- Up-to-date: /home/jacob/MTRN4231/lab1_workspace/install/tutorial_interfaces/include/tutorial_interfaces/tutorial_interfaces/msg/detail/posestamped__type_support.h
[1.485s] -- Up-to-date: /home/jacob/MTRN4231/lab1_workspace/install/tutorial_interfaces/include/tutorial_interfaces/tutorial_interfaces/msg/detail/pose_stamped__functions.c
[1.485s] -- Up-to-date: /home/jacob/MTRN4231/lab1_workspace/install/tutorial_interfaces/include/tutorial_interfaces/tutorial_interfaces/msg/detail/posestamped__struct.h
[1.486s] -- Up-to-date: /home/jacob/MTRN4231/lab1_workspace/install/tutorial_interfaces/share/tutorial_interfaces/environment/library_path.sh
[1.487s] -- Up-to-date: /home/jacob/MTRN4231/lab1_workspace/install/tutorial_interfaces/share/tutorial_interfaces/environment/library_path.dsv
[1.487s] -- Up-to-date: /home/jacob/MTRN4231/lab1_workspace/install/tutorial_interfaces/lib/libtutorial_interfaces__rosidl_generator_c.so
[1.488s] -- Up-to-date: /home/jacob/MTRN4231/lab1_workspace/install/tutorial_interfaces/include/tutorial_interfaces/tutorial_interfaces
[1.489s] -- Up-to-date: /home/jacob/MTRN4231/lab1_workspace/install/tutorial_interfaces/include/tutorial_interfaces/tutorial_interfaces/msg
[1.490s] -- Up-to-date: /home/jacob/MTRN4231/lab1_workspace/install/tutorial_interfaces/include/tutorial_interfaces/tutorial_interfaces/msg/rosidl_typesupport_fastrtps_c__visibility_control.h
[1.490s] -- Up-to-date: /home/jacob/MTRN4231/lab1_workspace/install/tutorial_interfaces/include/tutorial_interfaces/tutorial_interfaces/msg/detail
[1.491s] -- Up-to-date: /home/jacob/MTRN4231/lab1_workspace/install/tutorial_interfaces/include/tutorial_interfaces/tutorial_interfaces/msg/detail/posestamped__rosidl_typesupport_fastrtps_c.h
[1.492s] -- Up-to-date: /home/jacob/MTRN4231/lab1_workspace/install/tutorial_interfaces/include/tutorial_interfaces/tutorial_interfaces/msg/detail/pose_stamped__rosidl_typesupport_fastrtps_c.h
[1.493s] -- Up-to-date: /home/jacob/MTRN4231/lab1_workspace/install/tutorial_interfaces/lib/libtutorial_interfaces__rosidl_typesupport_fastrtps_c.so
[1.493s] -- Up-to-date: /home/jacob/MTRN4231/lab1_workspace/install/tutorial_interfaces/include/tutorial_interfaces/tutorial_interfaces
[1.494s] -- Up-to-date: /home/jacob/MTRN4231/lab1_workspace/install/tutorial_interfaces/include/tutorial_interfaces/tutorial_interfaces/msg
[1.495s] -- Up-to-date: /home/jacob/MTRN4231/lab1_workspace/install/tutorial_interfaces/include/tutorial_interfaces/tutorial_interfaces/msg/posestamped.hpp
[1.496s] -- Up-to-date: /home/jacob/MTRN4231/lab1_workspace/install/tutorial_interfaces/include/tutorial_interfaces/tutorial_interfaces/msg/pose_stamped.hpp
[1.496s] -- Up-to-date: /home/jacob/MTRN4231/lab1_workspace/install/tutorial_interfaces/include/tutorial_interfaces/tutorial_interfaces/msg/rosidl_generator_cpp__visibility_control.hpp
[1.496s] -- Up-to-date: /home/jacob/MTRN4231/lab1_workspace/install/tutorial_interfaces/include/tutorial_interfaces/tutorial_interfaces/msg/detail
[1.497s] -- Up-to-date: /home/jacob/MTRN4231/lab1_workspace/install/tutorial_interfaces/include/tutorial_interfaces/tutorial_interfaces/msg/detail/posestamped__builder.hpp
[1.497s] -- Up-to-date: /home/jacob/MTRN4231/lab1_workspace/install/tutorial_interfaces/include/tutorial_interfaces/tutorial_interfaces/msg/detail/pose_stamped__struct.hpp
[1.498s] -- Up-to-date: /home/jacob/MTRN4231/lab1_workspace/install/tutorial_interfaces/include/tutorial_interfaces/tutorial_interfaces/msg/detail/posestamped__type_support.hpp
[1.498s] -- Up-to-date: /home/jacob/MTRN4231/lab1_workspace/install/tutorial_interfaces/include/tutorial_interfaces/tutorial_interfaces/msg/detail/pose_stamped__type_support.hpp
[1.498s] -- Up-to-date: /home/jacob/MTRN4231/lab1_workspace/install/tutorial_interfaces/include/tutorial_interfaces/tutorial_interfaces/msg/detail/posestamped__struct.hpp
[1.499s] -- Up-to-date: /home/jacob/MTRN4231/lab1_workspace/install/tutorial_interfaces/include/tutorial_interfaces/tutorial_interfaces/msg/detail/pose_stamped__traits.hpp
[1.500s] -- Up-to-date: /home/jacob/MTRN4231/lab1_workspace/install/tutorial_interfaces/include/tutorial_interfaces/tutorial_interfaces/msg/detail/pose_stamped__builder.hpp
[1.500s] -- Up-to-date: /home/jacob/MTRN4231/lab1_workspace/install/tutorial_interfaces/include/tutorial_interfaces/tutorial_interfaces/msg/detail/posestamped__traits.hpp
[1.501s] -- Up-to-date: /home/jacob/MTRN4231/lab1_workspace/install/tutorial_interfaces/include/tutorial_interfaces/tutorial_interfaces
[1.501s] -- Up-to-date: /home/jacob/MTRN4231/lab1_workspace/install/tutorial_interfaces/include/tutorial_interfaces/tutorial_interfaces/msg
[1.502s] -- Up-to-date: /home/jacob/MTRN4231/lab1_workspace/install/tutorial_interfaces/include/tutorial_interfaces/tutorial_interfaces/msg/rosidl_typesupport_fastrtps_cpp__visibility_control.h
[1.502s] -- Up-to-date: /home/jacob/MTRN4231/lab1_workspace/install/tutorial_interfaces/include/tutorial_interfaces/tutorial_interfaces/msg/detail
[1.503s] -- Up-to-date: /home/jacob/MTRN4231/lab1_workspace/install/tutorial_interfaces/include/tutorial_interfaces/tutorial_interfaces/msg/detail/pose_stamped__rosidl_typesupport_fastrtps_cpp.hpp
[1.505s] -- Up-to-date: /home/jacob/MTRN4231/lab1_workspace/install/tutorial_interfaces/include/tutorial_interfaces/tutorial_interfaces/msg/detail/dds_fastrtps
[1.505s] -- Up-to-date: /home/jacob/MTRN4231/lab1_workspace/install/tutorial_interfaces/include/tutorial_interfaces/tutorial_interfaces/msg/detail/posestamped__rosidl_typesupport_fastrtps_cpp.hpp
[1.506s] -- Up-to-date: /home/jacob/MTRN4231/lab1_workspace/install/tutorial_interfaces/lib/libtutorial_interfaces__rosidl_typesupport_fastrtps_cpp.so
[1.506s] -- Up-to-date: /home/jacob/MTRN4231/lab1_workspace/install/tutorial_interfaces/include/tutorial_interfaces/tutorial_interfaces
[1.507s] -- Up-to-date: /home/jacob/MTRN4231/lab1_workspace/install/tutorial_interfaces/include/tutorial_interfaces/tutorial_interfaces/msg
[1.507s] -- Up-to-date: /home/jacob/MTRN4231/lab1_workspace/install/tutorial_interfaces/include/tutorial_interfaces/tutorial_interfaces/msg/rosidl_typesupport_introspection_c__visibility_control.h
[1.507s] -- Up-to-date: /home/jacob/MTRN4231/lab1_workspace/install/tutorial_interfaces/include/tutorial_interfaces/tutorial_interfaces/msg/detail
[1.507s] -- Up-to-date: /home/jacob/MTRN4231/lab1_workspace/install/tutorial_interfaces/include/tutorial_interfaces/tutorial_interfaces/msg/detail/pose_stamped__type_support.c
[1.507s] -- Up-to-date: /home/jacob/MTRN4231/lab1_workspace/install/tutorial_interfaces/include/tutorial_interfaces/tutorial_interfaces/msg/detail/pose_stamped__rosidl_typesupport_introspection_c.h
[1.508s] -- Up-to-date: /home/jacob/MTRN4231/lab1_workspace/install/tutorial_interfaces/include/tutorial_interfaces/tutorial_interfaces/msg/detail/posestamped__rosidl_typesupport_introspection_c.h
[1.508s] -- Up-to-date: /home/jacob/MTRN4231/lab1_workspace/install/tutorial_interfaces/include/tutorial_interfaces/tutorial_interfaces/msg/detail/posestamped__type_support.c
[1.508s] -- Up-to-date: /home/jacob/MTRN4231/lab1_workspace/install/tutorial_interfaces/lib/libtutorial_interfaces__rosidl_typesupport_introspection_c.so
[1.508s] -- Up-to-date: /home/jacob/MTRN4231/lab1_workspace/install/tutorial_interfaces/lib/libtutorial_interfaces__rosidl_typesupport_c.so
[1.509s] -- Up-to-date: /home/jacob/MTRN4231/lab1_workspace/install/tutorial_interfaces/include/tutorial_interfaces/tutorial_interfaces
[1.509s] -- Up-to-date: /home/jacob/MTRN4231/lab1_workspace/install/tutorial_interfaces/include/tutorial_interfaces/tutorial_interfaces/msg
[1.509s] -- Up-to-date: /home/jacob/MTRN4231/lab1_workspace/install/tutorial_interfaces/include/tutorial_interfaces/tutorial_interfaces/msg/detail
[1.510s] -- Up-to-date: /home/jacob/MTRN4231/lab1_workspace/install/tutorial_interfaces/include/tutorial_interfaces/tutorial_interfaces/msg/detail/pose_stamped__type_support.cpp
[1.511s] -- Up-to-date: /home/jacob/MTRN4231/lab1_workspace/install/tutorial_interfaces/include/tutorial_interfaces/tutorial_interfaces/msg/detail/pose_stamped__rosidl_typesupport_introspection_cpp.hpp
[1.512s] -- Up-to-date: /home/jacob/MTRN4231/lab1_workspace/install/tutorial_interfaces/include/tutorial_interfaces/tutorial_interfaces/msg/detail/posestamped__rosidl_typesupport_introspection_cpp.hpp
[1.513s] -- Up-to-date: /home/jacob/MTRN4231/lab1_workspace/install/tutorial_interfaces/include/tutorial_interfaces/tutorial_interfaces/msg/detail/posestamped__type_support.cpp
[1.513s] -- Up-to-date: /home/jacob/MTRN4231/lab1_workspace/install/tutorial_interfaces/lib/libtutorial_interfaces__rosidl_typesupport_introspection_cpp.so
[1.513s] -- Up-to-date: /home/jacob/MTRN4231/lab1_workspace/install/tutorial_interfaces/lib/libtutorial_interfaces__rosidl_typesupport_cpp.so
[1.513s] -- Up-to-date: /home/jacob/MTRN4231/lab1_workspace/install/tutorial_interfaces/share/tutorial_interfaces/environment/pythonpath.sh
[1.513s] -- Up-to-date: /home/jacob/MTRN4231/lab1_workspace/install/tutorial_interfaces/share/tutorial_interfaces/environment/pythonpath.dsv
[1.513s] -- Up-to-date: /home/jacob/MTRN4231/lab1_workspace/install/tutorial_interfaces/local/lib/python3.10/dist-packages/tutorial_interfaces-0.0.0-py3.10.egg-info
[1.514s] -- Installing: /home/jacob/MTRN4231/lab1_workspace/install/tutorial_interfaces/local/lib/python3.10/dist-packages/tutorial_interfaces-0.0.0-py3.10.egg-info/SOURCES.txt
[1.514s] -- Installing: /home/jacob/MTRN4231/lab1_workspace/install/tutorial_interfaces/local/lib/python3.10/dist-packages/tutorial_interfaces-0.0.0-py3.10.egg-info/dependency_links.txt
[1.514s] -- Installing: /home/jacob/MTRN4231/lab1_workspace/install/tutorial_interfaces/local/lib/python3.10/dist-packages/tutorial_interfaces-0.0.0-py3.10.egg-info/top_level.txt
[1.514s] -- Installing: /home/jacob/MTRN4231/lab1_workspace/install/tutorial_interfaces/local/lib/python3.10/dist-packages/tutorial_interfaces-0.0.0-py3.10.egg-info/PKG-INFO
[1.514s] -- Up-to-date: /home/jacob/MTRN4231/lab1_workspace/install/tutorial_interfaces/local/lib/python3.10/dist-packages/tutorial_interfaces
[1.514s] -- Up-to-date: /home/jacob/MTRN4231/lab1_workspace/install/tutorial_interfaces/local/lib/python3.10/dist-packages/tutorial_interfaces/tutorial_interfaces_s__rosidl_typesupport_fastrtps_c.cpython-310-x86_64-linux-gnu.so
[1.515s] -- Up-to-date: /home/jacob/MTRN4231/lab1_workspace/install/tutorial_interfaces/local/lib/python3.10/dist-packages/tutorial_interfaces/__init__.py
[1.515s] -- Up-to-date: /home/jacob/MTRN4231/lab1_workspace/install/tutorial_interfaces/local/lib/python3.10/dist-packages/tutorial_interfaces/_tutorial_interfaces_s.ep.rosidl_typesupport_fastrtps_c.c
[1.515s] -- Up-to-date: /home/jacob/MTRN4231/lab1_workspace/install/tutorial_interfaces/local/lib/python3.10/dist-packages/tutorial_interfaces/msg
[1.515s] -- Up-to-date: /home/jacob/MTRN4231/lab1_workspace/install/tutorial_interfaces/local/lib/python3.10/dist-packages/tutorial_interfaces/msg/__init__.py
[1.515s] -- Up-to-date: /home/jacob/MTRN4231/lab1_workspace/install/tutorial_interfaces/local/lib/python3.10/dist-packages/tutorial_interfaces/msg/_posestamped_s.c
[1.515s] -- Up-to-date: /home/jacob/MTRN4231/lab1_workspace/install/tutorial_interfaces/local/lib/python3.10/dist-packages/tutorial_interfaces/msg/_pose_stamped.py
[1.516s] -- Up-to-date: /home/jacob/MTRN4231/lab1_workspace/install/tutorial_interfaces/local/lib/python3.10/dist-packages/tutorial_interfaces/msg/_pose_stamped_s.c
[1.516s] -- Up-to-date: /home/jacob/MTRN4231/lab1_workspace/install/tutorial_interfaces/local/lib/python3.10/dist-packages/tutorial_interfaces/msg/_posestamped.py
[1.516s] -- Up-to-date: /home/jacob/MTRN4231/lab1_workspace/install/tutorial_interfaces/local/lib/python3.10/dist-packages/tutorial_interfaces/libtutorial_interfaces__rosidl_generator_py.so
[1.516s] -- Up-to-date: /home/jacob/MTRN4231/lab1_workspace/install/tutorial_interfaces/local/lib/python3.10/dist-packages/tutorial_interfaces/tutorial_interfaces_s__rosidl_typesupport_c.cpython-310-x86_64-linux-gnu.so
[1.516s] -- Up-to-date: /home/jacob/MTRN4231/lab1_workspace/install/tutorial_interfaces/local/lib/python3.10/dist-packages/tutorial_interfaces/_tutorial_interfaces_s.ep.rosidl_typesupport_introspection_c.c
[1.516s] -- Up-to-date: /home/jacob/MTRN4231/lab1_workspace/install/tutorial_interfaces/local/lib/python3.10/dist-packages/tutorial_interfaces/tutorial_interfaces_s__rosidl_typesupport_introspection_c.cpython-310-x86_64-linux-gnu.so
[1.516s] -- Up-to-date: /home/jacob/MTRN4231/lab1_workspace/install/tutorial_interfaces/local/lib/python3.10/dist-packages/tutorial_interfaces/_tutorial_interfaces_s.ep.rosidl_typesupport_c.c
[1.615s] Listing '/home/jacob/MTRN4231/lab1_workspace/install/tutorial_interfaces/local/lib/python3.10/dist-packages/tutorial_interfaces'...
[1.615s] Listing '/home/jacob/MTRN4231/lab1_workspace/install/tutorial_interfaces/local/lib/python3.10/dist-packages/tutorial_interfaces/msg'...
[1.632s] -- Up-to-date: /home/jacob/MTRN4231/lab1_workspace/install/tutorial_interfaces/local/lib/python3.10/dist-packages/tutorial_interfaces/tutorial_interfaces_s__rosidl_typesupport_fastrtps_c.cpython-310-x86_64-linux-gnu.so
[1.633s] -- Up-to-date: /home/jacob/MTRN4231/lab1_workspace/install/tutorial_interfaces/local/lib/python3.10/dist-packages/tutorial_interfaces/tutorial_interfaces_s__rosidl_typesupport_introspection_c.cpython-310-x86_64-linux-gnu.so
[1.634s] -- Up-to-date: /home/jacob/MTRN4231/lab1_workspace/install/tutorial_interfaces/local/lib/python3.10/dist-packages/tutorial_interfaces/tutorial_interfaces_s__rosidl_typesupport_c.cpython-310-x86_64-linux-gnu.so
[1.635s] -- Up-to-date: /home/jacob/MTRN4231/lab1_workspace/install/tutorial_interfaces/lib/libtutorial_interfaces__rosidl_generator_py.so
[1.636s] -- Up-to-date: /home/jacob/MTRN4231/lab1_workspace/install/tutorial_interfaces/share/tutorial_interfaces/msg/Posestamped.idl
[1.636s] -- Up-to-date: /home/jacob/MTRN4231/lab1_workspace/install/tutorial_interfaces/share/tutorial_interfaces/msg/Posestamped.msg
[1.637s] -- Up-to-date: /home/jacob/MTRN4231/lab1_workspace/install/tutorial_interfaces/share/ament_index/resource_index/package_run_dependencies/tutorial_interfaces
[1.638s] -- Up-to-date: /home/jacob/MTRN4231/lab1_workspace/install/tutorial_interfaces/share/ament_index/resource_index/parent_prefix_path/tutorial_interfaces
[1.639s] -- Up-to-date: /home/jacob/MTRN4231/lab1_workspace/install/tutorial_interfaces/share/tutorial_interfaces/environment/ament_prefix_path.sh
[1.640s] -- Up-to-date: /home/jacob/MTRN4231/lab1_workspace/install/tutorial_interfaces/share/tutorial_interfaces/environment/ament_prefix_path.dsv
[1.641s] -- Up-to-date: /home/jacob/MTRN4231/lab1_workspace/install/tutorial_interfaces/share/tutorial_interfaces/environment/path.sh
[1.641s] -- Up-to-date: /home/jacob/MTRN4231/lab1_workspace/install/tutorial_interfaces/share/tutorial_interfaces/environment/path.dsv
[1.642s] -- Up-to-date: /home/jacob/MTRN4231/lab1_workspace/install/tutorial_interfaces/share/tutorial_interfaces/local_setup.bash
[1.643s] -- Up-to-date: /home/jacob/MTRN4231/lab1_workspace/install/tutorial_interfaces/share/tutorial_interfaces/local_setup.sh
[1.643s] -- Up-to-date: /home/jacob/MTRN4231/lab1_workspace/install/tutorial_interfaces/share/tutorial_interfaces/local_setup.zsh
[1.644s] -- Up-to-date: /home/jacob/MTRN4231/lab1_workspace/install/tutorial_interfaces/share/tutorial_interfaces/local_setup.dsv
[1.645s] -- Installing: /home/jacob/MTRN4231/lab1_workspace/install/tutorial_interfaces/share/tutorial_interfaces/package.dsv
[1.646s] -- Up-to-date: /home/jacob/MTRN4231/lab1_workspace/install/tutorial_interfaces/share/ament_index/resource_index/packages/tutorial_interfaces
[1.647s] -- Up-to-date: /home/jacob/MTRN4231/lab1_workspace/install/tutorial_interfaces/share/tutorial_interfaces/cmake/export_tutorial_interfaces__rosidl_generator_cExport.cmake
[1.647s] -- Up-to-date: /home/jacob/MTRN4231/lab1_workspace/install/tutorial_interfaces/share/tutorial_interfaces/cmake/export_tutorial_interfaces__rosidl_generator_cExport-noconfig.cmake
[1.648s] -- Up-to-date: /home/jacob/MTRN4231/lab1_workspace/install/tutorial_interfaces/share/tutorial_interfaces/cmake/export_tutorial_interfaces__rosidl_typesupport_fastrtps_cExport.cmake
[1.648s] -- Up-to-date: /home/jacob/MTRN4231/lab1_workspace/install/tutorial_interfaces/share/tutorial_interfaces/cmake/export_tutorial_interfaces__rosidl_typesupport_fastrtps_cExport-noconfig.cmake
[1.649s] -- Up-to-date: /home/jacob/MTRN4231/lab1_workspace/install/tutorial_interfaces/share/tutorial_interfaces/cmake/export_tutorial_interfaces__rosidl_generator_cppExport.cmake
[1.650s] -- Up-to-date: /home/jacob/MTRN4231/lab1_workspace/install/tutorial_interfaces/share/tutorial_interfaces/cmake/export_tutorial_interfaces__rosidl_typesupport_fastrtps_cppExport.cmake
[1.650s] -- Up-to-date: /home/jacob/MTRN4231/lab1_workspace/install/tutorial_interfaces/share/tutorial_interfaces/cmake/export_tutorial_interfaces__rosidl_typesupport_fastrtps_cppExport-noconfig.cmake
[1.651s] -- Up-to-date: /home/jacob/MTRN4231/lab1_workspace/install/tutorial_interfaces/share/tutorial_interfaces/cmake/tutorial_interfaces__rosidl_typesupport_introspection_cExport.cmake
[1.651s] -- Up-to-date: /home/jacob/MTRN4231/lab1_workspace/install/tutorial_interfaces/share/tutorial_interfaces/cmake/tutorial_interfaces__rosidl_typesupport_introspection_cExport-noconfig.cmake
[1.652s] -- Up-to-date: /home/jacob/MTRN4231/lab1_workspace/install/tutorial_interfaces/share/tutorial_interfaces/cmake/tutorial_interfaces__rosidl_typesupport_cExport.cmake
[1.652s] -- Up-to-date: /home/jacob/MTRN4231/lab1_workspace/install/tutorial_interfaces/share/tutorial_interfaces/cmake/tutorial_interfaces__rosidl_typesupport_cExport-noconfig.cmake
[1.652s] -- Up-to-date: /home/jacob/MTRN4231/lab1_workspace/install/tutorial_interfaces/share/tutorial_interfaces/cmake/tutorial_interfaces__rosidl_typesupport_introspection_cppExport.cmake
[1.653s] -- Up-to-date: /home/jacob/MTRN4231/lab1_workspace/install/tutorial_interfaces/share/tutorial_interfaces/cmake/tutorial_interfaces__rosidl_typesupport_introspection_cppExport-noconfig.cmake
[1.653s] -- Up-to-date: /home/jacob/MTRN4231/lab1_workspace/install/tutorial_interfaces/share/tutorial_interfaces/cmake/tutorial_interfaces__rosidl_typesupport_cppExport.cmake
[1.654s] -- Up-to-date: /home/jacob/MTRN4231/lab1_workspace/install/tutorial_interfaces/share/tutorial_interfaces/cmake/tutorial_interfaces__rosidl_typesupport_cppExport-noconfig.cmake
[1.654s] -- Up-to-date: /home/jacob/MTRN4231/lab1_workspace/install/tutorial_interfaces/share/tutorial_interfaces/cmake/export_tutorial_interfaces__rosidl_generator_pyExport.cmake
[1.654s] -- Up-to-date: /home/jacob/MTRN4231/lab1_workspace/install/tutorial_interfaces/share/tutorial_interfaces/cmake/export_tutorial_interfaces__rosidl_generator_pyExport-noconfig.cmake
[1.655s] -- Up-to-date: /home/jacob/MTRN4231/lab1_workspace/install/tutorial_interfaces/share/tutorial_interfaces/cmake/rosidl_cmake-extras.cmake
[1.655s] -- Up-to-date: /home/jacob/MTRN4231/lab1_workspace/install/tutorial_interfaces/share/tutorial_interfaces/cmake/ament_cmake_export_dependencies-extras.cmake
[1.655s] -- Up-to-date: /home/jacob/MTRN4231/lab1_workspace/install/tutorial_interfaces/share/tutorial_interfaces/cmake/ament_cmake_export_include_directories-extras.cmake
[1.655s] -- Up-to-date: /home/jacob/MTRN4231/lab1_workspace/install/tutorial_interfaces/share/tutorial_interfaces/cmake/ament_cmake_export_libraries-extras.cmake
[1.656s] -- Up-to-date: /home/jacob/MTRN4231/lab1_workspace/install/tutorial_interfaces/share/tutorial_interfaces/cmake/ament_cmake_export_targets-extras.cmake
[1.656s] -- Up-to-date: /home/jacob/MTRN4231/lab1_workspace/install/tutorial_interfaces/share/tutorial_interfaces/cmake/rosidl_cmake_export_typesupport_targets-extras.cmake
[1.656s] -- Up-to-date: /home/jacob/MTRN4231/lab1_workspace/install/tutorial_interfaces/share/tutorial_interfaces/cmake/rosidl_cmake_export_typesupport_libraries-extras.cmake
[1.656s] -- Up-to-date: /home/jacob/MTRN4231/lab1_workspace/install/tutorial_interfaces/share/tutorial_interfaces/cmake/tutorial_interfacesConfig.cmake
[1.656s] -- Up-to-date: /home/jacob/MTRN4231/lab1_workspace/install/tutorial_interfaces/share/tutorial_interfaces/cmake/tutorial_interfacesConfig-version.cmake
[1.656s] -- Up-to-date: /home/jacob/MTRN4231/lab1_workspace/install/tutorial_interfaces/share/tutorial_interfaces/package.xml
[1.661s] Invoked command in '/home/jacob/MTRN4231/lab1_workspace/build/tutorial_interfaces' returned '0': CMAKE_PREFIX_PATH=${CMAKE_PREFIX_PATH}:/opt/ros/humble /usr/bin/cmake --install /home/jacob/MTRN4231/lab1_workspace/build/tutorial_interfaces
