[0.143s] DEBUG:colcon:Command line arguments: ['/usr/bin/colcon', 'build']
[0.143s] DEBUG:colcon:Parsed command line arguments: Namespace(log_base=None, log_level=None, verb_name='build', build_base='build', install_base='install', merge_install=False, symlink_install=False, test_result_base=None, continue_on_error=False, executor='parallel', parallel_workers=8, event_handlers=None, ignore_user_meta=False, metas=['./colcon.meta'], base_paths=['.'], packages_ignore=None, packages_ignore_regex=None, paths=None, packages_up_to=None, packages_up_to_regex=None, packages_above=None, packages_above_and_dependencies=None, packages_above_depth=None, packages_select_by_dep=None, packages_skip_by_dep=None, packages_skip_up_to=None, packages_select_build_failed=False, packages_skip_build_finished=False, packages_select_test_failures=False, packages_skip_test_passed=False, packages_select=None, packages_skip=None, packages_select_regex=None, packages_skip_regex=None, packages_start=None, packages_end=None, allow_overriding=[], cmake_args=None, cmake_target=None, cmake_target_skip_unavailable=False, cmake_clean_cache=False, cmake_clean_first=False, cmake_force_configure=False, ament_cmake_args=None, catkin_cmake_args=None, catkin_skip_building_tests=False, mixin_files=None, mixin=None, verb_parser=<colcon_mixin.mixin.mixin_argument.MixinArgumentDecorator object at 0x726015a69a50>, verb_extension=<colcon_core.verb.build.BuildVerb object at 0x726015a68fa0>, main=<bound method BuildVerb.main of <colcon_core.verb.build.BuildVerb object at 0x726015a68fa0>>, mixin_verb=('build',))
[0.352s] Level 1:colcon.colcon_core.package_discovery:discover_packages(colcon_meta) check parameters
[0.352s] Level 1:colcon.colcon_core.package_discovery:discover_packages(recursive) check parameters
[0.352s] Level 1:colcon.colcon_core.package_discovery:discover_packages(ignore) check parameters
[0.352s] Level 1:colcon.colcon_core.package_discovery:discover_packages(path) check parameters
[0.352s] Level 1:colcon.colcon_core.package_discovery:discover_packages(colcon_meta) discover
[0.352s] Level 1:colcon.colcon_core.package_discovery:discover_packages(recursive) discover
[0.352s] INFO:colcon.colcon_core.package_discovery:Crawling recursively for packages in '/home/jacob/MTRN4231/lab2_workspace/src'
[0.352s] Level 1:colcon.colcon_core.package_identification:_identify(.) by extensions ['ignore', 'ignore_ament_install']
[0.352s] Level 1:colcon.colcon_core.package_identification:_identify(.) by extension 'ignore'
[0.353s] Level 1:colcon.colcon_core.package_identification:_identify(.) by extension 'ignore_ament_install'
[0.353s] Level 1:colcon.colcon_core.package_identification:_identify(.) by extensions ['colcon_pkg']
[0.353s] Level 1:colcon.colcon_core.package_identification:_identify(.) by extension 'colcon_pkg'
[0.353s] Level 1:colcon.colcon_core.package_identification:_identify(.) by extensions ['colcon_meta']
[0.353s] Level 1:colcon.colcon_core.package_identification:_identify(.) by extension 'colcon_meta'
[0.353s] Level 1:colcon.colcon_core.package_identification:_identify(.) by extensions ['ros']
[0.353s] Level 1:colcon.colcon_core.package_identification:_identify(.) by extension 'ros'
[0.365s] Level 1:colcon.colcon_core.package_identification:_identify(.) by extensions ['cmake', 'python']
[0.366s] Level 1:colcon.colcon_core.package_identification:_identify(.) by extension 'cmake'
[0.366s] Level 1:colcon.colcon_core.package_identification:_identify(.) by extension 'python'
[0.366s] Level 1:colcon.colcon_core.package_identification:_identify(.) by extensions ['python_setup_py']
[0.366s] Level 1:colcon.colcon_core.package_identification:_identify(.) by extension 'python_setup_py'
[0.366s] Level 1:colcon.colcon_core.package_identification:_identify(build) by extensions ['ignore', 'ignore_ament_install']
[0.366s] Level 1:colcon.colcon_core.package_identification:_identify(build) by extension 'ignore'
[0.366s] Level 1:colcon.colcon_core.package_identification:_identify(build) ignored
[0.366s] Level 1:colcon.colcon_core.package_identification:_identify(install) by extensions ['ignore', 'ignore_ament_install']
[0.367s] Level 1:colcon.colcon_core.package_identification:_identify(install) by extension 'ignore'
[0.367s] Level 1:colcon.colcon_core.package_identification:_identify(install) ignored
[0.367s] Level 1:colcon.colcon_core.package_identification:_identify(lab2_client_service) by extensions ['ignore', 'ignore_ament_install']
[0.367s] Level 1:colcon.colcon_core.package_identification:_identify(lab2_client_service) by extension 'ignore'
[0.367s] Level 1:colcon.colcon_core.package_identification:_identify(lab2_client_service) by extension 'ignore_ament_install'
[0.367s] Level 1:colcon.colcon_core.package_identification:_identify(lab2_client_service) by extensions ['colcon_pkg']
[0.367s] Level 1:colcon.colcon_core.package_identification:_identify(lab2_client_service) by extension 'colcon_pkg'
[0.367s] Level 1:colcon.colcon_core.package_identification:_identify(lab2_client_service) by extensions ['colcon_meta']
[0.367s] Level 1:colcon.colcon_core.package_identification:_identify(lab2_client_service) by extension 'colcon_meta'
[0.367s] Level 1:colcon.colcon_core.package_identification:_identify(lab2_client_service) by extensions ['ros']
[0.367s] Level 1:colcon.colcon_core.package_identification:_identify(lab2_client_service) by extension 'ros'
[0.370s] DEBUG:colcon.colcon_core.package_identification:Package 'lab2_client_service' with type 'ros.ament_cmake' and name 'lab2_client_service'
[0.370s] Level 1:colcon.colcon_core.package_identification:_identify(log) by extensions ['ignore', 'ignore_ament_install']
[0.370s] Level 1:colcon.colcon_core.package_identification:_identify(log) by extension 'ignore'
[0.370s] Level 1:colcon.colcon_core.package_identification:_identify(log) ignored
[0.370s] Level 1:colcon.colcon_core.package_identification:_identify(my_interface) by extensions ['ignore', 'ignore_ament_install']
[0.371s] Level 1:colcon.colcon_core.package_identification:_identify(my_interface) by extension 'ignore'
[0.371s] Level 1:colcon.colcon_core.package_identification:_identify(my_interface) by extension 'ignore_ament_install'
[0.371s] Level 1:colcon.colcon_core.package_identification:_identify(my_interface) by extensions ['colcon_pkg']
[0.371s] Level 1:colcon.colcon_core.package_identification:_identify(my_interface) by extension 'colcon_pkg'
[0.371s] Level 1:colcon.colcon_core.package_identification:_identify(my_interface) by extensions ['colcon_meta']
[0.371s] Level 1:colcon.colcon_core.package_identification:_identify(my_interface) by extension 'colcon_meta'
[0.371s] Level 1:colcon.colcon_core.package_identification:_identify(my_interface) by extensions ['ros']
[0.371s] Level 1:colcon.colcon_core.package_identification:_identify(my_interface) by extension 'ros'
[0.372s] DEBUG:colcon.colcon_core.package_identification:Package 'my_interface' with type 'ros.ament_cmake' and name 'my_interface'
[0.372s] Level 1:colcon.colcon_core.package_identification:_identify(transformations) by extensions ['ignore', 'ignore_ament_install']
[0.372s] Level 1:colcon.colcon_core.package_identification:_identify(transformations) by extension 'ignore'
[0.372s] Level 1:colcon.colcon_core.package_identification:_identify(transformations) by extension 'ignore_ament_install'
[0.372s] Level 1:colcon.colcon_core.package_identification:_identify(transformations) by extensions ['colcon_pkg']
[0.372s] Level 1:colcon.colcon_core.package_identification:_identify(transformations) by extension 'colcon_pkg'
[0.372s] Level 1:colcon.colcon_core.package_identification:_identify(transformations) by extensions ['colcon_meta']
[0.372s] Level 1:colcon.colcon_core.package_identification:_identify(transformations) by extension 'colcon_meta'
[0.372s] Level 1:colcon.colcon_core.package_identification:_identify(transformations) by extensions ['ros']
[0.372s] Level 1:colcon.colcon_core.package_identification:_identify(transformations) by extension 'ros'
[0.373s] DEBUG:colcon.colcon_core.package_identification:Package 'transformations' with type 'ros.ament_cmake' and name 'transformations'
[0.373s] Level 1:colcon.colcon_core.package_identification:_identify(visualisation) by extensions ['ignore', 'ignore_ament_install']
[0.373s] Level 1:colcon.colcon_core.package_identification:_identify(visualisation) by extension 'ignore'
[0.373s] Level 1:colcon.colcon_core.package_identification:_identify(visualisation) by extension 'ignore_ament_install'
[0.373s] Level 1:colcon.colcon_core.package_identification:_identify(visualisation) by extensions ['colcon_pkg']
[0.373s] Level 1:colcon.colcon_core.package_identification:_identify(visualisation) by extension 'colcon_pkg'
[0.373s] Level 1:colcon.colcon_core.package_identification:_identify(visualisation) by extensions ['colcon_meta']
[0.373s] Level 1:colcon.colcon_core.package_identification:_identify(visualisation) by extension 'colcon_meta'
[0.373s] Level 1:colcon.colcon_core.package_identification:_identify(visualisation) by extensions ['ros']
[0.373s] Level 1:colcon.colcon_core.package_identification:_identify(visualisation) by extension 'ros'
[0.374s] DEBUG:colcon.colcon_core.package_identification:Package 'visualisation' with type 'ros.ament_cmake' and name 'visualisation'
[0.374s] Level 1:colcon.colcon_core.package_discovery:discover_packages(recursive) using defaults
[0.374s] Level 1:colcon.colcon_core.package_discovery:discover_packages(ignore) discover
[0.374s] Level 1:colcon.colcon_core.package_discovery:discover_packages(ignore) using defaults
[0.374s] Level 1:colcon.colcon_core.package_discovery:discover_packages(path) discover
[0.374s] Level 1:colcon.colcon_core.package_discovery:discover_packages(path) using defaults
[0.457s] Level 1:colcon.colcon_core.package_discovery:discover_packages(prefix_path) check parameters
[0.457s] Level 1:colcon.colcon_core.package_discovery:discover_packages(prefix_path) discover
[0.461s] DEBUG:colcon.colcon_installed_package_information.package_discovery:Found 6 installed packages in /home/jacob/MTRN4231/lab2_workspace/src/install
[0.464s] DEBUG:colcon.colcon_installed_package_information.package_discovery:Found 275 installed packages in /opt/ros/humble
[0.465s] Level 1:colcon.colcon_core.package_discovery:discover_packages(prefix_path) using defaults
[0.515s] Level 5:colcon.colcon_core.verb:set package 'lab2_client_service' build argument 'cmake_args' from command line to 'None'
[0.515s] Level 5:colcon.colcon_core.verb:set package 'lab2_client_service' build argument 'cmake_target' from command line to 'None'
[0.515s] Level 5:colcon.colcon_core.verb:set package 'lab2_client_service' build argument 'cmake_target_skip_unavailable' from command line to 'False'
[0.515s] Level 5:colcon.colcon_core.verb:set package 'lab2_client_service' build argument 'cmake_clean_cache' from command line to 'False'
[0.515s] Level 5:colcon.colcon_core.verb:set package 'lab2_client_service' build argument 'cmake_clean_first' from command line to 'False'
[0.515s] Level 5:colcon.colcon_core.verb:set package 'lab2_client_service' build argument 'cmake_force_configure' from command line to 'False'
[0.515s] Level 5:colcon.colcon_core.verb:set package 'lab2_client_service' build argument 'ament_cmake_args' from command line to 'None'
[0.515s] Level 5:colcon.colcon_core.verb:set package 'lab2_client_service' build argument 'catkin_cmake_args' from command line to 'None'
[0.515s] Level 5:colcon.colcon_core.verb:set package 'lab2_client_service' build argument 'catkin_skip_building_tests' from command line to 'False'
[0.515s] DEBUG:colcon.colcon_core.verb:Building package 'lab2_client_service' with the following arguments: {'ament_cmake_args': None, 'build_base': '/home/jacob/MTRN4231/lab2_workspace/src/build/lab2_client_service', 'catkin_cmake_args': None, 'catkin_skip_building_tests': False, 'cmake_args': None, 'cmake_clean_cache': False, 'cmake_clean_first': False, 'cmake_force_configure': False, 'cmake_target': None, 'cmake_target_skip_unavailable': False, 'install_base': '/home/jacob/MTRN4231/lab2_workspace/src/install/lab2_client_service', 'merge_install': False, 'path': '/home/jacob/MTRN4231/lab2_workspace/src/lab2_client_service', 'symlink_install': False, 'test_result_base': None}
[0.516s] Level 5:colcon.colcon_core.verb:set package 'my_interface' build argument 'cmake_args' from command line to 'None'
[0.516s] Level 5:colcon.colcon_core.verb:set package 'my_interface' build argument 'cmake_target' from command line to 'None'
[0.516s] Level 5:colcon.colcon_core.verb:set package 'my_interface' build argument 'cmake_target_skip_unavailable' from command line to 'False'
[0.516s] Level 5:colcon.colcon_core.verb:set package 'my_interface' build argument 'cmake_clean_cache' from command line to 'False'
[0.516s] Level 5:colcon.colcon_core.verb:set package 'my_interface' build argument 'cmake_clean_first' from command line to 'False'
[0.516s] Level 5:colcon.colcon_core.verb:set package 'my_interface' build argument 'cmake_force_configure' from command line to 'False'
[0.516s] Level 5:colcon.colcon_core.verb:set package 'my_interface' build argument 'ament_cmake_args' from command line to 'None'
[0.516s] Level 5:colcon.colcon_core.verb:set package 'my_interface' build argument 'catkin_cmake_args' from command line to 'None'
[0.516s] Level 5:colcon.colcon_core.verb:set package 'my_interface' build argument 'catkin_skip_building_tests' from command line to 'False'
[0.516s] DEBUG:colcon.colcon_core.verb:Building package 'my_interface' with the following arguments: {'ament_cmake_args': None, 'build_base': '/home/jacob/MTRN4231/lab2_workspace/src/build/my_interface', 'catkin_cmake_args': None, 'catkin_skip_building_tests': False, 'cmake_args': None, 'cmake_clean_cache': False, 'cmake_clean_first': False, 'cmake_force_configure': False, 'cmake_target': None, 'cmake_target_skip_unavailable': False, 'install_base': '/home/jacob/MTRN4231/lab2_workspace/src/install/my_interface', 'merge_install': False, 'path': '/home/jacob/MTRN4231/lab2_workspace/src/my_interface', 'symlink_install': False, 'test_result_base': None}
[0.516s] Level 5:colcon.colcon_core.verb:set package 'transformations' build argument 'cmake_args' from command line to 'None'
[0.516s] Level 5:colcon.colcon_core.verb:set package 'transformations' build argument 'cmake_target' from command line to 'None'
[0.516s] Level 5:colcon.colcon_core.verb:set package 'transformations' build argument 'cmake_target_skip_unavailable' from command line to 'False'
[0.516s] Level 5:colcon.colcon_core.verb:set package 'transformations' build argument 'cmake_clean_cache' from command line to 'False'
[0.516s] Level 5:colcon.colcon_core.verb:set package 'transformations' build argument 'cmake_clean_first' from command line to 'False'
[0.517s] Level 5:colcon.colcon_core.verb:set package 'transformations' build argument 'cmake_force_configure' from command line to 'False'
[0.517s] Level 5:colcon.colcon_core.verb:set package 'transformations' build argument 'ament_cmake_args' from command line to 'None'
[0.517s] Level 5:colcon.colcon_core.verb:set package 'transformations' build argument 'catkin_cmake_args' from command line to 'None'
[0.517s] Level 5:colcon.colcon_core.verb:set package 'transformations' build argument 'catkin_skip_building_tests' from command line to 'False'
[0.517s] DEBUG:colcon.colcon_core.verb:Building package 'transformations' with the following arguments: {'ament_cmake_args': None, 'build_base': '/home/jacob/MTRN4231/lab2_workspace/src/build/transformations', 'catkin_cmake_args': None, 'catkin_skip_building_tests': False, 'cmake_args': None, 'cmake_clean_cache': False, 'cmake_clean_first': False, 'cmake_force_configure': False, 'cmake_target': None, 'cmake_target_skip_unavailable': False, 'install_base': '/home/jacob/MTRN4231/lab2_workspace/src/install/transformations', 'merge_install': False, 'path': '/home/jacob/MTRN4231/lab2_workspace/src/transformations', 'symlink_install': False, 'test_result_base': None}
[0.517s] Level 5:colcon.colcon_core.verb:set package 'visualisation' build argument 'cmake_args' from command line to 'None'
[0.517s] Level 5:colcon.colcon_core.verb:set package 'visualisation' build argument 'cmake_target' from command line to 'None'
[0.517s] Level 5:colcon.colcon_core.verb:set package 'visualisation' build argument 'cmake_target_skip_unavailable' from command line to 'False'
[0.517s] Level 5:colcon.colcon_core.verb:set package 'visualisation' build argument 'cmake_clean_cache' from command line to 'False'
[0.517s] Level 5:colcon.colcon_core.verb:set package 'visualisation' build argument 'cmake_clean_first' from command line to 'False'
[0.517s] Level 5:colcon.colcon_core.verb:set package 'visualisation' build argument 'cmake_force_configure' from command line to 'False'
[0.517s] Level 5:colcon.colcon_core.verb:set package 'visualisation' build argument 'ament_cmake_args' from command line to 'None'
[0.517s] Level 5:colcon.colcon_core.verb:set package 'visualisation' build argument 'catkin_cmake_args' from command line to 'None'
[0.517s] Level 5:colcon.colcon_core.verb:set package 'visualisation' build argument 'catkin_skip_building_tests' from command line to 'False'
[0.517s] DEBUG:colcon.colcon_core.verb:Building package 'visualisation' with the following arguments: {'ament_cmake_args': None, 'build_base': '/home/jacob/MTRN4231/lab2_workspace/src/build/visualisation', 'catkin_cmake_args': None, 'catkin_skip_building_tests': False, 'cmake_args': None, 'cmake_clean_cache': False, 'cmake_clean_first': False, 'cmake_force_configure': False, 'cmake_target': None, 'cmake_target_skip_unavailable': False, 'install_base': '/home/jacob/MTRN4231/lab2_workspace/src/install/visualisation', 'merge_install': False, 'path': '/home/jacob/MTRN4231/lab2_workspace/src/visualisation', 'symlink_install': False, 'test_result_base': None}
[0.518s] INFO:colcon.colcon_core.executor:Executing jobs using 'parallel' executor
[0.519s] DEBUG:colcon.colcon_parallel_executor.executor.parallel:run_until_complete
[0.519s] INFO:colcon.colcon_ros.task.ament_cmake.build:Building ROS package in '/home/jacob/MTRN4231/lab2_workspace/src/lab2_client_service' with build type 'ament_cmake'
[0.519s] INFO:colcon.colcon_cmake.task.cmake.build:Building CMake package in '/home/jacob/MTRN4231/lab2_workspace/src/lab2_client_service'
[0.522s] INFO:colcon.colcon_core.plugin_system:Skipping extension 'colcon_core.shell.bat': Not used on non-Windows systems
[0.523s] INFO:colcon.colcon_core.shell:Skip shell extension 'powershell' for command environment: Not usable outside of PowerShell
[0.523s] DEBUG:colcon.colcon_core.shell:Skip shell extension 'dsv' for command environment
[0.529s] INFO:colcon.colcon_ros.task.ament_cmake.build:Building ROS package in '/home/jacob/MTRN4231/lab2_workspace/src/my_interface' with build type 'ament_cmake'
[0.529s] INFO:colcon.colcon_cmake.task.cmake.build:Building CMake package in '/home/jacob/MTRN4231/lab2_workspace/src/my_interface'
[0.530s] INFO:colcon.colcon_core.shell:Skip shell extension 'powershell' for command environment: Not usable outside of PowerShell
[0.530s] DEBUG:colcon.colcon_core.shell:Skip shell extension 'dsv' for command environment
[0.538s] INFO:colcon.colcon_ros.task.ament_cmake.build:Building ROS package in '/home/jacob/MTRN4231/lab2_workspace/src/transformations' with build type 'ament_cmake'
[0.538s] INFO:colcon.colcon_cmake.task.cmake.build:Building CMake package in '/home/jacob/MTRN4231/lab2_workspace/src/transformations'
[0.539s] INFO:colcon.colcon_core.shell:Skip shell extension 'powershell' for command environment: Not usable outside of PowerShell
[0.539s] DEBUG:colcon.colcon_core.shell:Skip shell extension 'dsv' for command environment
[0.546s] INFO:colcon.colcon_ros.task.ament_cmake.build:Building ROS package in '/home/jacob/MTRN4231/lab2_workspace/src/visualisation' with build type 'ament_cmake'
[0.546s] INFO:colcon.colcon_cmake.task.cmake.build:Building CMake package in '/home/jacob/MTRN4231/lab2_workspace/src/visualisation'
[0.547s] INFO:colcon.colcon_core.shell:Skip shell extension 'powershell' for command environment: Not usable outside of PowerShell
[0.547s] DEBUG:colcon.colcon_core.shell:Skip shell extension 'dsv' for command environment
[0.564s] DEBUG:colcon.colcon_core.event_handler.log_command:Invoking command in '/home/jacob/MTRN4231/lab2_workspace/src/build/lab2_client_service': CMAKE_PREFIX_PATH=${CMAKE_PREFIX_PATH}:/opt/ros/humble /usr/bin/cmake --build /home/jacob/MTRN4231/lab2_workspace/src/build/lab2_client_service -- -j8 -l8
[0.572s] DEBUG:colcon.colcon_core.event_handler.log_command:Invoking command in '/home/jacob/MTRN4231/lab2_workspace/src/build/my_interface': CMAKE_PREFIX_PATH=${CMAKE_PREFIX_PATH}:/opt/ros/humble /usr/bin/cmake --build /home/jacob/MTRN4231/lab2_workspace/src/build/my_interface -- -j8 -l8
[0.578s] DEBUG:colcon.colcon_core.event_handler.log_command:Invoking command in '/home/jacob/MTRN4231/lab2_workspace/src/build/transformations': CMAKE_PREFIX_PATH=${CMAKE_PREFIX_PATH}:/opt/ros/humble /usr/bin/cmake --build /home/jacob/MTRN4231/lab2_workspace/src/build/transformations -- -j8 -l8
[0.591s] DEBUG:colcon.colcon_core.event_handler.log_command:Invoking command in '/home/jacob/MTRN4231/lab2_workspace/src/build/visualisation': CMAKE_PREFIX_PATH=${CMAKE_PREFIX_PATH}:/opt/ros/humble /usr/bin/cmake --build /home/jacob/MTRN4231/lab2_workspace/src/build/visualisation -- -j8 -l8
[0.792s] DEBUG:colcon.colcon_core.event_handler.log_command:Invoked command in '/home/jacob/MTRN4231/lab2_workspace/src/build/visualisation' returned '0': CMAKE_PREFIX_PATH=${CMAKE_PREFIX_PATH}:/opt/ros/humble /usr/bin/cmake --build /home/jacob/MTRN4231/lab2_workspace/src/build/visualisation -- -j8 -l8
[0.834s] DEBUG:colcon.colcon_core.event_handler.log_command:Invoking command in '/home/jacob/MTRN4231/lab2_workspace/src/build/visualisation': CMAKE_PREFIX_PATH=${CMAKE_PREFIX_PATH}:/opt/ros/humble /usr/bin/cmake --install /home/jacob/MTRN4231/lab2_workspace/src/build/visualisation
[0.840s] DEBUG:colcon.colcon_core.event_handler.log_command:Invoked command in '/home/jacob/MTRN4231/lab2_workspace/src/build/transformations' returned '0': CMAKE_PREFIX_PATH=${CMAKE_PREFIX_PATH}:/opt/ros/humble /usr/bin/cmake --build /home/jacob/MTRN4231/lab2_workspace/src/build/transformations -- -j8 -l8
[0.846s] DEBUG:colcon.colcon_core.event_handler.log_command:Invoking command in '/home/jacob/MTRN4231/lab2_workspace/src/build/transformations': CMAKE_PREFIX_PATH=${CMAKE_PREFIX_PATH}:/opt/ros/humble /usr/bin/cmake --install /home/jacob/MTRN4231/lab2_workspace/src/build/transformations
[0.856s] Level 1:colcon.colcon_core.environment:create_environment_scripts_only(visualisation)
[0.859s] DEBUG:colcon.colcon_core.event_handler.log_command:Invoked command in '/home/jacob/MTRN4231/lab2_workspace/src/build/visualisation' returned '0': CMAKE_PREFIX_PATH=${CMAKE_PREFIX_PATH}:/opt/ros/humble /usr/bin/cmake --install /home/jacob/MTRN4231/lab2_workspace/src/build/visualisation
[0.867s] Level 1:colcon.colcon_core.environment:checking '/home/jacob/MTRN4231/lab2_workspace/src/install/visualisation' for CMake module files
[0.870s] Level 1:colcon.colcon_core.environment:checking '/home/jacob/MTRN4231/lab2_workspace/src/install/visualisation' for CMake config files
[0.872s] Level 1:colcon.colcon_core.shell:create_environment_hook('visualisation', 'cmake_prefix_path')
[0.873s] INFO:colcon.colcon_core.shell:Creating environment hook '/home/jacob/MTRN4231/lab2_workspace/src/install/visualisation/share/visualisation/hook/cmake_prefix_path.ps1'
[0.874s] INFO:colcon.colcon_core.shell:Creating environment descriptor '/home/jacob/MTRN4231/lab2_workspace/src/install/visualisation/share/visualisation/hook/cmake_prefix_path.dsv'
[0.876s] INFO:colcon.colcon_core.shell:Creating environment hook '/home/jacob/MTRN4231/lab2_workspace/src/install/visualisation/share/visualisation/hook/cmake_prefix_path.sh'
[0.878s] Level 1:colcon.colcon_core.environment:checking '/home/jacob/MTRN4231/lab2_workspace/src/install/visualisation/lib'
[0.878s] Level 1:colcon.colcon_core.environment:checking '/home/jacob/MTRN4231/lab2_workspace/src/install/visualisation/bin'
[0.878s] Level 1:colcon.colcon_core.environment:checking '/home/jacob/MTRN4231/lab2_workspace/src/install/visualisation/lib/pkgconfig/visualisation.pc'
[0.879s] Level 1:colcon.colcon_core.environment:checking '/home/jacob/MTRN4231/lab2_workspace/src/install/visualisation/lib/python3.10/site-packages'
[0.879s] Level 1:colcon.colcon_core.environment:checking '/home/jacob/MTRN4231/lab2_workspace/src/install/visualisation/bin'
[0.880s] INFO:colcon.colcon_core.shell:Creating package script '/home/jacob/MTRN4231/lab2_workspace/src/install/visualisation/share/visualisation/package.ps1'
[0.882s] INFO:colcon.colcon_core.shell:Creating package descriptor '/home/jacob/MTRN4231/lab2_workspace/src/install/visualisation/share/visualisation/package.dsv'
[0.885s] INFO:colcon.colcon_core.shell:Creating package script '/home/jacob/MTRN4231/lab2_workspace/src/install/visualisation/share/visualisation/package.sh'
[0.887s] INFO:colcon.colcon_core.shell:Creating package script '/home/jacob/MTRN4231/lab2_workspace/src/install/visualisation/share/visualisation/package.bash'
[0.889s] INFO:colcon.colcon_core.shell:Creating package script '/home/jacob/MTRN4231/lab2_workspace/src/install/visualisation/share/visualisation/package.zsh'
[0.891s] Level 1:colcon.colcon_core.environment:create_file_with_runtime_dependencies(/home/jacob/MTRN4231/lab2_workspace/src/install/visualisation/share/colcon-core/packages/visualisation)
[0.892s] Level 1:colcon.colcon_core.environment:create_environment_scripts_only(visualisation)
[0.893s] Level 1:colcon.colcon_core.environment:checking '/home/jacob/MTRN4231/lab2_workspace/src/install/visualisation' for CMake module files
[0.894s] Level 1:colcon.colcon_core.environment:checking '/home/jacob/MTRN4231/lab2_workspace/src/install/visualisation' for CMake config files
[0.895s] Level 1:colcon.colcon_core.shell:create_environment_hook('visualisation', 'cmake_prefix_path')
[0.896s] INFO:colcon.colcon_core.shell:Creating environment hook '/home/jacob/MTRN4231/lab2_workspace/src/install/visualisation/share/visualisation/hook/cmake_prefix_path.ps1'
[0.898s] INFO:colcon.colcon_core.shell:Creating environment descriptor '/home/jacob/MTRN4231/lab2_workspace/src/install/visualisation/share/visualisation/hook/cmake_prefix_path.dsv'
[0.899s] INFO:colcon.colcon_core.shell:Creating environment hook '/home/jacob/MTRN4231/lab2_workspace/src/install/visualisation/share/visualisation/hook/cmake_prefix_path.sh'
[0.901s] Level 1:colcon.colcon_core.environment:checking '/home/jacob/MTRN4231/lab2_workspace/src/install/visualisation/lib'
[0.901s] Level 1:colcon.colcon_core.environment:checking '/home/jacob/MTRN4231/lab2_workspace/src/install/visualisation/bin'
[0.901s] Level 1:colcon.colcon_core.environment:checking '/home/jacob/MTRN4231/lab2_workspace/src/install/visualisation/lib/pkgconfig/visualisation.pc'
[0.903s] Level 1:colcon.colcon_core.environment:checking '/home/jacob/MTRN4231/lab2_workspace/src/install/visualisation/lib/python3.10/site-packages'
[0.904s] Level 1:colcon.colcon_core.environment:checking '/home/jacob/MTRN4231/lab2_workspace/src/install/visualisation/bin'
[0.905s] INFO:colcon.colcon_core.shell:Creating package script '/home/jacob/MTRN4231/lab2_workspace/src/install/visualisation/share/visualisation/package.ps1'
[0.907s] INFO:colcon.colcon_core.shell:Creating package descriptor '/home/jacob/MTRN4231/lab2_workspace/src/install/visualisation/share/visualisation/package.dsv'
[0.908s] INFO:colcon.colcon_core.shell:Creating package script '/home/jacob/MTRN4231/lab2_workspace/src/install/visualisation/share/visualisation/package.sh'
[0.909s] INFO:colcon.colcon_core.shell:Creating package script '/home/jacob/MTRN4231/lab2_workspace/src/install/visualisation/share/visualisation/package.bash'
[0.910s] INFO:colcon.colcon_core.shell:Creating package script '/home/jacob/MTRN4231/lab2_workspace/src/install/visualisation/share/visualisation/package.zsh'
[0.911s] Level 1:colcon.colcon_core.environment:create_file_with_runtime_dependencies(/home/jacob/MTRN4231/lab2_workspace/src/install/visualisation/share/colcon-core/packages/visualisation)
[0.913s] Level 1:colcon.colcon_core.environment:create_environment_scripts_only(transformations)
[0.914s] Level 1:colcon.colcon_core.environment:checking '/home/jacob/MTRN4231/lab2_workspace/src/install/transformations' for CMake module files
[0.916s] Level 1:colcon.colcon_core.environment:checking '/home/jacob/MTRN4231/lab2_workspace/src/install/transformations' for CMake config files
[0.917s] DEBUG:colcon.colcon_core.event_handler.log_command:Invoked command in '/home/jacob/MTRN4231/lab2_workspace/src/build/transformations' returned '0': CMAKE_PREFIX_PATH=${CMAKE_PREFIX_PATH}:/opt/ros/humble /usr/bin/cmake --install /home/jacob/MTRN4231/lab2_workspace/src/build/transformations
[0.918s] Level 1:colcon.colcon_core.shell:create_environment_hook('transformations', 'cmake_prefix_path')
[0.919s] INFO:colcon.colcon_core.shell:Creating environment hook '/home/jacob/MTRN4231/lab2_workspace/src/install/transformations/share/transformations/hook/cmake_prefix_path.ps1'
[0.920s] INFO:colcon.colcon_core.shell:Creating environment descriptor '/home/jacob/MTRN4231/lab2_workspace/src/install/transformations/share/transformations/hook/cmake_prefix_path.dsv'
[0.921s] INFO:colcon.colcon_core.shell:Creating environment hook '/home/jacob/MTRN4231/lab2_workspace/src/install/transformations/share/transformations/hook/cmake_prefix_path.sh'
[0.922s] Level 1:colcon.colcon_core.environment:checking '/home/jacob/MTRN4231/lab2_workspace/src/install/transformations/lib'
[0.922s] Level 1:colcon.colcon_core.environment:checking '/home/jacob/MTRN4231/lab2_workspace/src/install/transformations/bin'
[0.922s] Level 1:colcon.colcon_core.environment:checking '/home/jacob/MTRN4231/lab2_workspace/src/install/transformations/lib/pkgconfig/transformations.pc'
[0.923s] Level 1:colcon.colcon_core.environment:checking '/home/jacob/MTRN4231/lab2_workspace/src/install/transformations/lib/python3.10/site-packages'
[0.923s] Level 1:colcon.colcon_core.environment:checking '/home/jacob/MTRN4231/lab2_workspace/src/install/transformations/bin'
[0.925s] INFO:colcon.colcon_core.shell:Creating package script '/home/jacob/MTRN4231/lab2_workspace/src/install/transformations/share/transformations/package.ps1'
[0.927s] INFO:colcon.colcon_core.shell:Creating package descriptor '/home/jacob/MTRN4231/lab2_workspace/src/install/transformations/share/transformations/package.dsv'
[0.929s] INFO:colcon.colcon_core.shell:Creating package script '/home/jacob/MTRN4231/lab2_workspace/src/install/transformations/share/transformations/package.sh'
[0.930s] INFO:colcon.colcon_core.shell:Creating package script '/home/jacob/MTRN4231/lab2_workspace/src/install/transformations/share/transformations/package.bash'
[0.931s] INFO:colcon.colcon_core.shell:Creating package script '/home/jacob/MTRN4231/lab2_workspace/src/install/transformations/share/transformations/package.zsh'
[0.932s] Level 1:colcon.colcon_core.environment:create_file_with_runtime_dependencies(/home/jacob/MTRN4231/lab2_workspace/src/install/transformations/share/colcon-core/packages/transformations)
[0.933s] Level 1:colcon.colcon_core.environment:create_environment_scripts_only(transformations)
[0.934s] Level 1:colcon.colcon_core.environment:checking '/home/jacob/MTRN4231/lab2_workspace/src/install/transformations' for CMake module files
[0.935s] Level 1:colcon.colcon_core.environment:checking '/home/jacob/MTRN4231/lab2_workspace/src/install/transformations' for CMake config files
[0.936s] Level 1:colcon.colcon_core.shell:create_environment_hook('transformations', 'cmake_prefix_path')
[0.936s] INFO:colcon.colcon_core.shell:Creating environment hook '/home/jacob/MTRN4231/lab2_workspace/src/install/transformations/share/transformations/hook/cmake_prefix_path.ps1'
[0.937s] INFO:colcon.colcon_core.shell:Creating environment descriptor '/home/jacob/MTRN4231/lab2_workspace/src/install/transformations/share/transformations/hook/cmake_prefix_path.dsv'
[0.938s] INFO:colcon.colcon_core.shell:Creating environment hook '/home/jacob/MTRN4231/lab2_workspace/src/install/transformations/share/transformations/hook/cmake_prefix_path.sh'
[0.939s] Level 1:colcon.colcon_core.environment:checking '/home/jacob/MTRN4231/lab2_workspace/src/install/transformations/lib'
[0.940s] Level 1:colcon.colcon_core.environment:checking '/home/jacob/MTRN4231/lab2_workspace/src/install/transformations/bin'
[0.940s] Level 1:colcon.colcon_core.environment:checking '/home/jacob/MTRN4231/lab2_workspace/src/install/transformations/lib/pkgconfig/transformations.pc'
[0.940s] Level 1:colcon.colcon_core.environment:checking '/home/jacob/MTRN4231/lab2_workspace/src/install/transformations/lib/python3.10/site-packages'
[0.941s] Level 1:colcon.colcon_core.environment:checking '/home/jacob/MTRN4231/lab2_workspace/src/install/transformations/bin'
[0.941s] INFO:colcon.colcon_core.shell:Creating package script '/home/jacob/MTRN4231/lab2_workspace/src/install/transformations/share/transformations/package.ps1'
[0.947s] INFO:colcon.colcon_core.shell:Creating package descriptor '/home/jacob/MTRN4231/lab2_workspace/src/install/transformations/share/transformations/package.dsv'
[0.949s] INFO:colcon.colcon_core.shell:Creating package script '/home/jacob/MTRN4231/lab2_workspace/src/install/transformations/share/transformations/package.sh'
[0.950s] INFO:colcon.colcon_core.shell:Creating package script '/home/jacob/MTRN4231/lab2_workspace/src/install/transformations/share/transformations/package.bash'
[0.951s] INFO:colcon.colcon_core.shell:Creating package script '/home/jacob/MTRN4231/lab2_workspace/src/install/transformations/share/transformations/package.zsh'
[0.952s] Level 1:colcon.colcon_core.environment:create_file_with_runtime_dependencies(/home/jacob/MTRN4231/lab2_workspace/src/install/transformations/share/colcon-core/packages/transformations)
[1.501s] DEBUG:colcon.colcon_core.event_handler.log_command:Invoked command in '/home/jacob/MTRN4231/lab2_workspace/src/build/my_interface' returned '0': CMAKE_PREFIX_PATH=${CMAKE_PREFIX_PATH}:/opt/ros/humble /usr/bin/cmake --build /home/jacob/MTRN4231/lab2_workspace/src/build/my_interface -- -j8 -l8
[1.504s] DEBUG:colcon.colcon_core.event_handler.log_command:Invoking command in '/home/jacob/MTRN4231/lab2_workspace/src/build/my_interface': CMAKE_PREFIX_PATH=${CMAKE_PREFIX_PATH}:/opt/ros/humble /usr/bin/cmake --install /home/jacob/MTRN4231/lab2_workspace/src/build/my_interface
[1.608s] Level 1:colcon.colcon_core.environment:create_environment_scripts_only(my_interface)
[1.609s] Level 1:colcon.colcon_core.environment:checking '/home/jacob/MTRN4231/lab2_workspace/src/install/my_interface' for CMake module files
[1.610s] DEBUG:colcon.colcon_core.event_handler.log_command:Invoked command in '/home/jacob/MTRN4231/lab2_workspace/src/build/my_interface' returned '0': CMAKE_PREFIX_PATH=${CMAKE_PREFIX_PATH}:/opt/ros/humble /usr/bin/cmake --install /home/jacob/MTRN4231/lab2_workspace/src/build/my_interface
[1.611s] Level 1:colcon.colcon_core.environment:checking '/home/jacob/MTRN4231/lab2_workspace/src/install/my_interface' for CMake config files
[1.611s] Level 1:colcon.colcon_core.shell:create_environment_hook('my_interface', 'cmake_prefix_path')
[1.611s] INFO:colcon.colcon_core.shell:Creating environment hook '/home/jacob/MTRN4231/lab2_workspace/src/install/my_interface/share/my_interface/hook/cmake_prefix_path.ps1'
[1.612s] INFO:colcon.colcon_core.shell:Creating environment descriptor '/home/jacob/MTRN4231/lab2_workspace/src/install/my_interface/share/my_interface/hook/cmake_prefix_path.dsv'
[1.613s] INFO:colcon.colcon_core.shell:Creating environment hook '/home/jacob/MTRN4231/lab2_workspace/src/install/my_interface/share/my_interface/hook/cmake_prefix_path.sh'
[1.614s] Level 1:colcon.colcon_core.environment:checking '/home/jacob/MTRN4231/lab2_workspace/src/install/my_interface/lib'
[1.614s] Level 1:colcon.colcon_core.shell:create_environment_hook('my_interface', 'ld_library_path_lib')
[1.614s] INFO:colcon.colcon_core.shell:Creating environment hook '/home/jacob/MTRN4231/lab2_workspace/src/install/my_interface/share/my_interface/hook/ld_library_path_lib.ps1'
[1.615s] INFO:colcon.colcon_core.shell:Creating environment descriptor '/home/jacob/MTRN4231/lab2_workspace/src/install/my_interface/share/my_interface/hook/ld_library_path_lib.dsv'
[1.615s] INFO:colcon.colcon_core.shell:Creating environment hook '/home/jacob/MTRN4231/lab2_workspace/src/install/my_interface/share/my_interface/hook/ld_library_path_lib.sh'
[1.616s] Level 1:colcon.colcon_core.environment:checking '/home/jacob/MTRN4231/lab2_workspace/src/install/my_interface/bin'
[1.616s] Level 1:colcon.colcon_core.environment:checking '/home/jacob/MTRN4231/lab2_workspace/src/install/my_interface/lib/pkgconfig/my_interface.pc'
[1.616s] Level 1:colcon.colcon_core.environment:checking '/home/jacob/MTRN4231/lab2_workspace/src/install/my_interface/lib/python3.10/site-packages'
[1.617s] Level 1:colcon.colcon_core.environment:checking '/home/jacob/MTRN4231/lab2_workspace/src/install/my_interface/bin'
[1.617s] INFO:colcon.colcon_core.shell:Creating package script '/home/jacob/MTRN4231/lab2_workspace/src/install/my_interface/share/my_interface/package.ps1'
[1.618s] INFO:colcon.colcon_core.shell:Creating package descriptor '/home/jacob/MTRN4231/lab2_workspace/src/install/my_interface/share/my_interface/package.dsv'
[1.618s] INFO:colcon.colcon_core.shell:Creating package script '/home/jacob/MTRN4231/lab2_workspace/src/install/my_interface/share/my_interface/package.sh'
[1.619s] INFO:colcon.colcon_core.shell:Creating package script '/home/jacob/MTRN4231/lab2_workspace/src/install/my_interface/share/my_interface/package.bash'
[1.619s] INFO:colcon.colcon_core.shell:Creating package script '/home/jacob/MTRN4231/lab2_workspace/src/install/my_interface/share/my_interface/package.zsh'
[1.620s] Level 1:colcon.colcon_core.environment:create_file_with_runtime_dependencies(/home/jacob/MTRN4231/lab2_workspace/src/install/my_interface/share/colcon-core/packages/my_interface)
[1.620s] Level 1:colcon.colcon_core.environment:create_environment_scripts_only(my_interface)
[1.621s] Level 1:colcon.colcon_core.environment:checking '/home/jacob/MTRN4231/lab2_workspace/src/install/my_interface' for CMake module files
[1.622s] Level 1:colcon.colcon_core.environment:checking '/home/jacob/MTRN4231/lab2_workspace/src/install/my_interface' for CMake config files
[1.622s] Level 1:colcon.colcon_core.shell:create_environment_hook('my_interface', 'cmake_prefix_path')
[1.622s] INFO:colcon.colcon_core.shell:Creating environment hook '/home/jacob/MTRN4231/lab2_workspace/src/install/my_interface/share/my_interface/hook/cmake_prefix_path.ps1'
[1.623s] INFO:colcon.colcon_core.shell:Creating environment descriptor '/home/jacob/MTRN4231/lab2_workspace/src/install/my_interface/share/my_interface/hook/cmake_prefix_path.dsv'
[1.623s] INFO:colcon.colcon_core.shell:Creating environment hook '/home/jacob/MTRN4231/lab2_workspace/src/install/my_interface/share/my_interface/hook/cmake_prefix_path.sh'
[1.624s] Level 1:colcon.colcon_core.environment:checking '/home/jacob/MTRN4231/lab2_workspace/src/install/my_interface/lib'
[1.624s] Level 1:colcon.colcon_core.shell:create_environment_hook('my_interface', 'ld_library_path_lib')
[1.624s] INFO:colcon.colcon_core.shell:Creating environment hook '/home/jacob/MTRN4231/lab2_workspace/src/install/my_interface/share/my_interface/hook/ld_library_path_lib.ps1'
[1.625s] INFO:colcon.colcon_core.shell:Creating environment descriptor '/home/jacob/MTRN4231/lab2_workspace/src/install/my_interface/share/my_interface/hook/ld_library_path_lib.dsv'
[1.626s] INFO:colcon.colcon_core.shell:Creating environment hook '/home/jacob/MTRN4231/lab2_workspace/src/install/my_interface/share/my_interface/hook/ld_library_path_lib.sh'
[1.626s] Level 1:colcon.colcon_core.environment:checking '/home/jacob/MTRN4231/lab2_workspace/src/install/my_interface/bin'
[1.626s] Level 1:colcon.colcon_core.environment:checking '/home/jacob/MTRN4231/lab2_workspace/src/install/my_interface/lib/pkgconfig/my_interface.pc'
[1.627s] Level 1:colcon.colcon_core.environment:checking '/home/jacob/MTRN4231/lab2_workspace/src/install/my_interface/lib/python3.10/site-packages'
[1.627s] Level 1:colcon.colcon_core.environment:checking '/home/jacob/MTRN4231/lab2_workspace/src/install/my_interface/bin'
[1.627s] INFO:colcon.colcon_core.shell:Creating package script '/home/jacob/MTRN4231/lab2_workspace/src/install/my_interface/share/my_interface/package.ps1'
[1.628s] INFO:colcon.colcon_core.shell:Creating package descriptor '/home/jacob/MTRN4231/lab2_workspace/src/install/my_interface/share/my_interface/package.dsv'
[1.631s] INFO:colcon.colcon_core.shell:Creating package script '/home/jacob/MTRN4231/lab2_workspace/src/install/my_interface/share/my_interface/package.sh'
[1.633s] INFO:colcon.colcon_core.shell:Creating package script '/home/jacob/MTRN4231/lab2_workspace/src/install/my_interface/share/my_interface/package.bash'
[1.635s] INFO:colcon.colcon_core.shell:Creating package script '/home/jacob/MTRN4231/lab2_workspace/src/install/my_interface/share/my_interface/package.zsh'
[1.636s] Level 1:colcon.colcon_core.environment:create_file_with_runtime_dependencies(/home/jacob/MTRN4231/lab2_workspace/src/install/my_interface/share/colcon-core/packages/my_interface)
[1.646s] Level 1:colcon.colcon_core.environment:create_environment_scripts_only(lab2_client_service)
[1.647s] Level 1:colcon.colcon_core.environment:checking '/home/jacob/MTRN4231/lab2_workspace/src/install/lab2_client_service' for CMake module files
[1.648s] Level 1:colcon.colcon_core.environment:checking '/home/jacob/MTRN4231/lab2_workspace/src/install/lab2_client_service' for CMake config files
[1.649s] Level 1:colcon.colcon_core.shell:create_environment_hook('lab2_client_service', 'cmake_prefix_path')
[1.650s] INFO:colcon.colcon_core.shell:Creating environment hook '/home/jacob/MTRN4231/lab2_workspace/src/install/lab2_client_service/share/lab2_client_service/hook/cmake_prefix_path.ps1'
[1.650s] INFO:colcon.colcon_core.shell:Creating environment descriptor '/home/jacob/MTRN4231/lab2_workspace/src/install/lab2_client_service/share/lab2_client_service/hook/cmake_prefix_path.dsv'
[1.651s] DEBUG:colcon.colcon_core.event_handler.log_command:Invoked command in '/home/jacob/MTRN4231/lab2_workspace/src/build/lab2_client_service' returned '2': CMAKE_PREFIX_PATH=${CMAKE_PREFIX_PATH}:/opt/ros/humble /usr/bin/cmake --build /home/jacob/MTRN4231/lab2_workspace/src/build/lab2_client_service -- -j8 -l8
[1.652s] INFO:colcon.colcon_core.shell:Creating environment hook '/home/jacob/MTRN4231/lab2_workspace/src/install/lab2_client_service/share/lab2_client_service/hook/cmake_prefix_path.sh'
[1.653s] Level 1:colcon.colcon_core.environment:checking '/home/jacob/MTRN4231/lab2_workspace/src/install/lab2_client_service/lib'
[1.654s] Level 1:colcon.colcon_core.environment:checking '/home/jacob/MTRN4231/lab2_workspace/src/install/lab2_client_service/bin'
[1.654s] Level 1:colcon.colcon_core.environment:checking '/home/jacob/MTRN4231/lab2_workspace/src/install/lab2_client_service/lib/pkgconfig/lab2_client_service.pc'
[1.654s] Level 1:colcon.colcon_core.environment:checking '/home/jacob/MTRN4231/lab2_workspace/src/install/lab2_client_service/lib/python3.10/site-packages'
[1.655s] Level 1:colcon.colcon_core.environment:checking '/home/jacob/MTRN4231/lab2_workspace/src/install/lab2_client_service/bin'
[1.655s] INFO:colcon.colcon_core.shell:Creating package script '/home/jacob/MTRN4231/lab2_workspace/src/install/lab2_client_service/share/lab2_client_service/package.ps1'
[1.656s] INFO:colcon.colcon_core.shell:Creating package descriptor '/home/jacob/MTRN4231/lab2_workspace/src/install/lab2_client_service/share/lab2_client_service/package.dsv'
[1.657s] INFO:colcon.colcon_core.shell:Creating package script '/home/jacob/MTRN4231/lab2_workspace/src/install/lab2_client_service/share/lab2_client_service/package.sh'
[1.658s] INFO:colcon.colcon_core.shell:Creating package script '/home/jacob/MTRN4231/lab2_workspace/src/install/lab2_client_service/share/lab2_client_service/package.bash'
[1.659s] INFO:colcon.colcon_core.shell:Creating package script '/home/jacob/MTRN4231/lab2_workspace/src/install/lab2_client_service/share/lab2_client_service/package.zsh'
[1.660s] Level 1:colcon.colcon_core.environment:create_file_with_runtime_dependencies(/home/jacob/MTRN4231/lab2_workspace/src/install/lab2_client_service/share/colcon-core/packages/lab2_client_service)
[1.671s] DEBUG:colcon.colcon_parallel_executor.executor.parallel:closing loop
[1.671s] DEBUG:colcon.colcon_parallel_executor.executor.parallel:loop closed
[1.671s] DEBUG:colcon.colcon_parallel_executor.executor.parallel:run_until_complete finished with '2'
[1.671s] DEBUG:colcon.colcon_core.event_reactor:joining thread
[1.679s] INFO:colcon.colcon_core.plugin_system:Skipping extension 'colcon_notification.desktop_notification.terminal_notifier': Not used on non-Darwin systems
[1.680s] INFO:colcon.colcon_core.plugin_system:Skipping extension 'colcon_notification.desktop_notification.win32': Not used on non-Windows systems
[1.680s] INFO:colcon.colcon_notification.desktop_notification:Sending desktop notification using 'notify2'
[1.702s] DEBUG:colcon.colcon_core.event_reactor:joined thread
[1.703s] INFO:colcon.colcon_core.shell:Creating prefix script '/home/jacob/MTRN4231/lab2_workspace/src/install/local_setup.ps1'
[1.705s] INFO:colcon.colcon_core.shell:Creating prefix util module '/home/jacob/MTRN4231/lab2_workspace/src/install/_local_setup_util_ps1.py'
[1.709s] INFO:colcon.colcon_core.shell:Creating prefix chain script '/home/jacob/MTRN4231/lab2_workspace/src/install/setup.ps1'
[1.711s] INFO:colcon.colcon_core.shell:Creating prefix script '/home/jacob/MTRN4231/lab2_workspace/src/install/local_setup.sh'
[1.713s] INFO:colcon.colcon_core.shell:Creating prefix util module '/home/jacob/MTRN4231/lab2_workspace/src/install/_local_setup_util_sh.py'
[1.715s] INFO:colcon.colcon_core.shell:Creating prefix chain script '/home/jacob/MTRN4231/lab2_workspace/src/install/setup.sh'
[1.718s] INFO:colcon.colcon_core.shell:Creating prefix script '/home/jacob/MTRN4231/lab2_workspace/src/install/local_setup.bash'
[1.719s] INFO:colcon.colcon_core.shell:Creating prefix chain script '/home/jacob/MTRN4231/lab2_workspace/src/install/setup.bash'
[1.724s] INFO:colcon.colcon_core.shell:Creating prefix script '/home/jacob/MTRN4231/lab2_workspace/src/install/local_setup.zsh'
[1.733s] INFO:colcon.colcon_core.shell:Creating prefix chain script '/home/jacob/MTRN4231/lab2_workspace/src/install/setup.zsh'
