[0.040s] Invoking command in '/home/jacob/MTRN4231/lab2_workspace/src/build/lab2_client_service': CMAKE_PREFIX_PATH=${CMAKE_PREFIX_PATH}:/opt/ros/humble /usr/bin/cmake --build /home/jacob/MTRN4231/lab2_workspace/src/build/lab2_client_service -- -j8 -l8
[0.177s] [ 50%] Built target int_addition_server
[0.186s] [100%] Built target int_addition_client
[0.254s] Invoked command in '/home/jacob/MTRN4231/lab2_workspace/src/build/lab2_client_service' returned '0': CMAKE_PREFIX_PATH=${CMAKE_PREFIX_PATH}:/opt/ros/humble /usr/bin/cmake --build /home/jacob/MTRN4231/lab2_workspace/src/build/lab2_client_service -- -j8 -l8
[0.299s] Invoking command in '/home/jacob/MTRN4231/lab2_workspace/src/build/lab2_client_service': CMAKE_PREFIX_PATH=${CMAKE_PREFIX_PATH}:/opt/ros/humble /usr/bin/cmake --install /home/jacob/MTRN4231/lab2_workspace/src/build/lab2_client_service
[0.313s] -- Install configuration: ""
[0.313s] -- Up-to-date: /home/jacob/MTRN4231/lab2_workspace/src/install/lab2_client_service/lib/lab2_client_service/int_addition_server
[0.316s] -- Up-to-date: /home/jacob/MTRN4231/lab2_workspace/src/install/lab2_client_service/lib/lab2_client_service/int_addition_client
[0.317s] -- Up-to-date: /home/jacob/MTRN4231/lab2_workspace/src/install/lab2_client_service/share/ament_index/resource_index/package_run_dependencies/lab2_client_service
[0.317s] -- Up-to-date: /home/jacob/MTRN4231/lab2_workspace/src/install/lab2_client_service/share/ament_index/resource_index/parent_prefix_path/lab2_client_service
[0.318s] -- Up-to-date: /home/jacob/MTRN4231/lab2_workspace/src/install/lab2_client_service/share/lab2_client_service/environment/ament_prefix_path.sh
[0.319s] -- Up-to-date: /home/jacob/MTRN4231/lab2_workspace/src/install/lab2_client_service/share/lab2_client_service/environment/ament_prefix_path.dsv
[0.319s] -- Up-to-date: /home/jacob/MTRN4231/lab2_workspace/src/install/lab2_client_service/share/lab2_client_service/environment/path.sh
[0.319s] -- Up-to-date: /home/jacob/MTRN4231/lab2_workspace/src/install/lab2_client_service/share/lab2_client_service/environment/path.dsv
[0.319s] -- Up-to-date: /home/jacob/MTRN4231/lab2_workspace/src/install/lab2_client_service/share/lab2_client_service/local_setup.bash
[0.319s] -- Up-to-date: /home/jacob/MTRN4231/lab2_workspace/src/install/lab2_client_service/share/lab2_client_service/local_setup.sh
[0.320s] -- Up-to-date: /home/jacob/MTRN4231/lab2_workspace/src/install/lab2_client_service/share/lab2_client_service/local_setup.zsh
[0.320s] -- Up-to-date: /home/jacob/MTRN4231/lab2_workspace/src/install/lab2_client_service/share/lab2_client_service/local_setup.dsv
[0.320s] -- Installing: /home/jacob/MTRN4231/lab2_workspace/src/install/lab2_client_service/share/lab2_client_service/package.dsv
[0.320s] -- Up-to-date: /home/jacob/MTRN4231/lab2_workspace/src/install/lab2_client_service/share/ament_index/resource_index/packages/lab2_client_service
[0.321s] -- Up-to-date: /home/jacob/MTRN4231/lab2_workspace/src/install/lab2_client_service/share/lab2_client_service/cmake/lab2_client_serviceConfig.cmake
[0.321s] -- Up-to-date: /home/jacob/MTRN4231/lab2_workspace/src/install/lab2_client_service/share/lab2_client_service/cmake/lab2_client_serviceConfig-version.cmake
[0.321s] -- Up-to-date: /home/jacob/MTRN4231/lab2_workspace/src/install/lab2_client_service/share/lab2_client_service/package.xml
[0.335s] Invoked command in '/home/jacob/MTRN4231/lab2_workspace/src/build/lab2_client_service' returned '0': CMAKE_PREFIX_PATH=${CMAKE_PREFIX_PATH}:/opt/ros/humble /usr/bin/cmake --install /home/jacob/MTRN4231/lab2_workspace/src/build/lab2_client_service
