[0.043s] Invoking command in '/home/jacob/MTRN4231/lab2_workspace/src/build/transformations': CMAKE_PREFIX_PATH=${CMAKE_PREFIX_PATH}:/opt/ros/humble /usr/bin/cmake --build /home/jacob/MTRN4231/lab2_workspace/src/build/transformations -- -j8 -l8
[0.283s] [ 33%] Built target static_broadcaster
[0.290s] [ 66%] Built target dynamic_broadcaster
[0.296s] [100%] Built target tf_listener
[0.336s] Invoked command in '/home/jacob/MTRN4231/lab2_workspace/src/build/transformations' returned '0': CMAKE_PREFIX_PATH=${CMAKE_PREFIX_PATH}:/opt/ros/humble /usr/bin/cmake --build /home/jacob/MTRN4231/lab2_workspace/src/build/transformations -- -j8 -l8
[0.364s] Invoking command in '/home/jacob/MTRN4231/lab2_workspace/src/build/transformations': CMAKE_PREFIX_PATH=${CMAKE_PREFIX_PATH}:/opt/ros/humble /usr/bin/cmake --install /home/jacob/MTRN4231/lab2_workspace/src/build/transformations
[0.383s] -- Install configuration: ""
[0.384s] -- Up-to-date: /home/jacob/MTRN4231/lab2_workspace/src/install/transformations/lib/transformations/static_broadcaster
[0.384s] -- Up-to-date: /home/jacob/MTRN4231/lab2_workspace/src/install/transformations/lib/transformations/dynamic_broadcaster
[0.385s] -- Up-to-date: /home/jacob/MTRN4231/lab2_workspace/src/install/transformations/lib/transformations/tf_listener
[0.385s] -- Up-to-date: /home/jacob/MTRN4231/lab2_workspace/src/install/transformations/share/ament_index/resource_index/package_run_dependencies/transformations
[0.386s] -- Up-to-date: /home/jacob/MTRN4231/lab2_workspace/src/install/transformations/share/ament_index/resource_index/parent_prefix_path/transformations
[0.386s] -- Up-to-date: /home/jacob/MTRN4231/lab2_workspace/src/install/transformations/share/transformations/environment/ament_prefix_path.sh
[0.386s] -- Up-to-date: /home/jacob/MTRN4231/lab2_workspace/src/install/transformations/share/transformations/environment/ament_prefix_path.dsv
[0.386s] -- Up-to-date: /home/jacob/MTRN4231/lab2_workspace/src/install/transformations/share/transformations/environment/path.sh
[0.386s] -- Up-to-date: /home/jacob/MTRN4231/lab2_workspace/src/install/transformations/share/transformations/environment/path.dsv
[0.386s] -- Up-to-date: /home/jacob/MTRN4231/lab2_workspace/src/install/transformations/share/transformations/local_setup.bash
[0.387s] -- Up-to-date: /home/jacob/MTRN4231/lab2_workspace/src/install/transformations/share/transformations/local_setup.sh
[0.387s] -- Up-to-date: /home/jacob/MTRN4231/lab2_workspace/src/install/transformations/share/transformations/local_setup.zsh
[0.387s] -- Up-to-date: /home/jacob/MTRN4231/lab2_workspace/src/install/transformations/share/transformations/local_setup.dsv
[0.387s] -- Installing: /home/jacob/MTRN4231/lab2_workspace/src/install/transformations/share/transformations/package.dsv
[0.387s] -- Up-to-date: /home/jacob/MTRN4231/lab2_workspace/src/install/transformations/share/ament_index/resource_index/packages/transformations
[0.387s] -- Up-to-date: /home/jacob/MTRN4231/lab2_workspace/src/install/transformations/share/transformations/cmake/transformationsConfig.cmake
[0.388s] -- Up-to-date: /home/jacob/MTRN4231/lab2_workspace/src/install/transformations/share/transformations/cmake/transformationsConfig-version.cmake
[0.389s] -- Up-to-date: /home/jacob/MTRN4231/lab2_workspace/src/install/transformations/share/transformations/package.xml
[0.392s] Invoked command in '/home/jacob/MTRN4231/lab2_workspace/src/build/transformations' returned '0': CMAKE_PREFIX_PATH=${CMAKE_PREFIX_PATH}:/opt/ros/humble /usr/bin/cmake --install /home/jacob/MTRN4231/lab2_workspace/src/build/transformations
