[0.041s] Invoking command in '/home/jacob/MTRN4231/lab1_workspace/build/tutorial_interfaces': CMAKE_PREFIX_PATH=${CMAKE_PREFIX_PATH}:/opt/ros/humble /usr/bin/cmake --build /home/jacob/MTRN4231/lab1_workspace/build/tutorial_interfaces -- -j8 -l8
[0.101s] -- Found ament_cmake: 1.3.12 (/opt/ros/humble/share/ament_cmake/cmake)
[0.472s] -- Found geometry_msgs: 4.9.0 (/opt/ros/humble/share/geometry_msgs/cmake)
[1.678s] -- Found rosidl_generator_c: 3.1.7 (/opt/ros/humble/share/rosidl_generator_c/cmake)
[1.686s] -- Found rosidl_adapter: 3.1.7 (/opt/ros/humble/share/rosidl_adapter/cmake)
[1.706s] -- Found rosidl_generator_cpp: 3.1.7 (/opt/ros/humble/share/rosidl_generator_cpp/cmake)
[1.744s] -- Using all available rosidl_typesupport_c: rosidl_typesupport_fastrtps_c;rosidl_typesupport_introspection_c
[1.787s] -- Using all available rosidl_typesupport_cpp: rosidl_typesupport_fastrtps_cpp;rosidl_typesupport_introspection_cpp
[1.883s] -- Found rosidl_default_generators: 1.2.0 (/opt/ros/humble/share/rosidl_default_generators/cmake)
[2.724s] -- Found ament_cmake_ros: 0.10.0 (/opt/ros/humble/share/ament_cmake_ros/cmake)
[3.859s] -- Using all available rosidl_typesupport_c: rosidl_typesupport_fastrtps_c;rosidl_typesupport_introspection_c
[4.472s] -- Using all available rosidl_typesupport_cpp: rosidl_typesupport_fastrtps_cpp;rosidl_typesupport_introspection_cpp
[4.526s] -- Found python_cmake_module: 0.10.0 (/opt/ros/humble/share/python_cmake_module/cmake)
[4.625s] -- Using PYTHON_EXECUTABLE: /usr/bin/python3
[4.625s] -- Using PYTHON_INCLUDE_DIRS: /usr/include/python3.10
[4.626s] -- Using PYTHON_LIBRARIES: /usr/lib/x86_64-linux-gnu/libpython3.10.so
[4.744s] -- Found ament_lint_auto: 0.12.14 (/opt/ros/humble/share/ament_lint_auto/cmake)
[4.780s] -- Added test 'lint_cmake' to check CMake code style
[4.784s] -- Added test 'xmllint' to check XML markup files
[4.790s] -- Configuring done
[4.886s] -- Generating done
[4.922s] -- Build files have been written to: /home/jacob/MTRN4231/lab1_workspace/build/tutorial_interfaces
[5.076s] [  3%] [34m[1mGenerating C code for ROS interfaces[0m
[5.120s] [  6%] [34m[1mGenerating C++ code for ROS interfaces[0m
[5.143s] [  6%] Built target ament_cmake_python_copy_tutorial_interfaces
[5.872s] [  6%] Built target tutorial_interfaces__cpp
[5.900s] [  9%] [34m[1mGenerating C++ introspection for ROS interfaces[0m
[5.901s] [ 12%] [34m[1mGenerating C++ type support for eProsima Fast-RTPS[0m
[5.905s] [ 16%] [34m[1mGenerating C++ type support dispatch for ROS interfaces[0m
[5.929s] [ 19%] [32mBuilding C object CMakeFiles/tutorial_interfaces__rosidl_generator_c.dir/rosidl_generator_c/tutorial_interfaces/msg/detail/pose_stamped__functions.c.o[0m
[5.990s] In file included from [01m[K/home/jacob/MTRN4231/lab1_workspace/build/tutorial_interfaces/rosidl_generator_c/tutorial_interfaces/msg/detail/pose_stamped__functions.h:19[m[K,
[5.990s]                  from [01m[K/home/jacob/MTRN4231/lab1_workspace/build/tutorial_interfaces/rosidl_generator_c/tutorial_interfaces/msg/detail/pose_stamped__functions.c:4[m[K:
[5.990s] [01m[K/home/jacob/MTRN4231/lab1_workspace/build/tutorial_interfaces/rosidl_generator_c/tutorial_interfaces/msg/detail/pose_stamped__struct.h:24:10:[m[K [01;31m[Kfatal error: [m[Krclcpp/msg/detail/time__struct.h: No such file or directory
[5.991s]    24 | #include [01;31m[K"rclcpp/msg/detail/time__struct.h"[m[K
[5.991s]       |          [01;31m[K^~~~~~~~~~~~~~~~~~~~~~~~~~~~~~~~~~[m[K
[5.991s] compilation terminated.
[5.994s] gmake[2]: *** [CMakeFiles/tutorial_interfaces__rosidl_generator_c.dir/build.make:167: CMakeFiles/tutorial_interfaces__rosidl_generator_c.dir/rosidl_generator_c/tutorial_interfaces/msg/detail/pose_stamped__functions.c.o] Error 1
[5.994s] gmake[1]: *** [CMakeFiles/Makefile2:213: CMakeFiles/tutorial_interfaces__rosidl_generator_c.dir/all] Error 2
[5.995s] gmake[1]: *** Waiting for unfinished jobs....
[6.063s] running egg_info
[6.067s] writing tutorial_interfaces.egg-info/PKG-INFO
[6.068s] writing dependency_links to tutorial_interfaces.egg-info/dependency_links.txt
[6.071s] writing top-level names to tutorial_interfaces.egg-info/top_level.txt
[6.083s] reading manifest file 'tutorial_interfaces.egg-info/SOURCES.txt'
[6.084s] writing manifest file 'tutorial_interfaces.egg-info/SOURCES.txt'
[6.172s] [ 19%] Built target ament_cmake_python_build_tutorial_interfaces_egg
[6.570s] [ 22%] [32mBuilding CXX object CMakeFiles/tutorial_interfaces__rosidl_typesupport_cpp.dir/rosidl_typesupport_cpp/tutorial_interfaces/msg/pose_stamped__type_support.cpp.o[0m
[6.640s] [ 25%] [32mBuilding CXX object CMakeFiles/tutorial_interfaces__rosidl_typesupport_fastrtps_cpp.dir/rosidl_typesupport_fastrtps_cpp/tutorial_interfaces/msg/detail/dds_fastrtps/pose_stamped__type_support.cpp.o[0m
[6.662s] [ 29%] [32mBuilding CXX object CMakeFiles/tutorial_interfaces__rosidl_typesupport_introspection_cpp.dir/rosidl_typesupport_introspection_cpp/tutorial_interfaces/msg/detail/pose_stamped__type_support.cpp.o[0m
[6.747s] In file included from [01m[K/home/jacob/MTRN4231/lab1_workspace/build/tutorial_interfaces/rosidl_typesupport_cpp/tutorial_interfaces/msg/pose_stamped__type_support.cpp:7[m[K:
[6.747s] [01m[K/home/jacob/MTRN4231/lab1_workspace/build/tutorial_interfaces/rosidl_generator_cpp/tutorial_interfaces/msg/detail/pose_stamped__struct.hpp:22:10:[m[K [01;31m[Kfatal error: [m[Krclcpp/msg/detail/time__struct.hpp: No such file or directory
[6.748s]    22 | #include [01;31m[K"rclcpp/msg/detail/time__struct.hpp"[m[K
[6.748s]       |          [01;31m[K^~~~~~~~~~~~~~~~~~~~~~~~~~~~~~~~~~~~[m[K
[6.748s] compilation terminated.
[6.753s] gmake[2]: *** [CMakeFiles/tutorial_interfaces__rosidl_typesupport_cpp.dir/build.make:148: CMakeFiles/tutorial_interfaces__rosidl_typesupport_cpp.dir/rosidl_typesupport_cpp/tutorial_interfaces/msg/pose_stamped__type_support.cpp.o] Error 1
[6.753s] gmake[1]: *** [CMakeFiles/Makefile2:395: CMakeFiles/tutorial_interfaces__rosidl_typesupport_cpp.dir/all] Error 2
[6.824s] In file included from [01m[K/home/jacob/MTRN4231/lab1_workspace/build/tutorial_interfaces/rosidl_typesupport_fastrtps_cpp/tutorial_interfaces/msg/detail/pose_stamped__rosidl_typesupport_fastrtps_cpp.hpp:11[m[K,
[6.825s]                  from [01m[K/home/jacob/MTRN4231/lab1_workspace/build/tutorial_interfaces/rosidl_typesupport_fastrtps_cpp/tutorial_interfaces/msg/detail/dds_fastrtps/pose_stamped__type_support.cpp:4[m[K:
[6.825s] [01m[K/home/jacob/MTRN4231/lab1_workspace/build/tutorial_interfaces/rosidl_generator_cpp/tutorial_interfaces/msg/detail/pose_stamped__struct.hpp:22:10:[m[K [01;31m[Kfatal error: [m[Krclcpp/msg/detail/time__struct.hpp: No such file or directory
[6.825s]    22 | #include [01;31m[K"rclcpp/msg/detail/time__struct.hpp"[m[K
[6.825s]       |          [01;31m[K^~~~~~~~~~~~~~~~~~~~~~~~~~~~~~~~~~~~[m[K
[6.825s] compilation terminated.
[6.831s] gmake[2]: *** [CMakeFiles/tutorial_interfaces__rosidl_typesupport_fastrtps_cpp.dir/build.make:153: CMakeFiles/tutorial_interfaces__rosidl_typesupport_fastrtps_cpp.dir/rosidl_typesupport_fastrtps_cpp/tutorial_interfaces/msg/detail/dds_fastrtps/pose_stamped__type_support.cpp.o] Error 1
[6.832s] gmake[1]: *** [CMakeFiles/Makefile2:291: CMakeFiles/tutorial_interfaces__rosidl_typesupport_fastrtps_cpp.dir/all] Error 2
[6.840s] In file included from [01m[K/home/jacob/MTRN4231/lab1_workspace/build/tutorial_interfaces/rosidl_typesupport_introspection_cpp/tutorial_interfaces/msg/detail/pose_stamped__type_support.cpp:12[m[K:
[6.840s] [01m[K/home/jacob/MTRN4231/lab1_workspace/build/tutorial_interfaces/rosidl_generator_cpp/tutorial_interfaces/msg/detail/pose_stamped__struct.hpp:22:10:[m[K [01;31m[Kfatal error: [m[Krclcpp/msg/detail/time__struct.hpp: No such file or directory
[6.840s]    22 | #include [01;31m[K"rclcpp/msg/detail/time__struct.hpp"[m[K
[6.840s]       |          [01;31m[K^~~~~~~~~~~~~~~~~~~~~~~~~~~~~~~~~~~~[m[K
[6.840s] compilation terminated.
[6.845s] gmake[2]: *** [CMakeFiles/tutorial_interfaces__rosidl_typesupport_introspection_cpp.dir/build.make:153: CMakeFiles/tutorial_interfaces__rosidl_typesupport_introspection_cpp.dir/rosidl_typesupport_introspection_cpp/tutorial_interfaces/msg/detail/pose_stamped__type_support.cpp.o] Error 1
[6.846s] gmake[1]: *** [CMakeFiles/Makefile2:369: CMakeFiles/tutorial_interfaces__rosidl_typesupport_introspection_cpp.dir/all] Error 2
[6.847s] gmake: *** [Makefile:146: all] Error 2
[6.852s] Invoked command in '/home/jacob/MTRN4231/lab1_workspace/build/tutorial_interfaces' returned '2': CMAKE_PREFIX_PATH=${CMAKE_PREFIX_PATH}:/opt/ros/humble /usr/bin/cmake --build /home/jacob/MTRN4231/lab1_workspace/build/tutorial_interfaces -- -j8 -l8
