[0.042s] Invoking command in '/home/jacob/MTRN4231/lab2_workspace/src/build/interface': CMAKE_PREFIX_PATH=${CMAKE_PREFIX_PATH}:/opt/ros/humble /usr/bin/cmake --build /home/jacob/MTRN4231/lab2_workspace/src/build/interface -- -j8 -l8
[0.096s] -- Found ament_cmake: 1.3.12 (/opt/ros/humble/share/ament_cmake/cmake)
[0.387s] -- Found geometry_msgs: 4.9.0 (/opt/ros/humble/share/geometry_msgs/cmake)
[0.442s] -- Found rosidl_generator_c: 3.1.7 (/opt/ros/humble/share/rosidl_generator_c/cmake)
[0.447s] -- Found rosidl_adapter: 3.1.7 (/opt/ros/humble/share/rosidl_adapter/cmake)
[0.460s] -- Found rosidl_generator_cpp: 3.1.7 (/opt/ros/humble/share/rosidl_generator_cpp/cmake)
[0.482s] -- Using all available rosidl_typesupport_c: rosidl_typesupport_fastrtps_c;rosidl_typesupport_introspection_c
[0.506s] -- Using all available rosidl_typesupport_cpp: rosidl_typesupport_fastrtps_cpp;rosidl_typesupport_introspection_cpp
[0.626s] -- Found rosidl_default_generators: 1.2.0 (/opt/ros/humble/share/rosidl_default_generators/cmake)
[0.641s] [31mCMake Error at /opt/ros/humble/share/rosidl_cmake/cmake/rosidl_generate_interfaces.cmake:93 (message):
[0.642s]   rosidl_generate_interfaces() the passed file 'src/Lookup.srv' doesn't exist
[0.642s]   relative to the CMAKE_CURRENT_SOURCE_DIR
[0.642s]   '/home/jacob/MTRN4231/lab2_workspace/src/interface'
[0.642s] Call Stack (most recent call first):
[0.642s]   CMakeLists.txt:16 (rosidl_generate_interfaces)
[0.643s] 
[0.643s] [0m
[0.643s] -- Configuring incomplete, errors occurred!
[0.643s] See also "/home/jacob/MTRN4231/lab2_workspace/src/build/interface/CMakeFiles/CMakeOutput.log".
[0.648s] gmake: *** [Makefile:747: cmake_check_build_system] Error 1
[0.652s] Invoked command in '/home/jacob/MTRN4231/lab2_workspace/src/build/interface' returned '2': CMAKE_PREFIX_PATH=${CMAKE_PREFIX_PATH}:/opt/ros/humble /usr/bin/cmake --build /home/jacob/MTRN4231/lab2_workspace/src/build/interface -- -j8 -l8
