[0.035s] Invoking command in '/home/jacob/MTRN4231/lab1_workspace/build/tutorial_interfaces': CMAKE_PREFIX_PATH=${CMAKE_PREFIX_PATH}:/opt/ros/humble /usr/bin/cmake --build /home/jacob/MTRN4231/lab1_workspace/build/tutorial_interfaces -- -j8 -l8
[0.134s] [  3%] Built target tutorial_interfaces__cpp
[0.135s] [ 12%] Built target tutorial_interfaces__rosidl_generator_c
[0.194s] [ 12%] Built target ament_cmake_python_copy_tutorial_interfaces
[0.196s] [ 22%] Built target tutorial_interfaces__rosidl_typesupport_cpp
[0.216s] [ 32%] Built target tutorial_interfaces__rosidl_typesupport_fastrtps_cpp
[0.217s] [ 41%] Built target tutorial_interfaces__rosidl_typesupport_fastrtps_c
[0.223s] [ 51%] Built target tutorial_interfaces__rosidl_typesupport_c
[0.223s] [ 61%] Built target tutorial_interfaces__rosidl_typesupport_introspection_cpp
[0.223s] [ 70%] Built target tutorial_interfaces__rosidl_typesupport_introspection_c
[0.267s] [ 70%] Built target tutorial_interfaces
[0.310s] [ 74%] Built target tutorial_interfaces__py
[0.358s] [ 80%] Built target tutorial_interfaces__rosidl_generator_py
[0.409s] [ 90%] Built target tutorial_interfaces__rosidl_typesupport_fastrtps_c__pyext
[0.411s] [ 93%] Built target tutorial_interfaces__rosidl_typesupport_c__pyext
[0.415s] [100%] Built target tutorial_interfaces__rosidl_typesupport_introspection_c__pyext
[0.741s] running egg_info
[0.742s] writing tutorial_interfaces.egg-info/PKG-INFO
[0.742s] writing dependency_links to tutorial_interfaces.egg-info/dependency_links.txt
[0.743s] writing top-level names to tutorial_interfaces.egg-info/top_level.txt
[0.747s] reading manifest file 'tutorial_interfaces.egg-info/SOURCES.txt'
[0.749s] writing manifest file 'tutorial_interfaces.egg-info/SOURCES.txt'
[0.803s] [100%] Built target ament_cmake_python_build_tutorial_interfaces_egg
[0.828s] Invoked command in '/home/jacob/MTRN4231/lab1_workspace/build/tutorial_interfaces' returned '0': CMAKE_PREFIX_PATH=${CMAKE_PREFIX_PATH}:/opt/ros/humble /usr/bin/cmake --build /home/jacob/MTRN4231/lab1_workspace/build/tutorial_interfaces -- -j8 -l8
[0.840s] Invoking command in '/home/jacob/MTRN4231/lab1_workspace/build/tutorial_interfaces': CMAKE_PREFIX_PATH=${CMAKE_PREFIX_PATH}:/opt/ros/humble /usr/bin/cmake --install /home/jacob/MTRN4231/lab1_workspace/build/tutorial_interfaces
[0.855s] -- Install configuration: ""
[0.855s] -- Up-to-date: /home/jacob/MTRN4231/lab1_workspace/install/tutorial_interfaces/share/ament_index/resource_index/rosidl_interfaces/tutorial_interfaces
[0.856s] -- Up-to-date: /home/jacob/MTRN4231/lab1_workspace/install/tutorial_interfaces/include/tutorial_interfaces/tutorial_interfaces
[0.856s] -- Up-to-date: /home/jacob/MTRN4231/lab1_workspace/install/tutorial_interfaces/include/tutorial_interfaces/tutorial_interfaces/msg
[0.856s] -- Up-to-date: /home/jacob/MTRN4231/lab1_workspace/install/tutorial_interfaces/include/tutorial_interfaces/tutorial_interfaces/msg/rosidl_generator_c__visibility_control.h
[0.856s] -- Up-to-date: /home/jacob/MTRN4231/lab1_workspace/install/tutorial_interfaces/include/tutorial_interfaces/tutorial_interfaces/msg/posestamped.h
[0.856s] -- Up-to-date: /home/jacob/MTRN4231/lab1_workspace/install/tutorial_interfaces/include/tutorial_interfaces/tutorial_interfaces/msg/pose_stamped.h
[0.856s] -- Up-to-date: /home/jacob/MTRN4231/lab1_workspace/install/tutorial_interfaces/include/tutorial_interfaces/tutorial_interfaces/msg/detail
[0.857s] -- Up-to-date: /home/jacob/MTRN4231/lab1_workspace/install/tutorial_interfaces/include/tutorial_interfaces/tutorial_interfaces/msg/detail/pose_stamped__struct.h
[0.857s] -- Up-to-date: /home/jacob/MTRN4231/lab1_workspace/install/tutorial_interfaces/include/tutorial_interfaces/tutorial_interfaces/msg/detail/posestamped__type_support.h
[0.857s] -- Up-to-date: /home/jacob/MTRN4231/lab1_workspace/install/tutorial_interfaces/include/tutorial_interfaces/tutorial_interfaces/msg/detail/pose_stamped__type_support.h
[0.857s] -- Up-to-date: /home/jacob/MTRN4231/lab1_workspace/install/tutorial_interfaces/include/tutorial_interfaces/tutorial_interfaces/msg/detail/pose_stamped__functions.h
[0.857s] -- Up-to-date: /home/jacob/MTRN4231/lab1_workspace/install/tutorial_interfaces/include/tutorial_interfaces/tutorial_interfaces/msg/detail/posestamped__struct.h
[0.860s] -- Up-to-date: /home/jacob/MTRN4231/lab1_workspace/install/tutorial_interfaces/include/tutorial_interfaces/tutorial_interfaces/msg/detail/pose_stamped__functions.c
[0.860s] -- Up-to-date: /home/jacob/MTRN4231/lab1_workspace/install/tutorial_interfaces/include/tutorial_interfaces/tutorial_interfaces/msg/detail/posestamped__functions.h
[0.860s] -- Up-to-date: /home/jacob/MTRN4231/lab1_workspace/install/tutorial_interfaces/include/tutorial_interfaces/tutorial_interfaces/msg/detail/posestamped__functions.c
[0.860s] -- Up-to-date: /home/jacob/MTRN4231/lab1_workspace/install/tutorial_interfaces/share/tutorial_interfaces/environment/library_path.sh
[0.860s] -- Up-to-date: /home/jacob/MTRN4231/lab1_workspace/install/tutorial_interfaces/share/tutorial_interfaces/environment/library_path.dsv
[0.861s] -- Up-to-date: /home/jacob/MTRN4231/lab1_workspace/install/tutorial_interfaces/lib/libtutorial_interfaces__rosidl_generator_c.so
[0.861s] -- Up-to-date: /home/jacob/MTRN4231/lab1_workspace/install/tutorial_interfaces/include/tutorial_interfaces/tutorial_interfaces
[0.861s] -- Up-to-date: /home/jacob/MTRN4231/lab1_workspace/install/tutorial_interfaces/include/tutorial_interfaces/tutorial_interfaces/msg
[0.861s] -- Up-to-date: /home/jacob/MTRN4231/lab1_workspace/install/tutorial_interfaces/include/tutorial_interfaces/tutorial_interfaces/msg/rosidl_typesupport_fastrtps_c__visibility_control.h
[0.861s] -- Up-to-date: /home/jacob/MTRN4231/lab1_workspace/install/tutorial_interfaces/include/tutorial_interfaces/tutorial_interfaces/msg/detail
[0.861s] -- Up-to-date: /home/jacob/MTRN4231/lab1_workspace/install/tutorial_interfaces/include/tutorial_interfaces/tutorial_interfaces/msg/detail/pose_stamped__rosidl_typesupport_fastrtps_c.h
[0.862s] -- Up-to-date: /home/jacob/MTRN4231/lab1_workspace/install/tutorial_interfaces/include/tutorial_interfaces/tutorial_interfaces/msg/detail/posestamped__rosidl_typesupport_fastrtps_c.h
[0.862s] -- Up-to-date: /home/jacob/MTRN4231/lab1_workspace/install/tutorial_interfaces/lib/libtutorial_interfaces__rosidl_typesupport_fastrtps_c.so
[0.862s] -- Up-to-date: /home/jacob/MTRN4231/lab1_workspace/install/tutorial_interfaces/include/tutorial_interfaces/tutorial_interfaces
[0.862s] -- Up-to-date: /home/jacob/MTRN4231/lab1_workspace/install/tutorial_interfaces/include/tutorial_interfaces/tutorial_interfaces/msg
[0.862s] -- Up-to-date: /home/jacob/MTRN4231/lab1_workspace/install/tutorial_interfaces/include/tutorial_interfaces/tutorial_interfaces/msg/rosidl_generator_cpp__visibility_control.hpp
[0.862s] -- Up-to-date: /home/jacob/MTRN4231/lab1_workspace/install/tutorial_interfaces/include/tutorial_interfaces/tutorial_interfaces/msg/pose_stamped.hpp
[0.863s] -- Up-to-date: /home/jacob/MTRN4231/lab1_workspace/install/tutorial_interfaces/include/tutorial_interfaces/tutorial_interfaces/msg/posestamped.hpp
[0.863s] -- Up-to-date: /home/jacob/MTRN4231/lab1_workspace/install/tutorial_interfaces/include/tutorial_interfaces/tutorial_interfaces/msg/detail
[0.863s] -- Up-to-date: /home/jacob/MTRN4231/lab1_workspace/install/tutorial_interfaces/include/tutorial_interfaces/tutorial_interfaces/msg/detail/pose_stamped__type_support.hpp
[0.863s] -- Up-to-date: /home/jacob/MTRN4231/lab1_workspace/install/tutorial_interfaces/include/tutorial_interfaces/tutorial_interfaces/msg/detail/pose_stamped__struct.hpp
[0.863s] -- Up-to-date: /home/jacob/MTRN4231/lab1_workspace/install/tutorial_interfaces/include/tutorial_interfaces/tutorial_interfaces/msg/detail/pose_stamped__builder.hpp
[0.864s] -- Up-to-date: /home/jacob/MTRN4231/lab1_workspace/install/tutorial_interfaces/include/tutorial_interfaces/tutorial_interfaces/msg/detail/posestamped__struct.hpp
[0.864s] -- Up-to-date: /home/jacob/MTRN4231/lab1_workspace/install/tutorial_interfaces/include/tutorial_interfaces/tutorial_interfaces/msg/detail/posestamped__builder.hpp
[0.864s] -- Up-to-date: /home/jacob/MTRN4231/lab1_workspace/install/tutorial_interfaces/include/tutorial_interfaces/tutorial_interfaces/msg/detail/pose_stamped__traits.hpp
[0.864s] -- Up-to-date: /home/jacob/MTRN4231/lab1_workspace/install/tutorial_interfaces/include/tutorial_interfaces/tutorial_interfaces/msg/detail/posestamped__traits.hpp
[0.864s] -- Up-to-date: /home/jacob/MTRN4231/lab1_workspace/install/tutorial_interfaces/include/tutorial_interfaces/tutorial_interfaces/msg/detail/posestamped__type_support.hpp
[0.864s] -- Up-to-date: /home/jacob/MTRN4231/lab1_workspace/install/tutorial_interfaces/include/tutorial_interfaces/tutorial_interfaces
[0.865s] -- Up-to-date: /home/jacob/MTRN4231/lab1_workspace/install/tutorial_interfaces/include/tutorial_interfaces/tutorial_interfaces/msg
[0.865s] -- Up-to-date: /home/jacob/MTRN4231/lab1_workspace/install/tutorial_interfaces/include/tutorial_interfaces/tutorial_interfaces/msg/rosidl_typesupport_fastrtps_cpp__visibility_control.h
[0.865s] -- Up-to-date: /home/jacob/MTRN4231/lab1_workspace/install/tutorial_interfaces/include/tutorial_interfaces/tutorial_interfaces/msg/detail
[0.865s] -- Up-to-date: /home/jacob/MTRN4231/lab1_workspace/install/tutorial_interfaces/include/tutorial_interfaces/tutorial_interfaces/msg/detail/pose_stamped__rosidl_typesupport_fastrtps_cpp.hpp
[0.865s] -- Up-to-date: /home/jacob/MTRN4231/lab1_workspace/install/tutorial_interfaces/include/tutorial_interfaces/tutorial_interfaces/msg/detail/dds_fastrtps
[0.866s] -- Up-to-date: /home/jacob/MTRN4231/lab1_workspace/install/tutorial_interfaces/include/tutorial_interfaces/tutorial_interfaces/msg/detail/posestamped__rosidl_typesupport_fastrtps_cpp.hpp
[0.866s] -- Up-to-date: /home/jacob/MTRN4231/lab1_workspace/install/tutorial_interfaces/lib/libtutorial_interfaces__rosidl_typesupport_fastrtps_cpp.so
[0.866s] -- Up-to-date: /home/jacob/MTRN4231/lab1_workspace/install/tutorial_interfaces/include/tutorial_interfaces/tutorial_interfaces
[0.866s] -- Up-to-date: /home/jacob/MTRN4231/lab1_workspace/install/tutorial_interfaces/include/tutorial_interfaces/tutorial_interfaces/msg
[0.866s] -- Up-to-date: /home/jacob/MTRN4231/lab1_workspace/install/tutorial_interfaces/include/tutorial_interfaces/tutorial_interfaces/msg/rosidl_typesupport_introspection_c__visibility_control.h
[0.867s] -- Up-to-date: /home/jacob/MTRN4231/lab1_workspace/install/tutorial_interfaces/include/tutorial_interfaces/tutorial_interfaces/msg/detail
[0.867s] -- Up-to-date: /home/jacob/MTRN4231/lab1_workspace/install/tutorial_interfaces/include/tutorial_interfaces/tutorial_interfaces/msg/detail/pose_stamped__rosidl_typesupport_introspection_c.h
[0.867s] -- Up-to-date: /home/jacob/MTRN4231/lab1_workspace/install/tutorial_interfaces/include/tutorial_interfaces/tutorial_interfaces/msg/detail/posestamped__rosidl_typesupport_introspection_c.h
[0.867s] -- Up-to-date: /home/jacob/MTRN4231/lab1_workspace/install/tutorial_interfaces/include/tutorial_interfaces/tutorial_interfaces/msg/detail/posestamped__type_support.c
[0.868s] -- Up-to-date: /home/jacob/MTRN4231/lab1_workspace/install/tutorial_interfaces/include/tutorial_interfaces/tutorial_interfaces/msg/detail/pose_stamped__type_support.c
[0.868s] -- Up-to-date: /home/jacob/MTRN4231/lab1_workspace/install/tutorial_interfaces/lib/libtutorial_interfaces__rosidl_typesupport_introspection_c.so
[0.868s] -- Up-to-date: /home/jacob/MTRN4231/lab1_workspace/install/tutorial_interfaces/lib/libtutorial_interfaces__rosidl_typesupport_c.so
[0.868s] -- Up-to-date: /home/jacob/MTRN4231/lab1_workspace/install/tutorial_interfaces/include/tutorial_interfaces/tutorial_interfaces
[0.868s] -- Up-to-date: /home/jacob/MTRN4231/lab1_workspace/install/tutorial_interfaces/include/tutorial_interfaces/tutorial_interfaces/msg
[0.868s] -- Up-to-date: /home/jacob/MTRN4231/lab1_workspace/install/tutorial_interfaces/include/tutorial_interfaces/tutorial_interfaces/msg/detail
[0.869s] -- Up-to-date: /home/jacob/MTRN4231/lab1_workspace/install/tutorial_interfaces/include/tutorial_interfaces/tutorial_interfaces/msg/detail/pose_stamped__type_support.cpp
[0.869s] -- Up-to-date: /home/jacob/MTRN4231/lab1_workspace/install/tutorial_interfaces/include/tutorial_interfaces/tutorial_interfaces/msg/detail/posestamped__rosidl_typesupport_introspection_cpp.hpp
[0.869s] -- Up-to-date: /home/jacob/MTRN4231/lab1_workspace/install/tutorial_interfaces/include/tutorial_interfaces/tutorial_interfaces/msg/detail/posestamped__type_support.cpp
[0.869s] -- Up-to-date: /home/jacob/MTRN4231/lab1_workspace/install/tutorial_interfaces/include/tutorial_interfaces/tutorial_interfaces/msg/detail/pose_stamped__rosidl_typesupport_introspection_cpp.hpp
[0.869s] -- Up-to-date: /home/jacob/MTRN4231/lab1_workspace/install/tutorial_interfaces/lib/libtutorial_interfaces__rosidl_typesupport_introspection_cpp.so
[0.870s] -- Up-to-date: /home/jacob/MTRN4231/lab1_workspace/install/tutorial_interfaces/lib/libtutorial_interfaces__rosidl_typesupport_cpp.so
[0.870s] -- Up-to-date: /home/jacob/MTRN4231/lab1_workspace/install/tutorial_interfaces/share/tutorial_interfaces/environment/pythonpath.sh
[0.870s] -- Up-to-date: /home/jacob/MTRN4231/lab1_workspace/install/tutorial_interfaces/share/tutorial_interfaces/environment/pythonpath.dsv
[0.870s] -- Up-to-date: /home/jacob/MTRN4231/lab1_workspace/install/tutorial_interfaces/local/lib/python3.10/dist-packages/tutorial_interfaces-0.0.0-py3.10.egg-info
[0.870s] -- Installing: /home/jacob/MTRN4231/lab1_workspace/install/tutorial_interfaces/local/lib/python3.10/dist-packages/tutorial_interfaces-0.0.0-py3.10.egg-info/SOURCES.txt
[0.871s] -- Installing: /home/jacob/MTRN4231/lab1_workspace/install/tutorial_interfaces/local/lib/python3.10/dist-packages/tutorial_interfaces-0.0.0-py3.10.egg-info/dependency_links.txt
[0.871s] -- Installing: /home/jacob/MTRN4231/lab1_workspace/install/tutorial_interfaces/local/lib/python3.10/dist-packages/tutorial_interfaces-0.0.0-py3.10.egg-info/top_level.txt
[0.871s] -- Installing: /home/jacob/MTRN4231/lab1_workspace/install/tutorial_interfaces/local/lib/python3.10/dist-packages/tutorial_interfaces-0.0.0-py3.10.egg-info/PKG-INFO
[0.871s] -- Up-to-date: /home/jacob/MTRN4231/lab1_workspace/install/tutorial_interfaces/local/lib/python3.10/dist-packages/tutorial_interfaces
[0.871s] -- Up-to-date: /home/jacob/MTRN4231/lab1_workspace/install/tutorial_interfaces/local/lib/python3.10/dist-packages/tutorial_interfaces/_tutorial_interfaces_s.ep.rosidl_typesupport_fastrtps_c.c
[0.871s] -- Up-to-date: /home/jacob/MTRN4231/lab1_workspace/install/tutorial_interfaces/local/lib/python3.10/dist-packages/tutorial_interfaces/msg
[0.872s] -- Up-to-date: /home/jacob/MTRN4231/lab1_workspace/install/tutorial_interfaces/local/lib/python3.10/dist-packages/tutorial_interfaces/msg/_pose_stamped_s.c
[0.872s] -- Up-to-date: /home/jacob/MTRN4231/lab1_workspace/install/tutorial_interfaces/local/lib/python3.10/dist-packages/tutorial_interfaces/msg/__init__.py
[0.872s] -- Up-to-date: /home/jacob/MTRN4231/lab1_workspace/install/tutorial_interfaces/local/lib/python3.10/dist-packages/tutorial_interfaces/msg/_posestamped.py
[0.872s] -- Up-to-date: /home/jacob/MTRN4231/lab1_workspace/install/tutorial_interfaces/local/lib/python3.10/dist-packages/tutorial_interfaces/msg/_posestamped_s.c
[0.872s] -- Up-to-date: /home/jacob/MTRN4231/lab1_workspace/install/tutorial_interfaces/local/lib/python3.10/dist-packages/tutorial_interfaces/msg/_pose_stamped.py
[0.872s] -- Up-to-date: /home/jacob/MTRN4231/lab1_workspace/install/tutorial_interfaces/local/lib/python3.10/dist-packages/tutorial_interfaces/_tutorial_interfaces_s.ep.rosidl_typesupport_introspection_c.c
[0.873s] -- Up-to-date: /home/jacob/MTRN4231/lab1_workspace/install/tutorial_interfaces/local/lib/python3.10/dist-packages/tutorial_interfaces/tutorial_interfaces_s__rosidl_typesupport_fastrtps_c.cpython-310-x86_64-linux-gnu.so
[0.873s] -- Up-to-date: /home/jacob/MTRN4231/lab1_workspace/install/tutorial_interfaces/local/lib/python3.10/dist-packages/tutorial_interfaces/__init__.py
[0.873s] -- Up-to-date: /home/jacob/MTRN4231/lab1_workspace/install/tutorial_interfaces/local/lib/python3.10/dist-packages/tutorial_interfaces/tutorial_interfaces_s__rosidl_typesupport_introspection_c.cpython-310-x86_64-linux-gnu.so
[0.873s] -- Up-to-date: /home/jacob/MTRN4231/lab1_workspace/install/tutorial_interfaces/local/lib/python3.10/dist-packages/tutorial_interfaces/tutorial_interfaces_s__rosidl_typesupport_c.cpython-310-x86_64-linux-gnu.so
[0.873s] -- Up-to-date: /home/jacob/MTRN4231/lab1_workspace/install/tutorial_interfaces/local/lib/python3.10/dist-packages/tutorial_interfaces/libtutorial_interfaces__rosidl_generator_py.so
[0.873s] -- Up-to-date: /home/jacob/MTRN4231/lab1_workspace/install/tutorial_interfaces/local/lib/python3.10/dist-packages/tutorial_interfaces/_tutorial_interfaces_s.ep.rosidl_typesupport_c.c
[0.934s] Listing '/home/jacob/MTRN4231/lab1_workspace/install/tutorial_interfaces/local/lib/python3.10/dist-packages/tutorial_interfaces'...
[0.934s] Listing '/home/jacob/MTRN4231/lab1_workspace/install/tutorial_interfaces/local/lib/python3.10/dist-packages/tutorial_interfaces/msg'...
[0.943s] -- Up-to-date: /home/jacob/MTRN4231/lab1_workspace/install/tutorial_interfaces/local/lib/python3.10/dist-packages/tutorial_interfaces/tutorial_interfaces_s__rosidl_typesupport_fastrtps_c.cpython-310-x86_64-linux-gnu.so
[0.945s] -- Up-to-date: /home/jacob/MTRN4231/lab1_workspace/install/tutorial_interfaces/local/lib/python3.10/dist-packages/tutorial_interfaces/tutorial_interfaces_s__rosidl_typesupport_introspection_c.cpython-310-x86_64-linux-gnu.so
[0.945s] -- Up-to-date: /home/jacob/MTRN4231/lab1_workspace/install/tutorial_interfaces/local/lib/python3.10/dist-packages/tutorial_interfaces/tutorial_interfaces_s__rosidl_typesupport_c.cpython-310-x86_64-linux-gnu.so
[0.947s] -- Up-to-date: /home/jacob/MTRN4231/lab1_workspace/install/tutorial_interfaces/lib/libtutorial_interfaces__rosidl_generator_py.so
[0.948s] -- Up-to-date: /home/jacob/MTRN4231/lab1_workspace/install/tutorial_interfaces/share/tutorial_interfaces/msg/Posestamped.idl
[0.948s] -- Up-to-date: /home/jacob/MTRN4231/lab1_workspace/install/tutorial_interfaces/share/tutorial_interfaces/msg/Posestamped.msg
[0.949s] -- Up-to-date: /home/jacob/MTRN4231/lab1_workspace/install/tutorial_interfaces/share/ament_index/resource_index/package_run_dependencies/tutorial_interfaces
[0.949s] -- Up-to-date: /home/jacob/MTRN4231/lab1_workspace/install/tutorial_interfaces/share/ament_index/resource_index/parent_prefix_path/tutorial_interfaces
[0.950s] -- Up-to-date: /home/jacob/MTRN4231/lab1_workspace/install/tutorial_interfaces/share/tutorial_interfaces/environment/ament_prefix_path.sh
[0.950s] -- Up-to-date: /home/jacob/MTRN4231/lab1_workspace/install/tutorial_interfaces/share/tutorial_interfaces/environment/ament_prefix_path.dsv
[0.950s] -- Up-to-date: /home/jacob/MTRN4231/lab1_workspace/install/tutorial_interfaces/share/tutorial_interfaces/environment/path.sh
[0.951s] -- Up-to-date: /home/jacob/MTRN4231/lab1_workspace/install/tutorial_interfaces/share/tutorial_interfaces/environment/path.dsv
[0.951s] -- Up-to-date: /home/jacob/MTRN4231/lab1_workspace/install/tutorial_interfaces/share/tutorial_interfaces/local_setup.bash
[0.951s] -- Up-to-date: /home/jacob/MTRN4231/lab1_workspace/install/tutorial_interfaces/share/tutorial_interfaces/local_setup.sh
[0.951s] -- Up-to-date: /home/jacob/MTRN4231/lab1_workspace/install/tutorial_interfaces/share/tutorial_interfaces/local_setup.zsh
[0.952s] -- Up-to-date: /home/jacob/MTRN4231/lab1_workspace/install/tutorial_interfaces/share/tutorial_interfaces/local_setup.dsv
[0.952s] -- Installing: /home/jacob/MTRN4231/lab1_workspace/install/tutorial_interfaces/share/tutorial_interfaces/package.dsv
[0.953s] -- Up-to-date: /home/jacob/MTRN4231/lab1_workspace/install/tutorial_interfaces/share/ament_index/resource_index/packages/tutorial_interfaces
[0.953s] -- Up-to-date: /home/jacob/MTRN4231/lab1_workspace/install/tutorial_interfaces/share/tutorial_interfaces/cmake/export_tutorial_interfaces__rosidl_generator_cExport.cmake
[0.954s] -- Up-to-date: /home/jacob/MTRN4231/lab1_workspace/install/tutorial_interfaces/share/tutorial_interfaces/cmake/export_tutorial_interfaces__rosidl_generator_cExport-noconfig.cmake
[0.954s] -- Up-to-date: /home/jacob/MTRN4231/lab1_workspace/install/tutorial_interfaces/share/tutorial_interfaces/cmake/export_tutorial_interfaces__rosidl_typesupport_fastrtps_cExport.cmake
[0.955s] -- Up-to-date: /home/jacob/MTRN4231/lab1_workspace/install/tutorial_interfaces/share/tutorial_interfaces/cmake/export_tutorial_interfaces__rosidl_typesupport_fastrtps_cExport-noconfig.cmake
[0.955s] -- Up-to-date: /home/jacob/MTRN4231/lab1_workspace/install/tutorial_interfaces/share/tutorial_interfaces/cmake/export_tutorial_interfaces__rosidl_generator_cppExport.cmake
[0.955s] -- Up-to-date: /home/jacob/MTRN4231/lab1_workspace/install/tutorial_interfaces/share/tutorial_interfaces/cmake/export_tutorial_interfaces__rosidl_typesupport_fastrtps_cppExport.cmake
[0.956s] -- Up-to-date: /home/jacob/MTRN4231/lab1_workspace/install/tutorial_interfaces/share/tutorial_interfaces/cmake/export_tutorial_interfaces__rosidl_typesupport_fastrtps_cppExport-noconfig.cmake
[0.956s] -- Up-to-date: /home/jacob/MTRN4231/lab1_workspace/install/tutorial_interfaces/share/tutorial_interfaces/cmake/tutorial_interfaces__rosidl_typesupport_introspection_cExport.cmake
[0.956s] -- Up-to-date: /home/jacob/MTRN4231/lab1_workspace/install/tutorial_interfaces/share/tutorial_interfaces/cmake/tutorial_interfaces__rosidl_typesupport_introspection_cExport-noconfig.cmake
[0.956s] -- Up-to-date: /home/jacob/MTRN4231/lab1_workspace/install/tutorial_interfaces/share/tutorial_interfaces/cmake/tutorial_interfaces__rosidl_typesupport_cExport.cmake
[0.956s] -- Up-to-date: /home/jacob/MTRN4231/lab1_workspace/install/tutorial_interfaces/share/tutorial_interfaces/cmake/tutorial_interfaces__rosidl_typesupport_cExport-noconfig.cmake
[0.956s] -- Up-to-date: /home/jacob/MTRN4231/lab1_workspace/install/tutorial_interfaces/share/tutorial_interfaces/cmake/tutorial_interfaces__rosidl_typesupport_introspection_cppExport.cmake
[0.957s] -- Up-to-date: /home/jacob/MTRN4231/lab1_workspace/install/tutorial_interfaces/share/tutorial_interfaces/cmake/tutorial_interfaces__rosidl_typesupport_introspection_cppExport-noconfig.cmake
[0.957s] -- Up-to-date: /home/jacob/MTRN4231/lab1_workspace/install/tutorial_interfaces/share/tutorial_interfaces/cmake/tutorial_interfaces__rosidl_typesupport_cppExport.cmake
[0.957s] -- Up-to-date: /home/jacob/MTRN4231/lab1_workspace/install/tutorial_interfaces/share/tutorial_interfaces/cmake/tutorial_interfaces__rosidl_typesupport_cppExport-noconfig.cmake
[0.957s] -- Up-to-date: /home/jacob/MTRN4231/lab1_workspace/install/tutorial_interfaces/share/tutorial_interfaces/cmake/export_tutorial_interfaces__rosidl_generator_pyExport.cmake
[0.957s] -- Up-to-date: /home/jacob/MTRN4231/lab1_workspace/install/tutorial_interfaces/share/tutorial_interfaces/cmake/export_tutorial_interfaces__rosidl_generator_pyExport-noconfig.cmake
[0.958s] -- Up-to-date: /home/jacob/MTRN4231/lab1_workspace/install/tutorial_interfaces/share/tutorial_interfaces/cmake/rosidl_cmake-extras.cmake
[0.958s] -- Up-to-date: /home/jacob/MTRN4231/lab1_workspace/install/tutorial_interfaces/share/tutorial_interfaces/cmake/ament_cmake_export_dependencies-extras.cmake
[0.959s] -- Up-to-date: /home/jacob/MTRN4231/lab1_workspace/install/tutorial_interfaces/share/tutorial_interfaces/cmake/ament_cmake_export_include_directories-extras.cmake
[0.959s] -- Up-to-date: /home/jacob/MTRN4231/lab1_workspace/install/tutorial_interfaces/share/tutorial_interfaces/cmake/ament_cmake_export_libraries-extras.cmake
[0.959s] -- Up-to-date: /home/jacob/MTRN4231/lab1_workspace/install/tutorial_interfaces/share/tutorial_interfaces/cmake/ament_cmake_export_targets-extras.cmake
[0.959s] -- Up-to-date: /home/jacob/MTRN4231/lab1_workspace/install/tutorial_interfaces/share/tutorial_interfaces/cmake/rosidl_cmake_export_typesupport_targets-extras.cmake
[0.959s] -- Up-to-date: /home/jacob/MTRN4231/lab1_workspace/install/tutorial_interfaces/share/tutorial_interfaces/cmake/rosidl_cmake_export_typesupport_libraries-extras.cmake
[0.959s] -- Up-to-date: /home/jacob/MTRN4231/lab1_workspace/install/tutorial_interfaces/share/tutorial_interfaces/cmake/tutorial_interfacesConfig.cmake
[0.959s] -- Up-to-date: /home/jacob/MTRN4231/lab1_workspace/install/tutorial_interfaces/share/tutorial_interfaces/cmake/tutorial_interfacesConfig-version.cmake
[0.959s] -- Up-to-date: /home/jacob/MTRN4231/lab1_workspace/install/tutorial_interfaces/share/tutorial_interfaces/package.xml
[0.963s] Invoked command in '/home/jacob/MTRN4231/lab1_workspace/build/tutorial_interfaces' returned '0': CMAKE_PREFIX_PATH=${CMAKE_PREFIX_PATH}:/opt/ros/humble /usr/bin/cmake --install /home/jacob/MTRN4231/lab1_workspace/build/tutorial_interfaces
