[0.044s] Invoking command in '/home/jacob/MTRN4231/lab2_workspace/src/build/lab2_client_service': CMAKE_PREFIX_PATH=${CMAKE_PREFIX_PATH}:/opt/ros/humble /usr/bin/cmake --build /home/jacob/MTRN4231/lab2_workspace/src/build/lab2_client_service -- -j8 -l8
[0.107s] -- Found ament_cmake: 1.3.12 (/opt/ros/humble/share/ament_cmake/cmake)
[0.451s] -- Found rclcpp: 16.0.14 (/opt/ros/humble/share/rclcpp/cmake)
[0.517s] -- Found rosidl_generator_c: 3.1.7 (/opt/ros/humble/share/rosidl_generator_c/cmake)
[0.523s] -- Found rosidl_adapter: 3.1.7 (/opt/ros/humble/share/rosidl_adapter/cmake)
[0.536s] -- Found rosidl_generator_cpp: 3.1.7 (/opt/ros/humble/share/rosidl_generator_cpp/cmake)
[0.558s] -- Using all available rosidl_typesupport_c: rosidl_typesupport_fastrtps_c;rosidl_typesupport_introspection_c
[0.591s] -- Using all available rosidl_typesupport_cpp: rosidl_typesupport_fastrtps_cpp;rosidl_typesupport_introspection_cpp
[0.660s] -- Found rmw_implementation_cmake: 6.1.2 (/opt/ros/humble/share/rmw_implementation_cmake/cmake)
[0.662s] -- Found rmw_fastrtps_cpp: 6.2.8 (/opt/ros/humble/share/rmw_fastrtps_cpp/cmake)
[0.868s] -- Using RMW implementation 'rmw_fastrtps_cpp' as default
[1.023s] -- Found example_interfaces: 0.9.3 (/opt/ros/humble/share/example_interfaces/cmake)
[1.109s] [31mCMake Error at CMakeLists.txt:7 (find_package):
[1.110s]   By not providing "Findmy_interface.cmake" in CMAKE_MODULE_PATH this project
[1.110s]   has asked CMake to find a package configuration file provided by
[1.111s]   "my_interface", but CMake did not find one.
[1.111s] 
[1.112s]   Could not find a package configuration file provided by "my_interface" with
[1.112s]   any of the following names:
[1.112s] 
[1.112s]     my_interfaceConfig.cmake
[1.112s]     my_interface-config.cmake
[1.113s] 
[1.114s]   Add the installation prefix of "my_interface" to CMAKE_PREFIX_PATH or set
[1.114s]   "my_interface_DIR" to a directory containing one of the above files.  If
[1.114s]   "my_interface" provides a separate development package or SDK, be sure it
[1.114s]   has been installed.
[1.114s] 
[1.114s] [0m
[1.115s] -- Configuring incomplete, errors occurred!
[1.115s] See also "/home/jacob/MTRN4231/lab2_workspace/src/build/lab2_client_service/CMakeFiles/CMakeOutput.log".
[1.123s] gmake: *** [Makefile:349: cmake_check_build_system] Error 1
[1.131s] Invoked command in '/home/jacob/MTRN4231/lab2_workspace/src/build/lab2_client_service' returned '2': CMAKE_PREFIX_PATH=${CMAKE_PREFIX_PATH}:/opt/ros/humble /usr/bin/cmake --build /home/jacob/MTRN4231/lab2_workspace/src/build/lab2_client_service -- -j8 -l8
