[0.038s] Invoking command in '/home/jacob/MTRN4231/lab2_workspace/src/build/interface': CMAKE_PREFIX_PATH=${CMAKE_PREFIX_PATH}:/opt/ros/humble /usr/bin/cmake /home/jacob/MTRN4231/lab2_workspace/src/interface -DCMAKE_INSTALL_PREFIX=/home/jacob/MTRN4231/lab2_workspace/src/install/interface
[0.195s] -- The C compiler identification is GNU 11.4.0
[0.311s] -- The CXX compiler identification is GNU 11.4.0
[0.341s] -- Detecting C compiler ABI info
[0.512s] -- Detecting C compiler ABI info - done
[0.529s] -- Check for working C compiler: /usr/bin/cc - skipped
[0.532s] -- Detecting C compile features
[0.534s] -- Detecting C compile features - done
[0.542s] -- Detecting CXX compiler ABI info
[0.694s] -- Detecting CXX compiler ABI info - done
[0.710s] -- Check for working CXX compiler: /usr/bin/c++ - skipped
[0.711s] -- Detecting CXX compile features
[0.712s] -- Detecting CXX compile features - done
[0.720s] -- Found ament_cmake: 1.3.12 (/opt/ros/humble/share/ament_cmake/cmake)
[0.974s] -- Found Python3: /usr/bin/python3 (found version "3.10.12") found components: Interpreter 
[1.165s] -- Found geometry_msgs: 4.9.0 (/opt/ros/humble/share/geometry_msgs/cmake)
[1.248s] -- Found rosidl_generator_c: 3.1.7 (/opt/ros/humble/share/rosidl_generator_c/cmake)
[1.260s] -- Found rosidl_adapter: 3.1.7 (/opt/ros/humble/share/rosidl_adapter/cmake)
[1.281s] -- Found rosidl_generator_cpp: 3.1.7 (/opt/ros/humble/share/rosidl_generator_cpp/cmake)
[1.306s] -- Using all available rosidl_typesupport_c: rosidl_typesupport_fastrtps_c;rosidl_typesupport_introspection_c
[1.347s] -- Using all available rosidl_typesupport_cpp: rosidl_typesupport_fastrtps_cpp;rosidl_typesupport_introspection_cpp
[1.440s] -- Found rosidl_default_generators: 1.2.0 (/opt/ros/humble/share/rosidl_default_generators/cmake)
[1.875s] -- Configuring incomplete, errors occurred!
[1.876s] See also "/home/jacob/MTRN4231/lab2_workspace/src/build/interface/CMakeFiles/CMakeOutput.log".
[1.876s] [31mCMake Error at /opt/ros/humble/share/rosidl_adapter/cmake/rosidl_adapt_interfaces.cmake:59 (message):
[1.876s]   execute_process(/usr/bin/python3 -m rosidl_adapter --package-name interface
[1.876s]   --arguments-file
[1.876s]   /home/jacob/MTRN4231/lab2_workspace/src/build/interface/rosidl_adapter__arguments__interface.json
[1.877s]   --output-dir
[1.877s]   /home/jacob/MTRN4231/lab2_workspace/src/build/interface/rosidl_adapter/interface
[1.877s]   --output-file
[1.877s]   /home/jacob/MTRN4231/lab2_workspace/src/build/interface/rosidl_adapter/interface.idls)
[1.877s]   returned error code 1:
[1.877s] 
[1.877s]   Error processing 'string toFrame' of 'interface/lookup_Request': ''toFrame'
[1.878s]   is an invalid field name.  It should have the pattern
[1.878s]   '^(?!.*__)(?!.*_$)[a-z][a-z0-9_]*$''
[1.878s] 
[1.878s]   Traceback (most recent call last):
[1.878s] 
[1.878s]     File "/usr/lib/python3.10/runpy.py", line 196, in _run_module_as_main
[1.878s]       return _run_code(code, main_globals, None,
[1.878s]     File "/usr/lib/python3.10/runpy.py", line 86, in _run_code
[1.883s]       exec(code, run_globals)
[1.884s]     File "/opt/ros/humble/local/lib/python3.10/dist-packages/rosidl_adapter/__main__.py", line 19, in <module>
[1.884s]       sys.exit(main())
[1.884s]     File "/opt/ros/humble/local/lib/python3.10/dist-packages/rosidl_adapter/main.py", line 53, in main
[1.884s]       abs_idl_file = convert_to_idl(
[1.884s]     File "/opt/ros/humble/local/lib/python3.10/dist-packages/rosidl_adapter/__init__.py", line 24, in convert_to_idl
[1.884s]       return convert_srv_to_idl(
[1.885s]     File "/opt/ros/humble/local/lib/python3.10/dist-packages/rosidl_adapter/srv/__init__.py", line 28, in convert_srv_to_idl
[1.885s]       srv = parse_service_string(package_name, input_file.stem, content)
[1.885s]     File "/opt/ros/humble/local/lib/python3.10/dist-packages/rosidl_adapter/parser.py", line 859, in parse_service_string
[1.885s]       request_message = parse_message_string(
[1.885s]     File "/opt/ros/humble/local/lib/python3.10/dist-packages/rosidl_adapter/parser.py", line 519, in parse_message_string
[1.885s]       fields.append(Field(
[1.886s]     File "/opt/ros/humble/local/lib/python3.10/dist-packages/rosidl_adapter/parser.py", line 354, in __init__
[1.886s]       raise NameError(
[1.886s] 
[1.886s]   NameError: 'toFrame' is an invalid field name.  It should have the pattern
[1.886s]   '^(?!.*__)(?!.*_$)[a-z][a-z0-9_]*$'
[1.886s] 
[1.886s] Call Stack (most recent call first):
[1.887s]   /opt/ros/humble/share/rosidl_cmake/cmake/rosidl_generate_interfaces.cmake:130 (rosidl_adapt_interfaces)
[1.887s]   CMakeLists.txt:16 (rosidl_generate_interfaces)
[1.887s] 
[1.887s] [0m
[1.889s] Invoked command in '/home/jacob/MTRN4231/lab2_workspace/src/build/interface' returned '1': CMAKE_PREFIX_PATH=${CMAKE_PREFIX_PATH}:/opt/ros/humble /usr/bin/cmake /home/jacob/MTRN4231/lab2_workspace/src/interface -DCMAKE_INSTALL_PREFIX=/home/jacob/MTRN4231/lab2_workspace/src/install/interface
