[0.043s] Invoking command in '/home/jacob/MTRN4231/lab2_workspace/src/build/my_interface': CMAKE_PREFIX_PATH=${CMAKE_PREFIX_PATH}:/opt/ros/humble /usr/bin/cmake --build /home/jacob/MTRN4231/lab2_workspace/src/build/my_interface -- -j8 -l8
[0.178s] [  3%] Built target my_interface__cpp
[0.188s] [  3%] Built target ament_cmake_python_copy_my_interface
[0.206s] [ 12%] Built target my_interface__rosidl_generator_c
[0.245s] [ 22%] Built target my_interface__rosidl_typesupport_cpp
[0.271s] [ 35%] Built target my_interface__rosidl_typesupport_fastrtps_cpp
[0.271s] [ 41%] Built target my_interface__rosidl_typesupport_introspection_cpp
[0.299s] [ 51%] Built target my_interface__rosidl_typesupport_fastrtps_c
[0.311s] [ 61%] Built target my_interface__rosidl_typesupport_introspection_c
[0.313s] [ 70%] Built target my_interface__rosidl_typesupport_c
[0.361s] [ 70%] Built target my_interface
[0.404s] [ 74%] Built target my_interface__py
[0.461s] [ 80%] Built target my_interface__rosidl_generator_py
[0.521s] [ 87%] Built target my_interface__rosidl_typesupport_c__pyext
[0.530s] [ 93%] Built target my_interface__rosidl_typesupport_introspection_c__pyext
[0.531s] [100%] Built target my_interface__rosidl_typesupport_fastrtps_c__pyext
[0.789s] running egg_info
[0.790s] writing my_interface.egg-info/PKG-INFO
[0.790s] writing dependency_links to my_interface.egg-info/dependency_links.txt
[0.790s] writing top-level names to my_interface.egg-info/top_level.txt
[0.793s] reading manifest file 'my_interface.egg-info/SOURCES.txt'
[0.794s] writing manifest file 'my_interface.egg-info/SOURCES.txt'
[0.839s] [100%] Built target ament_cmake_python_build_my_interface_egg
[0.856s] Invoked command in '/home/jacob/MTRN4231/lab2_workspace/src/build/my_interface' returned '0': CMAKE_PREFIX_PATH=${CMAKE_PREFIX_PATH}:/opt/ros/humble /usr/bin/cmake --build /home/jacob/MTRN4231/lab2_workspace/src/build/my_interface -- -j8 -l8
[0.859s] Invoking command in '/home/jacob/MTRN4231/lab2_workspace/src/build/my_interface': CMAKE_PREFIX_PATH=${CMAKE_PREFIX_PATH}:/opt/ros/humble /usr/bin/cmake --install /home/jacob/MTRN4231/lab2_workspace/src/build/my_interface
[0.870s] -- Install configuration: ""
[0.871s] -- Up-to-date: /home/jacob/MTRN4231/lab2_workspace/src/install/my_interface/share/ament_index/resource_index/rosidl_interfaces/my_interface
[0.871s] -- Up-to-date: /home/jacob/MTRN4231/lab2_workspace/src/install/my_interface/include/my_interface/my_interface
[0.871s] -- Up-to-date: /home/jacob/MTRN4231/lab2_workspace/src/install/my_interface/include/my_interface/my_interface/msg
[0.871s] -- Up-to-date: /home/jacob/MTRN4231/lab2_workspace/src/install/my_interface/include/my_interface/my_interface/msg/rosidl_generator_c__visibility_control.h
[0.871s] -- Up-to-date: /home/jacob/MTRN4231/lab2_workspace/src/install/my_interface/include/my_interface/my_interface/srv
[0.872s] -- Up-to-date: /home/jacob/MTRN4231/lab2_workspace/src/install/my_interface/include/my_interface/my_interface/srv/lookup.h
[0.872s] -- Up-to-date: /home/jacob/MTRN4231/lab2_workspace/src/install/my_interface/include/my_interface/my_interface/srv/detail
[0.872s] -- Up-to-date: /home/jacob/MTRN4231/lab2_workspace/src/install/my_interface/include/my_interface/my_interface/srv/detail/lookup__functions.c
[0.872s] -- Up-to-date: /home/jacob/MTRN4231/lab2_workspace/src/install/my_interface/include/my_interface/my_interface/srv/detail/lookup__struct.h
[0.873s] -- Up-to-date: /home/jacob/MTRN4231/lab2_workspace/src/install/my_interface/include/my_interface/my_interface/srv/detail/lookup__functions.h
[0.873s] -- Up-to-date: /home/jacob/MTRN4231/lab2_workspace/src/install/my_interface/include/my_interface/my_interface/srv/detail/lookup__type_support.h
[0.873s] -- Up-to-date: /home/jacob/MTRN4231/lab2_workspace/src/install/my_interface/share/my_interface/environment/library_path.sh
[0.873s] -- Up-to-date: /home/jacob/MTRN4231/lab2_workspace/src/install/my_interface/share/my_interface/environment/library_path.dsv
[0.873s] -- Up-to-date: /home/jacob/MTRN4231/lab2_workspace/src/install/my_interface/lib/libmy_interface__rosidl_generator_c.so
[0.874s] -- Up-to-date: /home/jacob/MTRN4231/lab2_workspace/src/install/my_interface/include/my_interface/my_interface
[0.874s] -- Up-to-date: /home/jacob/MTRN4231/lab2_workspace/src/install/my_interface/include/my_interface/my_interface/msg
[0.874s] -- Up-to-date: /home/jacob/MTRN4231/lab2_workspace/src/install/my_interface/include/my_interface/my_interface/msg/rosidl_typesupport_fastrtps_c__visibility_control.h
[0.874s] -- Up-to-date: /home/jacob/MTRN4231/lab2_workspace/src/install/my_interface/include/my_interface/my_interface/srv
[0.874s] -- Up-to-date: /home/jacob/MTRN4231/lab2_workspace/src/install/my_interface/include/my_interface/my_interface/srv/detail
[0.875s] -- Up-to-date: /home/jacob/MTRN4231/lab2_workspace/src/install/my_interface/include/my_interface/my_interface/srv/detail/lookup__rosidl_typesupport_fastrtps_c.h
[0.875s] -- Up-to-date: /home/jacob/MTRN4231/lab2_workspace/src/install/my_interface/lib/libmy_interface__rosidl_typesupport_fastrtps_c.so
[0.875s] -- Up-to-date: /home/jacob/MTRN4231/lab2_workspace/src/install/my_interface/include/my_interface/my_interface
[0.875s] -- Up-to-date: /home/jacob/MTRN4231/lab2_workspace/src/install/my_interface/include/my_interface/my_interface/msg
[0.875s] -- Up-to-date: /home/jacob/MTRN4231/lab2_workspace/src/install/my_interface/include/my_interface/my_interface/msg/rosidl_generator_cpp__visibility_control.hpp
[0.875s] -- Up-to-date: /home/jacob/MTRN4231/lab2_workspace/src/install/my_interface/include/my_interface/my_interface/srv
[0.876s] -- Up-to-date: /home/jacob/MTRN4231/lab2_workspace/src/install/my_interface/include/my_interface/my_interface/srv/lookup.hpp
[0.876s] -- Up-to-date: /home/jacob/MTRN4231/lab2_workspace/src/install/my_interface/include/my_interface/my_interface/srv/detail
[0.876s] -- Up-to-date: /home/jacob/MTRN4231/lab2_workspace/src/install/my_interface/include/my_interface/my_interface/srv/detail/lookup__type_support.hpp
[0.876s] -- Up-to-date: /home/jacob/MTRN4231/lab2_workspace/src/install/my_interface/include/my_interface/my_interface/srv/detail/lookup__traits.hpp
[0.876s] -- Up-to-date: /home/jacob/MTRN4231/lab2_workspace/src/install/my_interface/include/my_interface/my_interface/srv/detail/lookup__builder.hpp
[0.876s] -- Up-to-date: /home/jacob/MTRN4231/lab2_workspace/src/install/my_interface/include/my_interface/my_interface/srv/detail/lookup__struct.hpp
[0.876s] -- Up-to-date: /home/jacob/MTRN4231/lab2_workspace/src/install/my_interface/include/my_interface/my_interface
[0.876s] -- Up-to-date: /home/jacob/MTRN4231/lab2_workspace/src/install/my_interface/include/my_interface/my_interface/msg
[0.877s] -- Up-to-date: /home/jacob/MTRN4231/lab2_workspace/src/install/my_interface/include/my_interface/my_interface/msg/rosidl_typesupport_fastrtps_cpp__visibility_control.h
[0.877s] -- Up-to-date: /home/jacob/MTRN4231/lab2_workspace/src/install/my_interface/include/my_interface/my_interface/srv
[0.877s] -- Up-to-date: /home/jacob/MTRN4231/lab2_workspace/src/install/my_interface/include/my_interface/my_interface/srv/detail
[0.877s] -- Up-to-date: /home/jacob/MTRN4231/lab2_workspace/src/install/my_interface/include/my_interface/my_interface/srv/detail/dds_fastrtps
[0.877s] -- Up-to-date: /home/jacob/MTRN4231/lab2_workspace/src/install/my_interface/include/my_interface/my_interface/srv/detail/lookup__rosidl_typesupport_fastrtps_cpp.hpp
[0.877s] -- Up-to-date: /home/jacob/MTRN4231/lab2_workspace/src/install/my_interface/lib/libmy_interface__rosidl_typesupport_fastrtps_cpp.so
[0.878s] -- Up-to-date: /home/jacob/MTRN4231/lab2_workspace/src/install/my_interface/include/my_interface/my_interface
[0.878s] -- Up-to-date: /home/jacob/MTRN4231/lab2_workspace/src/install/my_interface/include/my_interface/my_interface/msg
[0.878s] -- Up-to-date: /home/jacob/MTRN4231/lab2_workspace/src/install/my_interface/include/my_interface/my_interface/msg/rosidl_typesupport_introspection_c__visibility_control.h
[0.878s] -- Up-to-date: /home/jacob/MTRN4231/lab2_workspace/src/install/my_interface/include/my_interface/my_interface/srv
[0.878s] -- Up-to-date: /home/jacob/MTRN4231/lab2_workspace/src/install/my_interface/include/my_interface/my_interface/srv/detail
[0.878s] -- Up-to-date: /home/jacob/MTRN4231/lab2_workspace/src/install/my_interface/include/my_interface/my_interface/srv/detail/lookup__type_support.c
[0.878s] -- Up-to-date: /home/jacob/MTRN4231/lab2_workspace/src/install/my_interface/include/my_interface/my_interface/srv/detail/lookup__rosidl_typesupport_introspection_c.h
[0.879s] -- Up-to-date: /home/jacob/MTRN4231/lab2_workspace/src/install/my_interface/lib/libmy_interface__rosidl_typesupport_introspection_c.so
[0.879s] -- Up-to-date: /home/jacob/MTRN4231/lab2_workspace/src/install/my_interface/lib/libmy_interface__rosidl_typesupport_c.so
[0.879s] -- Up-to-date: /home/jacob/MTRN4231/lab2_workspace/src/install/my_interface/include/my_interface/my_interface
[0.879s] -- Up-to-date: /home/jacob/MTRN4231/lab2_workspace/src/install/my_interface/include/my_interface/my_interface/srv
[0.879s] -- Up-to-date: /home/jacob/MTRN4231/lab2_workspace/src/install/my_interface/include/my_interface/my_interface/srv/detail
[0.879s] -- Up-to-date: /home/jacob/MTRN4231/lab2_workspace/src/install/my_interface/include/my_interface/my_interface/srv/detail/lookup__type_support.cpp
[0.879s] -- Up-to-date: /home/jacob/MTRN4231/lab2_workspace/src/install/my_interface/include/my_interface/my_interface/srv/detail/lookup__rosidl_typesupport_introspection_cpp.hpp
[0.880s] -- Up-to-date: /home/jacob/MTRN4231/lab2_workspace/src/install/my_interface/lib/libmy_interface__rosidl_typesupport_introspection_cpp.so
[0.880s] -- Up-to-date: /home/jacob/MTRN4231/lab2_workspace/src/install/my_interface/lib/libmy_interface__rosidl_typesupport_cpp.so
[0.880s] -- Up-to-date: /home/jacob/MTRN4231/lab2_workspace/src/install/my_interface/share/my_interface/environment/pythonpath.sh
[0.880s] -- Up-to-date: /home/jacob/MTRN4231/lab2_workspace/src/install/my_interface/share/my_interface/environment/pythonpath.dsv
[0.880s] -- Up-to-date: /home/jacob/MTRN4231/lab2_workspace/src/install/my_interface/local/lib/python3.10/dist-packages/my_interface-0.0.0-py3.10.egg-info
[0.880s] -- Installing: /home/jacob/MTRN4231/lab2_workspace/src/install/my_interface/local/lib/python3.10/dist-packages/my_interface-0.0.0-py3.10.egg-info/SOURCES.txt
[0.881s] -- Installing: /home/jacob/MTRN4231/lab2_workspace/src/install/my_interface/local/lib/python3.10/dist-packages/my_interface-0.0.0-py3.10.egg-info/dependency_links.txt
[0.881s] -- Installing: /home/jacob/MTRN4231/lab2_workspace/src/install/my_interface/local/lib/python3.10/dist-packages/my_interface-0.0.0-py3.10.egg-info/top_level.txt
[0.881s] -- Installing: /home/jacob/MTRN4231/lab2_workspace/src/install/my_interface/local/lib/python3.10/dist-packages/my_interface-0.0.0-py3.10.egg-info/PKG-INFO
[0.881s] -- Up-to-date: /home/jacob/MTRN4231/lab2_workspace/src/install/my_interface/local/lib/python3.10/dist-packages/my_interface
[0.881s] -- Up-to-date: /home/jacob/MTRN4231/lab2_workspace/src/install/my_interface/local/lib/python3.10/dist-packages/my_interface/my_interface_s__rosidl_typesupport_c.cpython-310-x86_64-linux-gnu.so
[0.881s] -- Up-to-date: /home/jacob/MTRN4231/lab2_workspace/src/install/my_interface/local/lib/python3.10/dist-packages/my_interface/libmy_interface__rosidl_generator_py.so
[0.881s] -- Up-to-date: /home/jacob/MTRN4231/lab2_workspace/src/install/my_interface/local/lib/python3.10/dist-packages/my_interface/my_interface_s__rosidl_typesupport_fastrtps_c.cpython-310-x86_64-linux-gnu.so
[0.882s] -- Up-to-date: /home/jacob/MTRN4231/lab2_workspace/src/install/my_interface/local/lib/python3.10/dist-packages/my_interface/_my_interface_s.ep.rosidl_typesupport_introspection_c.c
[0.882s] -- Up-to-date: /home/jacob/MTRN4231/lab2_workspace/src/install/my_interface/local/lib/python3.10/dist-packages/my_interface/__init__.py
[0.882s] -- Up-to-date: /home/jacob/MTRN4231/lab2_workspace/src/install/my_interface/local/lib/python3.10/dist-packages/my_interface/_my_interface_s.ep.rosidl_typesupport_fastrtps_c.c
[0.882s] -- Up-to-date: /home/jacob/MTRN4231/lab2_workspace/src/install/my_interface/local/lib/python3.10/dist-packages/my_interface/my_interface_s__rosidl_typesupport_introspection_c.cpython-310-x86_64-linux-gnu.so
[0.882s] -- Up-to-date: /home/jacob/MTRN4231/lab2_workspace/src/install/my_interface/local/lib/python3.10/dist-packages/my_interface/srv
[0.882s] -- Up-to-date: /home/jacob/MTRN4231/lab2_workspace/src/install/my_interface/local/lib/python3.10/dist-packages/my_interface/srv/__init__.py
[0.882s] -- Up-to-date: /home/jacob/MTRN4231/lab2_workspace/src/install/my_interface/local/lib/python3.10/dist-packages/my_interface/srv/_lookup_s.c
[0.882s] -- Up-to-date: /home/jacob/MTRN4231/lab2_workspace/src/install/my_interface/local/lib/python3.10/dist-packages/my_interface/srv/_lookup.py
[0.883s] -- Up-to-date: /home/jacob/MTRN4231/lab2_workspace/src/install/my_interface/local/lib/python3.10/dist-packages/my_interface/_my_interface_s.ep.rosidl_typesupport_c.c
[0.933s] Listing '/home/jacob/MTRN4231/lab2_workspace/src/install/my_interface/local/lib/python3.10/dist-packages/my_interface'...
[0.933s] Listing '/home/jacob/MTRN4231/lab2_workspace/src/install/my_interface/local/lib/python3.10/dist-packages/my_interface/srv'...
[0.942s] -- Up-to-date: /home/jacob/MTRN4231/lab2_workspace/src/install/my_interface/local/lib/python3.10/dist-packages/my_interface/my_interface_s__rosidl_typesupport_fastrtps_c.cpython-310-x86_64-linux-gnu.so
[0.942s] -- Up-to-date: /home/jacob/MTRN4231/lab2_workspace/src/install/my_interface/local/lib/python3.10/dist-packages/my_interface/my_interface_s__rosidl_typesupport_introspection_c.cpython-310-x86_64-linux-gnu.so
[0.943s] -- Up-to-date: /home/jacob/MTRN4231/lab2_workspace/src/install/my_interface/local/lib/python3.10/dist-packages/my_interface/my_interface_s__rosidl_typesupport_c.cpython-310-x86_64-linux-gnu.so
[0.943s] -- Up-to-date: /home/jacob/MTRN4231/lab2_workspace/src/install/my_interface/lib/libmy_interface__rosidl_generator_py.so
[0.944s] -- Up-to-date: /home/jacob/MTRN4231/lab2_workspace/src/install/my_interface/share/my_interface/srv/Lookup.idl
[0.944s] -- Up-to-date: /home/jacob/MTRN4231/lab2_workspace/src/install/my_interface/share/my_interface/srv/Lookup.srv
[0.944s] -- Up-to-date: /home/jacob/MTRN4231/lab2_workspace/src/install/my_interface/share/my_interface/srv/Lookup_Request.msg
[0.944s] -- Up-to-date: /home/jacob/MTRN4231/lab2_workspace/src/install/my_interface/share/my_interface/srv/Lookup_Response.msg
[0.944s] -- Up-to-date: /home/jacob/MTRN4231/lab2_workspace/src/install/my_interface/share/ament_index/resource_index/package_run_dependencies/my_interface
[0.945s] -- Up-to-date: /home/jacob/MTRN4231/lab2_workspace/src/install/my_interface/share/ament_index/resource_index/parent_prefix_path/my_interface
[0.945s] -- Up-to-date: /home/jacob/MTRN4231/lab2_workspace/src/install/my_interface/share/my_interface/environment/ament_prefix_path.sh
[0.945s] -- Up-to-date: /home/jacob/MTRN4231/lab2_workspace/src/install/my_interface/share/my_interface/environment/ament_prefix_path.dsv
[0.945s] -- Up-to-date: /home/jacob/MTRN4231/lab2_workspace/src/install/my_interface/share/my_interface/environment/path.sh
[0.945s] -- Up-to-date: /home/jacob/MTRN4231/lab2_workspace/src/install/my_interface/share/my_interface/environment/path.dsv
[0.945s] -- Up-to-date: /home/jacob/MTRN4231/lab2_workspace/src/install/my_interface/share/my_interface/local_setup.bash
[0.946s] -- Up-to-date: /home/jacob/MTRN4231/lab2_workspace/src/install/my_interface/share/my_interface/local_setup.sh
[0.946s] -- Up-to-date: /home/jacob/MTRN4231/lab2_workspace/src/install/my_interface/share/my_interface/local_setup.zsh
[0.946s] -- Up-to-date: /home/jacob/MTRN4231/lab2_workspace/src/install/my_interface/share/my_interface/local_setup.dsv
[0.946s] -- Installing: /home/jacob/MTRN4231/lab2_workspace/src/install/my_interface/share/my_interface/package.dsv
[0.946s] -- Up-to-date: /home/jacob/MTRN4231/lab2_workspace/src/install/my_interface/share/ament_index/resource_index/packages/my_interface
[0.946s] -- Up-to-date: /home/jacob/MTRN4231/lab2_workspace/src/install/my_interface/share/my_interface/cmake/export_my_interface__rosidl_generator_cExport.cmake
[0.947s] -- Up-to-date: /home/jacob/MTRN4231/lab2_workspace/src/install/my_interface/share/my_interface/cmake/export_my_interface__rosidl_generator_cExport-noconfig.cmake
[0.947s] -- Up-to-date: /home/jacob/MTRN4231/lab2_workspace/src/install/my_interface/share/my_interface/cmake/export_my_interface__rosidl_typesupport_fastrtps_cExport.cmake
[0.947s] -- Up-to-date: /home/jacob/MTRN4231/lab2_workspace/src/install/my_interface/share/my_interface/cmake/export_my_interface__rosidl_typesupport_fastrtps_cExport-noconfig.cmake
[0.947s] -- Up-to-date: /home/jacob/MTRN4231/lab2_workspace/src/install/my_interface/share/my_interface/cmake/export_my_interface__rosidl_generator_cppExport.cmake
[0.948s] -- Up-to-date: /home/jacob/MTRN4231/lab2_workspace/src/install/my_interface/share/my_interface/cmake/export_my_interface__rosidl_typesupport_fastrtps_cppExport.cmake
[0.948s] -- Up-to-date: /home/jacob/MTRN4231/lab2_workspace/src/install/my_interface/share/my_interface/cmake/export_my_interface__rosidl_typesupport_fastrtps_cppExport-noconfig.cmake
[0.948s] -- Up-to-date: /home/jacob/MTRN4231/lab2_workspace/src/install/my_interface/share/my_interface/cmake/my_interface__rosidl_typesupport_introspection_cExport.cmake
[0.948s] -- Up-to-date: /home/jacob/MTRN4231/lab2_workspace/src/install/my_interface/share/my_interface/cmake/my_interface__rosidl_typesupport_introspection_cExport-noconfig.cmake
[0.949s] -- Up-to-date: /home/jacob/MTRN4231/lab2_workspace/src/install/my_interface/share/my_interface/cmake/my_interface__rosidl_typesupport_cExport.cmake
[0.949s] -- Up-to-date: /home/jacob/MTRN4231/lab2_workspace/src/install/my_interface/share/my_interface/cmake/my_interface__rosidl_typesupport_cExport-noconfig.cmake
[0.949s] -- Up-to-date: /home/jacob/MTRN4231/lab2_workspace/src/install/my_interface/share/my_interface/cmake/my_interface__rosidl_typesupport_introspection_cppExport.cmake
[0.949s] -- Up-to-date: /home/jacob/MTRN4231/lab2_workspace/src/install/my_interface/share/my_interface/cmake/my_interface__rosidl_typesupport_introspection_cppExport-noconfig.cmake
[0.949s] -- Up-to-date: /home/jacob/MTRN4231/lab2_workspace/src/install/my_interface/share/my_interface/cmake/my_interface__rosidl_typesupport_cppExport.cmake
[0.950s] -- Up-to-date: /home/jacob/MTRN4231/lab2_workspace/src/install/my_interface/share/my_interface/cmake/my_interface__rosidl_typesupport_cppExport-noconfig.cmake
[0.950s] -- Up-to-date: /home/jacob/MTRN4231/lab2_workspace/src/install/my_interface/share/my_interface/cmake/export_my_interface__rosidl_generator_pyExport.cmake
[0.950s] -- Up-to-date: /home/jacob/MTRN4231/lab2_workspace/src/install/my_interface/share/my_interface/cmake/export_my_interface__rosidl_generator_pyExport-noconfig.cmake
[0.950s] -- Up-to-date: /home/jacob/MTRN4231/lab2_workspace/src/install/my_interface/share/my_interface/cmake/rosidl_cmake-extras.cmake
[0.950s] -- Up-to-date: /home/jacob/MTRN4231/lab2_workspace/src/install/my_interface/share/my_interface/cmake/ament_cmake_export_dependencies-extras.cmake
[0.950s] -- Up-to-date: /home/jacob/MTRN4231/lab2_workspace/src/install/my_interface/share/my_interface/cmake/ament_cmake_export_include_directories-extras.cmake
[0.950s] -- Up-to-date: /home/jacob/MTRN4231/lab2_workspace/src/install/my_interface/share/my_interface/cmake/ament_cmake_export_libraries-extras.cmake
[0.951s] -- Up-to-date: /home/jacob/MTRN4231/lab2_workspace/src/install/my_interface/share/my_interface/cmake/ament_cmake_export_targets-extras.cmake
[0.951s] -- Up-to-date: /home/jacob/MTRN4231/lab2_workspace/src/install/my_interface/share/my_interface/cmake/rosidl_cmake_export_typesupport_targets-extras.cmake
[0.951s] -- Up-to-date: /home/jacob/MTRN4231/lab2_workspace/src/install/my_interface/share/my_interface/cmake/rosidl_cmake_export_typesupport_libraries-extras.cmake
[0.951s] -- Up-to-date: /home/jacob/MTRN4231/lab2_workspace/src/install/my_interface/share/my_interface/cmake/my_interfaceConfig.cmake
[0.951s] -- Up-to-date: /home/jacob/MTRN4231/lab2_workspace/src/install/my_interface/share/my_interface/cmake/my_interfaceConfig-version.cmake
[0.951s] -- Up-to-date: /home/jacob/MTRN4231/lab2_workspace/src/install/my_interface/share/my_interface/package.xml
[0.954s] Invoked command in '/home/jacob/MTRN4231/lab2_workspace/src/build/my_interface' returned '0': CMAKE_PREFIX_PATH=${CMAKE_PREFIX_PATH}:/opt/ros/humble /usr/bin/cmake --install /home/jacob/MTRN4231/lab2_workspace/src/build/my_interface
