[0.070s] Invoking command in '/home/jacob/MTRN4231/lab1_workspace/build/tutorial_interfaces': CMAKE_PREFIX_PATH=${CMAKE_PREFIX_PATH}:/opt/ros/humble /usr/bin/cmake --build /home/jacob/MTRN4231/lab1_workspace/build/tutorial_interfaces -- -j8 -l8
[0.264s] [  9%] Built target tutorial_interfaces__rosidl_generator_c
[0.265s] [ 12%] Built target tutorial_interfaces__cpp
[0.307s] [ 12%] Built target ament_cmake_python_copy_tutorial_interfaces
[0.360s] [ 22%] Built target tutorial_interfaces__rosidl_typesupport_fastrtps_c
[0.361s] [ 32%] Built target tutorial_interfaces__rosidl_typesupport_c
[0.361s] [ 41%] Built target tutorial_interfaces__rosidl_typesupport_introspection_c
[0.368s] [ 51%] Built target tutorial_interfaces__rosidl_typesupport_cpp
[0.382s] [ 64%] Built target tutorial_interfaces__rosidl_typesupport_introspection_cpp
[0.391s] [ 70%] Built target tutorial_interfaces__rosidl_typesupport_fastrtps_cpp
[0.474s] [ 70%] Built target tutorial_interfaces
[0.557s] [ 74%] Built target tutorial_interfaces__py
[0.632s] [ 80%] Built target tutorial_interfaces__rosidl_generator_py
[0.732s] [ 87%] Built target tutorial_interfaces__rosidl_typesupport_c__pyext
[0.736s] [100%] Built target tutorial_interfaces__rosidl_typesupport_fastrtps_c__pyext
[0.736s] [100%] Built target tutorial_interfaces__rosidl_typesupport_introspection_c__pyext
[1.479s] running egg_info
[1.486s] writing tutorial_interfaces.egg-info/PKG-INFO
[1.487s] writing dependency_links to tutorial_interfaces.egg-info/dependency_links.txt
[1.487s] writing top-level names to tutorial_interfaces.egg-info/top_level.txt
[1.496s] reading manifest file 'tutorial_interfaces.egg-info/SOURCES.txt'
[1.499s] writing manifest file 'tutorial_interfaces.egg-info/SOURCES.txt'
[1.587s] [100%] Built target ament_cmake_python_build_tutorial_interfaces_egg
[1.626s] Invoked command in '/home/jacob/MTRN4231/lab1_workspace/build/tutorial_interfaces' returned '0': CMAKE_PREFIX_PATH=${CMAKE_PREFIX_PATH}:/opt/ros/humble /usr/bin/cmake --build /home/jacob/MTRN4231/lab1_workspace/build/tutorial_interfaces -- -j8 -l8
[1.662s] Invoking command in '/home/jacob/MTRN4231/lab1_workspace/build/tutorial_interfaces': CMAKE_PREFIX_PATH=${CMAKE_PREFIX_PATH}:/opt/ros/humble /usr/bin/cmake --install /home/jacob/MTRN4231/lab1_workspace/build/tutorial_interfaces
[1.683s] -- Install configuration: ""
[1.684s] -- Up-to-date: /home/jacob/MTRN4231/lab1_workspace/install/tutorial_interfaces/share/ament_index/resource_index/rosidl_interfaces/tutorial_interfaces
[1.685s] -- Up-to-date: /home/jacob/MTRN4231/lab1_workspace/install/tutorial_interfaces/include/tutorial_interfaces/tutorial_interfaces
[1.687s] -- Up-to-date: /home/jacob/MTRN4231/lab1_workspace/install/tutorial_interfaces/include/tutorial_interfaces/tutorial_interfaces/msg
[1.687s] -- Up-to-date: /home/jacob/MTRN4231/lab1_workspace/install/tutorial_interfaces/include/tutorial_interfaces/tutorial_interfaces/msg/posestamped.h
[1.688s] -- Up-to-date: /home/jacob/MTRN4231/lab1_workspace/install/tutorial_interfaces/include/tutorial_interfaces/tutorial_interfaces/msg/pose_stamped.h
[1.688s] -- Up-to-date: /home/jacob/MTRN4231/lab1_workspace/install/tutorial_interfaces/include/tutorial_interfaces/tutorial_interfaces/msg/rosidl_generator_c__visibility_control.h
[1.689s] -- Up-to-date: /home/jacob/MTRN4231/lab1_workspace/install/tutorial_interfaces/include/tutorial_interfaces/tutorial_interfaces/msg/detail
[1.690s] -- Up-to-date: /home/jacob/MTRN4231/lab1_workspace/install/tutorial_interfaces/include/tutorial_interfaces/tutorial_interfaces/msg/detail/posestamped__functions.c
[1.693s] -- Up-to-date: /home/jacob/MTRN4231/lab1_workspace/install/tutorial_interfaces/include/tutorial_interfaces/tutorial_interfaces/msg/detail/posestamped__functions.h
[1.694s] -- Up-to-date: /home/jacob/MTRN4231/lab1_workspace/install/tutorial_interfaces/include/tutorial_interfaces/tutorial_interfaces/msg/detail/pose_stamped__type_support.h
[1.694s] -- Up-to-date: /home/jacob/MTRN4231/lab1_workspace/install/tutorial_interfaces/include/tutorial_interfaces/tutorial_interfaces/msg/detail/pose_stamped__functions.h
[1.695s] -- Up-to-date: /home/jacob/MTRN4231/lab1_workspace/install/tutorial_interfaces/include/tutorial_interfaces/tutorial_interfaces/msg/detail/pose_stamped__struct.h
[1.696s] -- Up-to-date: /home/jacob/MTRN4231/lab1_workspace/install/tutorial_interfaces/include/tutorial_interfaces/tutorial_interfaces/msg/detail/posestamped__type_support.h
[1.696s] -- Up-to-date: /home/jacob/MTRN4231/lab1_workspace/install/tutorial_interfaces/include/tutorial_interfaces/tutorial_interfaces/msg/detail/pose_stamped__functions.c
[1.697s] -- Up-to-date: /home/jacob/MTRN4231/lab1_workspace/install/tutorial_interfaces/include/tutorial_interfaces/tutorial_interfaces/msg/detail/posestamped__struct.h
[1.698s] -- Up-to-date: /home/jacob/MTRN4231/lab1_workspace/install/tutorial_interfaces/share/tutorial_interfaces/environment/library_path.sh
[1.698s] -- Up-to-date: /home/jacob/MTRN4231/lab1_workspace/install/tutorial_interfaces/share/tutorial_interfaces/environment/library_path.dsv
[1.699s] -- Up-to-date: /home/jacob/MTRN4231/lab1_workspace/install/tutorial_interfaces/lib/libtutorial_interfaces__rosidl_generator_c.so
[1.700s] -- Up-to-date: /home/jacob/MTRN4231/lab1_workspace/install/tutorial_interfaces/include/tutorial_interfaces/tutorial_interfaces
[1.700s] -- Up-to-date: /home/jacob/MTRN4231/lab1_workspace/install/tutorial_interfaces/include/tutorial_interfaces/tutorial_interfaces/msg
[1.701s] -- Up-to-date: /home/jacob/MTRN4231/lab1_workspace/install/tutorial_interfaces/include/tutorial_interfaces/tutorial_interfaces/msg/rosidl_typesupport_fastrtps_c__visibility_control.h
[1.702s] -- Up-to-date: /home/jacob/MTRN4231/lab1_workspace/install/tutorial_interfaces/include/tutorial_interfaces/tutorial_interfaces/msg/detail
[1.702s] -- Up-to-date: /home/jacob/MTRN4231/lab1_workspace/install/tutorial_interfaces/include/tutorial_interfaces/tutorial_interfaces/msg/detail/posestamped__rosidl_typesupport_fastrtps_c.h
[1.703s] -- Up-to-date: /home/jacob/MTRN4231/lab1_workspace/install/tutorial_interfaces/include/tutorial_interfaces/tutorial_interfaces/msg/detail/pose_stamped__rosidl_typesupport_fastrtps_c.h
[1.703s] -- Up-to-date: /home/jacob/MTRN4231/lab1_workspace/install/tutorial_interfaces/lib/libtutorial_interfaces__rosidl_typesupport_fastrtps_c.so
[1.704s] -- Up-to-date: /home/jacob/MTRN4231/lab1_workspace/install/tutorial_interfaces/include/tutorial_interfaces/tutorial_interfaces
[1.705s] -- Up-to-date: /home/jacob/MTRN4231/lab1_workspace/install/tutorial_interfaces/include/tutorial_interfaces/tutorial_interfaces/msg
[1.705s] -- Up-to-date: /home/jacob/MTRN4231/lab1_workspace/install/tutorial_interfaces/include/tutorial_interfaces/tutorial_interfaces/msg/posestamped.hpp
[1.705s] -- Up-to-date: /home/jacob/MTRN4231/lab1_workspace/install/tutorial_interfaces/include/tutorial_interfaces/tutorial_interfaces/msg/pose_stamped.hpp
[1.706s] -- Up-to-date: /home/jacob/MTRN4231/lab1_workspace/install/tutorial_interfaces/include/tutorial_interfaces/tutorial_interfaces/msg/rosidl_generator_cpp__visibility_control.hpp
[1.706s] -- Up-to-date: /home/jacob/MTRN4231/lab1_workspace/install/tutorial_interfaces/include/tutorial_interfaces/tutorial_interfaces/msg/detail
[1.707s] -- Up-to-date: /home/jacob/MTRN4231/lab1_workspace/install/tutorial_interfaces/include/tutorial_interfaces/tutorial_interfaces/msg/detail/posestamped__builder.hpp
[1.708s] -- Up-to-date: /home/jacob/MTRN4231/lab1_workspace/install/tutorial_interfaces/include/tutorial_interfaces/tutorial_interfaces/msg/detail/pose_stamped__struct.hpp
[1.708s] -- Up-to-date: /home/jacob/MTRN4231/lab1_workspace/install/tutorial_interfaces/include/tutorial_interfaces/tutorial_interfaces/msg/detail/posestamped__type_support.hpp
[1.709s] -- Up-to-date: /home/jacob/MTRN4231/lab1_workspace/install/tutorial_interfaces/include/tutorial_interfaces/tutorial_interfaces/msg/detail/pose_stamped__type_support.hpp
[1.711s] -- Up-to-date: /home/jacob/MTRN4231/lab1_workspace/install/tutorial_interfaces/include/tutorial_interfaces/tutorial_interfaces/msg/detail/posestamped__struct.hpp
[1.711s] -- Up-to-date: /home/jacob/MTRN4231/lab1_workspace/install/tutorial_interfaces/include/tutorial_interfaces/tutorial_interfaces/msg/detail/pose_stamped__traits.hpp
[1.711s] -- Up-to-date: /home/jacob/MTRN4231/lab1_workspace/install/tutorial_interfaces/include/tutorial_interfaces/tutorial_interfaces/msg/detail/pose_stamped__builder.hpp
[1.712s] -- Up-to-date: /home/jacob/MTRN4231/lab1_workspace/install/tutorial_interfaces/include/tutorial_interfaces/tutorial_interfaces/msg/detail/posestamped__traits.hpp
[1.712s] -- Up-to-date: /home/jacob/MTRN4231/lab1_workspace/install/tutorial_interfaces/include/tutorial_interfaces/tutorial_interfaces
[1.712s] -- Up-to-date: /home/jacob/MTRN4231/lab1_workspace/install/tutorial_interfaces/include/tutorial_interfaces/tutorial_interfaces/msg
[1.712s] -- Up-to-date: /home/jacob/MTRN4231/lab1_workspace/install/tutorial_interfaces/include/tutorial_interfaces/tutorial_interfaces/msg/rosidl_typesupport_fastrtps_cpp__visibility_control.h
[1.712s] -- Up-to-date: /home/jacob/MTRN4231/lab1_workspace/install/tutorial_interfaces/include/tutorial_interfaces/tutorial_interfaces/msg/detail
[1.713s] -- Up-to-date: /home/jacob/MTRN4231/lab1_workspace/install/tutorial_interfaces/include/tutorial_interfaces/tutorial_interfaces/msg/detail/pose_stamped__rosidl_typesupport_fastrtps_cpp.hpp
[1.713s] -- Up-to-date: /home/jacob/MTRN4231/lab1_workspace/install/tutorial_interfaces/include/tutorial_interfaces/tutorial_interfaces/msg/detail/dds_fastrtps
[1.713s] -- Up-to-date: /home/jacob/MTRN4231/lab1_workspace/install/tutorial_interfaces/include/tutorial_interfaces/tutorial_interfaces/msg/detail/posestamped__rosidl_typesupport_fastrtps_cpp.hpp
[1.713s] -- Up-to-date: /home/jacob/MTRN4231/lab1_workspace/install/tutorial_interfaces/lib/libtutorial_interfaces__rosidl_typesupport_fastrtps_cpp.so
[1.713s] -- Up-to-date: /home/jacob/MTRN4231/lab1_workspace/install/tutorial_interfaces/include/tutorial_interfaces/tutorial_interfaces
[1.713s] -- Up-to-date: /home/jacob/MTRN4231/lab1_workspace/install/tutorial_interfaces/include/tutorial_interfaces/tutorial_interfaces/msg
[1.713s] -- Up-to-date: /home/jacob/MTRN4231/lab1_workspace/install/tutorial_interfaces/include/tutorial_interfaces/tutorial_interfaces/msg/rosidl_typesupport_introspection_c__visibility_control.h
[1.714s] -- Up-to-date: /home/jacob/MTRN4231/lab1_workspace/install/tutorial_interfaces/include/tutorial_interfaces/tutorial_interfaces/msg/detail
[1.714s] -- Up-to-date: /home/jacob/MTRN4231/lab1_workspace/install/tutorial_interfaces/include/tutorial_interfaces/tutorial_interfaces/msg/detail/pose_stamped__type_support.c
[1.714s] -- Up-to-date: /home/jacob/MTRN4231/lab1_workspace/install/tutorial_interfaces/include/tutorial_interfaces/tutorial_interfaces/msg/detail/pose_stamped__rosidl_typesupport_introspection_c.h
[1.714s] -- Up-to-date: /home/jacob/MTRN4231/lab1_workspace/install/tutorial_interfaces/include/tutorial_interfaces/tutorial_interfaces/msg/detail/posestamped__rosidl_typesupport_introspection_c.h
[1.714s] -- Up-to-date: /home/jacob/MTRN4231/lab1_workspace/install/tutorial_interfaces/include/tutorial_interfaces/tutorial_interfaces/msg/detail/posestamped__type_support.c
[1.714s] -- Up-to-date: /home/jacob/MTRN4231/lab1_workspace/install/tutorial_interfaces/lib/libtutorial_interfaces__rosidl_typesupport_introspection_c.so
[1.714s] -- Up-to-date: /home/jacob/MTRN4231/lab1_workspace/install/tutorial_interfaces/lib/libtutorial_interfaces__rosidl_typesupport_c.so
[1.714s] -- Up-to-date: /home/jacob/MTRN4231/lab1_workspace/install/tutorial_interfaces/include/tutorial_interfaces/tutorial_interfaces
[1.715s] -- Up-to-date: /home/jacob/MTRN4231/lab1_workspace/install/tutorial_interfaces/include/tutorial_interfaces/tutorial_interfaces/msg
[1.715s] -- Up-to-date: /home/jacob/MTRN4231/lab1_workspace/install/tutorial_interfaces/include/tutorial_interfaces/tutorial_interfaces/msg/detail
[1.715s] -- Up-to-date: /home/jacob/MTRN4231/lab1_workspace/install/tutorial_interfaces/include/tutorial_interfaces/tutorial_interfaces/msg/detail/pose_stamped__type_support.cpp
[1.715s] -- Up-to-date: /home/jacob/MTRN4231/lab1_workspace/install/tutorial_interfaces/include/tutorial_interfaces/tutorial_interfaces/msg/detail/pose_stamped__rosidl_typesupport_introspection_cpp.hpp
[1.715s] -- Up-to-date: /home/jacob/MTRN4231/lab1_workspace/install/tutorial_interfaces/include/tutorial_interfaces/tutorial_interfaces/msg/detail/posestamped__rosidl_typesupport_introspection_cpp.hpp
[1.715s] -- Up-to-date: /home/jacob/MTRN4231/lab1_workspace/install/tutorial_interfaces/include/tutorial_interfaces/tutorial_interfaces/msg/detail/posestamped__type_support.cpp
[1.715s] -- Up-to-date: /home/jacob/MTRN4231/lab1_workspace/install/tutorial_interfaces/lib/libtutorial_interfaces__rosidl_typesupport_introspection_cpp.so
[1.715s] -- Up-to-date: /home/jacob/MTRN4231/lab1_workspace/install/tutorial_interfaces/lib/libtutorial_interfaces__rosidl_typesupport_cpp.so
[1.715s] -- Up-to-date: /home/jacob/MTRN4231/lab1_workspace/install/tutorial_interfaces/share/tutorial_interfaces/environment/pythonpath.sh
[1.716s] -- Up-to-date: /home/jacob/MTRN4231/lab1_workspace/install/tutorial_interfaces/share/tutorial_interfaces/environment/pythonpath.dsv
[1.716s] -- Up-to-date: /home/jacob/MTRN4231/lab1_workspace/install/tutorial_interfaces/local/lib/python3.10/dist-packages/tutorial_interfaces-0.0.0-py3.10.egg-info
[1.716s] -- Installing: /home/jacob/MTRN4231/lab1_workspace/install/tutorial_interfaces/local/lib/python3.10/dist-packages/tutorial_interfaces-0.0.0-py3.10.egg-info/SOURCES.txt
[1.716s] -- Installing: /home/jacob/MTRN4231/lab1_workspace/install/tutorial_interfaces/local/lib/python3.10/dist-packages/tutorial_interfaces-0.0.0-py3.10.egg-info/dependency_links.txt
[1.716s] -- Installing: /home/jacob/MTRN4231/lab1_workspace/install/tutorial_interfaces/local/lib/python3.10/dist-packages/tutorial_interfaces-0.0.0-py3.10.egg-info/top_level.txt
[1.716s] -- Installing: /home/jacob/MTRN4231/lab1_workspace/install/tutorial_interfaces/local/lib/python3.10/dist-packages/tutorial_interfaces-0.0.0-py3.10.egg-info/PKG-INFO
[1.716s] -- Up-to-date: /home/jacob/MTRN4231/lab1_workspace/install/tutorial_interfaces/local/lib/python3.10/dist-packages/tutorial_interfaces
[1.716s] -- Up-to-date: /home/jacob/MTRN4231/lab1_workspace/install/tutorial_interfaces/local/lib/python3.10/dist-packages/tutorial_interfaces/tutorial_interfaces_s__rosidl_typesupport_fastrtps_c.cpython-310-x86_64-linux-gnu.so
[1.717s] -- Up-to-date: /home/jacob/MTRN4231/lab1_workspace/install/tutorial_interfaces/local/lib/python3.10/dist-packages/tutorial_interfaces/__init__.py
[1.717s] -- Up-to-date: /home/jacob/MTRN4231/lab1_workspace/install/tutorial_interfaces/local/lib/python3.10/dist-packages/tutorial_interfaces/_tutorial_interfaces_s.ep.rosidl_typesupport_fastrtps_c.c
[1.717s] -- Up-to-date: /home/jacob/MTRN4231/lab1_workspace/install/tutorial_interfaces/local/lib/python3.10/dist-packages/tutorial_interfaces/msg
[1.717s] -- Up-to-date: /home/jacob/MTRN4231/lab1_workspace/install/tutorial_interfaces/local/lib/python3.10/dist-packages/tutorial_interfaces/msg/__init__.py
[1.717s] -- Up-to-date: /home/jacob/MTRN4231/lab1_workspace/install/tutorial_interfaces/local/lib/python3.10/dist-packages/tutorial_interfaces/msg/_posestamped_s.c
[1.717s] -- Up-to-date: /home/jacob/MTRN4231/lab1_workspace/install/tutorial_interfaces/local/lib/python3.10/dist-packages/tutorial_interfaces/msg/_pose_stamped.py
[1.717s] -- Up-to-date: /home/jacob/MTRN4231/lab1_workspace/install/tutorial_interfaces/local/lib/python3.10/dist-packages/tutorial_interfaces/msg/_pose_stamped_s.c
[1.717s] -- Up-to-date: /home/jacob/MTRN4231/lab1_workspace/install/tutorial_interfaces/local/lib/python3.10/dist-packages/tutorial_interfaces/msg/_posestamped.py
[1.718s] -- Up-to-date: /home/jacob/MTRN4231/lab1_workspace/install/tutorial_interfaces/local/lib/python3.10/dist-packages/tutorial_interfaces/libtutorial_interfaces__rosidl_generator_py.so
[1.719s] -- Up-to-date: /home/jacob/MTRN4231/lab1_workspace/install/tutorial_interfaces/local/lib/python3.10/dist-packages/tutorial_interfaces/tutorial_interfaces_s__rosidl_typesupport_c.cpython-310-x86_64-linux-gnu.so
[1.719s] -- Up-to-date: /home/jacob/MTRN4231/lab1_workspace/install/tutorial_interfaces/local/lib/python3.10/dist-packages/tutorial_interfaces/_tutorial_interfaces_s.ep.rosidl_typesupport_introspection_c.c
[1.719s] -- Up-to-date: /home/jacob/MTRN4231/lab1_workspace/install/tutorial_interfaces/local/lib/python3.10/dist-packages/tutorial_interfaces/tutorial_interfaces_s__rosidl_typesupport_introspection_c.cpython-310-x86_64-linux-gnu.so
[1.720s] -- Up-to-date: /home/jacob/MTRN4231/lab1_workspace/install/tutorial_interfaces/local/lib/python3.10/dist-packages/tutorial_interfaces/_tutorial_interfaces_s.ep.rosidl_typesupport_c.c
[1.855s] Listing '/home/jacob/MTRN4231/lab1_workspace/install/tutorial_interfaces/local/lib/python3.10/dist-packages/tutorial_interfaces'...
[1.855s] Listing '/home/jacob/MTRN4231/lab1_workspace/install/tutorial_interfaces/local/lib/python3.10/dist-packages/tutorial_interfaces/msg'...
[1.872s] -- Up-to-date: /home/jacob/MTRN4231/lab1_workspace/install/tutorial_interfaces/local/lib/python3.10/dist-packages/tutorial_interfaces/tutorial_interfaces_s__rosidl_typesupport_fastrtps_c.cpython-310-x86_64-linux-gnu.so
[1.874s] -- Up-to-date: /home/jacob/MTRN4231/lab1_workspace/install/tutorial_interfaces/local/lib/python3.10/dist-packages/tutorial_interfaces/tutorial_interfaces_s__rosidl_typesupport_introspection_c.cpython-310-x86_64-linux-gnu.so
[1.875s] -- Up-to-date: /home/jacob/MTRN4231/lab1_workspace/install/tutorial_interfaces/local/lib/python3.10/dist-packages/tutorial_interfaces/tutorial_interfaces_s__rosidl_typesupport_c.cpython-310-x86_64-linux-gnu.so
[1.877s] -- Up-to-date: /home/jacob/MTRN4231/lab1_workspace/install/tutorial_interfaces/lib/libtutorial_interfaces__rosidl_generator_py.so
[1.878s] -- Up-to-date: /home/jacob/MTRN4231/lab1_workspace/install/tutorial_interfaces/share/tutorial_interfaces/msg/Posestamped.idl
[1.879s] -- Up-to-date: /home/jacob/MTRN4231/lab1_workspace/install/tutorial_interfaces/share/tutorial_interfaces/msg/Posestamped.msg
[1.879s] -- Up-to-date: /home/jacob/MTRN4231/lab1_workspace/install/tutorial_interfaces/share/ament_index/resource_index/package_run_dependencies/tutorial_interfaces
[1.880s] -- Up-to-date: /home/jacob/MTRN4231/lab1_workspace/install/tutorial_interfaces/share/ament_index/resource_index/parent_prefix_path/tutorial_interfaces
[1.880s] -- Up-to-date: /home/jacob/MTRN4231/lab1_workspace/install/tutorial_interfaces/share/tutorial_interfaces/environment/ament_prefix_path.sh
[1.881s] -- Up-to-date: /home/jacob/MTRN4231/lab1_workspace/install/tutorial_interfaces/share/tutorial_interfaces/environment/ament_prefix_path.dsv
[1.881s] -- Up-to-date: /home/jacob/MTRN4231/lab1_workspace/install/tutorial_interfaces/share/tutorial_interfaces/environment/path.sh
[1.882s] -- Up-to-date: /home/jacob/MTRN4231/lab1_workspace/install/tutorial_interfaces/share/tutorial_interfaces/environment/path.dsv
[1.883s] -- Up-to-date: /home/jacob/MTRN4231/lab1_workspace/install/tutorial_interfaces/share/tutorial_interfaces/local_setup.bash
[1.883s] -- Up-to-date: /home/jacob/MTRN4231/lab1_workspace/install/tutorial_interfaces/share/tutorial_interfaces/local_setup.sh
[1.884s] -- Up-to-date: /home/jacob/MTRN4231/lab1_workspace/install/tutorial_interfaces/share/tutorial_interfaces/local_setup.zsh
[1.884s] -- Up-to-date: /home/jacob/MTRN4231/lab1_workspace/install/tutorial_interfaces/share/tutorial_interfaces/local_setup.dsv
[1.884s] -- Installing: /home/jacob/MTRN4231/lab1_workspace/install/tutorial_interfaces/share/tutorial_interfaces/package.dsv
[1.885s] -- Up-to-date: /home/jacob/MTRN4231/lab1_workspace/install/tutorial_interfaces/share/ament_index/resource_index/packages/tutorial_interfaces
[1.886s] -- Up-to-date: /home/jacob/MTRN4231/lab1_workspace/install/tutorial_interfaces/share/tutorial_interfaces/cmake/export_tutorial_interfaces__rosidl_generator_cExport.cmake
[1.887s] -- Up-to-date: /home/jacob/MTRN4231/lab1_workspace/install/tutorial_interfaces/share/tutorial_interfaces/cmake/export_tutorial_interfaces__rosidl_generator_cExport-noconfig.cmake
[1.888s] -- Up-to-date: /home/jacob/MTRN4231/lab1_workspace/install/tutorial_interfaces/share/tutorial_interfaces/cmake/export_tutorial_interfaces__rosidl_typesupport_fastrtps_cExport.cmake
[1.889s] -- Up-to-date: /home/jacob/MTRN4231/lab1_workspace/install/tutorial_interfaces/share/tutorial_interfaces/cmake/export_tutorial_interfaces__rosidl_typesupport_fastrtps_cExport-noconfig.cmake
[1.889s] -- Up-to-date: /home/jacob/MTRN4231/lab1_workspace/install/tutorial_interfaces/share/tutorial_interfaces/cmake/export_tutorial_interfaces__rosidl_generator_cppExport.cmake
[1.890s] -- Up-to-date: /home/jacob/MTRN4231/lab1_workspace/install/tutorial_interfaces/share/tutorial_interfaces/cmake/export_tutorial_interfaces__rosidl_typesupport_fastrtps_cppExport.cmake
[1.890s] -- Up-to-date: /home/jacob/MTRN4231/lab1_workspace/install/tutorial_interfaces/share/tutorial_interfaces/cmake/export_tutorial_interfaces__rosidl_typesupport_fastrtps_cppExport-noconfig.cmake
[1.891s] -- Up-to-date: /home/jacob/MTRN4231/lab1_workspace/install/tutorial_interfaces/share/tutorial_interfaces/cmake/tutorial_interfaces__rosidl_typesupport_introspection_cExport.cmake
[1.892s] -- Up-to-date: /home/jacob/MTRN4231/lab1_workspace/install/tutorial_interfaces/share/tutorial_interfaces/cmake/tutorial_interfaces__rosidl_typesupport_introspection_cExport-noconfig.cmake
[1.893s] -- Up-to-date: /home/jacob/MTRN4231/lab1_workspace/install/tutorial_interfaces/share/tutorial_interfaces/cmake/tutorial_interfaces__rosidl_typesupport_cExport.cmake
[1.894s] -- Up-to-date: /home/jacob/MTRN4231/lab1_workspace/install/tutorial_interfaces/share/tutorial_interfaces/cmake/tutorial_interfaces__rosidl_typesupport_cExport-noconfig.cmake
[1.895s] -- Up-to-date: /home/jacob/MTRN4231/lab1_workspace/install/tutorial_interfaces/share/tutorial_interfaces/cmake/tutorial_interfaces__rosidl_typesupport_introspection_cppExport.cmake
[1.895s] -- Up-to-date: /home/jacob/MTRN4231/lab1_workspace/install/tutorial_interfaces/share/tutorial_interfaces/cmake/tutorial_interfaces__rosidl_typesupport_introspection_cppExport-noconfig.cmake
[1.896s] -- Up-to-date: /home/jacob/MTRN4231/lab1_workspace/install/tutorial_interfaces/share/tutorial_interfaces/cmake/tutorial_interfaces__rosidl_typesupport_cppExport.cmake
[1.896s] -- Up-to-date: /home/jacob/MTRN4231/lab1_workspace/install/tutorial_interfaces/share/tutorial_interfaces/cmake/tutorial_interfaces__rosidl_typesupport_cppExport-noconfig.cmake
[1.897s] -- Up-to-date: /home/jacob/MTRN4231/lab1_workspace/install/tutorial_interfaces/share/tutorial_interfaces/cmake/export_tutorial_interfaces__rosidl_generator_pyExport.cmake
[1.897s] -- Up-to-date: /home/jacob/MTRN4231/lab1_workspace/install/tutorial_interfaces/share/tutorial_interfaces/cmake/export_tutorial_interfaces__rosidl_generator_pyExport-noconfig.cmake
[1.898s] -- Up-to-date: /home/jacob/MTRN4231/lab1_workspace/install/tutorial_interfaces/share/tutorial_interfaces/cmake/rosidl_cmake-extras.cmake
[1.898s] -- Up-to-date: /home/jacob/MTRN4231/lab1_workspace/install/tutorial_interfaces/share/tutorial_interfaces/cmake/ament_cmake_export_dependencies-extras.cmake
[1.899s] -- Up-to-date: /home/jacob/MTRN4231/lab1_workspace/install/tutorial_interfaces/share/tutorial_interfaces/cmake/ament_cmake_export_include_directories-extras.cmake
[1.899s] -- Up-to-date: /home/jacob/MTRN4231/lab1_workspace/install/tutorial_interfaces/share/tutorial_interfaces/cmake/ament_cmake_export_libraries-extras.cmake
[1.899s] -- Up-to-date: /home/jacob/MTRN4231/lab1_workspace/install/tutorial_interfaces/share/tutorial_interfaces/cmake/ament_cmake_export_targets-extras.cmake
[1.900s] -- Up-to-date: /home/jacob/MTRN4231/lab1_workspace/install/tutorial_interfaces/share/tutorial_interfaces/cmake/rosidl_cmake_export_typesupport_targets-extras.cmake
[1.900s] -- Up-to-date: /home/jacob/MTRN4231/lab1_workspace/install/tutorial_interfaces/share/tutorial_interfaces/cmake/rosidl_cmake_export_typesupport_libraries-extras.cmake
[1.900s] -- Up-to-date: /home/jacob/MTRN4231/lab1_workspace/install/tutorial_interfaces/share/tutorial_interfaces/cmake/tutorial_interfacesConfig.cmake
[1.902s] -- Up-to-date: /home/jacob/MTRN4231/lab1_workspace/install/tutorial_interfaces/share/tutorial_interfaces/cmake/tutorial_interfacesConfig-version.cmake
[1.906s] -- Up-to-date: /home/jacob/MTRN4231/lab1_workspace/install/tutorial_interfaces/share/tutorial_interfaces/package.xml
[1.906s] Invoked command in '/home/jacob/MTRN4231/lab1_workspace/build/tutorial_interfaces' returned '0': CMAKE_PREFIX_PATH=${CMAKE_PREFIX_PATH}:/opt/ros/humble /usr/bin/cmake --install /home/jacob/MTRN4231/lab1_workspace/build/tutorial_interfaces
