[0.140s] DEBUG:colcon:Command line arguments: ['/usr/bin/colcon', 'build']
[0.140s] DEBUG:colcon:Parsed command line arguments: Namespace(log_base=None, log_level=None, verb_name='build', build_base='build', install_base='install', merge_install=False, symlink_install=False, test_result_base=None, continue_on_error=False, executor='parallel', parallel_workers=8, event_handlers=None, ignore_user_meta=False, metas=['./colcon.meta'], base_paths=['.'], packages_ignore=None, packages_ignore_regex=None, paths=None, packages_up_to=None, packages_up_to_regex=None, packages_above=None, packages_above_and_dependencies=None, packages_above_depth=None, packages_select_by_dep=None, packages_skip_by_dep=None, packages_skip_up_to=None, packages_select_build_failed=False, packages_skip_build_finished=False, packages_select_test_failures=False, packages_skip_test_passed=False, packages_select=None, packages_skip=None, packages_select_regex=None, packages_skip_regex=None, packages_start=None, packages_end=None, allow_overriding=[], cmake_args=None, cmake_target=None, cmake_target_skip_unavailable=False, cmake_clean_cache=False, cmake_clean_first=False, cmake_force_configure=False, ament_cmake_args=None, catkin_cmake_args=None, catkin_skip_building_tests=False, mixin_files=None, mixin=None, verb_parser=<colcon_mixin.mixin.mixin_argument.MixinArgumentDecorator object at 0x7667937757e0>, verb_extension=<colcon_core.verb.build.BuildVerb object at 0x766793774d30>, main=<bound method BuildVerb.main of <colcon_core.verb.build.BuildVerb object at 0x766793774d30>>, mixin_verb=('build',))
[0.344s] Level 1:colcon.colcon_core.package_discovery:discover_packages(colcon_meta) check parameters
[0.344s] Level 1:colcon.colcon_core.package_discovery:discover_packages(recursive) check parameters
[0.344s] Level 1:colcon.colcon_core.package_discovery:discover_packages(ignore) check parameters
[0.344s] Level 1:colcon.colcon_core.package_discovery:discover_packages(path) check parameters
[0.344s] Level 1:colcon.colcon_core.package_discovery:discover_packages(colcon_meta) discover
[0.350s] Level 1:colcon.colcon_core.package_discovery:discover_packages(recursive) discover
[0.351s] INFO:colcon.colcon_core.package_discovery:Crawling recursively for packages in '/home/jacob/MTRN4231/lab2_workspace/src'
[0.352s] Level 1:colcon.colcon_core.package_identification:_identify(.) by extensions ['ignore', 'ignore_ament_install']
[0.353s] Level 1:colcon.colcon_core.package_identification:_identify(.) by extension 'ignore'
[0.353s] Level 1:colcon.colcon_core.package_identification:_identify(.) by extension 'ignore_ament_install'
[0.354s] Level 1:colcon.colcon_core.package_identification:_identify(.) by extensions ['colcon_pkg']
[0.354s] Level 1:colcon.colcon_core.package_identification:_identify(.) by extension 'colcon_pkg'
[0.354s] Level 1:colcon.colcon_core.package_identification:_identify(.) by extensions ['colcon_meta']
[0.355s] Level 1:colcon.colcon_core.package_identification:_identify(.) by extension 'colcon_meta'
[0.355s] Level 1:colcon.colcon_core.package_identification:_identify(.) by extensions ['ros']
[0.355s] Level 1:colcon.colcon_core.package_identification:_identify(.) by extension 'ros'
[0.406s] Level 1:colcon.colcon_core.package_identification:_identify(.) by extensions ['cmake', 'python']
[0.406s] Level 1:colcon.colcon_core.package_identification:_identify(.) by extension 'cmake'
[0.407s] Level 1:colcon.colcon_core.package_identification:_identify(.) by extension 'python'
[0.407s] Level 1:colcon.colcon_core.package_identification:_identify(.) by extensions ['python_setup_py']
[0.407s] Level 1:colcon.colcon_core.package_identification:_identify(.) by extension 'python_setup_py'
[0.407s] Level 1:colcon.colcon_core.package_identification:_identify(build) by extensions ['ignore', 'ignore_ament_install']
[0.407s] Level 1:colcon.colcon_core.package_identification:_identify(build) by extension 'ignore'
[0.407s] Level 1:colcon.colcon_core.package_identification:_identify(build) ignored
[0.407s] Level 1:colcon.colcon_core.package_identification:_identify(install) by extensions ['ignore', 'ignore_ament_install']
[0.408s] Level 1:colcon.colcon_core.package_identification:_identify(install) by extension 'ignore'
[0.408s] Level 1:colcon.colcon_core.package_identification:_identify(install) ignored
[0.408s] Level 1:colcon.colcon_core.package_identification:_identify(interface) by extensions ['ignore', 'ignore_ament_install']
[0.408s] Level 1:colcon.colcon_core.package_identification:_identify(interface) by extension 'ignore'
[0.408s] Level 1:colcon.colcon_core.package_identification:_identify(interface) by extension 'ignore_ament_install'
[0.408s] Level 1:colcon.colcon_core.package_identification:_identify(interface) by extensions ['colcon_pkg']
[0.408s] Level 1:colcon.colcon_core.package_identification:_identify(interface) by extension 'colcon_pkg'
[0.408s] Level 1:colcon.colcon_core.package_identification:_identify(interface) by extensions ['colcon_meta']
[0.408s] Level 1:colcon.colcon_core.package_identification:_identify(interface) by extension 'colcon_meta'
[0.408s] Level 1:colcon.colcon_core.package_identification:_identify(interface) by extensions ['ros']
[0.408s] Level 1:colcon.colcon_core.package_identification:_identify(interface) by extension 'ros'
[0.412s] DEBUG:colcon.colcon_core.package_identification:Package 'interface' with type 'ros.ament_cmake' and name 'interface'
[0.412s] Level 1:colcon.colcon_core.package_identification:_identify(lab2_client_service) by extensions ['ignore', 'ignore_ament_install']
[0.412s] Level 1:colcon.colcon_core.package_identification:_identify(lab2_client_service) by extension 'ignore'
[0.412s] Level 1:colcon.colcon_core.package_identification:_identify(lab2_client_service) by extension 'ignore_ament_install'
[0.413s] Level 1:colcon.colcon_core.package_identification:_identify(lab2_client_service) by extensions ['colcon_pkg']
[0.413s] Level 1:colcon.colcon_core.package_identification:_identify(lab2_client_service) by extension 'colcon_pkg'
[0.413s] Level 1:colcon.colcon_core.package_identification:_identify(lab2_client_service) by extensions ['colcon_meta']
[0.413s] Level 1:colcon.colcon_core.package_identification:_identify(lab2_client_service) by extension 'colcon_meta'
[0.413s] Level 1:colcon.colcon_core.package_identification:_identify(lab2_client_service) by extensions ['ros']
[0.413s] Level 1:colcon.colcon_core.package_identification:_identify(lab2_client_service) by extension 'ros'
[0.413s] DEBUG:colcon.colcon_core.package_identification:Package 'lab2_client_service' with type 'ros.ament_cmake' and name 'lab2_client_service'
[0.414s] Level 1:colcon.colcon_core.package_identification:_identify(log) by extensions ['ignore', 'ignore_ament_install']
[0.414s] Level 1:colcon.colcon_core.package_identification:_identify(log) by extension 'ignore'
[0.414s] Level 1:colcon.colcon_core.package_identification:_identify(log) ignored
[0.414s] Level 1:colcon.colcon_core.package_identification:_identify(transformations) by extensions ['ignore', 'ignore_ament_install']
[0.414s] Level 1:colcon.colcon_core.package_identification:_identify(transformations) by extension 'ignore'
[0.414s] Level 1:colcon.colcon_core.package_identification:_identify(transformations) by extension 'ignore_ament_install'
[0.414s] Level 1:colcon.colcon_core.package_identification:_identify(transformations) by extensions ['colcon_pkg']
[0.414s] Level 1:colcon.colcon_core.package_identification:_identify(transformations) by extension 'colcon_pkg'
[0.414s] Level 1:colcon.colcon_core.package_identification:_identify(transformations) by extensions ['colcon_meta']
[0.414s] Level 1:colcon.colcon_core.package_identification:_identify(transformations) by extension 'colcon_meta'
[0.414s] Level 1:colcon.colcon_core.package_identification:_identify(transformations) by extensions ['ros']
[0.414s] Level 1:colcon.colcon_core.package_identification:_identify(transformations) by extension 'ros'
[0.415s] DEBUG:colcon.colcon_core.package_identification:Package 'transformations' with type 'ros.ament_cmake' and name 'transformations'
[0.415s] Level 1:colcon.colcon_core.package_identification:_identify(visualisation) by extensions ['ignore', 'ignore_ament_install']
[0.415s] Level 1:colcon.colcon_core.package_identification:_identify(visualisation) by extension 'ignore'
[0.415s] Level 1:colcon.colcon_core.package_identification:_identify(visualisation) by extension 'ignore_ament_install'
[0.416s] Level 1:colcon.colcon_core.package_identification:_identify(visualisation) by extensions ['colcon_pkg']
[0.416s] Level 1:colcon.colcon_core.package_identification:_identify(visualisation) by extension 'colcon_pkg'
[0.416s] Level 1:colcon.colcon_core.package_identification:_identify(visualisation) by extensions ['colcon_meta']
[0.416s] Level 1:colcon.colcon_core.package_identification:_identify(visualisation) by extension 'colcon_meta'
[0.416s] Level 1:colcon.colcon_core.package_identification:_identify(visualisation) by extensions ['ros']
[0.416s] Level 1:colcon.colcon_core.package_identification:_identify(visualisation) by extension 'ros'
[0.417s] DEBUG:colcon.colcon_core.package_identification:Package 'visualisation' with type 'ros.ament_cmake' and name 'visualisation'
[0.417s] Level 1:colcon.colcon_core.package_discovery:discover_packages(recursive) using defaults
[0.417s] Level 1:colcon.colcon_core.package_discovery:discover_packages(ignore) discover
[0.417s] Level 1:colcon.colcon_core.package_discovery:discover_packages(ignore) using defaults
[0.417s] Level 1:colcon.colcon_core.package_discovery:discover_packages(path) discover
[0.417s] Level 1:colcon.colcon_core.package_discovery:discover_packages(path) using defaults
[0.456s] Level 1:colcon.colcon_core.package_discovery:discover_packages(prefix_path) check parameters
[0.456s] Level 1:colcon.colcon_core.package_discovery:discover_packages(prefix_path) discover
[0.459s] DEBUG:colcon.colcon_installed_package_information.package_discovery:Found 5 installed packages in /home/jacob/MTRN4231/lab2_workspace/src/install
[0.461s] DEBUG:colcon.colcon_installed_package_information.package_discovery:Found 275 installed packages in /opt/ros/humble
[0.463s] Level 1:colcon.colcon_core.package_discovery:discover_packages(prefix_path) using defaults
[0.511s] Level 5:colcon.colcon_core.verb:set package 'interface' build argument 'cmake_args' from command line to 'None'
[0.511s] Level 5:colcon.colcon_core.verb:set package 'interface' build argument 'cmake_target' from command line to 'None'
[0.511s] Level 5:colcon.colcon_core.verb:set package 'interface' build argument 'cmake_target_skip_unavailable' from command line to 'False'
[0.511s] Level 5:colcon.colcon_core.verb:set package 'interface' build argument 'cmake_clean_cache' from command line to 'False'
[0.511s] Level 5:colcon.colcon_core.verb:set package 'interface' build argument 'cmake_clean_first' from command line to 'False'
[0.511s] Level 5:colcon.colcon_core.verb:set package 'interface' build argument 'cmake_force_configure' from command line to 'False'
[0.511s] Level 5:colcon.colcon_core.verb:set package 'interface' build argument 'ament_cmake_args' from command line to 'None'
[0.511s] Level 5:colcon.colcon_core.verb:set package 'interface' build argument 'catkin_cmake_args' from command line to 'None'
[0.511s] Level 5:colcon.colcon_core.verb:set package 'interface' build argument 'catkin_skip_building_tests' from command line to 'False'
[0.511s] DEBUG:colcon.colcon_core.verb:Building package 'interface' with the following arguments: {'ament_cmake_args': None, 'build_base': '/home/jacob/MTRN4231/lab2_workspace/src/build/interface', 'catkin_cmake_args': None, 'catkin_skip_building_tests': False, 'cmake_args': None, 'cmake_clean_cache': False, 'cmake_clean_first': False, 'cmake_force_configure': False, 'cmake_target': None, 'cmake_target_skip_unavailable': False, 'install_base': '/home/jacob/MTRN4231/lab2_workspace/src/install/interface', 'merge_install': False, 'path': '/home/jacob/MTRN4231/lab2_workspace/src/interface', 'symlink_install': False, 'test_result_base': None}
[0.512s] Level 5:colcon.colcon_core.verb:set package 'lab2_client_service' build argument 'cmake_args' from command line to 'None'
[0.512s] Level 5:colcon.colcon_core.verb:set package 'lab2_client_service' build argument 'cmake_target' from command line to 'None'
[0.512s] Level 5:colcon.colcon_core.verb:set package 'lab2_client_service' build argument 'cmake_target_skip_unavailable' from command line to 'False'
[0.512s] Level 5:colcon.colcon_core.verb:set package 'lab2_client_service' build argument 'cmake_clean_cache' from command line to 'False'
[0.512s] Level 5:colcon.colcon_core.verb:set package 'lab2_client_service' build argument 'cmake_clean_first' from command line to 'False'
[0.512s] Level 5:colcon.colcon_core.verb:set package 'lab2_client_service' build argument 'cmake_force_configure' from command line to 'False'
[0.512s] Level 5:colcon.colcon_core.verb:set package 'lab2_client_service' build argument 'ament_cmake_args' from command line to 'None'
[0.512s] Level 5:colcon.colcon_core.verb:set package 'lab2_client_service' build argument 'catkin_cmake_args' from command line to 'None'
[0.512s] Level 5:colcon.colcon_core.verb:set package 'lab2_client_service' build argument 'catkin_skip_building_tests' from command line to 'False'
[0.512s] DEBUG:colcon.colcon_core.verb:Building package 'lab2_client_service' with the following arguments: {'ament_cmake_args': None, 'build_base': '/home/jacob/MTRN4231/lab2_workspace/src/build/lab2_client_service', 'catkin_cmake_args': None, 'catkin_skip_building_tests': False, 'cmake_args': None, 'cmake_clean_cache': False, 'cmake_clean_first': False, 'cmake_force_configure': False, 'cmake_target': None, 'cmake_target_skip_unavailable': False, 'install_base': '/home/jacob/MTRN4231/lab2_workspace/src/install/lab2_client_service', 'merge_install': False, 'path': '/home/jacob/MTRN4231/lab2_workspace/src/lab2_client_service', 'symlink_install': False, 'test_result_base': None}
[0.513s] Level 5:colcon.colcon_core.verb:set package 'transformations' build argument 'cmake_args' from command line to 'None'
[0.513s] Level 5:colcon.colcon_core.verb:set package 'transformations' build argument 'cmake_target' from command line to 'None'
[0.513s] Level 5:colcon.colcon_core.verb:set package 'transformations' build argument 'cmake_target_skip_unavailable' from command line to 'False'
[0.513s] Level 5:colcon.colcon_core.verb:set package 'transformations' build argument 'cmake_clean_cache' from command line to 'False'
[0.513s] Level 5:colcon.colcon_core.verb:set package 'transformations' build argument 'cmake_clean_first' from command line to 'False'
[0.513s] Level 5:colcon.colcon_core.verb:set package 'transformations' build argument 'cmake_force_configure' from command line to 'False'
[0.513s] Level 5:colcon.colcon_core.verb:set package 'transformations' build argument 'ament_cmake_args' from command line to 'None'
[0.513s] Level 5:colcon.colcon_core.verb:set package 'transformations' build argument 'catkin_cmake_args' from command line to 'None'
[0.513s] Level 5:colcon.colcon_core.verb:set package 'transformations' build argument 'catkin_skip_building_tests' from command line to 'False'
[0.513s] DEBUG:colcon.colcon_core.verb:Building package 'transformations' with the following arguments: {'ament_cmake_args': None, 'build_base': '/home/jacob/MTRN4231/lab2_workspace/src/build/transformations', 'catkin_cmake_args': None, 'catkin_skip_building_tests': False, 'cmake_args': None, 'cmake_clean_cache': False, 'cmake_clean_first': False, 'cmake_force_configure': False, 'cmake_target': None, 'cmake_target_skip_unavailable': False, 'install_base': '/home/jacob/MTRN4231/lab2_workspace/src/install/transformations', 'merge_install': False, 'path': '/home/jacob/MTRN4231/lab2_workspace/src/transformations', 'symlink_install': False, 'test_result_base': None}
[0.513s] Level 5:colcon.colcon_core.verb:set package 'visualisation' build argument 'cmake_args' from command line to 'None'
[0.513s] Level 5:colcon.colcon_core.verb:set package 'visualisation' build argument 'cmake_target' from command line to 'None'
[0.513s] Level 5:colcon.colcon_core.verb:set package 'visualisation' build argument 'cmake_target_skip_unavailable' from command line to 'False'
[0.513s] Level 5:colcon.colcon_core.verb:set package 'visualisation' build argument 'cmake_clean_cache' from command line to 'False'
[0.514s] Level 5:colcon.colcon_core.verb:set package 'visualisation' build argument 'cmake_clean_first' from command line to 'False'
[0.514s] Level 5:colcon.colcon_core.verb:set package 'visualisation' build argument 'cmake_force_configure' from command line to 'False'
[0.514s] Level 5:colcon.colcon_core.verb:set package 'visualisation' build argument 'ament_cmake_args' from command line to 'None'
[0.514s] Level 5:colcon.colcon_core.verb:set package 'visualisation' build argument 'catkin_cmake_args' from command line to 'None'
[0.514s] Level 5:colcon.colcon_core.verb:set package 'visualisation' build argument 'catkin_skip_building_tests' from command line to 'False'
[0.514s] DEBUG:colcon.colcon_core.verb:Building package 'visualisation' with the following arguments: {'ament_cmake_args': None, 'build_base': '/home/jacob/MTRN4231/lab2_workspace/src/build/visualisation', 'catkin_cmake_args': None, 'catkin_skip_building_tests': False, 'cmake_args': None, 'cmake_clean_cache': False, 'cmake_clean_first': False, 'cmake_force_configure': False, 'cmake_target': None, 'cmake_target_skip_unavailable': False, 'install_base': '/home/jacob/MTRN4231/lab2_workspace/src/install/visualisation', 'merge_install': False, 'path': '/home/jacob/MTRN4231/lab2_workspace/src/visualisation', 'symlink_install': False, 'test_result_base': None}
[0.514s] INFO:colcon.colcon_core.executor:Executing jobs using 'parallel' executor
[0.515s] DEBUG:colcon.colcon_parallel_executor.executor.parallel:run_until_complete
[0.515s] INFO:colcon.colcon_ros.task.ament_cmake.build:Building ROS package in '/home/jacob/MTRN4231/lab2_workspace/src/interface' with build type 'ament_cmake'
[0.516s] INFO:colcon.colcon_cmake.task.cmake.build:Building CMake package in '/home/jacob/MTRN4231/lab2_workspace/src/interface'
[0.518s] INFO:colcon.colcon_core.plugin_system:Skipping extension 'colcon_core.shell.bat': Not used on non-Windows systems
[0.518s] INFO:colcon.colcon_core.shell:Skip shell extension 'powershell' for command environment: Not usable outside of PowerShell
[0.519s] DEBUG:colcon.colcon_core.shell:Skip shell extension 'dsv' for command environment
[0.524s] INFO:colcon.colcon_ros.task.ament_cmake.build:Building ROS package in '/home/jacob/MTRN4231/lab2_workspace/src/lab2_client_service' with build type 'ament_cmake'
[0.524s] INFO:colcon.colcon_cmake.task.cmake.build:Building CMake package in '/home/jacob/MTRN4231/lab2_workspace/src/lab2_client_service'
[0.525s] INFO:colcon.colcon_core.shell:Skip shell extension 'powershell' for command environment: Not usable outside of PowerShell
[0.525s] DEBUG:colcon.colcon_core.shell:Skip shell extension 'dsv' for command environment
[0.529s] INFO:colcon.colcon_ros.task.ament_cmake.build:Building ROS package in '/home/jacob/MTRN4231/lab2_workspace/src/transformations' with build type 'ament_cmake'
[0.530s] INFO:colcon.colcon_cmake.task.cmake.build:Building CMake package in '/home/jacob/MTRN4231/lab2_workspace/src/transformations'
[0.530s] INFO:colcon.colcon_core.shell:Skip shell extension 'powershell' for command environment: Not usable outside of PowerShell
[0.530s] DEBUG:colcon.colcon_core.shell:Skip shell extension 'dsv' for command environment
[0.538s] INFO:colcon.colcon_ros.task.ament_cmake.build:Building ROS package in '/home/jacob/MTRN4231/lab2_workspace/src/visualisation' with build type 'ament_cmake'
[0.538s] INFO:colcon.colcon_cmake.task.cmake.build:Building CMake package in '/home/jacob/MTRN4231/lab2_workspace/src/visualisation'
[0.539s] INFO:colcon.colcon_core.shell:Skip shell extension 'powershell' for command environment: Not usable outside of PowerShell
[0.539s] DEBUG:colcon.colcon_core.shell:Skip shell extension 'dsv' for command environment
[0.556s] DEBUG:colcon.colcon_core.event_handler.log_command:Invoking command in '/home/jacob/MTRN4231/lab2_workspace/src/build/interface': CMAKE_PREFIX_PATH=${CMAKE_PREFIX_PATH}:/opt/ros/humble /usr/bin/cmake /home/jacob/MTRN4231/lab2_workspace/src/interface -DCMAKE_INSTALL_PREFIX=/home/jacob/MTRN4231/lab2_workspace/src/install/interface
[0.562s] DEBUG:colcon.colcon_core.event_handler.log_command:Invoking command in '/home/jacob/MTRN4231/lab2_workspace/src/build/lab2_client_service': CMAKE_PREFIX_PATH=${CMAKE_PREFIX_PATH}:/opt/ros/humble /usr/bin/cmake --build /home/jacob/MTRN4231/lab2_workspace/src/build/lab2_client_service -- -j8 -l8
[0.571s] DEBUG:colcon.colcon_core.event_handler.log_command:Invoking command in '/home/jacob/MTRN4231/lab2_workspace/src/build/transformations': CMAKE_PREFIX_PATH=${CMAKE_PREFIX_PATH}:/opt/ros/humble /usr/bin/cmake --build /home/jacob/MTRN4231/lab2_workspace/src/build/transformations -- -j8 -l8
[0.576s] DEBUG:colcon.colcon_core.event_handler.log_command:Invoking command in '/home/jacob/MTRN4231/lab2_workspace/src/build/visualisation': CMAKE_PREFIX_PATH=${CMAKE_PREFIX_PATH}:/opt/ros/humble /usr/bin/cmake --build /home/jacob/MTRN4231/lab2_workspace/src/build/visualisation -- -j8 -l8
[0.725s] DEBUG:colcon.colcon_core.event_handler.log_command:Invoked command in '/home/jacob/MTRN4231/lab2_workspace/src/build/lab2_client_service' returned '0': CMAKE_PREFIX_PATH=${CMAKE_PREFIX_PATH}:/opt/ros/humble /usr/bin/cmake --build /home/jacob/MTRN4231/lab2_workspace/src/build/lab2_client_service -- -j8 -l8
[0.740s] DEBUG:colcon.colcon_core.event_handler.log_command:Invoking command in '/home/jacob/MTRN4231/lab2_workspace/src/build/lab2_client_service': CMAKE_PREFIX_PATH=${CMAKE_PREFIX_PATH}:/opt/ros/humble /usr/bin/cmake --install /home/jacob/MTRN4231/lab2_workspace/src/build/lab2_client_service
[0.743s] DEBUG:colcon.colcon_core.event_handler.log_command:Invoked command in '/home/jacob/MTRN4231/lab2_workspace/src/build/transformations' returned '0': CMAKE_PREFIX_PATH=${CMAKE_PREFIX_PATH}:/opt/ros/humble /usr/bin/cmake --build /home/jacob/MTRN4231/lab2_workspace/src/build/transformations -- -j8 -l8
[0.746s] DEBUG:colcon.colcon_core.event_handler.log_command:Invoking command in '/home/jacob/MTRN4231/lab2_workspace/src/build/transformations': CMAKE_PREFIX_PATH=${CMAKE_PREFIX_PATH}:/opt/ros/humble /usr/bin/cmake --install /home/jacob/MTRN4231/lab2_workspace/src/build/transformations
[0.748s] DEBUG:colcon.colcon_core.event_handler.log_command:Invoked command in '/home/jacob/MTRN4231/lab2_workspace/src/build/visualisation' returned '0': CMAKE_PREFIX_PATH=${CMAKE_PREFIX_PATH}:/opt/ros/humble /usr/bin/cmake --build /home/jacob/MTRN4231/lab2_workspace/src/build/visualisation -- -j8 -l8
[0.751s] DEBUG:colcon.colcon_core.event_handler.log_command:Invoking command in '/home/jacob/MTRN4231/lab2_workspace/src/build/visualisation': CMAKE_PREFIX_PATH=${CMAKE_PREFIX_PATH}:/opt/ros/humble /usr/bin/cmake --install /home/jacob/MTRN4231/lab2_workspace/src/build/visualisation
[0.758s] Level 1:colcon.colcon_core.environment:create_environment_scripts_only(lab2_client_service)
[0.760s] DEBUG:colcon.colcon_core.event_handler.log_command:Invoked command in '/home/jacob/MTRN4231/lab2_workspace/src/build/lab2_client_service' returned '0': CMAKE_PREFIX_PATH=${CMAKE_PREFIX_PATH}:/opt/ros/humble /usr/bin/cmake --install /home/jacob/MTRN4231/lab2_workspace/src/build/lab2_client_service
[0.770s] Level 1:colcon.colcon_core.environment:checking '/home/jacob/MTRN4231/lab2_workspace/src/install/lab2_client_service' for CMake module files
[0.771s] Level 1:colcon.colcon_core.environment:checking '/home/jacob/MTRN4231/lab2_workspace/src/install/lab2_client_service' for CMake config files
[0.773s] Level 1:colcon.colcon_core.shell:create_environment_hook('lab2_client_service', 'cmake_prefix_path')
[0.773s] INFO:colcon.colcon_core.shell:Creating environment hook '/home/jacob/MTRN4231/lab2_workspace/src/install/lab2_client_service/share/lab2_client_service/hook/cmake_prefix_path.ps1'
[0.777s] INFO:colcon.colcon_core.shell:Creating environment descriptor '/home/jacob/MTRN4231/lab2_workspace/src/install/lab2_client_service/share/lab2_client_service/hook/cmake_prefix_path.dsv'
[0.777s] INFO:colcon.colcon_core.shell:Creating environment hook '/home/jacob/MTRN4231/lab2_workspace/src/install/lab2_client_service/share/lab2_client_service/hook/cmake_prefix_path.sh'
[0.779s] Level 1:colcon.colcon_core.environment:checking '/home/jacob/MTRN4231/lab2_workspace/src/install/lab2_client_service/lib'
[0.779s] Level 1:colcon.colcon_core.environment:checking '/home/jacob/MTRN4231/lab2_workspace/src/install/lab2_client_service/bin'
[0.780s] Level 1:colcon.colcon_core.environment:checking '/home/jacob/MTRN4231/lab2_workspace/src/install/lab2_client_service/lib/pkgconfig/lab2_client_service.pc'
[0.780s] Level 1:colcon.colcon_core.environment:checking '/home/jacob/MTRN4231/lab2_workspace/src/install/lab2_client_service/lib/python3.10/site-packages'
[0.780s] Level 1:colcon.colcon_core.environment:checking '/home/jacob/MTRN4231/lab2_workspace/src/install/lab2_client_service/bin'
[0.781s] INFO:colcon.colcon_core.shell:Creating package script '/home/jacob/MTRN4231/lab2_workspace/src/install/lab2_client_service/share/lab2_client_service/package.ps1'
[0.783s] INFO:colcon.colcon_core.shell:Creating package descriptor '/home/jacob/MTRN4231/lab2_workspace/src/install/lab2_client_service/share/lab2_client_service/package.dsv'
[0.784s] INFO:colcon.colcon_core.shell:Creating package script '/home/jacob/MTRN4231/lab2_workspace/src/install/lab2_client_service/share/lab2_client_service/package.sh'
[0.786s] INFO:colcon.colcon_core.shell:Creating package script '/home/jacob/MTRN4231/lab2_workspace/src/install/lab2_client_service/share/lab2_client_service/package.bash'
[0.787s] INFO:colcon.colcon_core.shell:Creating package script '/home/jacob/MTRN4231/lab2_workspace/src/install/lab2_client_service/share/lab2_client_service/package.zsh'
[0.788s] Level 1:colcon.colcon_core.environment:create_file_with_runtime_dependencies(/home/jacob/MTRN4231/lab2_workspace/src/install/lab2_client_service/share/colcon-core/packages/lab2_client_service)
[0.790s] Level 1:colcon.colcon_core.environment:create_environment_scripts_only(lab2_client_service)
[0.790s] Level 1:colcon.colcon_core.environment:checking '/home/jacob/MTRN4231/lab2_workspace/src/install/lab2_client_service' for CMake module files
[0.791s] Level 1:colcon.colcon_core.environment:checking '/home/jacob/MTRN4231/lab2_workspace/src/install/lab2_client_service' for CMake config files
[0.792s] Level 1:colcon.colcon_core.shell:create_environment_hook('lab2_client_service', 'cmake_prefix_path')
[0.793s] INFO:colcon.colcon_core.shell:Creating environment hook '/home/jacob/MTRN4231/lab2_workspace/src/install/lab2_client_service/share/lab2_client_service/hook/cmake_prefix_path.ps1'
[0.794s] INFO:colcon.colcon_core.shell:Creating environment descriptor '/home/jacob/MTRN4231/lab2_workspace/src/install/lab2_client_service/share/lab2_client_service/hook/cmake_prefix_path.dsv'
[0.794s] INFO:colcon.colcon_core.shell:Creating environment hook '/home/jacob/MTRN4231/lab2_workspace/src/install/lab2_client_service/share/lab2_client_service/hook/cmake_prefix_path.sh'
[0.795s] Level 1:colcon.colcon_core.environment:checking '/home/jacob/MTRN4231/lab2_workspace/src/install/lab2_client_service/lib'
[0.795s] Level 1:colcon.colcon_core.environment:checking '/home/jacob/MTRN4231/lab2_workspace/src/install/lab2_client_service/bin'
[0.795s] Level 1:colcon.colcon_core.environment:checking '/home/jacob/MTRN4231/lab2_workspace/src/install/lab2_client_service/lib/pkgconfig/lab2_client_service.pc'
[0.795s] Level 1:colcon.colcon_core.environment:checking '/home/jacob/MTRN4231/lab2_workspace/src/install/lab2_client_service/lib/python3.10/site-packages'
[0.796s] Level 1:colcon.colcon_core.environment:checking '/home/jacob/MTRN4231/lab2_workspace/src/install/lab2_client_service/bin'
[0.796s] INFO:colcon.colcon_core.shell:Creating package script '/home/jacob/MTRN4231/lab2_workspace/src/install/lab2_client_service/share/lab2_client_service/package.ps1'
[0.797s] INFO:colcon.colcon_core.shell:Creating package descriptor '/home/jacob/MTRN4231/lab2_workspace/src/install/lab2_client_service/share/lab2_client_service/package.dsv'
[0.798s] INFO:colcon.colcon_core.shell:Creating package script '/home/jacob/MTRN4231/lab2_workspace/src/install/lab2_client_service/share/lab2_client_service/package.sh'
[0.799s] INFO:colcon.colcon_core.shell:Creating package script '/home/jacob/MTRN4231/lab2_workspace/src/install/lab2_client_service/share/lab2_client_service/package.bash'
[0.800s] INFO:colcon.colcon_core.shell:Creating package script '/home/jacob/MTRN4231/lab2_workspace/src/install/lab2_client_service/share/lab2_client_service/package.zsh'
[0.801s] Level 1:colcon.colcon_core.environment:create_file_with_runtime_dependencies(/home/jacob/MTRN4231/lab2_workspace/src/install/lab2_client_service/share/colcon-core/packages/lab2_client_service)
[0.803s] Level 1:colcon.colcon_core.environment:create_environment_scripts_only(visualisation)
[0.803s] Level 1:colcon.colcon_core.environment:checking '/home/jacob/MTRN4231/lab2_workspace/src/install/visualisation' for CMake module files
[0.804s] DEBUG:colcon.colcon_core.event_handler.log_command:Invoked command in '/home/jacob/MTRN4231/lab2_workspace/src/build/visualisation' returned '0': CMAKE_PREFIX_PATH=${CMAKE_PREFIX_PATH}:/opt/ros/humble /usr/bin/cmake --install /home/jacob/MTRN4231/lab2_workspace/src/build/visualisation
[0.805s] Level 1:colcon.colcon_core.environment:checking '/home/jacob/MTRN4231/lab2_workspace/src/install/visualisation' for CMake config files
[0.806s] Level 1:colcon.colcon_core.shell:create_environment_hook('visualisation', 'cmake_prefix_path')
[0.806s] INFO:colcon.colcon_core.shell:Creating environment hook '/home/jacob/MTRN4231/lab2_workspace/src/install/visualisation/share/visualisation/hook/cmake_prefix_path.ps1'
[0.807s] INFO:colcon.colcon_core.shell:Creating environment descriptor '/home/jacob/MTRN4231/lab2_workspace/src/install/visualisation/share/visualisation/hook/cmake_prefix_path.dsv'
[0.808s] INFO:colcon.colcon_core.shell:Creating environment hook '/home/jacob/MTRN4231/lab2_workspace/src/install/visualisation/share/visualisation/hook/cmake_prefix_path.sh'
[0.809s] Level 1:colcon.colcon_core.environment:checking '/home/jacob/MTRN4231/lab2_workspace/src/install/visualisation/lib'
[0.809s] Level 1:colcon.colcon_core.environment:checking '/home/jacob/MTRN4231/lab2_workspace/src/install/visualisation/bin'
[0.809s] Level 1:colcon.colcon_core.environment:checking '/home/jacob/MTRN4231/lab2_workspace/src/install/visualisation/lib/pkgconfig/visualisation.pc'
[0.810s] Level 1:colcon.colcon_core.environment:checking '/home/jacob/MTRN4231/lab2_workspace/src/install/visualisation/lib/python3.10/site-packages'
[0.810s] Level 1:colcon.colcon_core.environment:checking '/home/jacob/MTRN4231/lab2_workspace/src/install/visualisation/bin'
[0.811s] INFO:colcon.colcon_core.shell:Creating package script '/home/jacob/MTRN4231/lab2_workspace/src/install/visualisation/share/visualisation/package.ps1'
[0.812s] INFO:colcon.colcon_core.shell:Creating package descriptor '/home/jacob/MTRN4231/lab2_workspace/src/install/visualisation/share/visualisation/package.dsv'
[0.813s] INFO:colcon.colcon_core.shell:Creating package script '/home/jacob/MTRN4231/lab2_workspace/src/install/visualisation/share/visualisation/package.sh'
[0.813s] INFO:colcon.colcon_core.shell:Creating package script '/home/jacob/MTRN4231/lab2_workspace/src/install/visualisation/share/visualisation/package.bash'
[0.814s] INFO:colcon.colcon_core.shell:Creating package script '/home/jacob/MTRN4231/lab2_workspace/src/install/visualisation/share/visualisation/package.zsh'
[0.815s] Level 1:colcon.colcon_core.environment:create_file_with_runtime_dependencies(/home/jacob/MTRN4231/lab2_workspace/src/install/visualisation/share/colcon-core/packages/visualisation)
[0.817s] Level 1:colcon.colcon_core.environment:create_environment_scripts_only(visualisation)
[0.817s] Level 1:colcon.colcon_core.environment:checking '/home/jacob/MTRN4231/lab2_workspace/src/install/visualisation' for CMake module files
[0.818s] Level 1:colcon.colcon_core.environment:checking '/home/jacob/MTRN4231/lab2_workspace/src/install/visualisation' for CMake config files
[0.819s] Level 1:colcon.colcon_core.shell:create_environment_hook('visualisation', 'cmake_prefix_path')
[0.820s] INFO:colcon.colcon_core.shell:Creating environment hook '/home/jacob/MTRN4231/lab2_workspace/src/install/visualisation/share/visualisation/hook/cmake_prefix_path.ps1'
[0.821s] INFO:colcon.colcon_core.shell:Creating environment descriptor '/home/jacob/MTRN4231/lab2_workspace/src/install/visualisation/share/visualisation/hook/cmake_prefix_path.dsv'
[0.822s] INFO:colcon.colcon_core.shell:Creating environment hook '/home/jacob/MTRN4231/lab2_workspace/src/install/visualisation/share/visualisation/hook/cmake_prefix_path.sh'
[0.823s] Level 1:colcon.colcon_core.environment:checking '/home/jacob/MTRN4231/lab2_workspace/src/install/visualisation/lib'
[0.824s] Level 1:colcon.colcon_core.environment:checking '/home/jacob/MTRN4231/lab2_workspace/src/install/visualisation/bin'
[0.824s] Level 1:colcon.colcon_core.environment:checking '/home/jacob/MTRN4231/lab2_workspace/src/install/visualisation/lib/pkgconfig/visualisation.pc'
[0.824s] Level 1:colcon.colcon_core.environment:checking '/home/jacob/MTRN4231/lab2_workspace/src/install/visualisation/lib/python3.10/site-packages'
[0.825s] Level 1:colcon.colcon_core.environment:checking '/home/jacob/MTRN4231/lab2_workspace/src/install/visualisation/bin'
[0.826s] INFO:colcon.colcon_core.shell:Creating package script '/home/jacob/MTRN4231/lab2_workspace/src/install/visualisation/share/visualisation/package.ps1'
[0.827s] INFO:colcon.colcon_core.shell:Creating package descriptor '/home/jacob/MTRN4231/lab2_workspace/src/install/visualisation/share/visualisation/package.dsv'
[0.828s] INFO:colcon.colcon_core.shell:Creating package script '/home/jacob/MTRN4231/lab2_workspace/src/install/visualisation/share/visualisation/package.sh'
[0.828s] INFO:colcon.colcon_core.shell:Creating package script '/home/jacob/MTRN4231/lab2_workspace/src/install/visualisation/share/visualisation/package.bash'
[0.829s] INFO:colcon.colcon_core.shell:Creating package script '/home/jacob/MTRN4231/lab2_workspace/src/install/visualisation/share/visualisation/package.zsh'
[0.830s] Level 1:colcon.colcon_core.environment:create_file_with_runtime_dependencies(/home/jacob/MTRN4231/lab2_workspace/src/install/visualisation/share/colcon-core/packages/visualisation)
[0.830s] Level 1:colcon.colcon_core.environment:create_environment_scripts_only(transformations)
[0.831s] Level 1:colcon.colcon_core.environment:checking '/home/jacob/MTRN4231/lab2_workspace/src/install/transformations' for CMake module files
[0.833s] DEBUG:colcon.colcon_core.event_handler.log_command:Invoked command in '/home/jacob/MTRN4231/lab2_workspace/src/build/transformations' returned '0': CMAKE_PREFIX_PATH=${CMAKE_PREFIX_PATH}:/opt/ros/humble /usr/bin/cmake --install /home/jacob/MTRN4231/lab2_workspace/src/build/transformations
[0.834s] Level 1:colcon.colcon_core.environment:checking '/home/jacob/MTRN4231/lab2_workspace/src/install/transformations' for CMake config files
[0.835s] Level 1:colcon.colcon_core.shell:create_environment_hook('transformations', 'cmake_prefix_path')
[0.836s] INFO:colcon.colcon_core.shell:Creating environment hook '/home/jacob/MTRN4231/lab2_workspace/src/install/transformations/share/transformations/hook/cmake_prefix_path.ps1'
[0.837s] INFO:colcon.colcon_core.shell:Creating environment descriptor '/home/jacob/MTRN4231/lab2_workspace/src/install/transformations/share/transformations/hook/cmake_prefix_path.dsv'
[0.838s] INFO:colcon.colcon_core.shell:Creating environment hook '/home/jacob/MTRN4231/lab2_workspace/src/install/transformations/share/transformations/hook/cmake_prefix_path.sh'
[0.840s] Level 1:colcon.colcon_core.environment:checking '/home/jacob/MTRN4231/lab2_workspace/src/install/transformations/lib'
[0.840s] Level 1:colcon.colcon_core.environment:checking '/home/jacob/MTRN4231/lab2_workspace/src/install/transformations/bin'
[0.840s] Level 1:colcon.colcon_core.environment:checking '/home/jacob/MTRN4231/lab2_workspace/src/install/transformations/lib/pkgconfig/transformations.pc'
[0.841s] Level 1:colcon.colcon_core.environment:checking '/home/jacob/MTRN4231/lab2_workspace/src/install/transformations/lib/python3.10/site-packages'
[0.842s] Level 1:colcon.colcon_core.environment:checking '/home/jacob/MTRN4231/lab2_workspace/src/install/transformations/bin'
[0.842s] INFO:colcon.colcon_core.shell:Creating package script '/home/jacob/MTRN4231/lab2_workspace/src/install/transformations/share/transformations/package.ps1'
[0.844s] INFO:colcon.colcon_core.shell:Creating package descriptor '/home/jacob/MTRN4231/lab2_workspace/src/install/transformations/share/transformations/package.dsv'
[0.845s] INFO:colcon.colcon_core.shell:Creating package script '/home/jacob/MTRN4231/lab2_workspace/src/install/transformations/share/transformations/package.sh'
[0.846s] INFO:colcon.colcon_core.shell:Creating package script '/home/jacob/MTRN4231/lab2_workspace/src/install/transformations/share/transformations/package.bash'
[0.847s] INFO:colcon.colcon_core.shell:Creating package script '/home/jacob/MTRN4231/lab2_workspace/src/install/transformations/share/transformations/package.zsh'
[0.848s] Level 1:colcon.colcon_core.environment:create_file_with_runtime_dependencies(/home/jacob/MTRN4231/lab2_workspace/src/install/transformations/share/colcon-core/packages/transformations)
[0.849s] Level 1:colcon.colcon_core.environment:create_environment_scripts_only(transformations)
[0.849s] Level 1:colcon.colcon_core.environment:checking '/home/jacob/MTRN4231/lab2_workspace/src/install/transformations' for CMake module files
[0.851s] Level 1:colcon.colcon_core.environment:checking '/home/jacob/MTRN4231/lab2_workspace/src/install/transformations' for CMake config files
[0.851s] Level 1:colcon.colcon_core.shell:create_environment_hook('transformations', 'cmake_prefix_path')
[0.852s] INFO:colcon.colcon_core.shell:Creating environment hook '/home/jacob/MTRN4231/lab2_workspace/src/install/transformations/share/transformations/hook/cmake_prefix_path.ps1'
[0.853s] INFO:colcon.colcon_core.shell:Creating environment descriptor '/home/jacob/MTRN4231/lab2_workspace/src/install/transformations/share/transformations/hook/cmake_prefix_path.dsv'
[0.854s] INFO:colcon.colcon_core.shell:Creating environment hook '/home/jacob/MTRN4231/lab2_workspace/src/install/transformations/share/transformations/hook/cmake_prefix_path.sh'
[0.855s] Level 1:colcon.colcon_core.environment:checking '/home/jacob/MTRN4231/lab2_workspace/src/install/transformations/lib'
[0.856s] Level 1:colcon.colcon_core.environment:checking '/home/jacob/MTRN4231/lab2_workspace/src/install/transformations/bin'
[0.856s] Level 1:colcon.colcon_core.environment:checking '/home/jacob/MTRN4231/lab2_workspace/src/install/transformations/lib/pkgconfig/transformations.pc'
[0.856s] Level 1:colcon.colcon_core.environment:checking '/home/jacob/MTRN4231/lab2_workspace/src/install/transformations/lib/python3.10/site-packages'
[0.857s] Level 1:colcon.colcon_core.environment:checking '/home/jacob/MTRN4231/lab2_workspace/src/install/transformations/bin'
[0.858s] INFO:colcon.colcon_core.shell:Creating package script '/home/jacob/MTRN4231/lab2_workspace/src/install/transformations/share/transformations/package.ps1'
[0.859s] INFO:colcon.colcon_core.shell:Creating package descriptor '/home/jacob/MTRN4231/lab2_workspace/src/install/transformations/share/transformations/package.dsv'
[0.860s] INFO:colcon.colcon_core.shell:Creating package script '/home/jacob/MTRN4231/lab2_workspace/src/install/transformations/share/transformations/package.sh'
[0.861s] INFO:colcon.colcon_core.shell:Creating package script '/home/jacob/MTRN4231/lab2_workspace/src/install/transformations/share/transformations/package.bash'
[0.862s] INFO:colcon.colcon_core.shell:Creating package script '/home/jacob/MTRN4231/lab2_workspace/src/install/transformations/share/transformations/package.zsh'
[0.863s] Level 1:colcon.colcon_core.environment:create_file_with_runtime_dependencies(/home/jacob/MTRN4231/lab2_workspace/src/install/transformations/share/colcon-core/packages/transformations)
[3.648s] DEBUG:colcon.colcon_core.event_handler.log_command:Invoked command in '/home/jacob/MTRN4231/lab2_workspace/src/build/interface' returned '0': CMAKE_PREFIX_PATH=${CMAKE_PREFIX_PATH}:/opt/ros/humble /usr/bin/cmake /home/jacob/MTRN4231/lab2_workspace/src/interface -DCMAKE_INSTALL_PREFIX=/home/jacob/MTRN4231/lab2_workspace/src/install/interface
[3.649s] DEBUG:colcon.colcon_core.event_handler.log_command:Invoking command in '/home/jacob/MTRN4231/lab2_workspace/src/build/interface': CMAKE_PREFIX_PATH=${CMAKE_PREFIX_PATH}:/opt/ros/humble /usr/bin/cmake --build /home/jacob/MTRN4231/lab2_workspace/src/build/interface -- -j8 -l8
[7.685s] DEBUG:colcon.colcon_core.event_handler.log_command:Invoked command in '/home/jacob/MTRN4231/lab2_workspace/src/build/interface' returned '0': CMAKE_PREFIX_PATH=${CMAKE_PREFIX_PATH}:/opt/ros/humble /usr/bin/cmake --build /home/jacob/MTRN4231/lab2_workspace/src/build/interface -- -j8 -l8
[7.688s] DEBUG:colcon.colcon_core.event_handler.log_command:Invoking command in '/home/jacob/MTRN4231/lab2_workspace/src/build/interface': CMAKE_PREFIX_PATH=${CMAKE_PREFIX_PATH}:/opt/ros/humble /usr/bin/cmake --install /home/jacob/MTRN4231/lab2_workspace/src/build/interface
[7.818s] Level 1:colcon.colcon_core.environment:create_environment_scripts_only(interface)
[7.819s] DEBUG:colcon.colcon_core.event_handler.log_command:Invoked command in '/home/jacob/MTRN4231/lab2_workspace/src/build/interface' returned '0': CMAKE_PREFIX_PATH=${CMAKE_PREFIX_PATH}:/opt/ros/humble /usr/bin/cmake --install /home/jacob/MTRN4231/lab2_workspace/src/build/interface
[7.820s] Level 1:colcon.colcon_core.environment:checking '/home/jacob/MTRN4231/lab2_workspace/src/install/interface' for CMake module files
[7.821s] Level 1:colcon.colcon_core.environment:checking '/home/jacob/MTRN4231/lab2_workspace/src/install/interface' for CMake config files
[7.821s] Level 1:colcon.colcon_core.shell:create_environment_hook('interface', 'cmake_prefix_path')
[7.822s] INFO:colcon.colcon_core.shell:Creating environment hook '/home/jacob/MTRN4231/lab2_workspace/src/install/interface/share/interface/hook/cmake_prefix_path.ps1'
[7.822s] INFO:colcon.colcon_core.shell:Creating environment descriptor '/home/jacob/MTRN4231/lab2_workspace/src/install/interface/share/interface/hook/cmake_prefix_path.dsv'
[7.822s] INFO:colcon.colcon_core.shell:Creating environment hook '/home/jacob/MTRN4231/lab2_workspace/src/install/interface/share/interface/hook/cmake_prefix_path.sh'
[7.823s] Level 1:colcon.colcon_core.environment:checking '/home/jacob/MTRN4231/lab2_workspace/src/install/interface/lib'
[7.823s] Level 1:colcon.colcon_core.shell:create_environment_hook('interface', 'ld_library_path_lib')
[7.824s] INFO:colcon.colcon_core.shell:Creating environment hook '/home/jacob/MTRN4231/lab2_workspace/src/install/interface/share/interface/hook/ld_library_path_lib.ps1'
[7.824s] INFO:colcon.colcon_core.shell:Creating environment descriptor '/home/jacob/MTRN4231/lab2_workspace/src/install/interface/share/interface/hook/ld_library_path_lib.dsv'
[7.825s] INFO:colcon.colcon_core.shell:Creating environment hook '/home/jacob/MTRN4231/lab2_workspace/src/install/interface/share/interface/hook/ld_library_path_lib.sh'
[7.826s] Level 1:colcon.colcon_core.environment:checking '/home/jacob/MTRN4231/lab2_workspace/src/install/interface/bin'
[7.826s] Level 1:colcon.colcon_core.environment:checking '/home/jacob/MTRN4231/lab2_workspace/src/install/interface/lib/pkgconfig/interface.pc'
[7.826s] Level 1:colcon.colcon_core.environment:checking '/home/jacob/MTRN4231/lab2_workspace/src/install/interface/lib/python3.10/site-packages'
[7.827s] Level 1:colcon.colcon_core.environment:checking '/home/jacob/MTRN4231/lab2_workspace/src/install/interface/bin'
[7.828s] INFO:colcon.colcon_core.shell:Creating package script '/home/jacob/MTRN4231/lab2_workspace/src/install/interface/share/interface/package.ps1'
[7.829s] INFO:colcon.colcon_core.shell:Creating package descriptor '/home/jacob/MTRN4231/lab2_workspace/src/install/interface/share/interface/package.dsv'
[7.829s] INFO:colcon.colcon_core.shell:Creating package script '/home/jacob/MTRN4231/lab2_workspace/src/install/interface/share/interface/package.sh'
[7.830s] INFO:colcon.colcon_core.shell:Creating package script '/home/jacob/MTRN4231/lab2_workspace/src/install/interface/share/interface/package.bash'
[7.831s] INFO:colcon.colcon_core.shell:Creating package script '/home/jacob/MTRN4231/lab2_workspace/src/install/interface/share/interface/package.zsh'
[7.831s] Level 1:colcon.colcon_core.environment:create_file_with_runtime_dependencies(/home/jacob/MTRN4231/lab2_workspace/src/install/interface/share/colcon-core/packages/interface)
[7.832s] Level 1:colcon.colcon_core.environment:create_environment_scripts_only(interface)
[7.832s] Level 1:colcon.colcon_core.environment:checking '/home/jacob/MTRN4231/lab2_workspace/src/install/interface' for CMake module files
[7.833s] Level 1:colcon.colcon_core.environment:checking '/home/jacob/MTRN4231/lab2_workspace/src/install/interface' for CMake config files
[7.833s] Level 1:colcon.colcon_core.shell:create_environment_hook('interface', 'cmake_prefix_path')
[7.834s] INFO:colcon.colcon_core.shell:Creating environment hook '/home/jacob/MTRN4231/lab2_workspace/src/install/interface/share/interface/hook/cmake_prefix_path.ps1'
[7.834s] INFO:colcon.colcon_core.shell:Creating environment descriptor '/home/jacob/MTRN4231/lab2_workspace/src/install/interface/share/interface/hook/cmake_prefix_path.dsv'
[7.835s] INFO:colcon.colcon_core.shell:Creating environment hook '/home/jacob/MTRN4231/lab2_workspace/src/install/interface/share/interface/hook/cmake_prefix_path.sh'
[7.836s] Level 1:colcon.colcon_core.environment:checking '/home/jacob/MTRN4231/lab2_workspace/src/install/interface/lib'
[7.836s] Level 1:colcon.colcon_core.shell:create_environment_hook('interface', 'ld_library_path_lib')
[7.836s] INFO:colcon.colcon_core.shell:Creating environment hook '/home/jacob/MTRN4231/lab2_workspace/src/install/interface/share/interface/hook/ld_library_path_lib.ps1'
[7.837s] INFO:colcon.colcon_core.shell:Creating environment descriptor '/home/jacob/MTRN4231/lab2_workspace/src/install/interface/share/interface/hook/ld_library_path_lib.dsv'
[7.837s] INFO:colcon.colcon_core.shell:Creating environment hook '/home/jacob/MTRN4231/lab2_workspace/src/install/interface/share/interface/hook/ld_library_path_lib.sh'
[7.837s] Level 1:colcon.colcon_core.environment:checking '/home/jacob/MTRN4231/lab2_workspace/src/install/interface/bin'
[7.838s] Level 1:colcon.colcon_core.environment:checking '/home/jacob/MTRN4231/lab2_workspace/src/install/interface/lib/pkgconfig/interface.pc'
[7.838s] Level 1:colcon.colcon_core.environment:checking '/home/jacob/MTRN4231/lab2_workspace/src/install/interface/lib/python3.10/site-packages'
[7.838s] Level 1:colcon.colcon_core.environment:checking '/home/jacob/MTRN4231/lab2_workspace/src/install/interface/bin'
[7.838s] INFO:colcon.colcon_core.shell:Creating package script '/home/jacob/MTRN4231/lab2_workspace/src/install/interface/share/interface/package.ps1'
[7.839s] INFO:colcon.colcon_core.shell:Creating package descriptor '/home/jacob/MTRN4231/lab2_workspace/src/install/interface/share/interface/package.dsv'
[7.840s] INFO:colcon.colcon_core.shell:Creating package script '/home/jacob/MTRN4231/lab2_workspace/src/install/interface/share/interface/package.sh'
[7.841s] INFO:colcon.colcon_core.shell:Creating package script '/home/jacob/MTRN4231/lab2_workspace/src/install/interface/share/interface/package.bash'
[7.842s] INFO:colcon.colcon_core.shell:Creating package script '/home/jacob/MTRN4231/lab2_workspace/src/install/interface/share/interface/package.zsh'
[7.842s] Level 1:colcon.colcon_core.environment:create_file_with_runtime_dependencies(/home/jacob/MTRN4231/lab2_workspace/src/install/interface/share/colcon-core/packages/interface)
[7.842s] DEBUG:colcon.colcon_parallel_executor.executor.parallel:closing loop
[7.843s] DEBUG:colcon.colcon_parallel_executor.executor.parallel:loop closed
[7.843s] DEBUG:colcon.colcon_parallel_executor.executor.parallel:run_until_complete finished with '0'
[7.843s] DEBUG:colcon.colcon_core.event_reactor:joining thread
[7.896s] INFO:colcon.colcon_core.plugin_system:Skipping extension 'colcon_notification.desktop_notification.terminal_notifier': Not used on non-Darwin systems
[7.897s] INFO:colcon.colcon_core.plugin_system:Skipping extension 'colcon_notification.desktop_notification.win32': Not used on non-Windows systems
[7.897s] INFO:colcon.colcon_notification.desktop_notification:Sending desktop notification using 'notify2'
[7.926s] DEBUG:colcon.colcon_core.event_reactor:joined thread
[7.927s] INFO:colcon.colcon_core.shell:Creating prefix script '/home/jacob/MTRN4231/lab2_workspace/src/install/local_setup.ps1'
[7.930s] INFO:colcon.colcon_core.shell:Creating prefix util module '/home/jacob/MTRN4231/lab2_workspace/src/install/_local_setup_util_ps1.py'
[7.934s] INFO:colcon.colcon_core.shell:Creating prefix chain script '/home/jacob/MTRN4231/lab2_workspace/src/install/setup.ps1'
[7.938s] INFO:colcon.colcon_core.shell:Creating prefix script '/home/jacob/MTRN4231/lab2_workspace/src/install/local_setup.sh'
[7.939s] INFO:colcon.colcon_core.shell:Creating prefix util module '/home/jacob/MTRN4231/lab2_workspace/src/install/_local_setup_util_sh.py'
[7.940s] INFO:colcon.colcon_core.shell:Creating prefix chain script '/home/jacob/MTRN4231/lab2_workspace/src/install/setup.sh'
[7.942s] INFO:colcon.colcon_core.shell:Creating prefix script '/home/jacob/MTRN4231/lab2_workspace/src/install/local_setup.bash'
[7.943s] INFO:colcon.colcon_core.shell:Creating prefix chain script '/home/jacob/MTRN4231/lab2_workspace/src/install/setup.bash'
[7.945s] INFO:colcon.colcon_core.shell:Creating prefix script '/home/jacob/MTRN4231/lab2_workspace/src/install/local_setup.zsh'
[7.948s] INFO:colcon.colcon_core.shell:Creating prefix chain script '/home/jacob/MTRN4231/lab2_workspace/src/install/setup.zsh'
