[35m[1mConsolidate compiler generated dependencies of target tf_listener[0m
[ 50%] [32mBuilding CXX object CMakeFiles/static_broadcaster.dir/src/static_camera_transformation.cpp.o[0m
[ 50%] Built target dynamic_broadcaster
[ 66%] [32mBuilding CXX object CMakeFiles/tf_listener.dir/src/listener_transformation.cpp.o[0m
[ 83%] [32m[1mLinking CXX executable tf_listener[0m
[ 83%] Built target tf_listener
[100%] [32m[1mLinking CXX executable static_broadcaster[0m
[100%] Built target static_broadcaster
-- Install configuration: ""
-- Installing: /home/jacob/MTRN4231/lab2_workspace/src/install/transformations/lib/transformations/static_broadcaster
-- Set runtime path of "/home/jacob/MTRN4231/lab2_workspace/src/install/transformations/lib/transformations/static_broadcaster" to ""
-- Up-to-date: /home/jacob/MTRN4231/lab2_workspace/src/install/transformations/lib/transformations/dynamic_broadcaster
-- Installing: /home/jacob/MTRN4231/lab2_workspace/src/install/transformations/lib/transformations/tf_listener
-- Set runtime path of "/home/jacob/MTRN4231/lab2_workspace/src/install/transformations/lib/transformations/tf_listener" to ""
-- Up-to-date: /home/jacob/MTRN4231/lab2_workspace/src/install/transformations/share/ament_index/resource_index/package_run_dependencies/transformations
-- Up-to-date: /home/jacob/MTRN4231/lab2_workspace/src/install/transformations/share/ament_index/resource_index/parent_prefix_path/transformations
-- Up-to-date: /home/jacob/MTRN4231/lab2_workspace/src/install/transformations/share/transformations/environment/ament_prefix_path.sh
-- Up-to-date: /home/jacob/MTRN4231/lab2_workspace/src/install/transformations/share/transformations/environment/ament_prefix_path.dsv
-- Up-to-date: /home/jacob/MTRN4231/lab2_workspace/src/install/transformations/share/transformations/environment/path.sh
-- Up-to-date: /home/jacob/MTRN4231/lab2_workspace/src/install/transformations/share/transformations/environment/path.dsv
-- Up-to-date: /home/jacob/MTRN4231/lab2_workspace/src/install/transformations/share/transformations/local_setup.bash
-- Up-to-date: /home/jacob/MTRN4231/lab2_workspace/src/install/transformations/share/transformations/local_setup.sh
-- Up-to-date: /home/jacob/MTRN4231/lab2_workspace/src/install/transformations/share/transformations/local_setup.zsh
-- Up-to-date: /home/jacob/MTRN4231/lab2_workspace/src/install/transformations/share/transformations/local_setup.dsv
-- Installing: /home/jacob/MTRN4231/lab2_workspace/src/install/transformations/share/transformations/package.dsv
-- Up-to-date: /home/jacob/MTRN4231/lab2_workspace/src/install/transformations/share/ament_index/resource_index/packages/transformations
-- Up-to-date: /home/jacob/MTRN4231/lab2_workspace/src/install/transformations/share/transformations/cmake/transformationsConfig.cmake
-- Up-to-date: /home/jacob/MTRN4231/lab2_workspace/src/install/transformations/share/transformations/cmake/transformationsConfig-version.cmake
-- Up-to-date: /home/jacob/MTRN4231/lab2_workspace/src/install/transformations/share/transformations/package.xml
