[35m[1mConsolidate compiler generated dependencies of target my_interface__rosidl_generator_c[0m
[  3%] Built target my_interface__cpp
[ 12%] Built target my_interface__rosidl_generator_c
[35m[1mConsolidate compiler generated dependencies of target my_interface__rosidl_typesupport_cpp[0m
[35m[1mConsolidate compiler generated dependencies of target my_interface__rosidl_typesupport_c[0m
[35m[1mConsolidate compiler generated dependencies of target my_interface__rosidl_typesupport_introspection_cpp[0m
[ 12%] Built target ament_cmake_python_copy_my_interface
[35m[1mConsolidate compiler generated dependencies of target my_interface__rosidl_typesupport_fastrtps_cpp[0m
[35m[1mConsolidate compiler generated dependencies of target my_interface__rosidl_typesupport_fastrtps_c[0m
[35m[1mConsolidate compiler generated dependencies of target my_interface__rosidl_typesupport_introspection_c[0m
[ 22%] Built target my_interface__rosidl_typesupport_c
[ 32%] Built target my_interface__rosidl_typesupport_introspection_cpp
[ 41%] Built target my_interface__rosidl_typesupport_introspection_c
[ 51%] Built target my_interface__rosidl_typesupport_cpp
[ 61%] Built target my_interface__rosidl_typesupport_fastrtps_cpp
[ 70%] Built target my_interface__rosidl_typesupport_fastrtps_c
[ 70%] Built target my_interface
[ 74%] Built target my_interface__py
[35m[1mConsolidate compiler generated dependencies of target my_interface__rosidl_generator_py[0m
[ 80%] Built target my_interface__rosidl_generator_py
[35m[1mConsolidate compiler generated dependencies of target my_interface__rosidl_typesupport_c__pyext[0m
[35m[1mConsolidate compiler generated dependencies of target my_interface__rosidl_typesupport_fastrtps_c__pyext[0m
[35m[1mConsolidate compiler generated dependencies of target my_interface__rosidl_typesupport_introspection_c__pyext[0m
[ 87%] Built target my_interface__rosidl_typesupport_fastrtps_c__pyext
[ 93%] Built target my_interface__rosidl_typesupport_c__pyext
[100%] Built target my_interface__rosidl_typesupport_introspection_c__pyext
running egg_info
writing my_interface.egg-info/PKG-INFO
writing dependency_links to my_interface.egg-info/dependency_links.txt
writing top-level names to my_interface.egg-info/top_level.txt
reading manifest file 'my_interface.egg-info/SOURCES.txt'
writing manifest file 'my_interface.egg-info/SOURCES.txt'
[100%] Built target ament_cmake_python_build_my_interface_egg
-- Install configuration: ""
-- Installing: /home/jacob/MTRN4231/lab2_workspace/src/install/my_interface/share/ament_index/resource_index/rosidl_interfaces/my_interface
-- Installing: /home/jacob/MTRN4231/lab2_workspace/src/install/my_interface/include/my_interface/my_interface
-- Installing: /home/jacob/MTRN4231/lab2_workspace/src/install/my_interface/include/my_interface/my_interface/msg
-- Installing: /home/jacob/MTRN4231/lab2_workspace/src/install/my_interface/include/my_interface/my_interface/msg/rosidl_generator_c__visibility_control.h
-- Installing: /home/jacob/MTRN4231/lab2_workspace/src/install/my_interface/include/my_interface/my_interface/srv
-- Installing: /home/jacob/MTRN4231/lab2_workspace/src/install/my_interface/include/my_interface/my_interface/srv/lookup.h
-- Installing: /home/jacob/MTRN4231/lab2_workspace/src/install/my_interface/include/my_interface/my_interface/srv/detail
-- Installing: /home/jacob/MTRN4231/lab2_workspace/src/install/my_interface/include/my_interface/my_interface/srv/detail/lookup__functions.c
-- Installing: /home/jacob/MTRN4231/lab2_workspace/src/install/my_interface/include/my_interface/my_interface/srv/detail/lookup__struct.h
-- Installing: /home/jacob/MTRN4231/lab2_workspace/src/install/my_interface/include/my_interface/my_interface/srv/detail/lookup__functions.h
-- Installing: /home/jacob/MTRN4231/lab2_workspace/src/install/my_interface/include/my_interface/my_interface/srv/detail/lookup__type_support.h
-- Installing: /home/jacob/MTRN4231/lab2_workspace/src/install/my_interface/share/my_interface/environment/library_path.sh
-- Installing: /home/jacob/MTRN4231/lab2_workspace/src/install/my_interface/share/my_interface/environment/library_path.dsv
-- Installing: /home/jacob/MTRN4231/lab2_workspace/src/install/my_interface/lib/libmy_interface__rosidl_generator_c.so
-- Set runtime path of "/home/jacob/MTRN4231/lab2_workspace/src/install/my_interface/lib/libmy_interface__rosidl_generator_c.so" to ""
-- Up-to-date: /home/jacob/MTRN4231/lab2_workspace/src/install/my_interface/include/my_interface/my_interface
-- Up-to-date: /home/jacob/MTRN4231/lab2_workspace/src/install/my_interface/include/my_interface/my_interface/msg
-- Installing: /home/jacob/MTRN4231/lab2_workspace/src/install/my_interface/include/my_interface/my_interface/msg/rosidl_typesupport_fastrtps_c__visibility_control.h
-- Up-to-date: /home/jacob/MTRN4231/lab2_workspace/src/install/my_interface/include/my_interface/my_interface/srv
-- Up-to-date: /home/jacob/MTRN4231/lab2_workspace/src/install/my_interface/include/my_interface/my_interface/srv/detail
-- Installing: /home/jacob/MTRN4231/lab2_workspace/src/install/my_interface/include/my_interface/my_interface/srv/detail/lookup__rosidl_typesupport_fastrtps_c.h
-- Installing: /home/jacob/MTRN4231/lab2_workspace/src/install/my_interface/lib/libmy_interface__rosidl_typesupport_fastrtps_c.so
-- Set runtime path of "/home/jacob/MTRN4231/lab2_workspace/src/install/my_interface/lib/libmy_interface__rosidl_typesupport_fastrtps_c.so" to ""
-- Up-to-date: /home/jacob/MTRN4231/lab2_workspace/src/install/my_interface/include/my_interface/my_interface
-- Up-to-date: /home/jacob/MTRN4231/lab2_workspace/src/install/my_interface/include/my_interface/my_interface/msg
-- Installing: /home/jacob/MTRN4231/lab2_workspace/src/install/my_interface/include/my_interface/my_interface/msg/rosidl_generator_cpp__visibility_control.hpp
-- Up-to-date: /home/jacob/MTRN4231/lab2_workspace/src/install/my_interface/include/my_interface/my_interface/srv
-- Installing: /home/jacob/MTRN4231/lab2_workspace/src/install/my_interface/include/my_interface/my_interface/srv/lookup.hpp
-- Up-to-date: /home/jacob/MTRN4231/lab2_workspace/src/install/my_interface/include/my_interface/my_interface/srv/detail
-- Installing: /home/jacob/MTRN4231/lab2_workspace/src/install/my_interface/include/my_interface/my_interface/srv/detail/lookup__type_support.hpp
-- Installing: /home/jacob/MTRN4231/lab2_workspace/src/install/my_interface/include/my_interface/my_interface/srv/detail/lookup__traits.hpp
-- Installing: /home/jacob/MTRN4231/lab2_workspace/src/install/my_interface/include/my_interface/my_interface/srv/detail/lookup__builder.hpp
-- Installing: /home/jacob/MTRN4231/lab2_workspace/src/install/my_interface/include/my_interface/my_interface/srv/detail/lookup__struct.hpp
-- Up-to-date: /home/jacob/MTRN4231/lab2_workspace/src/install/my_interface/include/my_interface/my_interface
-- Up-to-date: /home/jacob/MTRN4231/lab2_workspace/src/install/my_interface/include/my_interface/my_interface/msg
-- Installing: /home/jacob/MTRN4231/lab2_workspace/src/install/my_interface/include/my_interface/my_interface/msg/rosidl_typesupport_fastrtps_cpp__visibility_control.h
-- Up-to-date: /home/jacob/MTRN4231/lab2_workspace/src/install/my_interface/include/my_interface/my_interface/srv
-- Up-to-date: /home/jacob/MTRN4231/lab2_workspace/src/install/my_interface/include/my_interface/my_interface/srv/detail
-- Installing: /home/jacob/MTRN4231/lab2_workspace/src/install/my_interface/include/my_interface/my_interface/srv/detail/dds_fastrtps
-- Installing: /home/jacob/MTRN4231/lab2_workspace/src/install/my_interface/include/my_interface/my_interface/srv/detail/lookup__rosidl_typesupport_fastrtps_cpp.hpp
-- Installing: /home/jacob/MTRN4231/lab2_workspace/src/install/my_interface/lib/libmy_interface__rosidl_typesupport_fastrtps_cpp.so
-- Set runtime path of "/home/jacob/MTRN4231/lab2_workspace/src/install/my_interface/lib/libmy_interface__rosidl_typesupport_fastrtps_cpp.so" to ""
-- Up-to-date: /home/jacob/MTRN4231/lab2_workspace/src/install/my_interface/include/my_interface/my_interface
-- Up-to-date: /home/jacob/MTRN4231/lab2_workspace/src/install/my_interface/include/my_interface/my_interface/msg
-- Installing: /home/jacob/MTRN4231/lab2_workspace/src/install/my_interface/include/my_interface/my_interface/msg/rosidl_typesupport_introspection_c__visibility_control.h
-- Up-to-date: /home/jacob/MTRN4231/lab2_workspace/src/install/my_interface/include/my_interface/my_interface/srv
-- Up-to-date: /home/jacob/MTRN4231/lab2_workspace/src/install/my_interface/include/my_interface/my_interface/srv/detail
-- Installing: /home/jacob/MTRN4231/lab2_workspace/src/install/my_interface/include/my_interface/my_interface/srv/detail/lookup__type_support.c
-- Installing: /home/jacob/MTRN4231/lab2_workspace/src/install/my_interface/include/my_interface/my_interface/srv/detail/lookup__rosidl_typesupport_introspection_c.h
-- Installing: /home/jacob/MTRN4231/lab2_workspace/src/install/my_interface/lib/libmy_interface__rosidl_typesupport_introspection_c.so
-- Set runtime path of "/home/jacob/MTRN4231/lab2_workspace/src/install/my_interface/lib/libmy_interface__rosidl_typesupport_introspection_c.so" to ""
-- Installing: /home/jacob/MTRN4231/lab2_workspace/src/install/my_interface/lib/libmy_interface__rosidl_typesupport_c.so
-- Set runtime path of "/home/jacob/MTRN4231/lab2_workspace/src/install/my_interface/lib/libmy_interface__rosidl_typesupport_c.so" to ""
-- Up-to-date: /home/jacob/MTRN4231/lab2_workspace/src/install/my_interface/include/my_interface/my_interface
-- Up-to-date: /home/jacob/MTRN4231/lab2_workspace/src/install/my_interface/include/my_interface/my_interface/srv
-- Up-to-date: /home/jacob/MTRN4231/lab2_workspace/src/install/my_interface/include/my_interface/my_interface/srv/detail
-- Installing: /home/jacob/MTRN4231/lab2_workspace/src/install/my_interface/include/my_interface/my_interface/srv/detail/lookup__type_support.cpp
-- Installing: /home/jacob/MTRN4231/lab2_workspace/src/install/my_interface/include/my_interface/my_interface/srv/detail/lookup__rosidl_typesupport_introspection_cpp.hpp
-- Installing: /home/jacob/MTRN4231/lab2_workspace/src/install/my_interface/lib/libmy_interface__rosidl_typesupport_introspection_cpp.so
-- Set runtime path of "/home/jacob/MTRN4231/lab2_workspace/src/install/my_interface/lib/libmy_interface__rosidl_typesupport_introspection_cpp.so" to ""
-- Installing: /home/jacob/MTRN4231/lab2_workspace/src/install/my_interface/lib/libmy_interface__rosidl_typesupport_cpp.so
-- Set runtime path of "/home/jacob/MTRN4231/lab2_workspace/src/install/my_interface/lib/libmy_interface__rosidl_typesupport_cpp.so" to ""
-- Installing: /home/jacob/MTRN4231/lab2_workspace/src/install/my_interface/share/my_interface/environment/pythonpath.sh
-- Installing: /home/jacob/MTRN4231/lab2_workspace/src/install/my_interface/share/my_interface/environment/pythonpath.dsv
-- Installing: /home/jacob/MTRN4231/lab2_workspace/src/install/my_interface/local/lib/python3.10/dist-packages/my_interface-0.0.0-py3.10.egg-info
-- Installing: /home/jacob/MTRN4231/lab2_workspace/src/install/my_interface/local/lib/python3.10/dist-packages/my_interface-0.0.0-py3.10.egg-info/SOURCES.txt
-- Installing: /home/jacob/MTRN4231/lab2_workspace/src/install/my_interface/local/lib/python3.10/dist-packages/my_interface-0.0.0-py3.10.egg-info/dependency_links.txt
-- Installing: /home/jacob/MTRN4231/lab2_workspace/src/install/my_interface/local/lib/python3.10/dist-packages/my_interface-0.0.0-py3.10.egg-info/top_level.txt
-- Installing: /home/jacob/MTRN4231/lab2_workspace/src/install/my_interface/local/lib/python3.10/dist-packages/my_interface-0.0.0-py3.10.egg-info/PKG-INFO
-- Installing: /home/jacob/MTRN4231/lab2_workspace/src/install/my_interface/local/lib/python3.10/dist-packages/my_interface
-- Installing: /home/jacob/MTRN4231/lab2_workspace/src/install/my_interface/local/lib/python3.10/dist-packages/my_interface/my_interface_s__rosidl_typesupport_c.cpython-310-x86_64-linux-gnu.so
-- Installing: /home/jacob/MTRN4231/lab2_workspace/src/install/my_interface/local/lib/python3.10/dist-packages/my_interface/libmy_interface__rosidl_generator_py.so
-- Installing: /home/jacob/MTRN4231/lab2_workspace/src/install/my_interface/local/lib/python3.10/dist-packages/my_interface/my_interface_s__rosidl_typesupport_fastrtps_c.cpython-310-x86_64-linux-gnu.so
-- Installing: /home/jacob/MTRN4231/lab2_workspace/src/install/my_interface/local/lib/python3.10/dist-packages/my_interface/_my_interface_s.ep.rosidl_typesupport_introspection_c.c
-- Installing: /home/jacob/MTRN4231/lab2_workspace/src/install/my_interface/local/lib/python3.10/dist-packages/my_interface/__init__.py
-- Installing: /home/jacob/MTRN4231/lab2_workspace/src/install/my_interface/local/lib/python3.10/dist-packages/my_interface/_my_interface_s.ep.rosidl_typesupport_fastrtps_c.c
-- Installing: /home/jacob/MTRN4231/lab2_workspace/src/install/my_interface/local/lib/python3.10/dist-packages/my_interface/my_interface_s__rosidl_typesupport_introspection_c.cpython-310-x86_64-linux-gnu.so
-- Installing: /home/jacob/MTRN4231/lab2_workspace/src/install/my_interface/local/lib/python3.10/dist-packages/my_interface/srv
-- Installing: /home/jacob/MTRN4231/lab2_workspace/src/install/my_interface/local/lib/python3.10/dist-packages/my_interface/srv/__init__.py
-- Installing: /home/jacob/MTRN4231/lab2_workspace/src/install/my_interface/local/lib/python3.10/dist-packages/my_interface/srv/_lookup_s.c
-- Installing: /home/jacob/MTRN4231/lab2_workspace/src/install/my_interface/local/lib/python3.10/dist-packages/my_interface/srv/_lookup.py
-- Installing: /home/jacob/MTRN4231/lab2_workspace/src/install/my_interface/local/lib/python3.10/dist-packages/my_interface/_my_interface_s.ep.rosidl_typesupport_c.c
Listing '/home/jacob/MTRN4231/lab2_workspace/src/install/my_interface/local/lib/python3.10/dist-packages/my_interface'...
Compiling '/home/jacob/MTRN4231/lab2_workspace/src/install/my_interface/local/lib/python3.10/dist-packages/my_interface/__init__.py'...
Listing '/home/jacob/MTRN4231/lab2_workspace/src/install/my_interface/local/lib/python3.10/dist-packages/my_interface/srv'...
Compiling '/home/jacob/MTRN4231/lab2_workspace/src/install/my_interface/local/lib/python3.10/dist-packages/my_interface/srv/__init__.py'...
Compiling '/home/jacob/MTRN4231/lab2_workspace/src/install/my_interface/local/lib/python3.10/dist-packages/my_interface/srv/_lookup.py'...
-- Installing: /home/jacob/MTRN4231/lab2_workspace/src/install/my_interface/local/lib/python3.10/dist-packages/my_interface/my_interface_s__rosidl_typesupport_fastrtps_c.cpython-310-x86_64-linux-gnu.so
-- Set runtime path of "/home/jacob/MTRN4231/lab2_workspace/src/install/my_interface/local/lib/python3.10/dist-packages/my_interface/my_interface_s__rosidl_typesupport_fastrtps_c.cpython-310-x86_64-linux-gnu.so" to ""
-- Installing: /home/jacob/MTRN4231/lab2_workspace/src/install/my_interface/local/lib/python3.10/dist-packages/my_interface/my_interface_s__rosidl_typesupport_introspection_c.cpython-310-x86_64-linux-gnu.so
-- Set runtime path of "/home/jacob/MTRN4231/lab2_workspace/src/install/my_interface/local/lib/python3.10/dist-packages/my_interface/my_interface_s__rosidl_typesupport_introspection_c.cpython-310-x86_64-linux-gnu.so" to ""
-- Installing: /home/jacob/MTRN4231/lab2_workspace/src/install/my_interface/local/lib/python3.10/dist-packages/my_interface/my_interface_s__rosidl_typesupport_c.cpython-310-x86_64-linux-gnu.so
-- Set runtime path of "/home/jacob/MTRN4231/lab2_workspace/src/install/my_interface/local/lib/python3.10/dist-packages/my_interface/my_interface_s__rosidl_typesupport_c.cpython-310-x86_64-linux-gnu.so" to ""
-- Installing: /home/jacob/MTRN4231/lab2_workspace/src/install/my_interface/lib/libmy_interface__rosidl_generator_py.so
-- Set runtime path of "/home/jacob/MTRN4231/lab2_workspace/src/install/my_interface/lib/libmy_interface__rosidl_generator_py.so" to ""
-- Installing: /home/jacob/MTRN4231/lab2_workspace/src/install/my_interface/share/my_interface/srv/Lookup.idl
-- Installing: /home/jacob/MTRN4231/lab2_workspace/src/install/my_interface/share/my_interface/srv/Lookup.srv
-- Installing: /home/jacob/MTRN4231/lab2_workspace/src/install/my_interface/share/my_interface/srv/Lookup_Request.msg
-- Installing: /home/jacob/MTRN4231/lab2_workspace/src/install/my_interface/share/my_interface/srv/Lookup_Response.msg
-- Installing: /home/jacob/MTRN4231/lab2_workspace/src/install/my_interface/share/ament_index/resource_index/package_run_dependencies/my_interface
-- Installing: /home/jacob/MTRN4231/lab2_workspace/src/install/my_interface/share/ament_index/resource_index/parent_prefix_path/my_interface
-- Installing: /home/jacob/MTRN4231/lab2_workspace/src/install/my_interface/share/my_interface/environment/ament_prefix_path.sh
-- Installing: /home/jacob/MTRN4231/lab2_workspace/src/install/my_interface/share/my_interface/environment/ament_prefix_path.dsv
-- Installing: /home/jacob/MTRN4231/lab2_workspace/src/install/my_interface/share/my_interface/environment/path.sh
-- Installing: /home/jacob/MTRN4231/lab2_workspace/src/install/my_interface/share/my_interface/environment/path.dsv
-- Installing: /home/jacob/MTRN4231/lab2_workspace/src/install/my_interface/share/my_interface/local_setup.bash
-- Installing: /home/jacob/MTRN4231/lab2_workspace/src/install/my_interface/share/my_interface/local_setup.sh
-- Installing: /home/jacob/MTRN4231/lab2_workspace/src/install/my_interface/share/my_interface/local_setup.zsh
-- Installing: /home/jacob/MTRN4231/lab2_workspace/src/install/my_interface/share/my_interface/local_setup.dsv
-- Installing: /home/jacob/MTRN4231/lab2_workspace/src/install/my_interface/share/my_interface/package.dsv
-- Installing: /home/jacob/MTRN4231/lab2_workspace/src/install/my_interface/share/ament_index/resource_index/packages/my_interface
-- Installing: /home/jacob/MTRN4231/lab2_workspace/src/install/my_interface/share/my_interface/cmake/export_my_interface__rosidl_generator_cExport.cmake
-- Installing: /home/jacob/MTRN4231/lab2_workspace/src/install/my_interface/share/my_interface/cmake/export_my_interface__rosidl_generator_cExport-noconfig.cmake
-- Installing: /home/jacob/MTRN4231/lab2_workspace/src/install/my_interface/share/my_interface/cmake/export_my_interface__rosidl_typesupport_fastrtps_cExport.cmake
-- Installing: /home/jacob/MTRN4231/lab2_workspace/src/install/my_interface/share/my_interface/cmake/export_my_interface__rosidl_typesupport_fastrtps_cExport-noconfig.cmake
-- Installing: /home/jacob/MTRN4231/lab2_workspace/src/install/my_interface/share/my_interface/cmake/export_my_interface__rosidl_generator_cppExport.cmake
-- Installing: /home/jacob/MTRN4231/lab2_workspace/src/install/my_interface/share/my_interface/cmake/export_my_interface__rosidl_typesupport_fastrtps_cppExport.cmake
-- Installing: /home/jacob/MTRN4231/lab2_workspace/src/install/my_interface/share/my_interface/cmake/export_my_interface__rosidl_typesupport_fastrtps_cppExport-noconfig.cmake
-- Installing: /home/jacob/MTRN4231/lab2_workspace/src/install/my_interface/share/my_interface/cmake/my_interface__rosidl_typesupport_introspection_cExport.cmake
-- Installing: /home/jacob/MTRN4231/lab2_workspace/src/install/my_interface/share/my_interface/cmake/my_interface__rosidl_typesupport_introspection_cExport-noconfig.cmake
-- Installing: /home/jacob/MTRN4231/lab2_workspace/src/install/my_interface/share/my_interface/cmake/my_interface__rosidl_typesupport_cExport.cmake
-- Installing: /home/jacob/MTRN4231/lab2_workspace/src/install/my_interface/share/my_interface/cmake/my_interface__rosidl_typesupport_cExport-noconfig.cmake
-- Installing: /home/jacob/MTRN4231/lab2_workspace/src/install/my_interface/share/my_interface/cmake/my_interface__rosidl_typesupport_introspection_cppExport.cmake
-- Installing: /home/jacob/MTRN4231/lab2_workspace/src/install/my_interface/share/my_interface/cmake/my_interface__rosidl_typesupport_introspection_cppExport-noconfig.cmake
-- Installing: /home/jacob/MTRN4231/lab2_workspace/src/install/my_interface/share/my_interface/cmake/my_interface__rosidl_typesupport_cppExport.cmake
-- Installing: /home/jacob/MTRN4231/lab2_workspace/src/install/my_interface/share/my_interface/cmake/my_interface__rosidl_typesupport_cppExport-noconfig.cmake
-- Installing: /home/jacob/MTRN4231/lab2_workspace/src/install/my_interface/share/my_interface/cmake/export_my_interface__rosidl_generator_pyExport.cmake
-- Installing: /home/jacob/MTRN4231/lab2_workspace/src/install/my_interface/share/my_interface/cmake/export_my_interface__rosidl_generator_pyExport-noconfig.cmake
-- Installing: /home/jacob/MTRN4231/lab2_workspace/src/install/my_interface/share/my_interface/cmake/rosidl_cmake-extras.cmake
-- Installing: /home/jacob/MTRN4231/lab2_workspace/src/install/my_interface/share/my_interface/cmake/ament_cmake_export_dependencies-extras.cmake
-- Installing: /home/jacob/MTRN4231/lab2_workspace/src/install/my_interface/share/my_interface/cmake/ament_cmake_export_include_directories-extras.cmake
-- Installing: /home/jacob/MTRN4231/lab2_workspace/src/install/my_interface/share/my_interface/cmake/ament_cmake_export_libraries-extras.cmake
-- Installing: /home/jacob/MTRN4231/lab2_workspace/src/install/my_interface/share/my_interface/cmake/ament_cmake_export_targets-extras.cmake
-- Installing: /home/jacob/MTRN4231/lab2_workspace/src/install/my_interface/share/my_interface/cmake/rosidl_cmake_export_typesupport_targets-extras.cmake
-- Installing: /home/jacob/MTRN4231/lab2_workspace/src/install/my_interface/share/my_interface/cmake/rosidl_cmake_export_typesupport_libraries-extras.cmake
-- Installing: /home/jacob/MTRN4231/lab2_workspace/src/install/my_interface/share/my_interface/cmake/my_interfaceConfig.cmake
-- Installing: /home/jacob/MTRN4231/lab2_workspace/src/install/my_interface/share/my_interface/cmake/my_interfaceConfig-version.cmake
-- Installing: /home/jacob/MTRN4231/lab2_workspace/src/install/my_interface/share/my_interface/package.xml
