[0.015s] Invoking command in '/home/jacob/MTRN4231/lab2_workspace/src/build/my_interface': CMAKE_PREFIX_PATH=${CMAKE_PREFIX_PATH}:/opt/ros/humble /usr/bin/cmake --build /home/jacob/MTRN4231/lab2_workspace/src/build/my_interface -- -j8 -l8
[0.092s] [35m[1mConsolidate compiler generated dependencies of target my_interface__rosidl_generator_c[0m
[0.108s] [  3%] Built target my_interface__cpp
[0.110s] [ 12%] Built target my_interface__rosidl_generator_c
[0.130s] [35m[1mConsolidate compiler generated dependencies of target my_interface__rosidl_typesupport_cpp[0m
[0.138s] [35m[1mConsolidate compiler generated dependencies of target my_interface__rosidl_typesupport_c[0m
[0.140s] [35m[1mConsolidate compiler generated dependencies of target my_interface__rosidl_typesupport_introspection_cpp[0m
[0.142s] [ 12%] Built target ament_cmake_python_copy_my_interface
[0.165s] [35m[1mConsolidate compiler generated dependencies of target my_interface__rosidl_typesupport_fastrtps_cpp[0m
[0.165s] [35m[1mConsolidate compiler generated dependencies of target my_interface__rosidl_typesupport_fastrtps_c[0m
[0.165s] [35m[1mConsolidate compiler generated dependencies of target my_interface__rosidl_typesupport_introspection_c[0m
[0.180s] [ 22%] Built target my_interface__rosidl_typesupport_c
[0.194s] [ 32%] Built target my_interface__rosidl_typesupport_introspection_cpp
[0.194s] [ 41%] Built target my_interface__rosidl_typesupport_introspection_c
[0.194s] [ 51%] Built target my_interface__rosidl_typesupport_cpp
[0.197s] [ 61%] Built target my_interface__rosidl_typesupport_fastrtps_cpp
[0.199s] [ 70%] Built target my_interface__rosidl_typesupport_fastrtps_c
[0.239s] [ 70%] Built target my_interface
[0.283s] [ 74%] Built target my_interface__py
[0.300s] [35m[1mConsolidate compiler generated dependencies of target my_interface__rosidl_generator_py[0m
[0.325s] [ 80%] Built target my_interface__rosidl_generator_py
[0.360s] [35m[1mConsolidate compiler generated dependencies of target my_interface__rosidl_typesupport_c__pyext[0m
[0.361s] [35m[1mConsolidate compiler generated dependencies of target my_interface__rosidl_typesupport_fastrtps_c__pyext[0m
[0.361s] [35m[1mConsolidate compiler generated dependencies of target my_interface__rosidl_typesupport_introspection_c__pyext[0m
[0.393s] [ 87%] Built target my_interface__rosidl_typesupport_fastrtps_c__pyext
[0.398s] [ 93%] Built target my_interface__rosidl_typesupport_c__pyext
[0.402s] [100%] Built target my_interface__rosidl_typesupport_introspection_c__pyext
[0.676s] running egg_info
[0.677s] writing my_interface.egg-info/PKG-INFO
[0.677s] writing dependency_links to my_interface.egg-info/dependency_links.txt
[0.678s] writing top-level names to my_interface.egg-info/top_level.txt
[0.680s] reading manifest file 'my_interface.egg-info/SOURCES.txt'
[0.681s] writing manifest file 'my_interface.egg-info/SOURCES.txt'
[0.778s] [100%] Built target ament_cmake_python_build_my_interface_egg
[0.797s] Invoked command in '/home/jacob/MTRN4231/lab2_workspace/src/build/my_interface' returned '0': CMAKE_PREFIX_PATH=${CMAKE_PREFIX_PATH}:/opt/ros/humble /usr/bin/cmake --build /home/jacob/MTRN4231/lab2_workspace/src/build/my_interface -- -j8 -l8
[0.817s] Invoking command in '/home/jacob/MTRN4231/lab2_workspace/src/build/my_interface': CMAKE_PREFIX_PATH=${CMAKE_PREFIX_PATH}:/opt/ros/humble /usr/bin/cmake --install /home/jacob/MTRN4231/lab2_workspace/src/build/my_interface
[0.830s] -- Install configuration: ""
[0.830s] -- Installing: /home/jacob/MTRN4231/lab2_workspace/src/install/my_interface/share/ament_index/resource_index/rosidl_interfaces/my_interface
[0.831s] -- Installing: /home/jacob/MTRN4231/lab2_workspace/src/install/my_interface/include/my_interface/my_interface
[0.831s] -- Installing: /home/jacob/MTRN4231/lab2_workspace/src/install/my_interface/include/my_interface/my_interface/msg
[0.831s] -- Installing: /home/jacob/MTRN4231/lab2_workspace/src/install/my_interface/include/my_interface/my_interface/msg/rosidl_generator_c__visibility_control.h
[0.831s] -- Installing: /home/jacob/MTRN4231/lab2_workspace/src/install/my_interface/include/my_interface/my_interface/srv
[0.832s] -- Installing: /home/jacob/MTRN4231/lab2_workspace/src/install/my_interface/include/my_interface/my_interface/srv/lookup.h
[0.832s] -- Installing: /home/jacob/MTRN4231/lab2_workspace/src/install/my_interface/include/my_interface/my_interface/srv/detail
[0.832s] -- Installing: /home/jacob/MTRN4231/lab2_workspace/src/install/my_interface/include/my_interface/my_interface/srv/detail/lookup__functions.c
[0.833s] -- Installing: /home/jacob/MTRN4231/lab2_workspace/src/install/my_interface/include/my_interface/my_interface/srv/detail/lookup__struct.h
[0.833s] -- Installing: /home/jacob/MTRN4231/lab2_workspace/src/install/my_interface/include/my_interface/my_interface/srv/detail/lookup__functions.h
[0.833s] -- Installing: /home/jacob/MTRN4231/lab2_workspace/src/install/my_interface/include/my_interface/my_interface/srv/detail/lookup__type_support.h
[0.833s] -- Installing: /home/jacob/MTRN4231/lab2_workspace/src/install/my_interface/share/my_interface/environment/library_path.sh
[0.834s] -- Installing: /home/jacob/MTRN4231/lab2_workspace/src/install/my_interface/share/my_interface/environment/library_path.dsv
[0.834s] -- Installing: /home/jacob/MTRN4231/lab2_workspace/src/install/my_interface/lib/libmy_interface__rosidl_generator_c.so
[0.835s] -- Set runtime path of "/home/jacob/MTRN4231/lab2_workspace/src/install/my_interface/lib/libmy_interface__rosidl_generator_c.so" to ""
[0.835s] -- Up-to-date: /home/jacob/MTRN4231/lab2_workspace/src/install/my_interface/include/my_interface/my_interface
[0.835s] -- Up-to-date: /home/jacob/MTRN4231/lab2_workspace/src/install/my_interface/include/my_interface/my_interface/msg
[0.835s] -- Installing: /home/jacob/MTRN4231/lab2_workspace/src/install/my_interface/include/my_interface/my_interface/msg/rosidl_typesupport_fastrtps_c__visibility_control.h
[0.836s] -- Up-to-date: /home/jacob/MTRN4231/lab2_workspace/src/install/my_interface/include/my_interface/my_interface/srv
[0.839s] -- Up-to-date: /home/jacob/MTRN4231/lab2_workspace/src/install/my_interface/include/my_interface/my_interface/srv/detail
[0.839s] -- Installing: /home/jacob/MTRN4231/lab2_workspace/src/install/my_interface/include/my_interface/my_interface/srv/detail/lookup__rosidl_typesupport_fastrtps_c.h
[0.839s] -- Installing: /home/jacob/MTRN4231/lab2_workspace/src/install/my_interface/lib/libmy_interface__rosidl_typesupport_fastrtps_c.so
[0.839s] -- Set runtime path of "/home/jacob/MTRN4231/lab2_workspace/src/install/my_interface/lib/libmy_interface__rosidl_typesupport_fastrtps_c.so" to ""
[0.839s] -- Up-to-date: /home/jacob/MTRN4231/lab2_workspace/src/install/my_interface/include/my_interface/my_interface
[0.840s] -- Up-to-date: /home/jacob/MTRN4231/lab2_workspace/src/install/my_interface/include/my_interface/my_interface/msg
[0.840s] -- Installing: /home/jacob/MTRN4231/lab2_workspace/src/install/my_interface/include/my_interface/my_interface/msg/rosidl_generator_cpp__visibility_control.hpp
[0.840s] -- Up-to-date: /home/jacob/MTRN4231/lab2_workspace/src/install/my_interface/include/my_interface/my_interface/srv
[0.840s] -- Installing: /home/jacob/MTRN4231/lab2_workspace/src/install/my_interface/include/my_interface/my_interface/srv/lookup.hpp
[0.840s] -- Up-to-date: /home/jacob/MTRN4231/lab2_workspace/src/install/my_interface/include/my_interface/my_interface/srv/detail
[0.840s] -- Installing: /home/jacob/MTRN4231/lab2_workspace/src/install/my_interface/include/my_interface/my_interface/srv/detail/lookup__type_support.hpp
[0.840s] -- Installing: /home/jacob/MTRN4231/lab2_workspace/src/install/my_interface/include/my_interface/my_interface/srv/detail/lookup__traits.hpp
[0.840s] -- Installing: /home/jacob/MTRN4231/lab2_workspace/src/install/my_interface/include/my_interface/my_interface/srv/detail/lookup__builder.hpp
[0.841s] -- Installing: /home/jacob/MTRN4231/lab2_workspace/src/install/my_interface/include/my_interface/my_interface/srv/detail/lookup__struct.hpp
[0.841s] -- Up-to-date: /home/jacob/MTRN4231/lab2_workspace/src/install/my_interface/include/my_interface/my_interface
[0.841s] -- Up-to-date: /home/jacob/MTRN4231/lab2_workspace/src/install/my_interface/include/my_interface/my_interface/msg
[0.841s] -- Installing: /home/jacob/MTRN4231/lab2_workspace/src/install/my_interface/include/my_interface/my_interface/msg/rosidl_typesupport_fastrtps_cpp__visibility_control.h
[0.842s] -- Up-to-date: /home/jacob/MTRN4231/lab2_workspace/src/install/my_interface/include/my_interface/my_interface/srv
[0.842s] -- Up-to-date: /home/jacob/MTRN4231/lab2_workspace/src/install/my_interface/include/my_interface/my_interface/srv/detail
[0.843s] -- Installing: /home/jacob/MTRN4231/lab2_workspace/src/install/my_interface/include/my_interface/my_interface/srv/detail/dds_fastrtps
[0.843s] -- Installing: /home/jacob/MTRN4231/lab2_workspace/src/install/my_interface/include/my_interface/my_interface/srv/detail/lookup__rosidl_typesupport_fastrtps_cpp.hpp
[0.843s] -- Installing: /home/jacob/MTRN4231/lab2_workspace/src/install/my_interface/lib/libmy_interface__rosidl_typesupport_fastrtps_cpp.so
[0.843s] -- Set runtime path of "/home/jacob/MTRN4231/lab2_workspace/src/install/my_interface/lib/libmy_interface__rosidl_typesupport_fastrtps_cpp.so" to ""
[0.844s] -- Up-to-date: /home/jacob/MTRN4231/lab2_workspace/src/install/my_interface/include/my_interface/my_interface
[0.844s] -- Up-to-date: /home/jacob/MTRN4231/lab2_workspace/src/install/my_interface/include/my_interface/my_interface/msg
[0.844s] -- Installing: /home/jacob/MTRN4231/lab2_workspace/src/install/my_interface/include/my_interface/my_interface/msg/rosidl_typesupport_introspection_c__visibility_control.h
[0.845s] -- Up-to-date: /home/jacob/MTRN4231/lab2_workspace/src/install/my_interface/include/my_interface/my_interface/srv
[0.845s] -- Up-to-date: /home/jacob/MTRN4231/lab2_workspace/src/install/my_interface/include/my_interface/my_interface/srv/detail
[0.845s] -- Installing: /home/jacob/MTRN4231/lab2_workspace/src/install/my_interface/include/my_interface/my_interface/srv/detail/lookup__type_support.c
[0.845s] -- Installing: /home/jacob/MTRN4231/lab2_workspace/src/install/my_interface/include/my_interface/my_interface/srv/detail/lookup__rosidl_typesupport_introspection_c.h
[0.845s] -- Installing: /home/jacob/MTRN4231/lab2_workspace/src/install/my_interface/lib/libmy_interface__rosidl_typesupport_introspection_c.so
[0.845s] -- Set runtime path of "/home/jacob/MTRN4231/lab2_workspace/src/install/my_interface/lib/libmy_interface__rosidl_typesupport_introspection_c.so" to ""
[0.845s] -- Installing: /home/jacob/MTRN4231/lab2_workspace/src/install/my_interface/lib/libmy_interface__rosidl_typesupport_c.so
[0.846s] -- Set runtime path of "/home/jacob/MTRN4231/lab2_workspace/src/install/my_interface/lib/libmy_interface__rosidl_typesupport_c.so" to ""
[0.846s] -- Up-to-date: /home/jacob/MTRN4231/lab2_workspace/src/install/my_interface/include/my_interface/my_interface
[0.846s] -- Up-to-date: /home/jacob/MTRN4231/lab2_workspace/src/install/my_interface/include/my_interface/my_interface/srv
[0.846s] -- Up-to-date: /home/jacob/MTRN4231/lab2_workspace/src/install/my_interface/include/my_interface/my_interface/srv/detail
[0.846s] -- Installing: /home/jacob/MTRN4231/lab2_workspace/src/install/my_interface/include/my_interface/my_interface/srv/detail/lookup__type_support.cpp
[0.847s] -- Installing: /home/jacob/MTRN4231/lab2_workspace/src/install/my_interface/include/my_interface/my_interface/srv/detail/lookup__rosidl_typesupport_introspection_cpp.hpp
[0.847s] -- Installing: /home/jacob/MTRN4231/lab2_workspace/src/install/my_interface/lib/libmy_interface__rosidl_typesupport_introspection_cpp.so
[0.847s] -- Set runtime path of "/home/jacob/MTRN4231/lab2_workspace/src/install/my_interface/lib/libmy_interface__rosidl_typesupport_introspection_cpp.so" to ""
[0.847s] -- Installing: /home/jacob/MTRN4231/lab2_workspace/src/install/my_interface/lib/libmy_interface__rosidl_typesupport_cpp.so
[0.847s] -- Set runtime path of "/home/jacob/MTRN4231/lab2_workspace/src/install/my_interface/lib/libmy_interface__rosidl_typesupport_cpp.so" to ""
[0.847s] -- Installing: /home/jacob/MTRN4231/lab2_workspace/src/install/my_interface/share/my_interface/environment/pythonpath.sh
[0.848s] -- Installing: /home/jacob/MTRN4231/lab2_workspace/src/install/my_interface/share/my_interface/environment/pythonpath.dsv
[0.848s] -- Installing: /home/jacob/MTRN4231/lab2_workspace/src/install/my_interface/local/lib/python3.10/dist-packages/my_interface-0.0.0-py3.10.egg-info
[0.848s] -- Installing: /home/jacob/MTRN4231/lab2_workspace/src/install/my_interface/local/lib/python3.10/dist-packages/my_interface-0.0.0-py3.10.egg-info/SOURCES.txt
[0.848s] -- Installing: /home/jacob/MTRN4231/lab2_workspace/src/install/my_interface/local/lib/python3.10/dist-packages/my_interface-0.0.0-py3.10.egg-info/dependency_links.txt
[0.848s] -- Installing: /home/jacob/MTRN4231/lab2_workspace/src/install/my_interface/local/lib/python3.10/dist-packages/my_interface-0.0.0-py3.10.egg-info/top_level.txt
[0.848s] -- Installing: /home/jacob/MTRN4231/lab2_workspace/src/install/my_interface/local/lib/python3.10/dist-packages/my_interface-0.0.0-py3.10.egg-info/PKG-INFO
[0.849s] -- Installing: /home/jacob/MTRN4231/lab2_workspace/src/install/my_interface/local/lib/python3.10/dist-packages/my_interface
[0.849s] -- Installing: /home/jacob/MTRN4231/lab2_workspace/src/install/my_interface/local/lib/python3.10/dist-packages/my_interface/my_interface_s__rosidl_typesupport_c.cpython-310-x86_64-linux-gnu.so
[0.849s] -- Installing: /home/jacob/MTRN4231/lab2_workspace/src/install/my_interface/local/lib/python3.10/dist-packages/my_interface/libmy_interface__rosidl_generator_py.so
[0.849s] -- Installing: /home/jacob/MTRN4231/lab2_workspace/src/install/my_interface/local/lib/python3.10/dist-packages/my_interface/my_interface_s__rosidl_typesupport_fastrtps_c.cpython-310-x86_64-linux-gnu.so
[0.849s] -- Installing: /home/jacob/MTRN4231/lab2_workspace/src/install/my_interface/local/lib/python3.10/dist-packages/my_interface/_my_interface_s.ep.rosidl_typesupport_introspection_c.c
[0.849s] -- Installing: /home/jacob/MTRN4231/lab2_workspace/src/install/my_interface/local/lib/python3.10/dist-packages/my_interface/__init__.py
[0.850s] -- Installing: /home/jacob/MTRN4231/lab2_workspace/src/install/my_interface/local/lib/python3.10/dist-packages/my_interface/_my_interface_s.ep.rosidl_typesupport_fastrtps_c.c
[0.850s] -- Installing: /home/jacob/MTRN4231/lab2_workspace/src/install/my_interface/local/lib/python3.10/dist-packages/my_interface/my_interface_s__rosidl_typesupport_introspection_c.cpython-310-x86_64-linux-gnu.so
[0.850s] -- Installing: /home/jacob/MTRN4231/lab2_workspace/src/install/my_interface/local/lib/python3.10/dist-packages/my_interface/srv
[0.850s] -- Installing: /home/jacob/MTRN4231/lab2_workspace/src/install/my_interface/local/lib/python3.10/dist-packages/my_interface/srv/__init__.py
[0.850s] -- Installing: /home/jacob/MTRN4231/lab2_workspace/src/install/my_interface/local/lib/python3.10/dist-packages/my_interface/srv/_lookup_s.c
[0.851s] -- Installing: /home/jacob/MTRN4231/lab2_workspace/src/install/my_interface/local/lib/python3.10/dist-packages/my_interface/srv/_lookup.py
[0.851s] -- Installing: /home/jacob/MTRN4231/lab2_workspace/src/install/my_interface/local/lib/python3.10/dist-packages/my_interface/_my_interface_s.ep.rosidl_typesupport_c.c
[0.953s] Listing '/home/jacob/MTRN4231/lab2_workspace/src/install/my_interface/local/lib/python3.10/dist-packages/my_interface'...
[0.953s] Compiling '/home/jacob/MTRN4231/lab2_workspace/src/install/my_interface/local/lib/python3.10/dist-packages/my_interface/__init__.py'...
[0.953s] Listing '/home/jacob/MTRN4231/lab2_workspace/src/install/my_interface/local/lib/python3.10/dist-packages/my_interface/srv'...
[0.954s] Compiling '/home/jacob/MTRN4231/lab2_workspace/src/install/my_interface/local/lib/python3.10/dist-packages/my_interface/srv/__init__.py'...
[0.954s] Compiling '/home/jacob/MTRN4231/lab2_workspace/src/install/my_interface/local/lib/python3.10/dist-packages/my_interface/srv/_lookup.py'...
[0.962s] -- Installing: /home/jacob/MTRN4231/lab2_workspace/src/install/my_interface/local/lib/python3.10/dist-packages/my_interface/my_interface_s__rosidl_typesupport_fastrtps_c.cpython-310-x86_64-linux-gnu.so
[0.963s] -- Set runtime path of "/home/jacob/MTRN4231/lab2_workspace/src/install/my_interface/local/lib/python3.10/dist-packages/my_interface/my_interface_s__rosidl_typesupport_fastrtps_c.cpython-310-x86_64-linux-gnu.so" to ""
[0.963s] -- Installing: /home/jacob/MTRN4231/lab2_workspace/src/install/my_interface/local/lib/python3.10/dist-packages/my_interface/my_interface_s__rosidl_typesupport_introspection_c.cpython-310-x86_64-linux-gnu.so
[0.967s] -- Set runtime path of "/home/jacob/MTRN4231/lab2_workspace/src/install/my_interface/local/lib/python3.10/dist-packages/my_interface/my_interface_s__rosidl_typesupport_introspection_c.cpython-310-x86_64-linux-gnu.so" to ""
[0.967s] -- Installing: /home/jacob/MTRN4231/lab2_workspace/src/install/my_interface/local/lib/python3.10/dist-packages/my_interface/my_interface_s__rosidl_typesupport_c.cpython-310-x86_64-linux-gnu.so
[0.967s] -- Set runtime path of "/home/jacob/MTRN4231/lab2_workspace/src/install/my_interface/local/lib/python3.10/dist-packages/my_interface/my_interface_s__rosidl_typesupport_c.cpython-310-x86_64-linux-gnu.so" to ""
[0.968s] -- Installing: /home/jacob/MTRN4231/lab2_workspace/src/install/my_interface/lib/libmy_interface__rosidl_generator_py.so
[0.968s] -- Set runtime path of "/home/jacob/MTRN4231/lab2_workspace/src/install/my_interface/lib/libmy_interface__rosidl_generator_py.so" to ""
[0.968s] -- Installing: /home/jacob/MTRN4231/lab2_workspace/src/install/my_interface/share/my_interface/srv/Lookup.idl
[0.968s] -- Installing: /home/jacob/MTRN4231/lab2_workspace/src/install/my_interface/share/my_interface/srv/Lookup.srv
[0.969s] -- Installing: /home/jacob/MTRN4231/lab2_workspace/src/install/my_interface/share/my_interface/srv/Lookup_Request.msg
[0.969s] -- Installing: /home/jacob/MTRN4231/lab2_workspace/src/install/my_interface/share/my_interface/srv/Lookup_Response.msg
[0.969s] -- Installing: /home/jacob/MTRN4231/lab2_workspace/src/install/my_interface/share/ament_index/resource_index/package_run_dependencies/my_interface
[0.969s] -- Installing: /home/jacob/MTRN4231/lab2_workspace/src/install/my_interface/share/ament_index/resource_index/parent_prefix_path/my_interface
[0.969s] -- Installing: /home/jacob/MTRN4231/lab2_workspace/src/install/my_interface/share/my_interface/environment/ament_prefix_path.sh
[0.970s] -- Installing: /home/jacob/MTRN4231/lab2_workspace/src/install/my_interface/share/my_interface/environment/ament_prefix_path.dsv
[0.970s] -- Installing: /home/jacob/MTRN4231/lab2_workspace/src/install/my_interface/share/my_interface/environment/path.sh
[0.970s] -- Installing: /home/jacob/MTRN4231/lab2_workspace/src/install/my_interface/share/my_interface/environment/path.dsv
[0.970s] -- Installing: /home/jacob/MTRN4231/lab2_workspace/src/install/my_interface/share/my_interface/local_setup.bash
[0.970s] -- Installing: /home/jacob/MTRN4231/lab2_workspace/src/install/my_interface/share/my_interface/local_setup.sh
[0.970s] -- Installing: /home/jacob/MTRN4231/lab2_workspace/src/install/my_interface/share/my_interface/local_setup.zsh
[0.971s] -- Installing: /home/jacob/MTRN4231/lab2_workspace/src/install/my_interface/share/my_interface/local_setup.dsv
[0.971s] -- Installing: /home/jacob/MTRN4231/lab2_workspace/src/install/my_interface/share/my_interface/package.dsv
[0.972s] -- Installing: /home/jacob/MTRN4231/lab2_workspace/src/install/my_interface/share/ament_index/resource_index/packages/my_interface
[0.972s] -- Installing: /home/jacob/MTRN4231/lab2_workspace/src/install/my_interface/share/my_interface/cmake/export_my_interface__rosidl_generator_cExport.cmake
[0.972s] -- Installing: /home/jacob/MTRN4231/lab2_workspace/src/install/my_interface/share/my_interface/cmake/export_my_interface__rosidl_generator_cExport-noconfig.cmake
[0.972s] -- Installing: /home/jacob/MTRN4231/lab2_workspace/src/install/my_interface/share/my_interface/cmake/export_my_interface__rosidl_typesupport_fastrtps_cExport.cmake
[0.973s] -- Installing: /home/jacob/MTRN4231/lab2_workspace/src/install/my_interface/share/my_interface/cmake/export_my_interface__rosidl_typesupport_fastrtps_cExport-noconfig.cmake
[0.973s] -- Installing: /home/jacob/MTRN4231/lab2_workspace/src/install/my_interface/share/my_interface/cmake/export_my_interface__rosidl_generator_cppExport.cmake
[0.973s] -- Installing: /home/jacob/MTRN4231/lab2_workspace/src/install/my_interface/share/my_interface/cmake/export_my_interface__rosidl_typesupport_fastrtps_cppExport.cmake
[0.973s] -- Installing: /home/jacob/MTRN4231/lab2_workspace/src/install/my_interface/share/my_interface/cmake/export_my_interface__rosidl_typesupport_fastrtps_cppExport-noconfig.cmake
[0.974s] -- Installing: /home/jacob/MTRN4231/lab2_workspace/src/install/my_interface/share/my_interface/cmake/my_interface__rosidl_typesupport_introspection_cExport.cmake
[0.974s] -- Installing: /home/jacob/MTRN4231/lab2_workspace/src/install/my_interface/share/my_interface/cmake/my_interface__rosidl_typesupport_introspection_cExport-noconfig.cmake
[0.974s] -- Installing: /home/jacob/MTRN4231/lab2_workspace/src/install/my_interface/share/my_interface/cmake/my_interface__rosidl_typesupport_cExport.cmake
[0.975s] -- Installing: /home/jacob/MTRN4231/lab2_workspace/src/install/my_interface/share/my_interface/cmake/my_interface__rosidl_typesupport_cExport-noconfig.cmake
[0.975s] -- Installing: /home/jacob/MTRN4231/lab2_workspace/src/install/my_interface/share/my_interface/cmake/my_interface__rosidl_typesupport_introspection_cppExport.cmake
[0.975s] -- Installing: /home/jacob/MTRN4231/lab2_workspace/src/install/my_interface/share/my_interface/cmake/my_interface__rosidl_typesupport_introspection_cppExport-noconfig.cmake
[0.975s] -- Installing: /home/jacob/MTRN4231/lab2_workspace/src/install/my_interface/share/my_interface/cmake/my_interface__rosidl_typesupport_cppExport.cmake
[0.976s] -- Installing: /home/jacob/MTRN4231/lab2_workspace/src/install/my_interface/share/my_interface/cmake/my_interface__rosidl_typesupport_cppExport-noconfig.cmake
[0.976s] -- Installing: /home/jacob/MTRN4231/lab2_workspace/src/install/my_interface/share/my_interface/cmake/export_my_interface__rosidl_generator_pyExport.cmake
[0.976s] -- Installing: /home/jacob/MTRN4231/lab2_workspace/src/install/my_interface/share/my_interface/cmake/export_my_interface__rosidl_generator_pyExport-noconfig.cmake
[0.977s] -- Installing: /home/jacob/MTRN4231/lab2_workspace/src/install/my_interface/share/my_interface/cmake/rosidl_cmake-extras.cmake
[0.977s] -- Installing: /home/jacob/MTRN4231/lab2_workspace/src/install/my_interface/share/my_interface/cmake/ament_cmake_export_dependencies-extras.cmake
[0.977s] -- Installing: /home/jacob/MTRN4231/lab2_workspace/src/install/my_interface/share/my_interface/cmake/ament_cmake_export_include_directories-extras.cmake
[0.977s] -- Installing: /home/jacob/MTRN4231/lab2_workspace/src/install/my_interface/share/my_interface/cmake/ament_cmake_export_libraries-extras.cmake
[0.977s] -- Installing: /home/jacob/MTRN4231/lab2_workspace/src/install/my_interface/share/my_interface/cmake/ament_cmake_export_targets-extras.cmake
[0.978s] -- Installing: /home/jacob/MTRN4231/lab2_workspace/src/install/my_interface/share/my_interface/cmake/rosidl_cmake_export_typesupport_targets-extras.cmake
[0.978s] -- Installing: /home/jacob/MTRN4231/lab2_workspace/src/install/my_interface/share/my_interface/cmake/rosidl_cmake_export_typesupport_libraries-extras.cmake
[0.978s] -- Installing: /home/jacob/MTRN4231/lab2_workspace/src/install/my_interface/share/my_interface/cmake/my_interfaceConfig.cmake
[0.978s] -- Installing: /home/jacob/MTRN4231/lab2_workspace/src/install/my_interface/share/my_interface/cmake/my_interfaceConfig-version.cmake
[0.979s] -- Installing: /home/jacob/MTRN4231/lab2_workspace/src/install/my_interface/share/my_interface/package.xml
[0.982s] Invoked command in '/home/jacob/MTRN4231/lab2_workspace/src/build/my_interface' returned '0': CMAKE_PREFIX_PATH=${CMAKE_PREFIX_PATH}:/opt/ros/humble /usr/bin/cmake --install /home/jacob/MTRN4231/lab2_workspace/src/build/my_interface
