[0.064s] Invoking command in '/home/jacob/MTRN4231/lab2_workspace/src/build/transformations': CMAKE_PREFIX_PATH=${CMAKE_PREFIX_PATH}:/opt/ros/humble /usr/bin/cmake --build /home/jacob/MTRN4231/lab2_workspace/src/build/transformations -- -j8 -l8
[0.337s] [ 33%] Built target tf_listener
[0.341s] [ 66%] Built target static_broadcaster
[0.344s] [100%] Built target dynamic_broadcaster
[0.376s] Invoked command in '/home/jacob/MTRN4231/lab2_workspace/src/build/transformations' returned '0': CMAKE_PREFIX_PATH=${CMAKE_PREFIX_PATH}:/opt/ros/humble /usr/bin/cmake --build /home/jacob/MTRN4231/lab2_workspace/src/build/transformations -- -j8 -l8
[0.398s] Invoking command in '/home/jacob/MTRN4231/lab2_workspace/src/build/transformations': CMAKE_PREFIX_PATH=${CMAKE_PREFIX_PATH}:/opt/ros/humble /usr/bin/cmake --install /home/jacob/MTRN4231/lab2_workspace/src/build/transformations
[0.416s] -- Install configuration: ""
[0.416s] -- Up-to-date: /home/jacob/MTRN4231/lab2_workspace/src/install/transformations/lib/transformations/static_broadcaster
[0.420s] -- Up-to-date: /home/jacob/MTRN4231/lab2_workspace/src/install/transformations/lib/transformations/dynamic_broadcaster
[0.421s] -- Up-to-date: /home/jacob/MTRN4231/lab2_workspace/src/install/transformations/lib/transformations/tf_listener
[0.422s] -- Up-to-date: /home/jacob/MTRN4231/lab2_workspace/src/install/transformations/share/ament_index/resource_index/package_run_dependencies/transformations
[0.422s] -- Up-to-date: /home/jacob/MTRN4231/lab2_workspace/src/install/transformations/share/ament_index/resource_index/parent_prefix_path/transformations
[0.423s] -- Up-to-date: /home/jacob/MTRN4231/lab2_workspace/src/install/transformations/share/transformations/environment/ament_prefix_path.sh
[0.423s] -- Up-to-date: /home/jacob/MTRN4231/lab2_workspace/src/install/transformations/share/transformations/environment/ament_prefix_path.dsv
[0.423s] -- Up-to-date: /home/jacob/MTRN4231/lab2_workspace/src/install/transformations/share/transformations/environment/path.sh
[0.423s] -- Up-to-date: /home/jacob/MTRN4231/lab2_workspace/src/install/transformations/share/transformations/environment/path.dsv
[0.423s] -- Up-to-date: /home/jacob/MTRN4231/lab2_workspace/src/install/transformations/share/transformations/local_setup.bash
[0.423s] -- Up-to-date: /home/jacob/MTRN4231/lab2_workspace/src/install/transformations/share/transformations/local_setup.sh
[0.424s] -- Up-to-date: /home/jacob/MTRN4231/lab2_workspace/src/install/transformations/share/transformations/local_setup.zsh
[0.433s] -- Up-to-date: /home/jacob/MTRN4231/lab2_workspace/src/install/transformations/share/transformations/local_setup.dsv
[0.433s] -- Installing: /home/jacob/MTRN4231/lab2_workspace/src/install/transformations/share/transformations/package.dsv
[0.433s] -- Up-to-date: /home/jacob/MTRN4231/lab2_workspace/src/install/transformations/share/ament_index/resource_index/packages/transformations
[0.434s] -- Up-to-date: /home/jacob/MTRN4231/lab2_workspace/src/install/transformations/share/transformations/cmake/transformationsConfig.cmake
[0.434s] -- Up-to-date: /home/jacob/MTRN4231/lab2_workspace/src/install/transformations/share/transformations/cmake/transformationsConfig-version.cmake
[0.442s] -- Up-to-date: /home/jacob/MTRN4231/lab2_workspace/src/install/transformations/share/transformations/package.xml
[0.449s] Invoked command in '/home/jacob/MTRN4231/lab2_workspace/src/build/transformations' returned '0': CMAKE_PREFIX_PATH=${CMAKE_PREFIX_PATH}:/opt/ros/humble /usr/bin/cmake --install /home/jacob/MTRN4231/lab2_workspace/src/build/transformations
