[0.132s] DEBUG:colcon:Command line arguments: ['/usr/bin/colcon', 'build']
[0.132s] DEBUG:colcon:Parsed command line arguments: Namespace(log_base=None, log_level=None, verb_name='build', build_base='build', install_base='install', merge_install=False, symlink_install=False, test_result_base=None, continue_on_error=False, executor='parallel', parallel_workers=8, event_handlers=None, ignore_user_meta=False, metas=['./colcon.meta'], base_paths=['.'], packages_ignore=None, packages_ignore_regex=None, paths=None, packages_up_to=None, packages_up_to_regex=None, packages_above=None, packages_above_and_dependencies=None, packages_above_depth=None, packages_select_by_dep=None, packages_skip_by_dep=None, packages_skip_up_to=None, packages_select_build_failed=False, packages_skip_build_finished=False, packages_select_test_failures=False, packages_skip_test_passed=False, packages_select=None, packages_skip=None, packages_select_regex=None, packages_skip_regex=None, packages_start=None, packages_end=None, allow_overriding=[], cmake_args=None, cmake_target=None, cmake_target_skip_unavailable=False, cmake_clean_cache=False, cmake_clean_first=False, cmake_force_configure=False, ament_cmake_args=None, catkin_cmake_args=None, catkin_skip_building_tests=False, mixin_files=None, mixin=None, verb_parser=<colcon_mixin.mixin.mixin_argument.MixinArgumentDecorator object at 0x745ff3b65840>, verb_extension=<colcon_core.verb.build.BuildVerb object at 0x745ff3b64d90>, main=<bound method BuildVerb.main of <colcon_core.verb.build.BuildVerb object at 0x745ff3b64d90>>, mixin_verb=('build',))
[0.324s] Level 1:colcon.colcon_core.package_discovery:discover_packages(colcon_meta) check parameters
[0.325s] Level 1:colcon.colcon_core.package_discovery:discover_packages(recursive) check parameters
[0.325s] Level 1:colcon.colcon_core.package_discovery:discover_packages(ignore) check parameters
[0.325s] Level 1:colcon.colcon_core.package_discovery:discover_packages(path) check parameters
[0.325s] Level 1:colcon.colcon_core.package_discovery:discover_packages(colcon_meta) discover
[0.325s] Level 1:colcon.colcon_core.package_discovery:discover_packages(recursive) discover
[0.325s] INFO:colcon.colcon_core.package_discovery:Crawling recursively for packages in '/home/jacob/MTRN4231/lab1_workspace'
[0.325s] Level 1:colcon.colcon_core.package_identification:_identify(.) by extensions ['ignore', 'ignore_ament_install']
[0.325s] Level 1:colcon.colcon_core.package_identification:_identify(.) by extension 'ignore'
[0.325s] Level 1:colcon.colcon_core.package_identification:_identify(.) by extension 'ignore_ament_install'
[0.325s] Level 1:colcon.colcon_core.package_identification:_identify(.) by extensions ['colcon_pkg']
[0.325s] Level 1:colcon.colcon_core.package_identification:_identify(.) by extension 'colcon_pkg'
[0.325s] Level 1:colcon.colcon_core.package_identification:_identify(.) by extensions ['colcon_meta']
[0.325s] Level 1:colcon.colcon_core.package_identification:_identify(.) by extension 'colcon_meta'
[0.325s] Level 1:colcon.colcon_core.package_identification:_identify(.) by extensions ['ros']
[0.325s] Level 1:colcon.colcon_core.package_identification:_identify(.) by extension 'ros'
[0.337s] Level 1:colcon.colcon_core.package_identification:_identify(.) by extensions ['cmake', 'python']
[0.337s] Level 1:colcon.colcon_core.package_identification:_identify(.) by extension 'cmake'
[0.337s] Level 1:colcon.colcon_core.package_identification:_identify(.) by extension 'python'
[0.337s] Level 1:colcon.colcon_core.package_identification:_identify(.) by extensions ['python_setup_py']
[0.337s] Level 1:colcon.colcon_core.package_identification:_identify(.) by extension 'python_setup_py'
[0.338s] Level 1:colcon.colcon_core.package_identification:_identify(build) by extensions ['ignore', 'ignore_ament_install']
[0.338s] Level 1:colcon.colcon_core.package_identification:_identify(build) by extension 'ignore'
[0.338s] Level 1:colcon.colcon_core.package_identification:_identify(build) ignored
[0.338s] Level 1:colcon.colcon_core.package_identification:_identify(install) by extensions ['ignore', 'ignore_ament_install']
[0.338s] Level 1:colcon.colcon_core.package_identification:_identify(install) by extension 'ignore'
[0.338s] Level 1:colcon.colcon_core.package_identification:_identify(install) ignored
[0.338s] Level 1:colcon.colcon_core.package_identification:_identify(log) by extensions ['ignore', 'ignore_ament_install']
[0.338s] Level 1:colcon.colcon_core.package_identification:_identify(log) by extension 'ignore'
[0.338s] Level 1:colcon.colcon_core.package_identification:_identify(log) ignored
[0.338s] Level 1:colcon.colcon_core.package_identification:_identify(src) by extensions ['ignore', 'ignore_ament_install']
[0.339s] Level 1:colcon.colcon_core.package_identification:_identify(src) by extension 'ignore'
[0.339s] Level 1:colcon.colcon_core.package_identification:_identify(src) by extension 'ignore_ament_install'
[0.339s] Level 1:colcon.colcon_core.package_identification:_identify(src) by extensions ['colcon_pkg']
[0.339s] Level 1:colcon.colcon_core.package_identification:_identify(src) by extension 'colcon_pkg'
[0.339s] Level 1:colcon.colcon_core.package_identification:_identify(src) by extensions ['colcon_meta']
[0.339s] Level 1:colcon.colcon_core.package_identification:_identify(src) by extension 'colcon_meta'
[0.339s] Level 1:colcon.colcon_core.package_identification:_identify(src) by extensions ['ros']
[0.339s] Level 1:colcon.colcon_core.package_identification:_identify(src) by extension 'ros'
[0.339s] Level 1:colcon.colcon_core.package_identification:_identify(src) by extensions ['cmake', 'python']
[0.339s] Level 1:colcon.colcon_core.package_identification:_identify(src) by extension 'cmake'
[0.339s] Level 1:colcon.colcon_core.package_identification:_identify(src) by extension 'python'
[0.339s] Level 1:colcon.colcon_core.package_identification:_identify(src) by extensions ['python_setup_py']
[0.339s] Level 1:colcon.colcon_core.package_identification:_identify(src) by extension 'python_setup_py'
[0.339s] Level 1:colcon.colcon_core.package_identification:_identify(src/build) by extensions ['ignore', 'ignore_ament_install']
[0.339s] Level 1:colcon.colcon_core.package_identification:_identify(src/build) by extension 'ignore'
[0.339s] Level 1:colcon.colcon_core.package_identification:_identify(src/build) ignored
[0.339s] Level 1:colcon.colcon_core.package_identification:_identify(src/cpp_pubsub) by extensions ['ignore', 'ignore_ament_install']
[0.340s] Level 1:colcon.colcon_core.package_identification:_identify(src/cpp_pubsub) by extension 'ignore'
[0.340s] Level 1:colcon.colcon_core.package_identification:_identify(src/cpp_pubsub) by extension 'ignore_ament_install'
[0.340s] Level 1:colcon.colcon_core.package_identification:_identify(src/cpp_pubsub) by extensions ['colcon_pkg']
[0.340s] Level 1:colcon.colcon_core.package_identification:_identify(src/cpp_pubsub) by extension 'colcon_pkg'
[0.340s] Level 1:colcon.colcon_core.package_identification:_identify(src/cpp_pubsub) by extensions ['colcon_meta']
[0.340s] Level 1:colcon.colcon_core.package_identification:_identify(src/cpp_pubsub) by extension 'colcon_meta'
[0.340s] Level 1:colcon.colcon_core.package_identification:_identify(src/cpp_pubsub) by extensions ['ros']
[0.340s] Level 1:colcon.colcon_core.package_identification:_identify(src/cpp_pubsub) by extension 'ros'
[0.343s] DEBUG:colcon.colcon_core.package_identification:Package 'src/cpp_pubsub' with type 'ros.ament_cmake' and name 'cpp_pubsub'
[0.343s] Level 1:colcon.colcon_core.package_identification:_identify(src/install) by extensions ['ignore', 'ignore_ament_install']
[0.343s] Level 1:colcon.colcon_core.package_identification:_identify(src/install) by extension 'ignore'
[0.343s] Level 1:colcon.colcon_core.package_identification:_identify(src/install) ignored
[0.343s] Level 1:colcon.colcon_core.package_identification:_identify(src/log) by extensions ['ignore', 'ignore_ament_install']
[0.343s] Level 1:colcon.colcon_core.package_identification:_identify(src/log) by extension 'ignore'
[0.343s] Level 1:colcon.colcon_core.package_identification:_identify(src/log) ignored
[0.343s] Level 1:colcon.colcon_core.package_identification:_identify(src/tutorial_interfaces) by extensions ['ignore', 'ignore_ament_install']
[0.343s] Level 1:colcon.colcon_core.package_identification:_identify(src/tutorial_interfaces) by extension 'ignore'
[0.343s] Level 1:colcon.colcon_core.package_identification:_identify(src/tutorial_interfaces) by extension 'ignore_ament_install'
[0.343s] Level 1:colcon.colcon_core.package_identification:_identify(src/tutorial_interfaces) by extensions ['colcon_pkg']
[0.344s] Level 1:colcon.colcon_core.package_identification:_identify(src/tutorial_interfaces) by extension 'colcon_pkg'
[0.344s] Level 1:colcon.colcon_core.package_identification:_identify(src/tutorial_interfaces) by extensions ['colcon_meta']
[0.344s] Level 1:colcon.colcon_core.package_identification:_identify(src/tutorial_interfaces) by extension 'colcon_meta'
[0.344s] Level 1:colcon.colcon_core.package_identification:_identify(src/tutorial_interfaces) by extensions ['ros']
[0.344s] Level 1:colcon.colcon_core.package_identification:_identify(src/tutorial_interfaces) by extension 'ros'
[0.344s] DEBUG:colcon.colcon_core.package_identification:Package 'src/tutorial_interfaces' with type 'ros.ament_cmake' and name 'tutorial_interfaces'
[0.345s] Level 1:colcon.colcon_core.package_discovery:discover_packages(recursive) using defaults
[0.345s] Level 1:colcon.colcon_core.package_discovery:discover_packages(ignore) discover
[0.345s] Level 1:colcon.colcon_core.package_discovery:discover_packages(ignore) using defaults
[0.345s] Level 1:colcon.colcon_core.package_discovery:discover_packages(path) discover
[0.345s] Level 1:colcon.colcon_core.package_discovery:discover_packages(path) using defaults
[0.405s] Level 1:colcon.colcon_core.package_discovery:discover_packages(prefix_path) check parameters
[0.405s] Level 1:colcon.colcon_core.package_discovery:discover_packages(prefix_path) discover
[0.408s] DEBUG:colcon.colcon_installed_package_information.package_discovery:Found 1 installed packages in /home/jacob/MTRN4231/lab1_workspace/src/install
[0.409s] DEBUG:colcon.colcon_installed_package_information.package_discovery:Found 3 installed packages in /home/jacob/MTRN4231/lab2_workspace/src/install
[0.411s] DEBUG:colcon.colcon_installed_package_information.package_discovery:Found 275 installed packages in /opt/ros/humble
[0.413s] Level 1:colcon.colcon_core.package_discovery:discover_packages(prefix_path) using defaults
[0.464s] Level 5:colcon.colcon_core.verb:set package 'cpp_pubsub' build argument 'cmake_args' from command line to 'None'
[0.464s] Level 5:colcon.colcon_core.verb:set package 'cpp_pubsub' build argument 'cmake_target' from command line to 'None'
[0.464s] Level 5:colcon.colcon_core.verb:set package 'cpp_pubsub' build argument 'cmake_target_skip_unavailable' from command line to 'False'
[0.464s] Level 5:colcon.colcon_core.verb:set package 'cpp_pubsub' build argument 'cmake_clean_cache' from command line to 'False'
[0.464s] Level 5:colcon.colcon_core.verb:set package 'cpp_pubsub' build argument 'cmake_clean_first' from command line to 'False'
[0.465s] Level 5:colcon.colcon_core.verb:set package 'cpp_pubsub' build argument 'cmake_force_configure' from command line to 'False'
[0.465s] Level 5:colcon.colcon_core.verb:set package 'cpp_pubsub' build argument 'ament_cmake_args' from command line to 'None'
[0.465s] Level 5:colcon.colcon_core.verb:set package 'cpp_pubsub' build argument 'catkin_cmake_args' from command line to 'None'
[0.465s] Level 5:colcon.colcon_core.verb:set package 'cpp_pubsub' build argument 'catkin_skip_building_tests' from command line to 'False'
[0.465s] DEBUG:colcon.colcon_core.verb:Building package 'cpp_pubsub' with the following arguments: {'ament_cmake_args': None, 'build_base': '/home/jacob/MTRN4231/lab1_workspace/build/cpp_pubsub', 'catkin_cmake_args': None, 'catkin_skip_building_tests': False, 'cmake_args': None, 'cmake_clean_cache': False, 'cmake_clean_first': False, 'cmake_force_configure': False, 'cmake_target': None, 'cmake_target_skip_unavailable': False, 'install_base': '/home/jacob/MTRN4231/lab1_workspace/install/cpp_pubsub', 'merge_install': False, 'path': '/home/jacob/MTRN4231/lab1_workspace/src/cpp_pubsub', 'symlink_install': False, 'test_result_base': None}
[0.465s] Level 5:colcon.colcon_core.verb:set package 'tutorial_interfaces' build argument 'cmake_args' from command line to 'None'
[0.465s] Level 5:colcon.colcon_core.verb:set package 'tutorial_interfaces' build argument 'cmake_target' from command line to 'None'
[0.465s] Level 5:colcon.colcon_core.verb:set package 'tutorial_interfaces' build argument 'cmake_target_skip_unavailable' from command line to 'False'
[0.465s] Level 5:colcon.colcon_core.verb:set package 'tutorial_interfaces' build argument 'cmake_clean_cache' from command line to 'False'
[0.465s] Level 5:colcon.colcon_core.verb:set package 'tutorial_interfaces' build argument 'cmake_clean_first' from command line to 'False'
[0.465s] Level 5:colcon.colcon_core.verb:set package 'tutorial_interfaces' build argument 'cmake_force_configure' from command line to 'False'
[0.465s] Level 5:colcon.colcon_core.verb:set package 'tutorial_interfaces' build argument 'ament_cmake_args' from command line to 'None'
[0.465s] Level 5:colcon.colcon_core.verb:set package 'tutorial_interfaces' build argument 'catkin_cmake_args' from command line to 'None'
[0.465s] Level 5:colcon.colcon_core.verb:set package 'tutorial_interfaces' build argument 'catkin_skip_building_tests' from command line to 'False'
[0.465s] DEBUG:colcon.colcon_core.verb:Building package 'tutorial_interfaces' with the following arguments: {'ament_cmake_args': None, 'build_base': '/home/jacob/MTRN4231/lab1_workspace/build/tutorial_interfaces', 'catkin_cmake_args': None, 'catkin_skip_building_tests': False, 'cmake_args': None, 'cmake_clean_cache': False, 'cmake_clean_first': False, 'cmake_force_configure': False, 'cmake_target': None, 'cmake_target_skip_unavailable': False, 'install_base': '/home/jacob/MTRN4231/lab1_workspace/install/tutorial_interfaces', 'merge_install': False, 'path': '/home/jacob/MTRN4231/lab1_workspace/src/tutorial_interfaces', 'symlink_install': False, 'test_result_base': None}
[0.466s] INFO:colcon.colcon_core.executor:Executing jobs using 'parallel' executor
[0.467s] DEBUG:colcon.colcon_parallel_executor.executor.parallel:run_until_complete
[0.467s] INFO:colcon.colcon_ros.task.ament_cmake.build:Building ROS package in '/home/jacob/MTRN4231/lab1_workspace/src/cpp_pubsub' with build type 'ament_cmake'
[0.467s] INFO:colcon.colcon_cmake.task.cmake.build:Building CMake package in '/home/jacob/MTRN4231/lab1_workspace/src/cpp_pubsub'
[0.470s] INFO:colcon.colcon_core.plugin_system:Skipping extension 'colcon_core.shell.bat': Not used on non-Windows systems
[0.470s] INFO:colcon.colcon_core.shell:Skip shell extension 'powershell' for command environment: Not usable outside of PowerShell
[0.470s] DEBUG:colcon.colcon_core.shell:Skip shell extension 'dsv' for command environment
[0.476s] INFO:colcon.colcon_ros.task.ament_cmake.build:Building ROS package in '/home/jacob/MTRN4231/lab1_workspace/src/tutorial_interfaces' with build type 'ament_cmake'
[0.476s] INFO:colcon.colcon_cmake.task.cmake.build:Building CMake package in '/home/jacob/MTRN4231/lab1_workspace/src/tutorial_interfaces'
[0.476s] INFO:colcon.colcon_core.shell:Skip shell extension 'powershell' for command environment: Not usable outside of PowerShell
[0.477s] DEBUG:colcon.colcon_core.shell:Skip shell extension 'dsv' for command environment
[0.489s] DEBUG:colcon.colcon_core.event_handler.log_command:Invoking command in '/home/jacob/MTRN4231/lab1_workspace/build/cpp_pubsub': CMAKE_PREFIX_PATH=${CMAKE_PREFIX_PATH}:/opt/ros/humble /usr/bin/cmake --build /home/jacob/MTRN4231/lab1_workspace/build/cpp_pubsub -- -j8 -l8
[0.500s] DEBUG:colcon.colcon_core.event_handler.log_command:Invoking command in '/home/jacob/MTRN4231/lab1_workspace/build/tutorial_interfaces': CMAKE_PREFIX_PATH=${CMAKE_PREFIX_PATH}:/opt/ros/humble /usr/bin/cmake --build /home/jacob/MTRN4231/lab1_workspace/build/tutorial_interfaces -- -j8 -l8
[7.054s] DEBUG:colcon.colcon_core.event_handler.log_command:Invoked command in '/home/jacob/MTRN4231/lab1_workspace/build/tutorial_interfaces' returned '0': CMAKE_PREFIX_PATH=${CMAKE_PREFIX_PATH}:/opt/ros/humble /usr/bin/cmake --build /home/jacob/MTRN4231/lab1_workspace/build/tutorial_interfaces -- -j8 -l8
[7.080s] DEBUG:colcon.colcon_core.event_handler.log_command:Invoking command in '/home/jacob/MTRN4231/lab1_workspace/build/tutorial_interfaces': CMAKE_PREFIX_PATH=${CMAKE_PREFIX_PATH}:/opt/ros/humble /usr/bin/cmake --install /home/jacob/MTRN4231/lab1_workspace/build/tutorial_interfaces
[7.213s] Level 1:colcon.colcon_core.environment:create_environment_scripts_only(tutorial_interfaces)
[7.213s] DEBUG:colcon.colcon_core.event_handler.log_command:Invoked command in '/home/jacob/MTRN4231/lab1_workspace/build/tutorial_interfaces' returned '0': CMAKE_PREFIX_PATH=${CMAKE_PREFIX_PATH}:/opt/ros/humble /usr/bin/cmake --install /home/jacob/MTRN4231/lab1_workspace/build/tutorial_interfaces
[7.217s] Level 1:colcon.colcon_core.environment:checking '/home/jacob/MTRN4231/lab1_workspace/install/tutorial_interfaces' for CMake module files
[7.218s] Level 1:colcon.colcon_core.environment:checking '/home/jacob/MTRN4231/lab1_workspace/install/tutorial_interfaces' for CMake config files
[7.219s] Level 1:colcon.colcon_core.shell:create_environment_hook('tutorial_interfaces', 'cmake_prefix_path')
[7.219s] INFO:colcon.colcon_core.shell:Creating environment hook '/home/jacob/MTRN4231/lab1_workspace/install/tutorial_interfaces/share/tutorial_interfaces/hook/cmake_prefix_path.ps1'
[7.221s] INFO:colcon.colcon_core.shell:Creating environment descriptor '/home/jacob/MTRN4231/lab1_workspace/install/tutorial_interfaces/share/tutorial_interfaces/hook/cmake_prefix_path.dsv'
[7.221s] INFO:colcon.colcon_core.shell:Creating environment hook '/home/jacob/MTRN4231/lab1_workspace/install/tutorial_interfaces/share/tutorial_interfaces/hook/cmake_prefix_path.sh'
[7.223s] Level 1:colcon.colcon_core.environment:checking '/home/jacob/MTRN4231/lab1_workspace/install/tutorial_interfaces/lib'
[7.223s] Level 1:colcon.colcon_core.shell:create_environment_hook('tutorial_interfaces', 'ld_library_path_lib')
[7.224s] INFO:colcon.colcon_core.shell:Creating environment hook '/home/jacob/MTRN4231/lab1_workspace/install/tutorial_interfaces/share/tutorial_interfaces/hook/ld_library_path_lib.ps1'
[7.224s] INFO:colcon.colcon_core.shell:Creating environment descriptor '/home/jacob/MTRN4231/lab1_workspace/install/tutorial_interfaces/share/tutorial_interfaces/hook/ld_library_path_lib.dsv'
[7.225s] INFO:colcon.colcon_core.shell:Creating environment hook '/home/jacob/MTRN4231/lab1_workspace/install/tutorial_interfaces/share/tutorial_interfaces/hook/ld_library_path_lib.sh'
[7.225s] Level 1:colcon.colcon_core.environment:checking '/home/jacob/MTRN4231/lab1_workspace/install/tutorial_interfaces/bin'
[7.226s] Level 1:colcon.colcon_core.environment:checking '/home/jacob/MTRN4231/lab1_workspace/install/tutorial_interfaces/lib/pkgconfig/tutorial_interfaces.pc'
[7.228s] Level 1:colcon.colcon_core.environment:checking '/home/jacob/MTRN4231/lab1_workspace/install/tutorial_interfaces/lib/python3.10/site-packages'
[7.228s] Level 1:colcon.colcon_core.environment:checking '/home/jacob/MTRN4231/lab1_workspace/install/tutorial_interfaces/bin'
[7.229s] INFO:colcon.colcon_core.shell:Creating package script '/home/jacob/MTRN4231/lab1_workspace/install/tutorial_interfaces/share/tutorial_interfaces/package.ps1'
[7.230s] INFO:colcon.colcon_core.shell:Creating package descriptor '/home/jacob/MTRN4231/lab1_workspace/install/tutorial_interfaces/share/tutorial_interfaces/package.dsv'
[7.232s] INFO:colcon.colcon_core.shell:Creating package script '/home/jacob/MTRN4231/lab1_workspace/install/tutorial_interfaces/share/tutorial_interfaces/package.sh'
[7.234s] INFO:colcon.colcon_core.shell:Creating package script '/home/jacob/MTRN4231/lab1_workspace/install/tutorial_interfaces/share/tutorial_interfaces/package.bash'
[7.235s] INFO:colcon.colcon_core.shell:Creating package script '/home/jacob/MTRN4231/lab1_workspace/install/tutorial_interfaces/share/tutorial_interfaces/package.zsh'
[7.237s] Level 1:colcon.colcon_core.environment:create_file_with_runtime_dependencies(/home/jacob/MTRN4231/lab1_workspace/install/tutorial_interfaces/share/colcon-core/packages/tutorial_interfaces)
[7.238s] Level 1:colcon.colcon_core.environment:create_environment_scripts_only(tutorial_interfaces)
[7.239s] Level 1:colcon.colcon_core.environment:checking '/home/jacob/MTRN4231/lab1_workspace/install/tutorial_interfaces' for CMake module files
[7.240s] Level 1:colcon.colcon_core.environment:checking '/home/jacob/MTRN4231/lab1_workspace/install/tutorial_interfaces' for CMake config files
[7.241s] Level 1:colcon.colcon_core.shell:create_environment_hook('tutorial_interfaces', 'cmake_prefix_path')
[7.241s] INFO:colcon.colcon_core.shell:Creating environment hook '/home/jacob/MTRN4231/lab1_workspace/install/tutorial_interfaces/share/tutorial_interfaces/hook/cmake_prefix_path.ps1'
[7.242s] INFO:colcon.colcon_core.shell:Creating environment descriptor '/home/jacob/MTRN4231/lab1_workspace/install/tutorial_interfaces/share/tutorial_interfaces/hook/cmake_prefix_path.dsv'
[7.243s] INFO:colcon.colcon_core.shell:Creating environment hook '/home/jacob/MTRN4231/lab1_workspace/install/tutorial_interfaces/share/tutorial_interfaces/hook/cmake_prefix_path.sh'
[7.244s] Level 1:colcon.colcon_core.environment:checking '/home/jacob/MTRN4231/lab1_workspace/install/tutorial_interfaces/lib'
[7.244s] Level 1:colcon.colcon_core.shell:create_environment_hook('tutorial_interfaces', 'ld_library_path_lib')
[7.244s] INFO:colcon.colcon_core.shell:Creating environment hook '/home/jacob/MTRN4231/lab1_workspace/install/tutorial_interfaces/share/tutorial_interfaces/hook/ld_library_path_lib.ps1'
[7.245s] INFO:colcon.colcon_core.shell:Creating environment descriptor '/home/jacob/MTRN4231/lab1_workspace/install/tutorial_interfaces/share/tutorial_interfaces/hook/ld_library_path_lib.dsv'
[7.246s] INFO:colcon.colcon_core.shell:Creating environment hook '/home/jacob/MTRN4231/lab1_workspace/install/tutorial_interfaces/share/tutorial_interfaces/hook/ld_library_path_lib.sh'
[7.246s] Level 1:colcon.colcon_core.environment:checking '/home/jacob/MTRN4231/lab1_workspace/install/tutorial_interfaces/bin'
[7.246s] Level 1:colcon.colcon_core.environment:checking '/home/jacob/MTRN4231/lab1_workspace/install/tutorial_interfaces/lib/pkgconfig/tutorial_interfaces.pc'
[7.247s] Level 1:colcon.colcon_core.environment:checking '/home/jacob/MTRN4231/lab1_workspace/install/tutorial_interfaces/lib/python3.10/site-packages'
[7.247s] Level 1:colcon.colcon_core.environment:checking '/home/jacob/MTRN4231/lab1_workspace/install/tutorial_interfaces/bin'
[7.248s] INFO:colcon.colcon_core.shell:Creating package script '/home/jacob/MTRN4231/lab1_workspace/install/tutorial_interfaces/share/tutorial_interfaces/package.ps1'
[7.249s] INFO:colcon.colcon_core.shell:Creating package descriptor '/home/jacob/MTRN4231/lab1_workspace/install/tutorial_interfaces/share/tutorial_interfaces/package.dsv'
[7.250s] INFO:colcon.colcon_core.shell:Creating package script '/home/jacob/MTRN4231/lab1_workspace/install/tutorial_interfaces/share/tutorial_interfaces/package.sh'
[7.251s] INFO:colcon.colcon_core.shell:Creating package script '/home/jacob/MTRN4231/lab1_workspace/install/tutorial_interfaces/share/tutorial_interfaces/package.bash'
[7.252s] INFO:colcon.colcon_core.shell:Creating package script '/home/jacob/MTRN4231/lab1_workspace/install/tutorial_interfaces/share/tutorial_interfaces/package.zsh'
[7.252s] Level 1:colcon.colcon_core.environment:create_file_with_runtime_dependencies(/home/jacob/MTRN4231/lab1_workspace/install/tutorial_interfaces/share/colcon-core/packages/tutorial_interfaces)
[7.409s] DEBUG:colcon.colcon_core.event_handler.log_command:Invoked command in '/home/jacob/MTRN4231/lab1_workspace/build/cpp_pubsub' returned '2': CMAKE_PREFIX_PATH=${CMAKE_PREFIX_PATH}:/opt/ros/humble /usr/bin/cmake --build /home/jacob/MTRN4231/lab1_workspace/build/cpp_pubsub -- -j8 -l8
[7.410s] Level 1:colcon.colcon_core.environment:create_environment_scripts_only(cpp_pubsub)
[7.410s] Level 1:colcon.colcon_core.environment:checking '/home/jacob/MTRN4231/lab1_workspace/install/cpp_pubsub' for CMake module files
[7.411s] Level 1:colcon.colcon_core.environment:checking '/home/jacob/MTRN4231/lab1_workspace/install/cpp_pubsub' for CMake config files
[7.411s] Level 1:colcon.colcon_core.shell:create_environment_hook('cpp_pubsub', 'cmake_prefix_path')
[7.411s] INFO:colcon.colcon_core.shell:Creating environment hook '/home/jacob/MTRN4231/lab1_workspace/install/cpp_pubsub/share/cpp_pubsub/hook/cmake_prefix_path.ps1'
[7.412s] INFO:colcon.colcon_core.shell:Creating environment descriptor '/home/jacob/MTRN4231/lab1_workspace/install/cpp_pubsub/share/cpp_pubsub/hook/cmake_prefix_path.dsv'
[7.412s] INFO:colcon.colcon_core.shell:Creating environment hook '/home/jacob/MTRN4231/lab1_workspace/install/cpp_pubsub/share/cpp_pubsub/hook/cmake_prefix_path.sh'
[7.413s] Level 1:colcon.colcon_core.environment:checking '/home/jacob/MTRN4231/lab1_workspace/install/cpp_pubsub/lib'
[7.413s] Level 1:colcon.colcon_core.environment:checking '/home/jacob/MTRN4231/lab1_workspace/install/cpp_pubsub/bin'
[7.413s] Level 1:colcon.colcon_core.environment:checking '/home/jacob/MTRN4231/lab1_workspace/install/cpp_pubsub/lib/pkgconfig/cpp_pubsub.pc'
[7.414s] Level 1:colcon.colcon_core.environment:checking '/home/jacob/MTRN4231/lab1_workspace/install/cpp_pubsub/lib/python3.10/site-packages'
[7.414s] Level 1:colcon.colcon_core.environment:checking '/home/jacob/MTRN4231/lab1_workspace/install/cpp_pubsub/bin'
[7.415s] INFO:colcon.colcon_core.shell:Creating package script '/home/jacob/MTRN4231/lab1_workspace/install/cpp_pubsub/share/cpp_pubsub/package.ps1'
[7.416s] INFO:colcon.colcon_core.shell:Creating package descriptor '/home/jacob/MTRN4231/lab1_workspace/install/cpp_pubsub/share/cpp_pubsub/package.dsv'
[7.416s] INFO:colcon.colcon_core.shell:Creating package script '/home/jacob/MTRN4231/lab1_workspace/install/cpp_pubsub/share/cpp_pubsub/package.sh'
[7.417s] INFO:colcon.colcon_core.shell:Creating package script '/home/jacob/MTRN4231/lab1_workspace/install/cpp_pubsub/share/cpp_pubsub/package.bash'
[7.417s] INFO:colcon.colcon_core.shell:Creating package script '/home/jacob/MTRN4231/lab1_workspace/install/cpp_pubsub/share/cpp_pubsub/package.zsh'
[7.418s] Level 1:colcon.colcon_core.environment:create_file_with_runtime_dependencies(/home/jacob/MTRN4231/lab1_workspace/install/cpp_pubsub/share/colcon-core/packages/cpp_pubsub)
[7.419s] DEBUG:colcon.colcon_parallel_executor.executor.parallel:closing loop
[7.419s] DEBUG:colcon.colcon_parallel_executor.executor.parallel:loop closed
[7.420s] DEBUG:colcon.colcon_parallel_executor.executor.parallel:run_until_complete finished with '2'
[7.420s] DEBUG:colcon.colcon_core.event_reactor:joining thread
[7.475s] INFO:colcon.colcon_core.plugin_system:Skipping extension 'colcon_notification.desktop_notification.terminal_notifier': Not used on non-Darwin systems
[7.476s] INFO:colcon.colcon_core.plugin_system:Skipping extension 'colcon_notification.desktop_notification.win32': Not used on non-Windows systems
[7.476s] INFO:colcon.colcon_notification.desktop_notification:Sending desktop notification using 'notify2'
[7.499s] DEBUG:colcon.colcon_core.event_reactor:joined thread
[7.500s] INFO:colcon.colcon_core.shell:Creating prefix script '/home/jacob/MTRN4231/lab1_workspace/install/local_setup.ps1'
[7.502s] INFO:colcon.colcon_core.shell:Creating prefix util module '/home/jacob/MTRN4231/lab1_workspace/install/_local_setup_util_ps1.py'
[7.505s] INFO:colcon.colcon_core.shell:Creating prefix chain script '/home/jacob/MTRN4231/lab1_workspace/install/setup.ps1'
[7.509s] INFO:colcon.colcon_core.shell:Creating prefix script '/home/jacob/MTRN4231/lab1_workspace/install/local_setup.sh'
[7.510s] INFO:colcon.colcon_core.shell:Creating prefix util module '/home/jacob/MTRN4231/lab1_workspace/install/_local_setup_util_sh.py'
[7.511s] INFO:colcon.colcon_core.shell:Creating prefix chain script '/home/jacob/MTRN4231/lab1_workspace/install/setup.sh'
[7.514s] INFO:colcon.colcon_core.shell:Creating prefix script '/home/jacob/MTRN4231/lab1_workspace/install/local_setup.bash'
[7.515s] INFO:colcon.colcon_core.shell:Creating prefix chain script '/home/jacob/MTRN4231/lab1_workspace/install/setup.bash'
[7.517s] INFO:colcon.colcon_core.shell:Creating prefix script '/home/jacob/MTRN4231/lab1_workspace/install/local_setup.zsh'
[7.518s] INFO:colcon.colcon_core.shell:Creating prefix chain script '/home/jacob/MTRN4231/lab1_workspace/install/setup.zsh'
