-- Found ament_cmake: 1.3.12 (/opt/ros/humble/share/ament_cmake/cmake)
-- Found rclcpp: 16.0.14 (/opt/ros/humble/share/rclcpp/cmake)
-- Found rosidl_generator_c: 3.1.7 (/opt/ros/humble/share/rosidl_generator_c/cmake)
-- Found rosidl_adapter: 3.1.7 (/opt/ros/humble/share/rosidl_adapter/cmake)
-- Found rosidl_generator_cpp: 3.1.7 (/opt/ros/humble/share/rosidl_generator_cpp/cmake)
-- Using all available rosidl_typesupport_c: rosidl_typesupport_fastrtps_c;rosidl_typesupport_introspection_c
-- Using all available rosidl_typesupport_cpp: rosidl_typesupport_fastrtps_cpp;rosidl_typesupport_introspection_cpp
-- Found rmw_implementation_cmake: 6.1.2 (/opt/ros/humble/share/rmw_implementation_cmake/cmake)
-- Found rmw_fastrtps_cpp: 6.2.8 (/opt/ros/humble/share/rmw_fastrtps_cpp/cmake)
-- Using RMW implementation 'rmw_fastrtps_cpp' as default
-- Found tf2: 0.25.16 (/opt/ros/humble/share/tf2/cmake)
-- Found tf2_ros: 0.25.16 (/opt/ros/humble/share/tf2_ros/cmake)
-- Found ament_lint_auto: 0.12.14 (/opt/ros/humble/share/ament_lint_auto/cmake)
-- Added test 'cppcheck' to perform static code analysis on C / C++ code
-- Configured cppcheck include dirs: 
-- Configured cppcheck exclude dirs and/or files: 
-- Added test 'lint_cmake' to check CMake code style
-- Added test 'uncrustify' to check C / C++ code style
-- Configured uncrustify additional arguments: 
-- Added test 'xmllint' to check XML markup files
-- Configuring done
-- Generating done
-- Build files have been written to: /home/jacob/MTRN4231/lab2_workspace/src/build/transformations
[ 50%] [32mBuilding CXX object CMakeFiles/static_broadcaster.dir/src/static_camera_transformation.cpp.o[0m
[01m[K/home/jacob/MTRN4231/lab2_workspace/src/transformations/src/static_camera_transformation.cpp:[m[K In constructor ‘[01m[KStaticTFBroadcaster::StaticTFBroadcaster()[m[K’:
[01m[K/home/jacob/MTRN4231/lab2_workspace/src/transformations/src/static_camera_transformation.cpp:18:33:[m[K [01;31m[Kerror: [m[K‘[01m[Kusing _transform_type = struct geometry_msgs::msg::Transform_<std::allocator<void> >[m[K’ {aka ‘[01m[Kstruct geometry_msgs::msg::Transform_<std::allocator<void> >[m[K’} has no member named ‘[01m[KVector3[m[K’
   18 |     transformStamped_.transform.[01;31m[KVector3[m[K.x = 1.2;
      |                                 [01;31m[K^~~~~~~[m[K
[01m[K/home/jacob/MTRN4231/lab2_workspace/src/transformations/src/static_camera_transformation.cpp:19:33:[m[K [01;31m[Kerror: [m[K‘[01m[Kusing _transform_type = struct geometry_msgs::msg::Transform_<std::allocator<void> >[m[K’ {aka ‘[01m[Kstruct geometry_msgs::msg::Transform_<std::allocator<void> >[m[K’} has no member named ‘[01m[KVector3[m[K’
   19 |     transformStamped_.transform.[01;31m[KVector3[m[K.y = 0;
      |                                 [01;31m[K^~~~~~~[m[K
[01m[K/home/jacob/MTRN4231/lab2_workspace/src/transformations/src/static_camera_transformation.cpp:20:33:[m[K [01;31m[Kerror: [m[K‘[01m[Kusing _transform_type = struct geometry_msgs::msg::Transform_<std::allocator<void> >[m[K’ {aka ‘[01m[Kstruct geometry_msgs::msg::Transform_<std::allocator<void> >[m[K’} has no member named ‘[01m[KVector3[m[K’
   20 |     transformStamped_.transform.[01;31m[KVector3[m[K.z = 1.0;
      |                                 [01;31m[K^~~~~~~[m[K
[01m[K/home/jacob/MTRN4231/lab2_workspace/src/transformations/src/static_camera_transformation.cpp:21:33:[m[K [01;31m[Kerror: [m[K‘[01m[Kusing _transform_type = struct geometry_msgs::msg::Transform_<std::allocator<void> >[m[K’ {aka ‘[01m[Kstruct geometry_msgs::msg::Transform_<std::allocator<void> >[m[K’} has no member named ‘[01m[KQuaternion[m[K’
   21 |     transformStamped_.transform.[01;31m[KQuaternion[m[K.w = 0.924;
      |                                 [01;31m[K^~~~~~~~~~[m[K
[01m[K/home/jacob/MTRN4231/lab2_workspace/src/transformations/src/static_camera_transformation.cpp:22:33:[m[K [01;31m[Kerror: [m[K‘[01m[Kusing _transform_type = struct geometry_msgs::msg::Transform_<std::allocator<void> >[m[K’ {aka ‘[01m[Kstruct geometry_msgs::msg::Transform_<std::allocator<void> >[m[K’} has no member named ‘[01m[KQuaternion[m[K’
   22 |     transformStamped_.transform.[01;31m[KQuaternion[m[K.x = 0;
      |                                 [01;31m[K^~~~~~~~~~[m[K
[01m[K/home/jacob/MTRN4231/lab2_workspace/src/transformations/src/static_camera_transformation.cpp:23:33:[m[K [01;31m[Kerror: [m[K‘[01m[Kusing _transform_type = struct geometry_msgs::msg::Transform_<std::allocator<void> >[m[K’ {aka ‘[01m[Kstruct geometry_msgs::msg::Transform_<std::allocator<void> >[m[K’} has no member named ‘[01m[KQuaternion[m[K’
   23 |     transformStamped_.transform.[01;31m[KQuaternion[m[K.y = 0;
      |                                 [01;31m[K^~~~~~~~~~[m[K
[01m[K/home/jacob/MTRN4231/lab2_workspace/src/transformations/src/static_camera_transformation.cpp:24:33:[m[K [01;31m[Kerror: [m[K‘[01m[Kusing _transform_type = struct geometry_msgs::msg::Transform_<std::allocator<void> >[m[K’ {aka ‘[01m[Kstruct geometry_msgs::msg::Transform_<std::allocator<void> >[m[K’} has no member named ‘[01m[KQuaternion[m[K’
   24 |     transformStamped_.transform.[01;31m[KQuaternion[m[K.z = -0.383;
      |                                 [01;31m[K^~~~~~~~~~[m[K
gmake[2]: *** [CMakeFiles/static_broadcaster.dir/build.make:76: CMakeFiles/static_broadcaster.dir/src/static_camera_transformation.cpp.o] Error 1
gmake[1]: *** [CMakeFiles/Makefile2:137: CMakeFiles/static_broadcaster.dir/all] Error 2
gmake: *** [Makefile:146: all] Error 2
