[01m[K/home/jacob/MTRN4231/lab1_workspace/src/cpp_pubsub/src/subscriber_member_function.cpp:37:49:[m[K [01;31m[Kerror: [m[K‘[01m[KPosestamped[m[K’ in namespace ‘[01m[Kgeometry_msgs::msg[m[K’ does not name a type
   37 |   void topic_callback(const geometry_msgs::msg::[01;31m[KPosestamped[m[K & msg) const
      |                                                 [01;31m[K^~~~~~~~~~~[m[K
[01m[K/home/jacob/MTRN4231/lab1_workspace/src/cpp_pubsub/src/subscriber_member_function.cpp:41:44:[m[K [01;31m[Kerror: [m[K‘[01m[KPosestamped[m[K’ is not a member of ‘[01m[Kgeometry_msgs::msg[m[K’; did you mean ‘[01m[Ktutorial_interfaces::msg::Posestamped[m[K’?
   41 |   rclcpp::Subscription<geometry_msgs::msg::[01;31m[KPosestamped[m[K>::SharedPtr subscription_;
      |                                            [01;31m[K^~~~~~~~~~~[m[K
In file included from [01m[K/home/jacob/MTRN4231/lab1_workspace/install/tutorial_interfaces/include/tutorial_interfaces/tutorial_interfaces/msg/posestamped.hpp:7[m[K,
                 from [01m[K/home/jacob/MTRN4231/lab1_workspace/src/cpp_pubsub/src/subscriber_member_function.cpp:22[m[K:
[01m[K/home/jacob/MTRN4231/lab1_workspace/install/tutorial_interfaces/include/tutorial_interfaces/tutorial_interfaces/msg/detail/posestamped__struct.hpp:135:7:[m[K [01;36m[Knote: [m[K‘[01m[Ktutorial_interfaces::msg::Posestamped[m[K’ declared here
  135 | using [01;36m[KPosestamped[m[K =
      |       [01;36m[K^~~~~~~~~~~[m[K
[01m[K/home/jacob/MTRN4231/lab1_workspace/src/cpp_pubsub/src/subscriber_member_function.cpp:41:55:[m[K [01;31m[Kerror: [m[Ktemplate argument 1 is invalid
   41 |   rclcpp::Subscription<geometry_msgs::msg::Posestamped[01;31m[K>[m[K::SharedPtr subscription_;
      |                                                       [01;31m[K^[m[K
[01m[K/home/jacob/MTRN4231/lab1_workspace/src/cpp_pubsub/src/subscriber_member_function.cpp:41:55:[m[K [01;31m[Kerror: [m[Ktemplate argument 3 is invalid
[01m[K/home/jacob/MTRN4231/lab1_workspace/src/cpp_pubsub/src/subscriber_member_function.cpp:41:55:[m[K [01;31m[Kerror: [m[Ktemplate argument 4 is invalid
[01m[K/home/jacob/MTRN4231/lab1_workspace/src/cpp_pubsub/src/subscriber_member_function.cpp:41:55:[m[K [01;31m[Kerror: [m[Ktemplate argument 5 is invalid
[01m[K/home/jacob/MTRN4231/lab1_workspace/src/cpp_pubsub/src/subscriber_member_function.cpp:41:58:[m[K [01;31m[Kerror: [m[Kexpected ‘[01m[K;[m[K’ at end of member declaration
   41 |   rclcpp::Subscription<geometry_msgs::msg::Posestamped>::[01;31m[KSharedPtr[m[K subscription_;
      |                                                          [01;31m[K^~~~~~~~~[m[K
      |                                                                   [32m[K;[m[K
[01m[K/home/jacob/MTRN4231/lab1_workspace/src/cpp_pubsub/src/subscriber_member_function.cpp:41:68:[m[K [01;31m[Kerror: [m[K‘[01m[Ksubscription_[m[K’ does not name a type; did you mean ‘[01m[Krmw_subscription_t[m[K’?
   41 |   rclcpp::Subscription<geometry_msgs::msg::Posestamped>::SharedPtr [01;31m[Ksubscription_[m[K;
      |                                                                    [01;31m[K^~~~~~~~~~~~~[m[K
      |                                                                    [32m[Krmw_subscription_t[m[K
[01m[K/home/jacob/MTRN4231/lab1_workspace/src/cpp_pubsub/src/subscriber_member_function.cpp:[m[K In constructor ‘[01m[KMinimalSubscriber::MinimalSubscriber()[m[K’:
[01m[K/home/jacob/MTRN4231/lab1_workspace/src/cpp_pubsub/src/subscriber_member_function.cpp:32:5:[m[K [01;31m[Kerror: [m[K‘[01m[Ksubscription_[m[K’ was not declared in this scope; did you mean ‘[01m[Krmw_subscription_t[m[K’?
   32 |     [01;31m[Ksubscription_[m[K = this->create_subscription<geometry_msgs::msg::Posestamped>(
      |     [01;31m[K^~~~~~~~~~~~~[m[K
      |     [32m[Krmw_subscription_t[m[K
[01m[K/home/jacob/MTRN4231/lab1_workspace/src/cpp_pubsub/src/subscriber_member_function.cpp:32:67:[m[K [01;31m[Kerror: [m[K‘[01m[KPosestamped[m[K’ is not a member of ‘[01m[Kgeometry_msgs::msg[m[K’; did you mean ‘[01m[Ktutorial_interfaces::msg::Posestamped[m[K’?
   32 |     subscription_ = this->create_subscription<geometry_msgs::msg::[01;31m[KPosestamped[m[K>(
      |                                                                   [01;31m[K^~~~~~~~~~~[m[K
In file included from [01m[K/home/jacob/MTRN4231/lab1_workspace/install/tutorial_interfaces/include/tutorial_interfaces/tutorial_interfaces/msg/posestamped.hpp:7[m[K,
                 from [01m[K/home/jacob/MTRN4231/lab1_workspace/src/cpp_pubsub/src/subscriber_member_function.cpp:22[m[K:
[01m[K/home/jacob/MTRN4231/lab1_workspace/install/tutorial_interfaces/include/tutorial_interfaces/tutorial_interfaces/msg/detail/posestamped__struct.hpp:135:7:[m[K [01;36m[Knote: [m[K‘[01m[Ktutorial_interfaces::msg::Posestamped[m[K’ declared here
  135 | using [01;36m[KPosestamped[m[K =
      |       [01;36m[K^~~~~~~~~~~[m[K
[01m[K/home/jacob/MTRN4231/lab1_workspace/src/cpp_pubsub/src/subscriber_member_function.cpp:32:79:[m[K [01;31m[Kerror: [m[Kno matching function for call to ‘[01m[KMinimalSubscriber::create_subscription<<expression error> >(const char [11], int, std::_Bind_helper<false, void (MinimalSubscriber::*)(const int&) const, MinimalSubscriber*, const std::_Placeholder<1>&>::type)[m[K’
   32 |     subscription_ = [01;31m[Kthis->create_subscription<geometry_msgs::msg::Posestamped>([m[K
      |                     [01;31m[K~~~~~~~~~~~~~~~~~~~~~~~~~~~~~~~~~~~~~~~~~~~~~~~~~~~~~~~~~~^[m[K
   33 | [01;31m[K      "lab1_topic", 10, std::bind(&MinimalSubscriber::topic_callback, this, _1))[m[K;
      |       [01;31m[K~~~~~~~~~~~~~~~~~~~~~~~~~~~~~~~~~~~~~~~~~~~~~~~~~~~~~~~~~~~~~~~~~~~~~~~~~~[m[K
In file included from [01m[K/opt/ros/humble/include/rclcpp/rclcpp/executors/single_threaded_executor.hpp:28[m[K,
                 from [01m[K/opt/ros/humble/include/rclcpp/rclcpp/executors.hpp:22[m[K,
                 from [01m[K/opt/ros/humble/include/rclcpp/rclcpp/rclcpp.hpp:155[m[K,
                 from [01m[K/home/jacob/MTRN4231/lab1_workspace/src/cpp_pubsub/src/subscriber_member_function.cpp:18[m[K:
[01m[K/opt/ros/humble/include/rclcpp/rclcpp/node.hpp:219:3:[m[K [01;36m[Knote: [m[Kcandidate: ‘[01m[Ktemplate<class MessageT, class CallbackT, class AllocatorT, class SubscriptionT, class MessageMemoryStrategyT> std::shared_ptr<ROSMessageT> rclcpp::Node::create_subscription(const string&, const rclcpp::QoS&, CallbackT&&, const rclcpp::SubscriptionOptionsWithAllocator<AllocatorT>&, typename MessageMemoryStrategyT::SharedPtr)[m[K’
  219 |   [01;36m[Kcreate_subscription[m[K(
      |   [01;36m[K^~~~~~~~~~~~~~~~~~~[m[K
[01m[K/opt/ros/humble/include/rclcpp/rclcpp/node.hpp:219:3:[m[K [01;36m[Knote: [m[K  template argument deduction/substitution failed:
[01m[K/home/jacob/MTRN4231/lab1_workspace/src/cpp_pubsub/src/subscriber_member_function.cpp:32:79:[m[K [01;31m[Kerror: [m[Ktemplate argument 1 is invalid
   32 |     subscription_ = [01;31m[Kthis->create_subscription<geometry_msgs::msg::Posestamped>([m[K
      |                     [01;31m[K~~~~~~~~~~~~~~~~~~~~~~~~~~~~~~~~~~~~~~~~~~~~~~~~~~~~~~~~~~^[m[K
   33 | [01;31m[K      "lab1_topic", 10, std::bind(&MinimalSubscriber::topic_callback, this, _1))[m[K;
      |       [01;31m[K~~~~~~~~~~~~~~~~~~~~~~~~~~~~~~~~~~~~~~~~~~~~~~~~~~~~~~~~~~~~~~~~~~~~~~~~~~[m[K
In file included from [01m[K/opt/ros/humble/include/rclcpp/rclcpp/logging.hpp:24[m[K,
                 from [01m[K/opt/ros/humble/include/rclcpp/rclcpp/client.hpp:40[m[K,
                 from [01m[K/opt/ros/humble/include/rclcpp/rclcpp/callback_group.hpp:24[m[K,
                 from [01m[K/opt/ros/humble/include/rclcpp/rclcpp/any_executable.hpp:20[m[K,
                 from [01m[K/opt/ros/humble/include/rclcpp/rclcpp/memory_strategy.hpp:25[m[K,
                 from [01m[K/opt/ros/humble/include/rclcpp/rclcpp/memory_strategies.hpp:18[m[K,
                 from [01m[K/opt/ros/humble/include/rclcpp/rclcpp/executor_options.hpp:20[m[K,
                 from [01m[K/opt/ros/humble/include/rclcpp/rclcpp/executor.hpp:37[m[K,
                 from [01m[K/opt/ros/humble/include/rclcpp/rclcpp/executors/multi_threaded_executor.hpp:25[m[K,
                 from [01m[K/opt/ros/humble/include/rclcpp/rclcpp/executors.hpp:21[m[K,
                 from [01m[K/opt/ros/humble/include/rclcpp/rclcpp/rclcpp.hpp:155[m[K,
                 from [01m[K/home/jacob/MTRN4231/lab1_workspace/src/cpp_pubsub/src/subscriber_member_function.cpp:18[m[K:
[01m[K/home/jacob/MTRN4231/lab1_workspace/src/cpp_pubsub/src/subscriber_member_function.cpp:[m[K In member function ‘[01m[Kvoid MinimalSubscriber::topic_callback(const int&) const[m[K’:
[01m[K/home/jacob/MTRN4231/lab1_workspace/src/cpp_pubsub/src/subscriber_member_function.cpp:39:95:[m[K [01;31m[Kerror: [m[Krequest for member ‘[01m[Kcenter[m[K’ in ‘[01m[Kmsg[m[K’, which is of non-class type ‘[01m[Kconst int[m[K’
   39 |     RCLCPP_INFO(this->get_logger(), "Position recieved - X: %f, Y: %f, Z: %f, time: %ds", msg.[01;31m[Kcenter[m[K.x, msg.center.y, msg.center.z, msg.time.stamp.sec);
      |                                                                                               [01;31m[K^~~~~~[m[K
[01m[K/home/jacob/MTRN4231/lab1_workspace/src/cpp_pubsub/src/subscriber_member_function.cpp:39:109:[m[K [01;31m[Kerror: [m[Krequest for member ‘[01m[Kcenter[m[K’ in ‘[01m[Kmsg[m[K’, which is of non-class type ‘[01m[Kconst int[m[K’
   39 |     RCLCPP_INFO(this->get_logger(), "Position recieved - X: %f, Y: %f, Z: %f, time: %ds", msg.center.x, msg.[01;31m[Kcenter[m[K.y, msg.center.z, msg.time.stamp.sec);
      |                                                                                                             [01;31m[K^~~~~~[m[K
[01m[K/home/jacob/MTRN4231/lab1_workspace/src/cpp_pubsub/src/subscriber_member_function.cpp:39:123:[m[K [01;31m[Kerror: [m[Krequest for member ‘[01m[Kcenter[m[K’ in ‘[01m[Kmsg[m[K’, which is of non-class type ‘[01m[Kconst int[m[K’
   39 |     RCLCPP_INFO(this->get_logger(), "Position recieved - X: %f, Y: %f, Z: %f, time: %ds", msg.center.x, msg.center.y, msg.[01;31m[Kcenter[m[K.z, msg.time.stamp.sec);
      |                                                                                                                           [01;31m[K^~~~~~[m[K
[01m[K/home/jacob/MTRN4231/lab1_workspace/src/cpp_pubsub/src/subscriber_member_function.cpp:39:137:[m[K [01;31m[Kerror: [m[Krequest for member ‘[01m[Ktime[m[K’ in ‘[01m[Kmsg[m[K’, which is of non-class type ‘[01m[Kconst int[m[K’
   39 |     RCLCPP_INFO(this->get_logger(), "Position recieved - X: %f, Y: %f, Z: %f, time: %ds", msg.center.x, msg.center.y, msg.center.z, msg.[01;31m[Ktime[m[K.stamp.sec);
      |                                                                                                                                         [01;31m[K^~~~[m[K
gmake[2]: *** [CMakeFiles/listener.dir/build.make:76: CMakeFiles/listener.dir/src/subscriber_member_function.cpp.o] Error 1
gmake[1]: *** [CMakeFiles/Makefile2:165: CMakeFiles/listener.dir/all] Error 2
gmake: *** [Makefile:146: all] Error 2
