[0.042s] Invoking command in '/home/jacob/MTRN4231/lab2_workspace/src/build/my_interface': CMAKE_PREFIX_PATH=${CMAKE_PREFIX_PATH}:/opt/ros/humble /usr/bin/cmake --build /home/jacob/MTRN4231/lab2_workspace/src/build/my_interface -- -j8 -l8
[0.161s] [  3%] Built target my_interface__cpp
[0.179s] [ 12%] Built target my_interface__rosidl_generator_c
[0.208s] [ 12%] Built target ament_cmake_python_copy_my_interface
[0.231s] [ 22%] Built target my_interface__rosidl_typesupport_cpp
[0.256s] [ 32%] Built target my_interface__rosidl_typesupport_fastrtps_cpp
[0.268s] [ 41%] Built target my_interface__rosidl_typesupport_introspection_cpp
[0.269s] [ 51%] Built target my_interface__rosidl_typesupport_introspection_c
[0.279s] [ 61%] Built target my_interface__rosidl_typesupport_c
[0.283s] [ 70%] Built target my_interface__rosidl_typesupport_fastrtps_c
[0.333s] [ 70%] Built target my_interface
[0.389s] [ 74%] Built target my_interface__py
[0.442s] [ 80%] Built target my_interface__rosidl_generator_py
[0.484s] [ 87%] Built target my_interface__rosidl_typesupport_introspection_c__pyext
[0.487s] [ 93%] Built target my_interface__rosidl_typesupport_fastrtps_c__pyext
[0.488s] [100%] Built target my_interface__rosidl_typesupport_c__pyext
[0.839s] running egg_info
[0.839s] writing my_interface.egg-info/PKG-INFO
[0.839s] writing dependency_links to my_interface.egg-info/dependency_links.txt
[0.839s] writing top-level names to my_interface.egg-info/top_level.txt
[0.844s] reading manifest file 'my_interface.egg-info/SOURCES.txt'
[0.845s] writing manifest file 'my_interface.egg-info/SOURCES.txt'
[0.949s] [100%] Built target ament_cmake_python_build_my_interface_egg
[0.971s] Invoked command in '/home/jacob/MTRN4231/lab2_workspace/src/build/my_interface' returned '0': CMAKE_PREFIX_PATH=${CMAKE_PREFIX_PATH}:/opt/ros/humble /usr/bin/cmake --build /home/jacob/MTRN4231/lab2_workspace/src/build/my_interface -- -j8 -l8
[0.975s] Invoking command in '/home/jacob/MTRN4231/lab2_workspace/src/build/my_interface': CMAKE_PREFIX_PATH=${CMAKE_PREFIX_PATH}:/opt/ros/humble /usr/bin/cmake --install /home/jacob/MTRN4231/lab2_workspace/src/build/my_interface
[0.988s] -- Install configuration: ""
[0.988s] -- Up-to-date: /home/jacob/MTRN4231/lab2_workspace/src/install/my_interface/share/ament_index/resource_index/rosidl_interfaces/my_interface
[0.989s] -- Up-to-date: /home/jacob/MTRN4231/lab2_workspace/src/install/my_interface/include/my_interface/my_interface
[0.989s] -- Up-to-date: /home/jacob/MTRN4231/lab2_workspace/src/install/my_interface/include/my_interface/my_interface/msg
[0.989s] -- Up-to-date: /home/jacob/MTRN4231/lab2_workspace/src/install/my_interface/include/my_interface/my_interface/msg/rosidl_generator_c__visibility_control.h
[0.990s] -- Up-to-date: /home/jacob/MTRN4231/lab2_workspace/src/install/my_interface/include/my_interface/my_interface/srv
[0.990s] -- Up-to-date: /home/jacob/MTRN4231/lab2_workspace/src/install/my_interface/include/my_interface/my_interface/srv/lookup.h
[0.990s] -- Up-to-date: /home/jacob/MTRN4231/lab2_workspace/src/install/my_interface/include/my_interface/my_interface/srv/detail
[0.990s] -- Up-to-date: /home/jacob/MTRN4231/lab2_workspace/src/install/my_interface/include/my_interface/my_interface/srv/detail/lookup__functions.c
[0.991s] -- Up-to-date: /home/jacob/MTRN4231/lab2_workspace/src/install/my_interface/include/my_interface/my_interface/srv/detail/lookup__struct.h
[0.991s] -- Up-to-date: /home/jacob/MTRN4231/lab2_workspace/src/install/my_interface/include/my_interface/my_interface/srv/detail/lookup__functions.h
[0.991s] -- Up-to-date: /home/jacob/MTRN4231/lab2_workspace/src/install/my_interface/include/my_interface/my_interface/srv/detail/lookup__type_support.h
[0.991s] -- Up-to-date: /home/jacob/MTRN4231/lab2_workspace/src/install/my_interface/share/my_interface/environment/library_path.sh
[0.991s] -- Up-to-date: /home/jacob/MTRN4231/lab2_workspace/src/install/my_interface/share/my_interface/environment/library_path.dsv
[0.991s] -- Up-to-date: /home/jacob/MTRN4231/lab2_workspace/src/install/my_interface/lib/libmy_interface__rosidl_generator_c.so
[0.992s] -- Up-to-date: /home/jacob/MTRN4231/lab2_workspace/src/install/my_interface/include/my_interface/my_interface
[0.992s] -- Up-to-date: /home/jacob/MTRN4231/lab2_workspace/src/install/my_interface/include/my_interface/my_interface/msg
[0.992s] -- Up-to-date: /home/jacob/MTRN4231/lab2_workspace/src/install/my_interface/include/my_interface/my_interface/msg/rosidl_typesupport_fastrtps_c__visibility_control.h
[0.992s] -- Up-to-date: /home/jacob/MTRN4231/lab2_workspace/src/install/my_interface/include/my_interface/my_interface/srv
[0.992s] -- Up-to-date: /home/jacob/MTRN4231/lab2_workspace/src/install/my_interface/include/my_interface/my_interface/srv/detail
[0.993s] -- Up-to-date: /home/jacob/MTRN4231/lab2_workspace/src/install/my_interface/include/my_interface/my_interface/srv/detail/lookup__rosidl_typesupport_fastrtps_c.h
[0.993s] -- Up-to-date: /home/jacob/MTRN4231/lab2_workspace/src/install/my_interface/lib/libmy_interface__rosidl_typesupport_fastrtps_c.so
[0.993s] -- Up-to-date: /home/jacob/MTRN4231/lab2_workspace/src/install/my_interface/include/my_interface/my_interface
[0.993s] -- Up-to-date: /home/jacob/MTRN4231/lab2_workspace/src/install/my_interface/include/my_interface/my_interface/msg
[0.993s] -- Up-to-date: /home/jacob/MTRN4231/lab2_workspace/src/install/my_interface/include/my_interface/my_interface/msg/rosidl_generator_cpp__visibility_control.hpp
[0.994s] -- Up-to-date: /home/jacob/MTRN4231/lab2_workspace/src/install/my_interface/include/my_interface/my_interface/srv
[0.994s] -- Up-to-date: /home/jacob/MTRN4231/lab2_workspace/src/install/my_interface/include/my_interface/my_interface/srv/lookup.hpp
[0.994s] -- Up-to-date: /home/jacob/MTRN4231/lab2_workspace/src/install/my_interface/include/my_interface/my_interface/srv/detail
[0.994s] -- Up-to-date: /home/jacob/MTRN4231/lab2_workspace/src/install/my_interface/include/my_interface/my_interface/srv/detail/lookup__type_support.hpp
[0.994s] -- Up-to-date: /home/jacob/MTRN4231/lab2_workspace/src/install/my_interface/include/my_interface/my_interface/srv/detail/lookup__traits.hpp
[0.994s] -- Up-to-date: /home/jacob/MTRN4231/lab2_workspace/src/install/my_interface/include/my_interface/my_interface/srv/detail/lookup__builder.hpp
[0.995s] -- Up-to-date: /home/jacob/MTRN4231/lab2_workspace/src/install/my_interface/include/my_interface/my_interface/srv/detail/lookup__struct.hpp
[0.995s] -- Up-to-date: /home/jacob/MTRN4231/lab2_workspace/src/install/my_interface/include/my_interface/my_interface
[0.995s] -- Up-to-date: /home/jacob/MTRN4231/lab2_workspace/src/install/my_interface/include/my_interface/my_interface/msg
[0.995s] -- Up-to-date: /home/jacob/MTRN4231/lab2_workspace/src/install/my_interface/include/my_interface/my_interface/msg/rosidl_typesupport_fastrtps_cpp__visibility_control.h
[0.995s] -- Up-to-date: /home/jacob/MTRN4231/lab2_workspace/src/install/my_interface/include/my_interface/my_interface/srv
[0.995s] -- Up-to-date: /home/jacob/MTRN4231/lab2_workspace/src/install/my_interface/include/my_interface/my_interface/srv/detail
[0.996s] -- Up-to-date: /home/jacob/MTRN4231/lab2_workspace/src/install/my_interface/include/my_interface/my_interface/srv/detail/dds_fastrtps
[0.996s] -- Up-to-date: /home/jacob/MTRN4231/lab2_workspace/src/install/my_interface/include/my_interface/my_interface/srv/detail/lookup__rosidl_typesupport_fastrtps_cpp.hpp
[0.996s] -- Up-to-date: /home/jacob/MTRN4231/lab2_workspace/src/install/my_interface/lib/libmy_interface__rosidl_typesupport_fastrtps_cpp.so
[0.996s] -- Up-to-date: /home/jacob/MTRN4231/lab2_workspace/src/install/my_interface/include/my_interface/my_interface
[0.996s] -- Up-to-date: /home/jacob/MTRN4231/lab2_workspace/src/install/my_interface/include/my_interface/my_interface/msg
[0.997s] -- Up-to-date: /home/jacob/MTRN4231/lab2_workspace/src/install/my_interface/include/my_interface/my_interface/msg/rosidl_typesupport_introspection_c__visibility_control.h
[0.997s] -- Up-to-date: /home/jacob/MTRN4231/lab2_workspace/src/install/my_interface/include/my_interface/my_interface/srv
[0.997s] -- Up-to-date: /home/jacob/MTRN4231/lab2_workspace/src/install/my_interface/include/my_interface/my_interface/srv/detail
[0.997s] -- Up-to-date: /home/jacob/MTRN4231/lab2_workspace/src/install/my_interface/include/my_interface/my_interface/srv/detail/lookup__type_support.c
[0.997s] -- Up-to-date: /home/jacob/MTRN4231/lab2_workspace/src/install/my_interface/include/my_interface/my_interface/srv/detail/lookup__rosidl_typesupport_introspection_c.h
[0.998s] -- Up-to-date: /home/jacob/MTRN4231/lab2_workspace/src/install/my_interface/lib/libmy_interface__rosidl_typesupport_introspection_c.so
[0.998s] -- Up-to-date: /home/jacob/MTRN4231/lab2_workspace/src/install/my_interface/lib/libmy_interface__rosidl_typesupport_c.so
[0.998s] -- Up-to-date: /home/jacob/MTRN4231/lab2_workspace/src/install/my_interface/include/my_interface/my_interface
[0.998s] -- Up-to-date: /home/jacob/MTRN4231/lab2_workspace/src/install/my_interface/include/my_interface/my_interface/srv
[0.998s] -- Up-to-date: /home/jacob/MTRN4231/lab2_workspace/src/install/my_interface/include/my_interface/my_interface/srv/detail
[0.998s] -- Up-to-date: /home/jacob/MTRN4231/lab2_workspace/src/install/my_interface/include/my_interface/my_interface/srv/detail/lookup__type_support.cpp
[0.999s] -- Up-to-date: /home/jacob/MTRN4231/lab2_workspace/src/install/my_interface/include/my_interface/my_interface/srv/detail/lookup__rosidl_typesupport_introspection_cpp.hpp
[0.999s] -- Up-to-date: /home/jacob/MTRN4231/lab2_workspace/src/install/my_interface/lib/libmy_interface__rosidl_typesupport_introspection_cpp.so
[0.999s] -- Up-to-date: /home/jacob/MTRN4231/lab2_workspace/src/install/my_interface/lib/libmy_interface__rosidl_typesupport_cpp.so
[0.999s] -- Up-to-date: /home/jacob/MTRN4231/lab2_workspace/src/install/my_interface/share/my_interface/environment/pythonpath.sh
[1.000s] -- Up-to-date: /home/jacob/MTRN4231/lab2_workspace/src/install/my_interface/share/my_interface/environment/pythonpath.dsv
[1.000s] -- Up-to-date: /home/jacob/MTRN4231/lab2_workspace/src/install/my_interface/local/lib/python3.10/dist-packages/my_interface-0.0.0-py3.10.egg-info
[1.000s] -- Installing: /home/jacob/MTRN4231/lab2_workspace/src/install/my_interface/local/lib/python3.10/dist-packages/my_interface-0.0.0-py3.10.egg-info/SOURCES.txt
[1.000s] -- Installing: /home/jacob/MTRN4231/lab2_workspace/src/install/my_interface/local/lib/python3.10/dist-packages/my_interface-0.0.0-py3.10.egg-info/dependency_links.txt
[1.000s] -- Installing: /home/jacob/MTRN4231/lab2_workspace/src/install/my_interface/local/lib/python3.10/dist-packages/my_interface-0.0.0-py3.10.egg-info/top_level.txt
[1.001s] -- Installing: /home/jacob/MTRN4231/lab2_workspace/src/install/my_interface/local/lib/python3.10/dist-packages/my_interface-0.0.0-py3.10.egg-info/PKG-INFO
[1.001s] -- Up-to-date: /home/jacob/MTRN4231/lab2_workspace/src/install/my_interface/local/lib/python3.10/dist-packages/my_interface
[1.001s] -- Up-to-date: /home/jacob/MTRN4231/lab2_workspace/src/install/my_interface/local/lib/python3.10/dist-packages/my_interface/my_interface_s__rosidl_typesupport_c.cpython-310-x86_64-linux-gnu.so
[1.001s] -- Up-to-date: /home/jacob/MTRN4231/lab2_workspace/src/install/my_interface/local/lib/python3.10/dist-packages/my_interface/libmy_interface__rosidl_generator_py.so
[1.001s] -- Up-to-date: /home/jacob/MTRN4231/lab2_workspace/src/install/my_interface/local/lib/python3.10/dist-packages/my_interface/my_interface_s__rosidl_typesupport_fastrtps_c.cpython-310-x86_64-linux-gnu.so
[1.001s] -- Up-to-date: /home/jacob/MTRN4231/lab2_workspace/src/install/my_interface/local/lib/python3.10/dist-packages/my_interface/_my_interface_s.ep.rosidl_typesupport_introspection_c.c
[1.002s] -- Up-to-date: /home/jacob/MTRN4231/lab2_workspace/src/install/my_interface/local/lib/python3.10/dist-packages/my_interface/__init__.py
[1.002s] -- Up-to-date: /home/jacob/MTRN4231/lab2_workspace/src/install/my_interface/local/lib/python3.10/dist-packages/my_interface/_my_interface_s.ep.rosidl_typesupport_fastrtps_c.c
[1.002s] -- Up-to-date: /home/jacob/MTRN4231/lab2_workspace/src/install/my_interface/local/lib/python3.10/dist-packages/my_interface/my_interface_s__rosidl_typesupport_introspection_c.cpython-310-x86_64-linux-gnu.so
[1.002s] -- Up-to-date: /home/jacob/MTRN4231/lab2_workspace/src/install/my_interface/local/lib/python3.10/dist-packages/my_interface/srv
[1.002s] -- Up-to-date: /home/jacob/MTRN4231/lab2_workspace/src/install/my_interface/local/lib/python3.10/dist-packages/my_interface/srv/__init__.py
[1.002s] -- Up-to-date: /home/jacob/MTRN4231/lab2_workspace/src/install/my_interface/local/lib/python3.10/dist-packages/my_interface/srv/_lookup_s.c
[1.003s] -- Up-to-date: /home/jacob/MTRN4231/lab2_workspace/src/install/my_interface/local/lib/python3.10/dist-packages/my_interface/srv/_lookup.py
[1.003s] -- Up-to-date: /home/jacob/MTRN4231/lab2_workspace/src/install/my_interface/local/lib/python3.10/dist-packages/my_interface/_my_interface_s.ep.rosidl_typesupport_c.c
[1.063s] Listing '/home/jacob/MTRN4231/lab2_workspace/src/install/my_interface/local/lib/python3.10/dist-packages/my_interface'...
[1.063s] Listing '/home/jacob/MTRN4231/lab2_workspace/src/install/my_interface/local/lib/python3.10/dist-packages/my_interface/srv'...
[1.070s] -- Up-to-date: /home/jacob/MTRN4231/lab2_workspace/src/install/my_interface/local/lib/python3.10/dist-packages/my_interface/my_interface_s__rosidl_typesupport_fastrtps_c.cpython-310-x86_64-linux-gnu.so
[1.070s] -- Up-to-date: /home/jacob/MTRN4231/lab2_workspace/src/install/my_interface/local/lib/python3.10/dist-packages/my_interface/my_interface_s__rosidl_typesupport_introspection_c.cpython-310-x86_64-linux-gnu.so
[1.071s] -- Up-to-date: /home/jacob/MTRN4231/lab2_workspace/src/install/my_interface/local/lib/python3.10/dist-packages/my_interface/my_interface_s__rosidl_typesupport_c.cpython-310-x86_64-linux-gnu.so
[1.071s] -- Up-to-date: /home/jacob/MTRN4231/lab2_workspace/src/install/my_interface/lib/libmy_interface__rosidl_generator_py.so
[1.072s] -- Up-to-date: /home/jacob/MTRN4231/lab2_workspace/src/install/my_interface/share/my_interface/srv/Lookup.idl
[1.072s] -- Up-to-date: /home/jacob/MTRN4231/lab2_workspace/src/install/my_interface/share/my_interface/srv/Lookup.srv
[1.072s] -- Up-to-date: /home/jacob/MTRN4231/lab2_workspace/src/install/my_interface/share/my_interface/srv/Lookup_Request.msg
[1.072s] -- Up-to-date: /home/jacob/MTRN4231/lab2_workspace/src/install/my_interface/share/my_interface/srv/Lookup_Response.msg
[1.073s] -- Up-to-date: /home/jacob/MTRN4231/lab2_workspace/src/install/my_interface/share/ament_index/resource_index/package_run_dependencies/my_interface
[1.073s] -- Up-to-date: /home/jacob/MTRN4231/lab2_workspace/src/install/my_interface/share/ament_index/resource_index/parent_prefix_path/my_interface
[1.073s] -- Up-to-date: /home/jacob/MTRN4231/lab2_workspace/src/install/my_interface/share/my_interface/environment/ament_prefix_path.sh
[1.073s] -- Up-to-date: /home/jacob/MTRN4231/lab2_workspace/src/install/my_interface/share/my_interface/environment/ament_prefix_path.dsv
[1.073s] -- Up-to-date: /home/jacob/MTRN4231/lab2_workspace/src/install/my_interface/share/my_interface/environment/path.sh
[1.073s] -- Up-to-date: /home/jacob/MTRN4231/lab2_workspace/src/install/my_interface/share/my_interface/environment/path.dsv
[1.074s] -- Up-to-date: /home/jacob/MTRN4231/lab2_workspace/src/install/my_interface/share/my_interface/local_setup.bash
[1.074s] -- Up-to-date: /home/jacob/MTRN4231/lab2_workspace/src/install/my_interface/share/my_interface/local_setup.sh
[1.074s] -- Up-to-date: /home/jacob/MTRN4231/lab2_workspace/src/install/my_interface/share/my_interface/local_setup.zsh
[1.074s] -- Up-to-date: /home/jacob/MTRN4231/lab2_workspace/src/install/my_interface/share/my_interface/local_setup.dsv
[1.074s] -- Installing: /home/jacob/MTRN4231/lab2_workspace/src/install/my_interface/share/my_interface/package.dsv
[1.074s] -- Up-to-date: /home/jacob/MTRN4231/lab2_workspace/src/install/my_interface/share/ament_index/resource_index/packages/my_interface
[1.075s] -- Up-to-date: /home/jacob/MTRN4231/lab2_workspace/src/install/my_interface/share/my_interface/cmake/export_my_interface__rosidl_generator_cExport.cmake
[1.075s] -- Up-to-date: /home/jacob/MTRN4231/lab2_workspace/src/install/my_interface/share/my_interface/cmake/export_my_interface__rosidl_generator_cExport-noconfig.cmake
[1.075s] -- Up-to-date: /home/jacob/MTRN4231/lab2_workspace/src/install/my_interface/share/my_interface/cmake/export_my_interface__rosidl_typesupport_fastrtps_cExport.cmake
[1.075s] -- Up-to-date: /home/jacob/MTRN4231/lab2_workspace/src/install/my_interface/share/my_interface/cmake/export_my_interface__rosidl_typesupport_fastrtps_cExport-noconfig.cmake
[1.075s] -- Up-to-date: /home/jacob/MTRN4231/lab2_workspace/src/install/my_interface/share/my_interface/cmake/export_my_interface__rosidl_generator_cppExport.cmake
[1.076s] -- Up-to-date: /home/jacob/MTRN4231/lab2_workspace/src/install/my_interface/share/my_interface/cmake/export_my_interface__rosidl_typesupport_fastrtps_cppExport.cmake
[1.076s] -- Up-to-date: /home/jacob/MTRN4231/lab2_workspace/src/install/my_interface/share/my_interface/cmake/export_my_interface__rosidl_typesupport_fastrtps_cppExport-noconfig.cmake
[1.076s] -- Up-to-date: /home/jacob/MTRN4231/lab2_workspace/src/install/my_interface/share/my_interface/cmake/my_interface__rosidl_typesupport_introspection_cExport.cmake
[1.076s] -- Up-to-date: /home/jacob/MTRN4231/lab2_workspace/src/install/my_interface/share/my_interface/cmake/my_interface__rosidl_typesupport_introspection_cExport-noconfig.cmake
[1.076s] -- Up-to-date: /home/jacob/MTRN4231/lab2_workspace/src/install/my_interface/share/my_interface/cmake/my_interface__rosidl_typesupport_cExport.cmake
[1.076s] -- Up-to-date: /home/jacob/MTRN4231/lab2_workspace/src/install/my_interface/share/my_interface/cmake/my_interface__rosidl_typesupport_cExport-noconfig.cmake
[1.077s] -- Up-to-date: /home/jacob/MTRN4231/lab2_workspace/src/install/my_interface/share/my_interface/cmake/my_interface__rosidl_typesupport_introspection_cppExport.cmake
[1.077s] -- Up-to-date: /home/jacob/MTRN4231/lab2_workspace/src/install/my_interface/share/my_interface/cmake/my_interface__rosidl_typesupport_introspection_cppExport-noconfig.cmake
[1.077s] -- Up-to-date: /home/jacob/MTRN4231/lab2_workspace/src/install/my_interface/share/my_interface/cmake/my_interface__rosidl_typesupport_cppExport.cmake
[1.077s] -- Up-to-date: /home/jacob/MTRN4231/lab2_workspace/src/install/my_interface/share/my_interface/cmake/my_interface__rosidl_typesupport_cppExport-noconfig.cmake
[1.077s] -- Up-to-date: /home/jacob/MTRN4231/lab2_workspace/src/install/my_interface/share/my_interface/cmake/export_my_interface__rosidl_generator_pyExport.cmake
[1.077s] -- Up-to-date: /home/jacob/MTRN4231/lab2_workspace/src/install/my_interface/share/my_interface/cmake/export_my_interface__rosidl_generator_pyExport-noconfig.cmake
[1.077s] -- Up-to-date: /home/jacob/MTRN4231/lab2_workspace/src/install/my_interface/share/my_interface/cmake/rosidl_cmake-extras.cmake
[1.077s] -- Up-to-date: /home/jacob/MTRN4231/lab2_workspace/src/install/my_interface/share/my_interface/cmake/ament_cmake_export_dependencies-extras.cmake
[1.077s] -- Up-to-date: /home/jacob/MTRN4231/lab2_workspace/src/install/my_interface/share/my_interface/cmake/ament_cmake_export_include_directories-extras.cmake
[1.078s] -- Up-to-date: /home/jacob/MTRN4231/lab2_workspace/src/install/my_interface/share/my_interface/cmake/ament_cmake_export_libraries-extras.cmake
[1.078s] -- Up-to-date: /home/jacob/MTRN4231/lab2_workspace/src/install/my_interface/share/my_interface/cmake/ament_cmake_export_targets-extras.cmake
[1.078s] -- Up-to-date: /home/jacob/MTRN4231/lab2_workspace/src/install/my_interface/share/my_interface/cmake/rosidl_cmake_export_typesupport_targets-extras.cmake
[1.078s] -- Up-to-date: /home/jacob/MTRN4231/lab2_workspace/src/install/my_interface/share/my_interface/cmake/rosidl_cmake_export_typesupport_libraries-extras.cmake
[1.078s] -- Up-to-date: /home/jacob/MTRN4231/lab2_workspace/src/install/my_interface/share/my_interface/cmake/my_interfaceConfig.cmake
[1.078s] -- Up-to-date: /home/jacob/MTRN4231/lab2_workspace/src/install/my_interface/share/my_interface/cmake/my_interfaceConfig-version.cmake
[1.078s] -- Up-to-date: /home/jacob/MTRN4231/lab2_workspace/src/install/my_interface/share/my_interface/package.xml
[1.080s] Invoked command in '/home/jacob/MTRN4231/lab2_workspace/src/build/my_interface' returned '0': CMAKE_PREFIX_PATH=${CMAKE_PREFIX_PATH}:/opt/ros/humble /usr/bin/cmake --install /home/jacob/MTRN4231/lab2_workspace/src/build/my_interface
