[0.026s] Invoking command in '/home/jacob/MTRN4231/lab2_workspace/src/build/interface': CMAKE_PREFIX_PATH=${CMAKE_PREFIX_PATH}:/opt/ros/humble /usr/bin/cmake --build /home/jacob/MTRN4231/lab2_workspace/src/build/interface -- -j8 -l8
[0.140s] [  3%] Built target interface__cpp
[0.140s] [ 12%] Built target interface__rosidl_generator_c
[0.191s] [ 12%] Built target ament_cmake_python_copy_interface
[0.206s] [ 22%] Built target interface__rosidl_typesupport_c
[0.213s] [ 32%] Built target interface__rosidl_typesupport_introspection_c
[0.221s] [ 41%] Built target interface__rosidl_typesupport_fastrtps_c
[0.224s] [ 51%] Built target interface__rosidl_typesupport_introspection_cpp
[0.261s] [ 61%] Built target interface__rosidl_typesupport_cpp
[0.261s] [ 70%] Built target interface__rosidl_typesupport_fastrtps_cpp
[0.295s] [ 70%] Built target interface
[0.329s] [ 74%] Built target interface__py
[0.372s] [ 80%] Built target interface__rosidl_generator_py
[0.428s] [ 87%] Built target interface__rosidl_typesupport_fastrtps_c__pyext
[0.431s] [ 93%] Built target interface__rosidl_typesupport_introspection_c__pyext
[0.431s] [100%] Built target interface__rosidl_typesupport_c__pyext
[0.802s] running egg_info
[0.803s] writing interface.egg-info/PKG-INFO
[0.803s] writing dependency_links to interface.egg-info/dependency_links.txt
[0.803s] writing top-level names to interface.egg-info/top_level.txt
[0.806s] reading manifest file 'interface.egg-info/SOURCES.txt'
[0.806s] writing manifest file 'interface.egg-info/SOURCES.txt'
[0.848s] [100%] Built target ament_cmake_python_build_interface_egg
[0.905s] Invoked command in '/home/jacob/MTRN4231/lab2_workspace/src/build/interface' returned '0': CMAKE_PREFIX_PATH=${CMAKE_PREFIX_PATH}:/opt/ros/humble /usr/bin/cmake --build /home/jacob/MTRN4231/lab2_workspace/src/build/interface -- -j8 -l8
[0.914s] Invoking command in '/home/jacob/MTRN4231/lab2_workspace/src/build/interface': CMAKE_PREFIX_PATH=${CMAKE_PREFIX_PATH}:/opt/ros/humble /usr/bin/cmake --install /home/jacob/MTRN4231/lab2_workspace/src/build/interface
[0.951s] -- Install configuration: ""
[0.952s] -- Up-to-date: /home/jacob/MTRN4231/lab2_workspace/src/install/interface/share/ament_index/resource_index/rosidl_interfaces/interface
[0.953s] -- Up-to-date: /home/jacob/MTRN4231/lab2_workspace/src/install/interface/include/interface/interface
[0.953s] -- Up-to-date: /home/jacob/MTRN4231/lab2_workspace/src/install/interface/include/interface/interface/msg
[0.954s] -- Up-to-date: /home/jacob/MTRN4231/lab2_workspace/src/install/interface/include/interface/interface/msg/rosidl_generator_c__visibility_control.h
[0.954s] -- Up-to-date: /home/jacob/MTRN4231/lab2_workspace/src/install/interface/include/interface/interface/srv
[0.955s] -- Up-to-date: /home/jacob/MTRN4231/lab2_workspace/src/install/interface/include/interface/interface/srv/lookup.h
[0.955s] -- Up-to-date: /home/jacob/MTRN4231/lab2_workspace/src/install/interface/include/interface/interface/srv/detail
[0.956s] -- Up-to-date: /home/jacob/MTRN4231/lab2_workspace/src/install/interface/include/interface/interface/srv/detail/lookup__functions.c
[0.956s] -- Up-to-date: /home/jacob/MTRN4231/lab2_workspace/src/install/interface/include/interface/interface/srv/detail/lookup__struct.h
[0.957s] -- Up-to-date: /home/jacob/MTRN4231/lab2_workspace/src/install/interface/include/interface/interface/srv/detail/lookup__functions.h
[0.957s] -- Up-to-date: /home/jacob/MTRN4231/lab2_workspace/src/install/interface/include/interface/interface/srv/detail/lookup__type_support.h
[0.958s] -- Up-to-date: /home/jacob/MTRN4231/lab2_workspace/src/install/interface/share/interface/environment/library_path.sh
[0.958s] -- Up-to-date: /home/jacob/MTRN4231/lab2_workspace/src/install/interface/share/interface/environment/library_path.dsv
[0.958s] -- Up-to-date: /home/jacob/MTRN4231/lab2_workspace/src/install/interface/lib/libinterface__rosidl_generator_c.so
[0.959s] -- Up-to-date: /home/jacob/MTRN4231/lab2_workspace/src/install/interface/include/interface/interface
[0.959s] -- Up-to-date: /home/jacob/MTRN4231/lab2_workspace/src/install/interface/include/interface/interface/msg
[0.960s] -- Up-to-date: /home/jacob/MTRN4231/lab2_workspace/src/install/interface/include/interface/interface/msg/rosidl_typesupport_fastrtps_c__visibility_control.h
[0.960s] -- Up-to-date: /home/jacob/MTRN4231/lab2_workspace/src/install/interface/include/interface/interface/srv
[0.962s] -- Up-to-date: /home/jacob/MTRN4231/lab2_workspace/src/install/interface/include/interface/interface/srv/detail
[0.962s] -- Up-to-date: /home/jacob/MTRN4231/lab2_workspace/src/install/interface/include/interface/interface/srv/detail/lookup__rosidl_typesupport_fastrtps_c.h
[0.963s] -- Up-to-date: /home/jacob/MTRN4231/lab2_workspace/src/install/interface/lib/libinterface__rosidl_typesupport_fastrtps_c.so
[0.963s] -- Up-to-date: /home/jacob/MTRN4231/lab2_workspace/src/install/interface/include/interface/interface
[0.963s] -- Up-to-date: /home/jacob/MTRN4231/lab2_workspace/src/install/interface/include/interface/interface/msg
[0.964s] -- Up-to-date: /home/jacob/MTRN4231/lab2_workspace/src/install/interface/include/interface/interface/msg/rosidl_generator_cpp__visibility_control.hpp
[0.964s] -- Up-to-date: /home/jacob/MTRN4231/lab2_workspace/src/install/interface/include/interface/interface/srv
[0.965s] -- Up-to-date: /home/jacob/MTRN4231/lab2_workspace/src/install/interface/include/interface/interface/srv/lookup.hpp
[0.965s] -- Up-to-date: /home/jacob/MTRN4231/lab2_workspace/src/install/interface/include/interface/interface/srv/detail
[0.966s] -- Up-to-date: /home/jacob/MTRN4231/lab2_workspace/src/install/interface/include/interface/interface/srv/detail/lookup__type_support.hpp
[0.967s] -- Up-to-date: /home/jacob/MTRN4231/lab2_workspace/src/install/interface/include/interface/interface/srv/detail/lookup__traits.hpp
[0.972s] -- Up-to-date: /home/jacob/MTRN4231/lab2_workspace/src/install/interface/include/interface/interface/srv/detail/lookup__builder.hpp
[0.972s] -- Up-to-date: /home/jacob/MTRN4231/lab2_workspace/src/install/interface/include/interface/interface/srv/detail/lookup__struct.hpp
[0.974s] -- Up-to-date: /home/jacob/MTRN4231/lab2_workspace/src/install/interface/include/interface/interface
[0.975s] -- Up-to-date: /home/jacob/MTRN4231/lab2_workspace/src/install/interface/include/interface/interface/msg
[0.975s] -- Up-to-date: /home/jacob/MTRN4231/lab2_workspace/src/install/interface/include/interface/interface/msg/rosidl_typesupport_fastrtps_cpp__visibility_control.h
[0.976s] -- Up-to-date: /home/jacob/MTRN4231/lab2_workspace/src/install/interface/include/interface/interface/srv
[0.977s] -- Up-to-date: /home/jacob/MTRN4231/lab2_workspace/src/install/interface/include/interface/interface/srv/detail
[0.978s] -- Up-to-date: /home/jacob/MTRN4231/lab2_workspace/src/install/interface/include/interface/interface/srv/detail/dds_fastrtps
[0.979s] -- Up-to-date: /home/jacob/MTRN4231/lab2_workspace/src/install/interface/include/interface/interface/srv/detail/lookup__rosidl_typesupport_fastrtps_cpp.hpp
[0.980s] -- Up-to-date: /home/jacob/MTRN4231/lab2_workspace/src/install/interface/lib/libinterface__rosidl_typesupport_fastrtps_cpp.so
[0.980s] -- Up-to-date: /home/jacob/MTRN4231/lab2_workspace/src/install/interface/include/interface/interface
[0.981s] -- Up-to-date: /home/jacob/MTRN4231/lab2_workspace/src/install/interface/include/interface/interface/msg
[0.981s] -- Up-to-date: /home/jacob/MTRN4231/lab2_workspace/src/install/interface/include/interface/interface/msg/rosidl_typesupport_introspection_c__visibility_control.h
[0.982s] -- Up-to-date: /home/jacob/MTRN4231/lab2_workspace/src/install/interface/include/interface/interface/srv
[0.982s] -- Up-to-date: /home/jacob/MTRN4231/lab2_workspace/src/install/interface/include/interface/interface/srv/detail
[0.983s] -- Up-to-date: /home/jacob/MTRN4231/lab2_workspace/src/install/interface/include/interface/interface/srv/detail/lookup__type_support.c
[0.984s] -- Up-to-date: /home/jacob/MTRN4231/lab2_workspace/src/install/interface/include/interface/interface/srv/detail/lookup__rosidl_typesupport_introspection_c.h
[0.984s] -- Up-to-date: /home/jacob/MTRN4231/lab2_workspace/src/install/interface/lib/libinterface__rosidl_typesupport_introspection_c.so
[0.985s] -- Up-to-date: /home/jacob/MTRN4231/lab2_workspace/src/install/interface/lib/libinterface__rosidl_typesupport_c.so
[0.985s] -- Up-to-date: /home/jacob/MTRN4231/lab2_workspace/src/install/interface/include/interface/interface
[0.986s] -- Up-to-date: /home/jacob/MTRN4231/lab2_workspace/src/install/interface/include/interface/interface/srv
[0.986s] -- Up-to-date: /home/jacob/MTRN4231/lab2_workspace/src/install/interface/include/interface/interface/srv/detail
[0.986s] -- Up-to-date: /home/jacob/MTRN4231/lab2_workspace/src/install/interface/include/interface/interface/srv/detail/lookup__type_support.cpp
[0.987s] -- Up-to-date: /home/jacob/MTRN4231/lab2_workspace/src/install/interface/include/interface/interface/srv/detail/lookup__rosidl_typesupport_introspection_cpp.hpp
[0.987s] -- Up-to-date: /home/jacob/MTRN4231/lab2_workspace/src/install/interface/lib/libinterface__rosidl_typesupport_introspection_cpp.so
[0.988s] -- Up-to-date: /home/jacob/MTRN4231/lab2_workspace/src/install/interface/lib/libinterface__rosidl_typesupport_cpp.so
[0.988s] -- Up-to-date: /home/jacob/MTRN4231/lab2_workspace/src/install/interface/share/interface/environment/pythonpath.sh
[0.988s] -- Up-to-date: /home/jacob/MTRN4231/lab2_workspace/src/install/interface/share/interface/environment/pythonpath.dsv
[0.989s] -- Up-to-date: /home/jacob/MTRN4231/lab2_workspace/src/install/interface/local/lib/python3.10/dist-packages/interface-0.0.0-py3.10.egg-info
[0.989s] -- Installing: /home/jacob/MTRN4231/lab2_workspace/src/install/interface/local/lib/python3.10/dist-packages/interface-0.0.0-py3.10.egg-info/SOURCES.txt
[0.989s] -- Installing: /home/jacob/MTRN4231/lab2_workspace/src/install/interface/local/lib/python3.10/dist-packages/interface-0.0.0-py3.10.egg-info/dependency_links.txt
[0.990s] -- Installing: /home/jacob/MTRN4231/lab2_workspace/src/install/interface/local/lib/python3.10/dist-packages/interface-0.0.0-py3.10.egg-info/top_level.txt
[0.990s] -- Installing: /home/jacob/MTRN4231/lab2_workspace/src/install/interface/local/lib/python3.10/dist-packages/interface-0.0.0-py3.10.egg-info/PKG-INFO
[0.990s] -- Up-to-date: /home/jacob/MTRN4231/lab2_workspace/src/install/interface/local/lib/python3.10/dist-packages/interface
[0.990s] -- Up-to-date: /home/jacob/MTRN4231/lab2_workspace/src/install/interface/local/lib/python3.10/dist-packages/interface/libinterface__rosidl_generator_py.so
[0.991s] -- Up-to-date: /home/jacob/MTRN4231/lab2_workspace/src/install/interface/local/lib/python3.10/dist-packages/interface/_interface_s.ep.rosidl_typesupport_c.c
[0.991s] -- Up-to-date: /home/jacob/MTRN4231/lab2_workspace/src/install/interface/local/lib/python3.10/dist-packages/interface/_interface_s.ep.rosidl_typesupport_fastrtps_c.c
[0.991s] -- Up-to-date: /home/jacob/MTRN4231/lab2_workspace/src/install/interface/local/lib/python3.10/dist-packages/interface/__init__.py
[0.991s] -- Up-to-date: /home/jacob/MTRN4231/lab2_workspace/src/install/interface/local/lib/python3.10/dist-packages/interface/interface_s__rosidl_typesupport_introspection_c.cpython-310-x86_64-linux-gnu.so
[0.992s] -- Up-to-date: /home/jacob/MTRN4231/lab2_workspace/src/install/interface/local/lib/python3.10/dist-packages/interface/interface_s__rosidl_typesupport_c.cpython-310-x86_64-linux-gnu.so
[0.992s] -- Up-to-date: /home/jacob/MTRN4231/lab2_workspace/src/install/interface/local/lib/python3.10/dist-packages/interface/interface_s__rosidl_typesupport_fastrtps_c.cpython-310-x86_64-linux-gnu.so
[0.992s] -- Up-to-date: /home/jacob/MTRN4231/lab2_workspace/src/install/interface/local/lib/python3.10/dist-packages/interface/srv
[0.992s] -- Up-to-date: /home/jacob/MTRN4231/lab2_workspace/src/install/interface/local/lib/python3.10/dist-packages/interface/srv/__init__.py
[0.993s] -- Up-to-date: /home/jacob/MTRN4231/lab2_workspace/src/install/interface/local/lib/python3.10/dist-packages/interface/srv/_lookup_s.c
[0.993s] -- Up-to-date: /home/jacob/MTRN4231/lab2_workspace/src/install/interface/local/lib/python3.10/dist-packages/interface/srv/_lookup.py
[0.994s] -- Up-to-date: /home/jacob/MTRN4231/lab2_workspace/src/install/interface/local/lib/python3.10/dist-packages/interface/_interface_s.ep.rosidl_typesupport_introspection_c.c
[1.045s] Listing '/home/jacob/MTRN4231/lab2_workspace/src/install/interface/local/lib/python3.10/dist-packages/interface'...
[1.045s] Listing '/home/jacob/MTRN4231/lab2_workspace/src/install/interface/local/lib/python3.10/dist-packages/interface/srv'...
[1.053s] -- Up-to-date: /home/jacob/MTRN4231/lab2_workspace/src/install/interface/local/lib/python3.10/dist-packages/interface/interface_s__rosidl_typesupport_fastrtps_c.cpython-310-x86_64-linux-gnu.so
[1.054s] -- Up-to-date: /home/jacob/MTRN4231/lab2_workspace/src/install/interface/local/lib/python3.10/dist-packages/interface/interface_s__rosidl_typesupport_introspection_c.cpython-310-x86_64-linux-gnu.so
[1.054s] -- Up-to-date: /home/jacob/MTRN4231/lab2_workspace/src/install/interface/local/lib/python3.10/dist-packages/interface/interface_s__rosidl_typesupport_c.cpython-310-x86_64-linux-gnu.so
[1.055s] -- Up-to-date: /home/jacob/MTRN4231/lab2_workspace/src/install/interface/lib/libinterface__rosidl_generator_py.so
[1.055s] -- Up-to-date: /home/jacob/MTRN4231/lab2_workspace/src/install/interface/share/interface/srv/Lookup.idl
[1.055s] -- Up-to-date: /home/jacob/MTRN4231/lab2_workspace/src/install/interface/share/interface/srv/Lookup.srv
[1.055s] -- Up-to-date: /home/jacob/MTRN4231/lab2_workspace/src/install/interface/share/interface/srv/Lookup_Request.msg
[1.056s] -- Up-to-date: /home/jacob/MTRN4231/lab2_workspace/src/install/interface/share/interface/srv/Lookup_Response.msg
[1.056s] -- Up-to-date: /home/jacob/MTRN4231/lab2_workspace/src/install/interface/share/ament_index/resource_index/package_run_dependencies/interface
[1.056s] -- Up-to-date: /home/jacob/MTRN4231/lab2_workspace/src/install/interface/share/ament_index/resource_index/parent_prefix_path/interface
[1.056s] -- Up-to-date: /home/jacob/MTRN4231/lab2_workspace/src/install/interface/share/interface/environment/ament_prefix_path.sh
[1.056s] -- Up-to-date: /home/jacob/MTRN4231/lab2_workspace/src/install/interface/share/interface/environment/ament_prefix_path.dsv
[1.056s] -- Up-to-date: /home/jacob/MTRN4231/lab2_workspace/src/install/interface/share/interface/environment/path.sh
[1.057s] -- Up-to-date: /home/jacob/MTRN4231/lab2_workspace/src/install/interface/share/interface/environment/path.dsv
[1.057s] -- Up-to-date: /home/jacob/MTRN4231/lab2_workspace/src/install/interface/share/interface/local_setup.bash
[1.057s] -- Up-to-date: /home/jacob/MTRN4231/lab2_workspace/src/install/interface/share/interface/local_setup.sh
[1.057s] -- Up-to-date: /home/jacob/MTRN4231/lab2_workspace/src/install/interface/share/interface/local_setup.zsh
[1.057s] -- Up-to-date: /home/jacob/MTRN4231/lab2_workspace/src/install/interface/share/interface/local_setup.dsv
[1.057s] -- Installing: /home/jacob/MTRN4231/lab2_workspace/src/install/interface/share/interface/package.dsv
[1.057s] -- Up-to-date: /home/jacob/MTRN4231/lab2_workspace/src/install/interface/share/ament_index/resource_index/packages/interface
[1.058s] -- Up-to-date: /home/jacob/MTRN4231/lab2_workspace/src/install/interface/share/interface/cmake/export_interface__rosidl_generator_cExport.cmake
[1.058s] -- Up-to-date: /home/jacob/MTRN4231/lab2_workspace/src/install/interface/share/interface/cmake/export_interface__rosidl_generator_cExport-noconfig.cmake
[1.058s] -- Up-to-date: /home/jacob/MTRN4231/lab2_workspace/src/install/interface/share/interface/cmake/export_interface__rosidl_typesupport_fastrtps_cExport.cmake
[1.058s] -- Up-to-date: /home/jacob/MTRN4231/lab2_workspace/src/install/interface/share/interface/cmake/export_interface__rosidl_typesupport_fastrtps_cExport-noconfig.cmake
[1.058s] -- Up-to-date: /home/jacob/MTRN4231/lab2_workspace/src/install/interface/share/interface/cmake/export_interface__rosidl_generator_cppExport.cmake
[1.058s] -- Up-to-date: /home/jacob/MTRN4231/lab2_workspace/src/install/interface/share/interface/cmake/export_interface__rosidl_typesupport_fastrtps_cppExport.cmake
[1.058s] -- Up-to-date: /home/jacob/MTRN4231/lab2_workspace/src/install/interface/share/interface/cmake/export_interface__rosidl_typesupport_fastrtps_cppExport-noconfig.cmake
[1.058s] -- Up-to-date: /home/jacob/MTRN4231/lab2_workspace/src/install/interface/share/interface/cmake/interface__rosidl_typesupport_introspection_cExport.cmake
[1.058s] -- Up-to-date: /home/jacob/MTRN4231/lab2_workspace/src/install/interface/share/interface/cmake/interface__rosidl_typesupport_introspection_cExport-noconfig.cmake
[1.058s] -- Up-to-date: /home/jacob/MTRN4231/lab2_workspace/src/install/interface/share/interface/cmake/interface__rosidl_typesupport_cExport.cmake
[1.059s] -- Up-to-date: /home/jacob/MTRN4231/lab2_workspace/src/install/interface/share/interface/cmake/interface__rosidl_typesupport_cExport-noconfig.cmake
[1.059s] -- Up-to-date: /home/jacob/MTRN4231/lab2_workspace/src/install/interface/share/interface/cmake/interface__rosidl_typesupport_introspection_cppExport.cmake
[1.059s] -- Up-to-date: /home/jacob/MTRN4231/lab2_workspace/src/install/interface/share/interface/cmake/interface__rosidl_typesupport_introspection_cppExport-noconfig.cmake
[1.059s] -- Up-to-date: /home/jacob/MTRN4231/lab2_workspace/src/install/interface/share/interface/cmake/interface__rosidl_typesupport_cppExport.cmake
[1.059s] -- Up-to-date: /home/jacob/MTRN4231/lab2_workspace/src/install/interface/share/interface/cmake/interface__rosidl_typesupport_cppExport-noconfig.cmake
[1.059s] -- Up-to-date: /home/jacob/MTRN4231/lab2_workspace/src/install/interface/share/interface/cmake/export_interface__rosidl_generator_pyExport.cmake
[1.059s] -- Up-to-date: /home/jacob/MTRN4231/lab2_workspace/src/install/interface/share/interface/cmake/export_interface__rosidl_generator_pyExport-noconfig.cmake
[1.059s] -- Up-to-date: /home/jacob/MTRN4231/lab2_workspace/src/install/interface/share/interface/cmake/rosidl_cmake-extras.cmake
[1.060s] -- Up-to-date: /home/jacob/MTRN4231/lab2_workspace/src/install/interface/share/interface/cmake/ament_cmake_export_dependencies-extras.cmake
[1.060s] -- Up-to-date: /home/jacob/MTRN4231/lab2_workspace/src/install/interface/share/interface/cmake/ament_cmake_export_include_directories-extras.cmake
[1.060s] -- Up-to-date: /home/jacob/MTRN4231/lab2_workspace/src/install/interface/share/interface/cmake/ament_cmake_export_libraries-extras.cmake
[1.060s] -- Up-to-date: /home/jacob/MTRN4231/lab2_workspace/src/install/interface/share/interface/cmake/ament_cmake_export_targets-extras.cmake
[1.060s] -- Up-to-date: /home/jacob/MTRN4231/lab2_workspace/src/install/interface/share/interface/cmake/rosidl_cmake_export_typesupport_targets-extras.cmake
[1.060s] -- Up-to-date: /home/jacob/MTRN4231/lab2_workspace/src/install/interface/share/interface/cmake/rosidl_cmake_export_typesupport_libraries-extras.cmake
[1.060s] -- Up-to-date: /home/jacob/MTRN4231/lab2_workspace/src/install/interface/share/interface/cmake/interfaceConfig.cmake
[1.060s] -- Up-to-date: /home/jacob/MTRN4231/lab2_workspace/src/install/interface/share/interface/cmake/interfaceConfig-version.cmake
[1.060s] -- Up-to-date: /home/jacob/MTRN4231/lab2_workspace/src/install/interface/share/interface/package.xml
[1.064s] Invoked command in '/home/jacob/MTRN4231/lab2_workspace/src/build/interface' returned '0': CMAKE_PREFIX_PATH=${CMAKE_PREFIX_PATH}:/opt/ros/humble /usr/bin/cmake --install /home/jacob/MTRN4231/lab2_workspace/src/build/interface
