[0.029s] Invoking command in '/home/jacob/MTRN4231/lab2_workspace/src/build/transformations': CMAKE_PREFIX_PATH=/opt/ros/humble /usr/bin/cmake /home/jacob/MTRN4231/lab2_workspace/src/transformations -DCMAKE_INSTALL_PREFIX=/home/jacob/MTRN4231/lab2_workspace/src/install/transformations
[0.130s] -- The C compiler identification is GNU 11.4.0
[0.216s] -- The CXX compiler identification is GNU 11.4.0
[0.228s] -- Detecting C compiler ABI info
[0.392s] -- Detecting C compiler ABI info - done
[0.408s] -- Check for working C compiler: /usr/bin/cc - skipped
[0.408s] -- Detecting C compile features
[0.410s] -- Detecting C compile features - done
[0.414s] -- Detecting CXX compiler ABI info
[0.568s] -- Detecting CXX compiler ABI info - done
[0.583s] -- Check for working CXX compiler: /usr/bin/c++ - skipped
[0.584s] -- Detecting CXX compile features
[0.585s] -- Detecting CXX compile features - done
[0.587s] -- Found ament_cmake: 1.3.12 (/opt/ros/humble/share/ament_cmake/cmake)
[0.980s] -- Found Python3: /usr/bin/python3 (found version "3.10.12") found components: Interpreter 
[1.147s] -- Found rclcpp: 16.0.14 (/opt/ros/humble/share/rclcpp/cmake)
[1.212s] -- Found rosidl_generator_c: 3.1.7 (/opt/ros/humble/share/rosidl_generator_c/cmake)
[1.221s] -- Found rosidl_adapter: 3.1.7 (/opt/ros/humble/share/rosidl_adapter/cmake)
[1.234s] -- Found rosidl_generator_cpp: 3.1.7 (/opt/ros/humble/share/rosidl_generator_cpp/cmake)
[1.249s] -- Using all available rosidl_typesupport_c: rosidl_typesupport_fastrtps_c;rosidl_typesupport_introspection_c
[1.267s] -- Using all available rosidl_typesupport_cpp: rosidl_typesupport_fastrtps_cpp;rosidl_typesupport_introspection_cpp
[1.324s] -- Found rmw_implementation_cmake: 6.1.2 (/opt/ros/humble/share/rmw_implementation_cmake/cmake)
[1.328s] -- Found rmw_fastrtps_cpp: 6.2.8 (/opt/ros/humble/share/rmw_fastrtps_cpp/cmake)
[1.438s] -- Found OpenSSL: /usr/lib/x86_64-linux-gnu/libcrypto.so (found version "3.0.2")  
[1.540s] -- Found FastRTPS: /opt/ros/humble/include  
[1.587s] -- Using RMW implementation 'rmw_fastrtps_cpp' as default
[1.596s] -- Looking for pthread.h
[1.819s] -- Looking for pthread.h - found
[1.820s] -- Performing Test CMAKE_HAVE_LIBC_PTHREAD
[1.930s] -- Performing Test CMAKE_HAVE_LIBC_PTHREAD - Success
[1.930s] -- Found Threads: TRUE  
[2.068s] -- Found tf2: 0.25.16 (/opt/ros/humble/share/tf2/cmake)
[2.095s] -- Found tf2_ros: 0.25.16 (/opt/ros/humble/share/tf2_ros/cmake)
[2.260s] -- Found ament_lint_auto: 0.12.14 (/opt/ros/humble/share/ament_lint_auto/cmake)
[2.359s] -- Added test 'cppcheck' to perform static code analysis on C / C++ code
[2.359s] -- Configured cppcheck include dirs: 
[2.359s] -- Configured cppcheck exclude dirs and/or files: 
[2.360s] -- Added test 'lint_cmake' to check CMake code style
[2.362s] -- Added test 'uncrustify' to check C / C++ code style
[2.362s] -- Configured uncrustify additional arguments: 
[2.363s] -- Added test 'xmllint' to check XML markup files
[2.364s] -- Configuring done
[2.370s] -- Generating done
[2.373s] -- Build files have been written to: /home/jacob/MTRN4231/lab2_workspace/src/build/transformations
[2.385s] Invoked command in '/home/jacob/MTRN4231/lab2_workspace/src/build/transformations' returned '0': CMAKE_PREFIX_PATH=/opt/ros/humble /usr/bin/cmake /home/jacob/MTRN4231/lab2_workspace/src/transformations -DCMAKE_INSTALL_PREFIX=/home/jacob/MTRN4231/lab2_workspace/src/install/transformations
[2.387s] Invoking command in '/home/jacob/MTRN4231/lab2_workspace/src/build/transformations': CMAKE_PREFIX_PATH=/opt/ros/humble /usr/bin/cmake --build /home/jacob/MTRN4231/lab2_workspace/src/build/transformations -- -j8 -l8
[2.485s] Invoked command in '/home/jacob/MTRN4231/lab2_workspace/src/build/transformations' returned '0': CMAKE_PREFIX_PATH=/opt/ros/humble /usr/bin/cmake --build /home/jacob/MTRN4231/lab2_workspace/src/build/transformations -- -j8 -l8
[2.487s] Invoking command in '/home/jacob/MTRN4231/lab2_workspace/src/build/transformations': CMAKE_PREFIX_PATH=/opt/ros/humble /usr/bin/cmake --install /home/jacob/MTRN4231/lab2_workspace/src/build/transformations
[2.496s] -- Install configuration: ""
[2.496s] -- Installing: /home/jacob/MTRN4231/lab2_workspace/src/install/transformations/share/ament_index/resource_index/package_run_dependencies/transformations
[2.496s] -- Installing: /home/jacob/MTRN4231/lab2_workspace/src/install/transformations/share/ament_index/resource_index/parent_prefix_path/transformations
[2.497s] -- Installing: /home/jacob/MTRN4231/lab2_workspace/src/install/transformations/share/transformations/environment/ament_prefix_path.sh
[2.497s] -- Installing: /home/jacob/MTRN4231/lab2_workspace/src/install/transformations/share/transformations/environment/ament_prefix_path.dsv
[2.497s] -- Installing: /home/jacob/MTRN4231/lab2_workspace/src/install/transformations/share/transformations/environment/path.sh
[2.497s] -- Installing: /home/jacob/MTRN4231/lab2_workspace/src/install/transformations/share/transformations/environment/path.dsv
[2.498s] -- Installing: /home/jacob/MTRN4231/lab2_workspace/src/install/transformations/share/transformations/local_setup.bash
[2.498s] -- Installing: /home/jacob/MTRN4231/lab2_workspace/src/install/transformations/share/transformations/local_setup.sh
[2.498s] -- Installing: /home/jacob/MTRN4231/lab2_workspace/src/install/transformations/share/transformations/local_setup.zsh
[2.498s] -- Installing: /home/jacob/MTRN4231/lab2_workspace/src/install/transformations/share/transformations/local_setup.dsv
[2.499s] -- Installing: /home/jacob/MTRN4231/lab2_workspace/src/install/transformations/share/transformations/package.dsv
[2.499s] -- Installing: /home/jacob/MTRN4231/lab2_workspace/src/install/transformations/share/ament_index/resource_index/packages/transformations
[2.499s] -- Installing: /home/jacob/MTRN4231/lab2_workspace/src/install/transformations/share/transformations/cmake/transformationsConfig.cmake
[2.500s] -- Installing: /home/jacob/MTRN4231/lab2_workspace/src/install/transformations/share/transformations/cmake/transformationsConfig-version.cmake
[2.500s] -- Installing: /home/jacob/MTRN4231/lab2_workspace/src/install/transformations/share/transformations/package.xml
[2.503s] Invoked command in '/home/jacob/MTRN4231/lab2_workspace/src/build/transformations' returned '0': CMAKE_PREFIX_PATH=/opt/ros/humble /usr/bin/cmake --install /home/jacob/MTRN4231/lab2_workspace/src/build/transformations
