-- Found ament_cmake: 1.3.12 (/opt/ros/humble/share/ament_cmake/cmake)
-- Found rclcpp: 16.0.14 (/opt/ros/humble/share/rclcpp/cmake)
-- Found rosidl_generator_c: 3.1.7 (/opt/ros/humble/share/rosidl_generator_c/cmake)
-- Found rosidl_adapter: 3.1.7 (/opt/ros/humble/share/rosidl_adapter/cmake)
-- Found rosidl_generator_cpp: 3.1.7 (/opt/ros/humble/share/rosidl_generator_cpp/cmake)
-- Using all available rosidl_typesupport_c: rosidl_typesupport_fastrtps_c;rosidl_typesupport_introspection_c
-- Using all available rosidl_typesupport_cpp: rosidl_typesupport_fastrtps_cpp;rosidl_typesupport_introspection_cpp
-- Found rmw_implementation_cmake: 6.1.2 (/opt/ros/humble/share/rmw_implementation_cmake/cmake)
-- Found rmw_fastrtps_cpp: 6.2.8 (/opt/ros/humble/share/rmw_fastrtps_cpp/cmake)
-- Using RMW implementation 'rmw_fastrtps_cpp' as default
-- Found visualization_msgs: 4.9.0 (/opt/ros/humble/share/visualization_msgs/cmake)
-- Found tf2: 0.25.16 (/opt/ros/humble/share/tf2/cmake)
-- Found tf2_ros: 0.25.16 (/opt/ros/humble/share/tf2_ros/cmake)
-- Found my_interface: 0.0.0 (/home/jacob/MTRN4231/lab2_workspace/src/install/my_interface/share/my_interface/cmake)
-- Found ament_lint_auto: 0.12.14 (/opt/ros/humble/share/ament_lint_auto/cmake)
-- Added test 'cppcheck' to perform static code analysis on C / C++ code
-- Configured cppcheck include dirs: 
-- Configured cppcheck exclude dirs and/or files: 
-- Added test 'flake8' to check Python code syntax and style conventions
-- Added test 'lint_cmake' to check CMake code style
-- Added test 'pep257' to check Python code against some of the docstring style conventions in PEP 257
-- Added test 'uncrustify' to check C / C++ code style
-- Configured uncrustify additional arguments: 
-- Added test 'xmllint' to check XML markup files
-- Configuring done
-- Generating done
-- Build files have been written to: /home/jacob/MTRN4231/lab2_workspace/src/build/visualisation
[35m[1mConsolidate compiler generated dependencies of target OOI[0m
[ 50%] [32mBuilding CXX object CMakeFiles/OOI.dir/src/OOI.cpp.o[0m
[01m[K/home/jacob/MTRN4231/lab2_workspace/src/visualisation/src/OOI.cpp:55:3:[m[K [01;31m[Kerror: [m[K‘[01m[Kgeometry[m[K’ does not name a type
   55 |   [01;31m[Kgeometry[m[K::msgs::Pose call_servce(string fromFrame, string toFrame) {
      |   [01;31m[K^~~~~~~~[m[K
[01m[K/home/jacob/MTRN4231/lab2_workspace/src/visualisation/src/OOI.cpp:[m[K In constructor ‘[01m[KSpherePublisher::SpherePublisher()[m[K’:
[01m[K/home/jacob/MTRN4231/lab2_workspace/src/visualisation/src/OOI.cpp:46:5:[m[K [01;31m[Kerror: [m[K‘[01m[Kclient_[m[K’ was not declared in this scope
   46 |     [01;31m[Kclient_[m[K = create_client<my_interface::srv::Lookup>("lookup_server");
      |     [01;31m[K^~~~~~~[m[K
[01m[K/home/jacob/MTRN4231/lab2_workspace/src/visualisation/src/OOI.cpp:[m[K In member function ‘[01m[Kvoid SpherePublisher::spherepub_callback()[m[K’:
[01m[K/home/jacob/MTRN4231/lab2_workspace/src/visualisation/src/OOI.cpp:98:9:[m[K [01;31m[Kerror: [m[K‘[01m[Kcall_servce[m[K’ was not declared in this scope; did you mean ‘[01m[Kcreate_service[m[K’?
   98 |     t = [01;31m[Kcall_servce[m[K("map", "OOI");
      |         [01;31m[K^~~~~~~~~~~[m[K
      |         [32m[Kcreate_service[m[K
[01m[K/home/jacob/MTRN4231/lab2_workspace/src/visualisation/src/OOI.cpp:111:32:[m[K [01;31m[Kerror: [m[K‘[01m[Kusing Pose = struct geometry_msgs::msg::Pose_<std::allocator<void> >[m[K’ {aka ‘[01m[Kstruct geometry_msgs::msg::Pose_<std::allocator<void> >[m[K’} has no member named ‘[01m[Kpose[m[K’
  111 |     marker.pose.position.x = t.[01;31m[Kpose[m[K.translation.x;
      |                                [01;31m[K^~~~[m[K
[01m[K/home/jacob/MTRN4231/lab2_workspace/src/visualisation/src/OOI.cpp:112:32:[m[K [01;31m[Kerror: [m[K‘[01m[Kusing Pose = struct geometry_msgs::msg::Pose_<std::allocator<void> >[m[K’ {aka ‘[01m[Kstruct geometry_msgs::msg::Pose_<std::allocator<void> >[m[K’} has no member named ‘[01m[Kpose[m[K’
  112 |     marker.pose.position.y = t.[01;31m[Kpose[m[K.translation.y;
      |                                [01;31m[K^~~~[m[K
[01m[K/home/jacob/MTRN4231/lab2_workspace/src/visualisation/src/OOI.cpp:113:32:[m[K [01;31m[Kerror: [m[K‘[01m[Kusing Pose = struct geometry_msgs::msg::Pose_<std::allocator<void> >[m[K’ {aka ‘[01m[Kstruct geometry_msgs::msg::Pose_<std::allocator<void> >[m[K’} has no member named ‘[01m[Kpose[m[K’
  113 |     marker.pose.position.z = t.[01;31m[Kpose[m[K.translation.z;
      |                                [01;31m[K^~~~[m[K
[01m[K/home/jacob/MTRN4231/lab2_workspace/src/visualisation/src/OOI.cpp:114:35:[m[K [01;31m[Kerror: [m[K‘[01m[Kusing Pose = struct geometry_msgs::msg::Pose_<std::allocator<void> >[m[K’ {aka ‘[01m[Kstruct geometry_msgs::msg::Pose_<std::allocator<void> >[m[K’} has no member named ‘[01m[Kpose[m[K’
  114 |     marker.pose.orientation.x = t.[01;31m[Kpose[m[K.rotation.x;
      |                                   [01;31m[K^~~~[m[K
[01m[K/home/jacob/MTRN4231/lab2_workspace/src/visualisation/src/OOI.cpp:115:35:[m[K [01;31m[Kerror: [m[K‘[01m[Kusing Pose = struct geometry_msgs::msg::Pose_<std::allocator<void> >[m[K’ {aka ‘[01m[Kstruct geometry_msgs::msg::Pose_<std::allocator<void> >[m[K’} has no member named ‘[01m[Kpose[m[K’
  115 |     marker.pose.orientation.y = t.[01;31m[Kpose[m[K.rotation.y;
      |                                   [01;31m[K^~~~[m[K
[01m[K/home/jacob/MTRN4231/lab2_workspace/src/visualisation/src/OOI.cpp:116:35:[m[K [01;31m[Kerror: [m[K‘[01m[Kusing Pose = struct geometry_msgs::msg::Pose_<std::allocator<void> >[m[K’ {aka ‘[01m[Kstruct geometry_msgs::msg::Pose_<std::allocator<void> >[m[K’} has no member named ‘[01m[Kpose[m[K’
  116 |     marker.pose.orientation.z = t.[01;31m[Kpose[m[K.rotation.z;
      |                                   [01;31m[K^~~~[m[K
[01m[K/home/jacob/MTRN4231/lab2_workspace/src/visualisation/src/OOI.cpp:117:35:[m[K [01;31m[Kerror: [m[K‘[01m[Kusing Pose = struct geometry_msgs::msg::Pose_<std::allocator<void> >[m[K’ {aka ‘[01m[Kstruct geometry_msgs::msg::Pose_<std::allocator<void> >[m[K’} has no member named ‘[01m[Kpose[m[K’
  117 |     marker.pose.orientation.w = t.[01;31m[Kpose[m[K.rotation.w;
      |                                   [01;31m[K^~~~[m[K
gmake[2]: *** [CMakeFiles/OOI.dir/build.make:76: CMakeFiles/OOI.dir/src/OOI.cpp.o] Error 1
gmake[1]: *** [CMakeFiles/Makefile2:137: CMakeFiles/OOI.dir/all] Error 2
gmake: *** [Makefile:146: all] Error 2
