[0.046s] Invoking command in '/home/jacob/MTRN4231/lab2_workspace/src/build/visualisation': CMAKE_PREFIX_PATH=${CMAKE_PREFIX_PATH}:/home/jacob/MTRN4231/lab2_workspace/src/install/my_interface:/opt/ros/humble /usr/bin/cmake --build /home/jacob/MTRN4231/lab2_workspace/src/build/visualisation -- -j8 -l8
[0.114s] -- Found ament_cmake: 1.3.12 (/opt/ros/humble/share/ament_cmake/cmake)
[0.540s] -- Found rclcpp: 16.0.14 (/opt/ros/humble/share/rclcpp/cmake)
[0.601s] -- Found rosidl_generator_c: 3.1.7 (/opt/ros/humble/share/rosidl_generator_c/cmake)
[0.607s] -- Found rosidl_adapter: 3.1.7 (/opt/ros/humble/share/rosidl_adapter/cmake)
[0.620s] -- Found rosidl_generator_cpp: 3.1.7 (/opt/ros/humble/share/rosidl_generator_cpp/cmake)
[0.638s] -- Using all available rosidl_typesupport_c: rosidl_typesupport_fastrtps_c;rosidl_typesupport_introspection_c
[0.668s] -- Using all available rosidl_typesupport_cpp: rosidl_typesupport_fastrtps_cpp;rosidl_typesupport_introspection_cpp
[0.738s] -- Found rmw_implementation_cmake: 6.1.2 (/opt/ros/humble/share/rmw_implementation_cmake/cmake)
[0.741s] -- Found rmw_fastrtps_cpp: 6.2.8 (/opt/ros/humble/share/rmw_fastrtps_cpp/cmake)
[1.003s] -- Using RMW implementation 'rmw_fastrtps_cpp' as default
[1.122s] -- Found visualization_msgs: 4.9.0 (/opt/ros/humble/share/visualization_msgs/cmake)
[1.279s] -- Found tf2: 0.25.16 (/opt/ros/humble/share/tf2/cmake)
[1.286s] -- Found tf2_ros: 0.25.16 (/opt/ros/humble/share/tf2_ros/cmake)
[1.485s] -- Found my_interface: 0.0.0 (/home/jacob/MTRN4231/lab2_workspace/src/install/my_interface/share/my_interface/cmake)
[1.515s] -- Found ament_lint_auto: 0.12.14 (/opt/ros/humble/share/ament_lint_auto/cmake)
[1.628s] -- Added test 'cppcheck' to perform static code analysis on C / C++ code
[1.629s] -- Configured cppcheck include dirs: 
[1.629s] -- Configured cppcheck exclude dirs and/or files: 
[1.630s] -- Added test 'flake8' to check Python code syntax and style conventions
[1.631s] -- Added test 'lint_cmake' to check CMake code style
[1.632s] -- Added test 'pep257' to check Python code against some of the docstring style conventions in PEP 257
[1.636s] -- Added test 'uncrustify' to check C / C++ code style
[1.636s] -- Configured uncrustify additional arguments: 
[1.636s] -- Added test 'xmllint' to check XML markup files
[1.638s] -- Configuring done
[1.658s] -- Generating done
[1.664s] -- Build files have been written to: /home/jacob/MTRN4231/lab2_workspace/src/build/visualisation
[1.794s] [35m[1mConsolidate compiler generated dependencies of target OOI[0m
[1.839s] [ 50%] [32mBuilding CXX object CMakeFiles/OOI.dir/src/OOI.cpp.o[0m
[7.176s] [01m[K/home/jacob/MTRN4231/lab2_workspace/src/visualisation/src/OOI.cpp:55:3:[m[K [01;31m[Kerror: [m[K‘[01m[Kgeometry[m[K’ does not name a type
[7.176s]    55 |   [01;31m[Kgeometry[m[K::msgs::Pose call_servce(string fromFrame, string toFrame) {
[7.177s]       |   [01;31m[K^~~~~~~~[m[K
[7.340s] [01m[K/home/jacob/MTRN4231/lab2_workspace/src/visualisation/src/OOI.cpp:[m[K In constructor ‘[01m[KSpherePublisher::SpherePublisher()[m[K’:
[7.340s] [01m[K/home/jacob/MTRN4231/lab2_workspace/src/visualisation/src/OOI.cpp:46:5:[m[K [01;31m[Kerror: [m[K‘[01m[Kclient_[m[K’ was not declared in this scope
[7.341s]    46 |     [01;31m[Kclient_[m[K = create_client<my_interface::srv::Lookup>("lookup_server");
[7.341s]       |     [01;31m[K^~~~~~~[m[K
[7.358s] [01m[K/home/jacob/MTRN4231/lab2_workspace/src/visualisation/src/OOI.cpp:[m[K In member function ‘[01m[Kvoid SpherePublisher::spherepub_callback()[m[K’:
[7.359s] [01m[K/home/jacob/MTRN4231/lab2_workspace/src/visualisation/src/OOI.cpp:98:9:[m[K [01;31m[Kerror: [m[K‘[01m[Kcall_servce[m[K’ was not declared in this scope; did you mean ‘[01m[Kcreate_service[m[K’?
[7.359s]    98 |     t = [01;31m[Kcall_servce[m[K("map", "OOI");
[7.359s]       |         [01;31m[K^~~~~~~~~~~[m[K
[7.359s]       |         [32m[Kcreate_service[m[K
[7.360s] [01m[K/home/jacob/MTRN4231/lab2_workspace/src/visualisation/src/OOI.cpp:111:32:[m[K [01;31m[Kerror: [m[K‘[01m[Kusing Pose = struct geometry_msgs::msg::Pose_<std::allocator<void> >[m[K’ {aka ‘[01m[Kstruct geometry_msgs::msg::Pose_<std::allocator<void> >[m[K’} has no member named ‘[01m[Kpose[m[K’
[7.360s]   111 |     marker.pose.position.x = t.[01;31m[Kpose[m[K.translation.x;
[7.360s]       |                                [01;31m[K^~~~[m[K
[7.360s] [01m[K/home/jacob/MTRN4231/lab2_workspace/src/visualisation/src/OOI.cpp:112:32:[m[K [01;31m[Kerror: [m[K‘[01m[Kusing Pose = struct geometry_msgs::msg::Pose_<std::allocator<void> >[m[K’ {aka ‘[01m[Kstruct geometry_msgs::msg::Pose_<std::allocator<void> >[m[K’} has no member named ‘[01m[Kpose[m[K’
[7.360s]   112 |     marker.pose.position.y = t.[01;31m[Kpose[m[K.translation.y;
[7.360s]       |                                [01;31m[K^~~~[m[K
[7.360s] [01m[K/home/jacob/MTRN4231/lab2_workspace/src/visualisation/src/OOI.cpp:113:32:[m[K [01;31m[Kerror: [m[K‘[01m[Kusing Pose = struct geometry_msgs::msg::Pose_<std::allocator<void> >[m[K’ {aka ‘[01m[Kstruct geometry_msgs::msg::Pose_<std::allocator<void> >[m[K’} has no member named ‘[01m[Kpose[m[K’
[7.360s]   113 |     marker.pose.position.z = t.[01;31m[Kpose[m[K.translation.z;
[7.360s]       |                                [01;31m[K^~~~[m[K
[7.360s] [01m[K/home/jacob/MTRN4231/lab2_workspace/src/visualisation/src/OOI.cpp:114:35:[m[K [01;31m[Kerror: [m[K‘[01m[Kusing Pose = struct geometry_msgs::msg::Pose_<std::allocator<void> >[m[K’ {aka ‘[01m[Kstruct geometry_msgs::msg::Pose_<std::allocator<void> >[m[K’} has no member named ‘[01m[Kpose[m[K’
[7.360s]   114 |     marker.pose.orientation.x = t.[01;31m[Kpose[m[K.rotation.x;
[7.360s]       |                                   [01;31m[K^~~~[m[K
[7.361s] [01m[K/home/jacob/MTRN4231/lab2_workspace/src/visualisation/src/OOI.cpp:115:35:[m[K [01;31m[Kerror: [m[K‘[01m[Kusing Pose = struct geometry_msgs::msg::Pose_<std::allocator<void> >[m[K’ {aka ‘[01m[Kstruct geometry_msgs::msg::Pose_<std::allocator<void> >[m[K’} has no member named ‘[01m[Kpose[m[K’
[7.361s]   115 |     marker.pose.orientation.y = t.[01;31m[Kpose[m[K.rotation.y;
[7.361s]       |                                   [01;31m[K^~~~[m[K
[7.361s] [01m[K/home/jacob/MTRN4231/lab2_workspace/src/visualisation/src/OOI.cpp:116:35:[m[K [01;31m[Kerror: [m[K‘[01m[Kusing Pose = struct geometry_msgs::msg::Pose_<std::allocator<void> >[m[K’ {aka ‘[01m[Kstruct geometry_msgs::msg::Pose_<std::allocator<void> >[m[K’} has no member named ‘[01m[Kpose[m[K’
[7.361s]   116 |     marker.pose.orientation.z = t.[01;31m[Kpose[m[K.rotation.z;
[7.361s]       |                                   [01;31m[K^~~~[m[K
[7.361s] [01m[K/home/jacob/MTRN4231/lab2_workspace/src/visualisation/src/OOI.cpp:117:35:[m[K [01;31m[Kerror: [m[K‘[01m[Kusing Pose = struct geometry_msgs::msg::Pose_<std::allocator<void> >[m[K’ {aka ‘[01m[Kstruct geometry_msgs::msg::Pose_<std::allocator<void> >[m[K’} has no member named ‘[01m[Kpose[m[K’
[7.361s]   117 |     marker.pose.orientation.w = t.[01;31m[Kpose[m[K.rotation.w;
[7.361s]       |                                   [01;31m[K^~~~[m[K
[9.600s] gmake[2]: *** [CMakeFiles/OOI.dir/build.make:76: CMakeFiles/OOI.dir/src/OOI.cpp.o] Error 1
[9.600s] gmake[1]: *** [CMakeFiles/Makefile2:137: CMakeFiles/OOI.dir/all] Error 2
[9.601s] gmake: *** [Makefile:146: all] Error 2
[9.604s] Invoked command in '/home/jacob/MTRN4231/lab2_workspace/src/build/visualisation' returned '2': CMAKE_PREFIX_PATH=${CMAKE_PREFIX_PATH}:/home/jacob/MTRN4231/lab2_workspace/src/install/my_interface:/opt/ros/humble /usr/bin/cmake --build /home/jacob/MTRN4231/lab2_workspace/src/build/visualisation -- -j8 -l8
