[0.052s] Invoking command in '/home/jacob/MTRN4231/lab2_workspace/src/build/transformations': CMAKE_PREFIX_PATH=${CMAKE_PREFIX_PATH}:/opt/ros/humble /usr/bin/cmake --build /home/jacob/MTRN4231/lab2_workspace/src/build/transformations -- -j8 -l8
[0.230s] [ 33%] Built target dynamic_broadcaster
[0.245s] [ 66%] Built target static_broadcaster
[0.276s] [100%] Built target tf_listener
[0.333s] Invoked command in '/home/jacob/MTRN4231/lab2_workspace/src/build/transformations' returned '0': CMAKE_PREFIX_PATH=${CMAKE_PREFIX_PATH}:/opt/ros/humble /usr/bin/cmake --build /home/jacob/MTRN4231/lab2_workspace/src/build/transformations -- -j8 -l8
[0.338s] Invoking command in '/home/jacob/MTRN4231/lab2_workspace/src/build/transformations': CMAKE_PREFIX_PATH=${CMAKE_PREFIX_PATH}:/opt/ros/humble /usr/bin/cmake --install /home/jacob/MTRN4231/lab2_workspace/src/build/transformations
[0.349s] -- Install configuration: ""
[0.349s] -- Up-to-date: /home/jacob/MTRN4231/lab2_workspace/src/install/transformations/lib/transformations/static_broadcaster
[0.355s] -- Up-to-date: /home/jacob/MTRN4231/lab2_workspace/src/install/transformations/lib/transformations/dynamic_broadcaster
[0.362s] -- Up-to-date: /home/jacob/MTRN4231/lab2_workspace/src/install/transformations/lib/transformations/tf_listener
[0.362s] -- Up-to-date: /home/jacob/MTRN4231/lab2_workspace/src/install/transformations/share/ament_index/resource_index/package_run_dependencies/transformations
[0.362s] -- Up-to-date: /home/jacob/MTRN4231/lab2_workspace/src/install/transformations/share/ament_index/resource_index/parent_prefix_path/transformations
[0.363s] -- Up-to-date: /home/jacob/MTRN4231/lab2_workspace/src/install/transformations/share/transformations/environment/ament_prefix_path.sh
[0.363s] -- Up-to-date: /home/jacob/MTRN4231/lab2_workspace/src/install/transformations/share/transformations/environment/ament_prefix_path.dsv
[0.363s] -- Up-to-date: /home/jacob/MTRN4231/lab2_workspace/src/install/transformations/share/transformations/environment/path.sh
[0.363s] -- Up-to-date: /home/jacob/MTRN4231/lab2_workspace/src/install/transformations/share/transformations/environment/path.dsv
[0.364s] -- Up-to-date: /home/jacob/MTRN4231/lab2_workspace/src/install/transformations/share/transformations/local_setup.bash
[0.364s] -- Up-to-date: /home/jacob/MTRN4231/lab2_workspace/src/install/transformations/share/transformations/local_setup.sh
[0.364s] -- Up-to-date: /home/jacob/MTRN4231/lab2_workspace/src/install/transformations/share/transformations/local_setup.zsh
[0.364s] -- Up-to-date: /home/jacob/MTRN4231/lab2_workspace/src/install/transformations/share/transformations/local_setup.dsv
[0.365s] -- Installing: /home/jacob/MTRN4231/lab2_workspace/src/install/transformations/share/transformations/package.dsv
[0.365s] -- Up-to-date: /home/jacob/MTRN4231/lab2_workspace/src/install/transformations/share/ament_index/resource_index/packages/transformations
[0.365s] -- Up-to-date: /home/jacob/MTRN4231/lab2_workspace/src/install/transformations/share/transformations/cmake/transformationsConfig.cmake
[0.365s] -- Up-to-date: /home/jacob/MTRN4231/lab2_workspace/src/install/transformations/share/transformations/cmake/transformationsConfig-version.cmake
[0.365s] -- Up-to-date: /home/jacob/MTRN4231/lab2_workspace/src/install/transformations/share/transformations/package.xml
[0.430s] Invoked command in '/home/jacob/MTRN4231/lab2_workspace/src/build/transformations' returned '0': CMAKE_PREFIX_PATH=${CMAKE_PREFIX_PATH}:/opt/ros/humble /usr/bin/cmake --install /home/jacob/MTRN4231/lab2_workspace/src/build/transformations
