[0.033s] Invoking command in '/home/jacob/MTRN4231/lab1_workspace/build/tutorial_interfaces': CMAKE_PREFIX_PATH=${CMAKE_PREFIX_PATH}:/opt/ros/humble /usr/bin/cmake --build /home/jacob/MTRN4231/lab1_workspace/build/tutorial_interfaces -- -j8 -l8
[0.098s] -- Found ament_cmake: 1.3.12 (/opt/ros/humble/share/ament_cmake/cmake)
[0.482s] -- Found geometry_msgs: 4.9.0 (/opt/ros/humble/share/geometry_msgs/cmake)
[1.570s] -- Found rosidl_generator_c: 3.1.7 (/opt/ros/humble/share/rosidl_generator_c/cmake)
[1.583s] -- Found rosidl_adapter: 3.1.7 (/opt/ros/humble/share/rosidl_adapter/cmake)
[1.603s] -- Found rosidl_generator_cpp: 3.1.7 (/opt/ros/humble/share/rosidl_generator_cpp/cmake)
[1.631s] -- Using all available rosidl_typesupport_c: rosidl_typesupport_fastrtps_c;rosidl_typesupport_introspection_c
[1.659s] -- Using all available rosidl_typesupport_cpp: rosidl_typesupport_fastrtps_cpp;rosidl_typesupport_introspection_cpp
[1.730s] -- Found rosidl_default_generators: 1.2.0 (/opt/ros/humble/share/rosidl_default_generators/cmake)
[2.673s] -- Found ament_cmake_ros: 0.10.0 (/opt/ros/humble/share/ament_cmake_ros/cmake)
[3.824s] -- Using all available rosidl_typesupport_c: rosidl_typesupport_fastrtps_c;rosidl_typesupport_introspection_c
[4.278s] -- Using all available rosidl_typesupport_cpp: rosidl_typesupport_fastrtps_cpp;rosidl_typesupport_introspection_cpp
[4.366s] -- Found python_cmake_module: 0.10.0 (/opt/ros/humble/share/python_cmake_module/cmake)
[4.412s] -- Using PYTHON_EXECUTABLE: /usr/bin/python3
[4.412s] -- Using PYTHON_INCLUDE_DIRS: /usr/include/python3.10
[4.412s] -- Using PYTHON_LIBRARIES: /usr/lib/x86_64-linux-gnu/libpython3.10.so
[4.491s] -- Found ament_lint_auto: 0.12.14 (/opt/ros/humble/share/ament_lint_auto/cmake)
[4.514s] -- Added test 'lint_cmake' to check CMake code style
[4.516s] -- Added test 'xmllint' to check XML markup files
[4.522s] -- Configuring done
[4.663s] -- Generating done
[4.707s] -- Build files have been written to: /home/jacob/MTRN4231/lab1_workspace/build/tutorial_interfaces
[4.808s] [  3%] [34m[1mGenerating C code for ROS interfaces[0m
[4.839s] [  6%] [34m[1mGenerating C++ code for ROS interfaces[0m
[4.874s] [  6%] Built target ament_cmake_python_copy_tutorial_interfaces
[5.535s] [  6%] Built target tutorial_interfaces__cpp
[5.568s] [35m[1mConsolidate compiler generated dependencies of target tutorial_interfaces__rosidl_generator_c[0m
[5.570s] [  9%] [34m[1mGenerating C++ introspection for ROS interfaces[0m
[5.573s] [ 12%] [34m[1mGenerating C++ type support for eProsima Fast-RTPS[0m
[5.574s] [ 16%] [34m[1mGenerating C++ type support dispatch for ROS interfaces[0m
[5.612s] [ 19%] [32mBuilding C object CMakeFiles/tutorial_interfaces__rosidl_generator_c.dir/rosidl_generator_c/tutorial_interfaces/msg/detail/pose_stamped__functions.c.o[0m
[5.762s] running egg_info
[5.767s] writing tutorial_interfaces.egg-info/PKG-INFO
[5.768s] writing dependency_links to tutorial_interfaces.egg-info/dependency_links.txt
[5.769s] writing top-level names to tutorial_interfaces.egg-info/top_level.txt
[5.785s] reading manifest file 'tutorial_interfaces.egg-info/SOURCES.txt'
[5.791s] writing manifest file 'tutorial_interfaces.egg-info/SOURCES.txt'
[5.885s] [ 19%] Built target ament_cmake_python_build_tutorial_interfaces_egg
[5.914s] [ 22%] [32m[1mLinking C shared library libtutorial_interfaces__rosidl_generator_c.so[0m
[6.336s] [35m[1mConsolidate compiler generated dependencies of target tutorial_interfaces__rosidl_typesupport_introspection_cpp[0m
[6.344s] [ 22%] Built target tutorial_interfaces__rosidl_generator_c
[6.346s] [35m[1mConsolidate compiler generated dependencies of target tutorial_interfaces__rosidl_typesupport_cpp[0m
[6.380s] [ 25%] [34m[1mGenerating C type support for eProsima Fast-RTPS[0m
[6.382s] [ 29%] [34m[1mGenerating C introspection for ROS interfaces[0m
[6.384s] [ 32%] [32mBuilding CXX object CMakeFiles/tutorial_interfaces__rosidl_typesupport_introspection_cpp.dir/rosidl_typesupport_introspection_cpp/tutorial_interfaces/msg/detail/pose_stamped__type_support.cpp.o[0m
[6.388s] [ 35%] [34m[1mGenerating C type support dispatch for ROS interfaces[0m
[6.395s] [ 38%] [32mBuilding CXX object CMakeFiles/tutorial_interfaces__rosidl_typesupport_cpp.dir/rosidl_typesupport_cpp/tutorial_interfaces/msg/pose_stamped__type_support.cpp.o[0m
[6.414s] [35m[1mConsolidate compiler generated dependencies of target tutorial_interfaces__rosidl_typesupport_fastrtps_cpp[0m
[6.465s] [ 41%] [32mBuilding CXX object CMakeFiles/tutorial_interfaces__rosidl_typesupport_fastrtps_cpp.dir/rosidl_typesupport_fastrtps_cpp/tutorial_interfaces/msg/detail/dds_fastrtps/pose_stamped__type_support.cpp.o[0m
[7.284s] [35m[1mConsolidate compiler generated dependencies of target tutorial_interfaces__rosidl_typesupport_c[0m
[7.327s] [ 45%] [32mBuilding CXX object CMakeFiles/tutorial_interfaces__rosidl_typesupport_c.dir/rosidl_typesupport_c/tutorial_interfaces/msg/pose_stamped__type_support.cpp.o[0m
[7.334s] [35m[1mConsolidate compiler generated dependencies of target tutorial_interfaces__rosidl_typesupport_introspection_c[0m
[7.364s] [35m[1mConsolidate compiler generated dependencies of target tutorial_interfaces__rosidl_typesupport_fastrtps_c[0m
[7.380s] [ 48%] [32mBuilding C object CMakeFiles/tutorial_interfaces__rosidl_typesupport_introspection_c.dir/rosidl_typesupport_introspection_c/tutorial_interfaces/msg/detail/pose_stamped__type_support.c.o[0m
[7.419s] [ 51%] [32mBuilding CXX object CMakeFiles/tutorial_interfaces__rosidl_typesupport_fastrtps_c.dir/rosidl_typesupport_fastrtps_c/tutorial_interfaces/msg/detail/pose_stamped__type_support_c.cpp.o[0m
[7.484s] [ 54%] [32m[1mLinking CXX shared library libtutorial_interfaces__rosidl_typesupport_c.so[0m
[7.563s] [ 58%] [32m[1mLinking C shared library libtutorial_interfaces__rosidl_typesupport_introspection_c.so[0m
[7.625s] [ 61%] [32m[1mLinking CXX shared library libtutorial_interfaces__rosidl_typesupport_cpp.so[0m
[8.099s] [ 61%] Built target tutorial_interfaces__rosidl_typesupport_c
[8.123s] [ 61%] Built target tutorial_interfaces__rosidl_typesupport_introspection_c
[8.214s] [ 61%] Built target tutorial_interfaces__rosidl_typesupport_cpp
[8.226s] [ 64%] [32m[1mLinking CXX shared library libtutorial_interfaces__rosidl_typesupport_introspection_cpp.so[0m
[8.300s] [ 67%] [32m[1mLinking CXX shared library libtutorial_interfaces__rosidl_typesupport_fastrtps_cpp.so[0m
[8.748s] [ 67%] Built target tutorial_interfaces__rosidl_typesupport_introspection_cpp
[8.834s] [ 67%] Built target tutorial_interfaces__rosidl_typesupport_fastrtps_cpp
[8.844s] [ 70%] [32m[1mLinking CXX shared library libtutorial_interfaces__rosidl_typesupport_fastrtps_c.so[0m
[9.443s] [ 70%] Built target tutorial_interfaces__rosidl_typesupport_fastrtps_c
[9.506s] [ 70%] Built target tutorial_interfaces
[9.553s] [ 74%] [34m[1mGenerating Python code for ROS interfaces[0m
[10.228s] [ 74%] Built target tutorial_interfaces__py
[10.258s] [35m[1mConsolidate compiler generated dependencies of target tutorial_interfaces__rosidl_generator_py[0m
[10.295s] [ 77%] [32mBuilding C object CMakeFiles/tutorial_interfaces__rosidl_generator_py.dir/rosidl_generator_py/tutorial_interfaces/msg/_pose_stamped_s.c.o[0m
[10.643s] [ 80%] [32m[1mLinking C shared library rosidl_generator_py/tutorial_interfaces/libtutorial_interfaces__rosidl_generator_py.so[0m
[11.087s] [ 80%] Built target tutorial_interfaces__rosidl_generator_py
[11.127s] [35m[1mConsolidate compiler generated dependencies of target tutorial_interfaces__rosidl_typesupport_fastrtps_c__pyext[0m
[11.128s] [35m[1mConsolidate compiler generated dependencies of target tutorial_interfaces__rosidl_typesupport_c__pyext[0m
[11.133s] [35m[1mConsolidate compiler generated dependencies of target tutorial_interfaces__rosidl_typesupport_introspection_c__pyext[0m
[11.172s] [ 83%] [32mBuilding C object CMakeFiles/tutorial_interfaces__rosidl_typesupport_introspection_c__pyext.dir/rosidl_generator_py/tutorial_interfaces/_tutorial_interfaces_s.ep.rosidl_typesupport_introspection_c.c.o[0m
[11.174s] [ 87%] [32mBuilding C object CMakeFiles/tutorial_interfaces__rosidl_typesupport_c__pyext.dir/rosidl_generator_py/tutorial_interfaces/_tutorial_interfaces_s.ep.rosidl_typesupport_c.c.o[0m
[11.174s] [ 90%] [32mBuilding C object CMakeFiles/tutorial_interfaces__rosidl_typesupport_fastrtps_c__pyext.dir/rosidl_generator_py/tutorial_interfaces/_tutorial_interfaces_s.ep.rosidl_typesupport_fastrtps_c.c.o[0m
[11.483s] [ 93%] [32m[1mLinking C shared library rosidl_generator_py/tutorial_interfaces/tutorial_interfaces_s__rosidl_typesupport_c.cpython-310-x86_64-linux-gnu.so[0m
[11.487s] [ 96%] [32m[1mLinking C shared library rosidl_generator_py/tutorial_interfaces/tutorial_interfaces_s__rosidl_typesupport_fastrtps_c.cpython-310-x86_64-linux-gnu.so[0m
[11.494s] [100%] [32m[1mLinking C shared library rosidl_generator_py/tutorial_interfaces/tutorial_interfaces_s__rosidl_typesupport_introspection_c.cpython-310-x86_64-linux-gnu.so[0m
[11.848s] [100%] Built target tutorial_interfaces__rosidl_typesupport_introspection_c__pyext
[11.848s] [100%] Built target tutorial_interfaces__rosidl_typesupport_fastrtps_c__pyext
[11.857s] [100%] Built target tutorial_interfaces__rosidl_typesupport_c__pyext
[11.890s] Invoked command in '/home/jacob/MTRN4231/lab1_workspace/build/tutorial_interfaces' returned '0': CMAKE_PREFIX_PATH=${CMAKE_PREFIX_PATH}:/opt/ros/humble /usr/bin/cmake --build /home/jacob/MTRN4231/lab1_workspace/build/tutorial_interfaces -- -j8 -l8
[11.921s] Invoking command in '/home/jacob/MTRN4231/lab1_workspace/build/tutorial_interfaces': CMAKE_PREFIX_PATH=${CMAKE_PREFIX_PATH}:/opt/ros/humble /usr/bin/cmake --install /home/jacob/MTRN4231/lab1_workspace/build/tutorial_interfaces
[11.939s] -- Install configuration: ""
[11.940s] -- Up-to-date: /home/jacob/MTRN4231/lab1_workspace/install/tutorial_interfaces/share/ament_index/resource_index/rosidl_interfaces/tutorial_interfaces
[11.940s] -- Up-to-date: /home/jacob/MTRN4231/lab1_workspace/install/tutorial_interfaces/include/tutorial_interfaces/tutorial_interfaces
[11.940s] -- Up-to-date: /home/jacob/MTRN4231/lab1_workspace/install/tutorial_interfaces/include/tutorial_interfaces/tutorial_interfaces/msg
[11.941s] -- Installing: /home/jacob/MTRN4231/lab1_workspace/install/tutorial_interfaces/include/tutorial_interfaces/tutorial_interfaces/msg/pose_stamped.h
[11.941s] -- Up-to-date: /home/jacob/MTRN4231/lab1_workspace/install/tutorial_interfaces/include/tutorial_interfaces/tutorial_interfaces/msg/rosidl_generator_c__visibility_control.h
[11.942s] -- Up-to-date: /home/jacob/MTRN4231/lab1_workspace/install/tutorial_interfaces/include/tutorial_interfaces/tutorial_interfaces/msg/detail
[11.942s] -- Installing: /home/jacob/MTRN4231/lab1_workspace/install/tutorial_interfaces/include/tutorial_interfaces/tutorial_interfaces/msg/detail/pose_stamped__type_support.h
[11.942s] -- Installing: /home/jacob/MTRN4231/lab1_workspace/install/tutorial_interfaces/include/tutorial_interfaces/tutorial_interfaces/msg/detail/pose_stamped__functions.h
[11.943s] -- Installing: /home/jacob/MTRN4231/lab1_workspace/install/tutorial_interfaces/include/tutorial_interfaces/tutorial_interfaces/msg/detail/pose_stamped__struct.h
[11.943s] -- Installing: /home/jacob/MTRN4231/lab1_workspace/install/tutorial_interfaces/include/tutorial_interfaces/tutorial_interfaces/msg/detail/pose_stamped__functions.c
[11.944s] -- Up-to-date: /home/jacob/MTRN4231/lab1_workspace/install/tutorial_interfaces/share/tutorial_interfaces/environment/library_path.sh
[11.944s] -- Installing: /home/jacob/MTRN4231/lab1_workspace/install/tutorial_interfaces/share/tutorial_interfaces/environment/library_path.dsv
[11.946s] -- Installing: /home/jacob/MTRN4231/lab1_workspace/install/tutorial_interfaces/lib/libtutorial_interfaces__rosidl_generator_c.so
[11.947s] -- Set runtime path of "/home/jacob/MTRN4231/lab1_workspace/install/tutorial_interfaces/lib/libtutorial_interfaces__rosidl_generator_c.so" to ""
[11.948s] -- Up-to-date: /home/jacob/MTRN4231/lab1_workspace/install/tutorial_interfaces/include/tutorial_interfaces/tutorial_interfaces
[11.948s] -- Up-to-date: /home/jacob/MTRN4231/lab1_workspace/install/tutorial_interfaces/include/tutorial_interfaces/tutorial_interfaces/msg
[11.948s] -- Up-to-date: /home/jacob/MTRN4231/lab1_workspace/install/tutorial_interfaces/include/tutorial_interfaces/tutorial_interfaces/msg/rosidl_typesupport_fastrtps_c__visibility_control.h
[11.948s] -- Up-to-date: /home/jacob/MTRN4231/lab1_workspace/install/tutorial_interfaces/include/tutorial_interfaces/tutorial_interfaces/msg/detail
[11.949s] -- Installing: /home/jacob/MTRN4231/lab1_workspace/install/tutorial_interfaces/include/tutorial_interfaces/tutorial_interfaces/msg/detail/pose_stamped__rosidl_typesupport_fastrtps_c.h
[11.949s] -- Installing: /home/jacob/MTRN4231/lab1_workspace/install/tutorial_interfaces/lib/libtutorial_interfaces__rosidl_typesupport_fastrtps_c.so
[11.951s] -- Set runtime path of "/home/jacob/MTRN4231/lab1_workspace/install/tutorial_interfaces/lib/libtutorial_interfaces__rosidl_typesupport_fastrtps_c.so" to ""
[11.952s] -- Up-to-date: /home/jacob/MTRN4231/lab1_workspace/install/tutorial_interfaces/include/tutorial_interfaces/tutorial_interfaces
[11.952s] -- Up-to-date: /home/jacob/MTRN4231/lab1_workspace/install/tutorial_interfaces/include/tutorial_interfaces/tutorial_interfaces/msg
[11.952s] -- Installing: /home/jacob/MTRN4231/lab1_workspace/install/tutorial_interfaces/include/tutorial_interfaces/tutorial_interfaces/msg/pose_stamped.hpp
[11.953s] -- Up-to-date: /home/jacob/MTRN4231/lab1_workspace/install/tutorial_interfaces/include/tutorial_interfaces/tutorial_interfaces/msg/rosidl_generator_cpp__visibility_control.hpp
[11.953s] -- Up-to-date: /home/jacob/MTRN4231/lab1_workspace/install/tutorial_interfaces/include/tutorial_interfaces/tutorial_interfaces/msg/detail
[11.954s] -- Installing: /home/jacob/MTRN4231/lab1_workspace/install/tutorial_interfaces/include/tutorial_interfaces/tutorial_interfaces/msg/detail/pose_stamped__struct.hpp
[11.954s] -- Installing: /home/jacob/MTRN4231/lab1_workspace/install/tutorial_interfaces/include/tutorial_interfaces/tutorial_interfaces/msg/detail/pose_stamped__type_support.hpp
[11.954s] -- Installing: /home/jacob/MTRN4231/lab1_workspace/install/tutorial_interfaces/include/tutorial_interfaces/tutorial_interfaces/msg/detail/pose_stamped__traits.hpp
[11.955s] -- Installing: /home/jacob/MTRN4231/lab1_workspace/install/tutorial_interfaces/include/tutorial_interfaces/tutorial_interfaces/msg/detail/pose_stamped__builder.hpp
[11.957s] -- Up-to-date: /home/jacob/MTRN4231/lab1_workspace/install/tutorial_interfaces/include/tutorial_interfaces/tutorial_interfaces
[11.957s] -- Up-to-date: /home/jacob/MTRN4231/lab1_workspace/install/tutorial_interfaces/include/tutorial_interfaces/tutorial_interfaces/msg
[11.957s] -- Up-to-date: /home/jacob/MTRN4231/lab1_workspace/install/tutorial_interfaces/include/tutorial_interfaces/tutorial_interfaces/msg/rosidl_typesupport_fastrtps_cpp__visibility_control.h
[11.957s] -- Up-to-date: /home/jacob/MTRN4231/lab1_workspace/install/tutorial_interfaces/include/tutorial_interfaces/tutorial_interfaces/msg/detail
[11.958s] -- Installing: /home/jacob/MTRN4231/lab1_workspace/install/tutorial_interfaces/include/tutorial_interfaces/tutorial_interfaces/msg/detail/pose_stamped__rosidl_typesupport_fastrtps_cpp.hpp
[11.958s] -- Up-to-date: /home/jacob/MTRN4231/lab1_workspace/install/tutorial_interfaces/include/tutorial_interfaces/tutorial_interfaces/msg/detail/dds_fastrtps
[11.959s] -- Installing: /home/jacob/MTRN4231/lab1_workspace/install/tutorial_interfaces/lib/libtutorial_interfaces__rosidl_typesupport_fastrtps_cpp.so
[11.961s] -- Set runtime path of "/home/jacob/MTRN4231/lab1_workspace/install/tutorial_interfaces/lib/libtutorial_interfaces__rosidl_typesupport_fastrtps_cpp.so" to ""
[11.961s] -- Up-to-date: /home/jacob/MTRN4231/lab1_workspace/install/tutorial_interfaces/include/tutorial_interfaces/tutorial_interfaces
[11.961s] -- Up-to-date: /home/jacob/MTRN4231/lab1_workspace/install/tutorial_interfaces/include/tutorial_interfaces/tutorial_interfaces/msg
[11.961s] -- Up-to-date: /home/jacob/MTRN4231/lab1_workspace/install/tutorial_interfaces/include/tutorial_interfaces/tutorial_interfaces/msg/rosidl_typesupport_introspection_c__visibility_control.h
[11.962s] -- Up-to-date: /home/jacob/MTRN4231/lab1_workspace/install/tutorial_interfaces/include/tutorial_interfaces/tutorial_interfaces/msg/detail
[11.962s] -- Installing: /home/jacob/MTRN4231/lab1_workspace/install/tutorial_interfaces/include/tutorial_interfaces/tutorial_interfaces/msg/detail/pose_stamped__type_support.c
[11.962s] -- Installing: /home/jacob/MTRN4231/lab1_workspace/install/tutorial_interfaces/include/tutorial_interfaces/tutorial_interfaces/msg/detail/pose_stamped__rosidl_typesupport_introspection_c.h
[11.964s] -- Installing: /home/jacob/MTRN4231/lab1_workspace/install/tutorial_interfaces/lib/libtutorial_interfaces__rosidl_typesupport_introspection_c.so
[11.966s] -- Set runtime path of "/home/jacob/MTRN4231/lab1_workspace/install/tutorial_interfaces/lib/libtutorial_interfaces__rosidl_typesupport_introspection_c.so" to ""
[11.967s] -- Installing: /home/jacob/MTRN4231/lab1_workspace/install/tutorial_interfaces/lib/libtutorial_interfaces__rosidl_typesupport_c.so
[11.969s] -- Set runtime path of "/home/jacob/MTRN4231/lab1_workspace/install/tutorial_interfaces/lib/libtutorial_interfaces__rosidl_typesupport_c.so" to ""
[11.969s] -- Up-to-date: /home/jacob/MTRN4231/lab1_workspace/install/tutorial_interfaces/include/tutorial_interfaces/tutorial_interfaces
[11.970s] -- Up-to-date: /home/jacob/MTRN4231/lab1_workspace/install/tutorial_interfaces/include/tutorial_interfaces/tutorial_interfaces/msg
[11.970s] -- Up-to-date: /home/jacob/MTRN4231/lab1_workspace/install/tutorial_interfaces/include/tutorial_interfaces/tutorial_interfaces/msg/detail
[11.970s] -- Installing: /home/jacob/MTRN4231/lab1_workspace/install/tutorial_interfaces/include/tutorial_interfaces/tutorial_interfaces/msg/detail/pose_stamped__type_support.cpp
[11.970s] -- Installing: /home/jacob/MTRN4231/lab1_workspace/install/tutorial_interfaces/include/tutorial_interfaces/tutorial_interfaces/msg/detail/pose_stamped__rosidl_typesupport_introspection_cpp.hpp
[11.972s] -- Installing: /home/jacob/MTRN4231/lab1_workspace/install/tutorial_interfaces/lib/libtutorial_interfaces__rosidl_typesupport_introspection_cpp.so
[11.974s] -- Set runtime path of "/home/jacob/MTRN4231/lab1_workspace/install/tutorial_interfaces/lib/libtutorial_interfaces__rosidl_typesupport_introspection_cpp.so" to ""
[11.975s] -- Installing: /home/jacob/MTRN4231/lab1_workspace/install/tutorial_interfaces/lib/libtutorial_interfaces__rosidl_typesupport_cpp.so
[11.977s] -- Set runtime path of "/home/jacob/MTRN4231/lab1_workspace/install/tutorial_interfaces/lib/libtutorial_interfaces__rosidl_typesupport_cpp.so" to ""
[11.977s] -- Up-to-date: /home/jacob/MTRN4231/lab1_workspace/install/tutorial_interfaces/share/tutorial_interfaces/environment/pythonpath.sh
[11.978s] -- Installing: /home/jacob/MTRN4231/lab1_workspace/install/tutorial_interfaces/share/tutorial_interfaces/environment/pythonpath.dsv
[11.978s] -- Up-to-date: /home/jacob/MTRN4231/lab1_workspace/install/tutorial_interfaces/local/lib/python3.10/dist-packages/tutorial_interfaces-0.0.0-py3.10.egg-info
[11.978s] -- Installing: /home/jacob/MTRN4231/lab1_workspace/install/tutorial_interfaces/local/lib/python3.10/dist-packages/tutorial_interfaces-0.0.0-py3.10.egg-info/SOURCES.txt
[11.979s] -- Installing: /home/jacob/MTRN4231/lab1_workspace/install/tutorial_interfaces/local/lib/python3.10/dist-packages/tutorial_interfaces-0.0.0-py3.10.egg-info/dependency_links.txt
[11.980s] -- Installing: /home/jacob/MTRN4231/lab1_workspace/install/tutorial_interfaces/local/lib/python3.10/dist-packages/tutorial_interfaces-0.0.0-py3.10.egg-info/top_level.txt
[11.980s] -- Installing: /home/jacob/MTRN4231/lab1_workspace/install/tutorial_interfaces/local/lib/python3.10/dist-packages/tutorial_interfaces-0.0.0-py3.10.egg-info/PKG-INFO
[11.981s] -- Up-to-date: /home/jacob/MTRN4231/lab1_workspace/install/tutorial_interfaces/local/lib/python3.10/dist-packages/tutorial_interfaces
[11.981s] -- Installing: /home/jacob/MTRN4231/lab1_workspace/install/tutorial_interfaces/local/lib/python3.10/dist-packages/tutorial_interfaces/tutorial_interfaces_s__rosidl_typesupport_fastrtps_c.cpython-310-x86_64-linux-gnu.so
[11.982s] -- Installing: /home/jacob/MTRN4231/lab1_workspace/install/tutorial_interfaces/local/lib/python3.10/dist-packages/tutorial_interfaces/__init__.py
[11.983s] -- Installing: /home/jacob/MTRN4231/lab1_workspace/install/tutorial_interfaces/local/lib/python3.10/dist-packages/tutorial_interfaces/_tutorial_interfaces_s.ep.rosidl_typesupport_fastrtps_c.c
[11.985s] -- Up-to-date: /home/jacob/MTRN4231/lab1_workspace/install/tutorial_interfaces/local/lib/python3.10/dist-packages/tutorial_interfaces/msg
[11.985s] -- Installing: /home/jacob/MTRN4231/lab1_workspace/install/tutorial_interfaces/local/lib/python3.10/dist-packages/tutorial_interfaces/msg/__init__.py
[11.986s] -- Installing: /home/jacob/MTRN4231/lab1_workspace/install/tutorial_interfaces/local/lib/python3.10/dist-packages/tutorial_interfaces/msg/_pose_stamped.py
[11.987s] -- Installing: /home/jacob/MTRN4231/lab1_workspace/install/tutorial_interfaces/local/lib/python3.10/dist-packages/tutorial_interfaces/msg/_pose_stamped_s.c
[11.988s] -- Installing: /home/jacob/MTRN4231/lab1_workspace/install/tutorial_interfaces/local/lib/python3.10/dist-packages/tutorial_interfaces/libtutorial_interfaces__rosidl_generator_py.so
[11.988s] -- Installing: /home/jacob/MTRN4231/lab1_workspace/install/tutorial_interfaces/local/lib/python3.10/dist-packages/tutorial_interfaces/tutorial_interfaces_s__rosidl_typesupport_c.cpython-310-x86_64-linux-gnu.so
[11.992s] -- Installing: /home/jacob/MTRN4231/lab1_workspace/install/tutorial_interfaces/local/lib/python3.10/dist-packages/tutorial_interfaces/_tutorial_interfaces_s.ep.rosidl_typesupport_introspection_c.c
[11.992s] -- Installing: /home/jacob/MTRN4231/lab1_workspace/install/tutorial_interfaces/local/lib/python3.10/dist-packages/tutorial_interfaces/tutorial_interfaces_s__rosidl_typesupport_introspection_c.cpython-310-x86_64-linux-gnu.so
[11.993s] -- Installing: /home/jacob/MTRN4231/lab1_workspace/install/tutorial_interfaces/local/lib/python3.10/dist-packages/tutorial_interfaces/_tutorial_interfaces_s.ep.rosidl_typesupport_c.c
[12.072s] Listing '/home/jacob/MTRN4231/lab1_workspace/install/tutorial_interfaces/local/lib/python3.10/dist-packages/tutorial_interfaces'...
[12.072s] Compiling '/home/jacob/MTRN4231/lab1_workspace/install/tutorial_interfaces/local/lib/python3.10/dist-packages/tutorial_interfaces/__init__.py'...
[12.072s] Listing '/home/jacob/MTRN4231/lab1_workspace/install/tutorial_interfaces/local/lib/python3.10/dist-packages/tutorial_interfaces/msg'...
[12.073s] Compiling '/home/jacob/MTRN4231/lab1_workspace/install/tutorial_interfaces/local/lib/python3.10/dist-packages/tutorial_interfaces/msg/__init__.py'...
[12.073s] Compiling '/home/jacob/MTRN4231/lab1_workspace/install/tutorial_interfaces/local/lib/python3.10/dist-packages/tutorial_interfaces/msg/_pose_stamped.py'...
[12.084s] -- Installing: /home/jacob/MTRN4231/lab1_workspace/install/tutorial_interfaces/local/lib/python3.10/dist-packages/tutorial_interfaces/tutorial_interfaces_s__rosidl_typesupport_fastrtps_c.cpython-310-x86_64-linux-gnu.so
[12.085s] -- Set runtime path of "/home/jacob/MTRN4231/lab1_workspace/install/tutorial_interfaces/local/lib/python3.10/dist-packages/tutorial_interfaces/tutorial_interfaces_s__rosidl_typesupport_fastrtps_c.cpython-310-x86_64-linux-gnu.so" to ""
[12.086s] -- Installing: /home/jacob/MTRN4231/lab1_workspace/install/tutorial_interfaces/local/lib/python3.10/dist-packages/tutorial_interfaces/tutorial_interfaces_s__rosidl_typesupport_introspection_c.cpython-310-x86_64-linux-gnu.so
[12.087s] -- Set runtime path of "/home/jacob/MTRN4231/lab1_workspace/install/tutorial_interfaces/local/lib/python3.10/dist-packages/tutorial_interfaces/tutorial_interfaces_s__rosidl_typesupport_introspection_c.cpython-310-x86_64-linux-gnu.so" to ""
[12.087s] -- Installing: /home/jacob/MTRN4231/lab1_workspace/install/tutorial_interfaces/local/lib/python3.10/dist-packages/tutorial_interfaces/tutorial_interfaces_s__rosidl_typesupport_c.cpython-310-x86_64-linux-gnu.so
[12.089s] -- Set runtime path of "/home/jacob/MTRN4231/lab1_workspace/install/tutorial_interfaces/local/lib/python3.10/dist-packages/tutorial_interfaces/tutorial_interfaces_s__rosidl_typesupport_c.cpython-310-x86_64-linux-gnu.so" to ""
[12.090s] -- Installing: /home/jacob/MTRN4231/lab1_workspace/install/tutorial_interfaces/lib/libtutorial_interfaces__rosidl_generator_py.so
[12.092s] -- Set runtime path of "/home/jacob/MTRN4231/lab1_workspace/install/tutorial_interfaces/lib/libtutorial_interfaces__rosidl_generator_py.so" to ""
[12.092s] -- Installing: /home/jacob/MTRN4231/lab1_workspace/install/tutorial_interfaces/share/tutorial_interfaces/msg/PoseStamped.idl
[12.093s] -- Installing: /home/jacob/MTRN4231/lab1_workspace/install/tutorial_interfaces/share/tutorial_interfaces/msg/PoseStamped.msg
[12.094s] -- Up-to-date: /home/jacob/MTRN4231/lab1_workspace/install/tutorial_interfaces/share/ament_index/resource_index/package_run_dependencies/tutorial_interfaces
[12.094s] -- Installing: /home/jacob/MTRN4231/lab1_workspace/install/tutorial_interfaces/share/ament_index/resource_index/parent_prefix_path/tutorial_interfaces
[12.095s] -- Up-to-date: /home/jacob/MTRN4231/lab1_workspace/install/tutorial_interfaces/share/tutorial_interfaces/environment/ament_prefix_path.sh
[12.095s] -- Installing: /home/jacob/MTRN4231/lab1_workspace/install/tutorial_interfaces/share/tutorial_interfaces/environment/ament_prefix_path.dsv
[12.097s] -- Up-to-date: /home/jacob/MTRN4231/lab1_workspace/install/tutorial_interfaces/share/tutorial_interfaces/environment/path.sh
[12.098s] -- Installing: /home/jacob/MTRN4231/lab1_workspace/install/tutorial_interfaces/share/tutorial_interfaces/environment/path.dsv
[12.100s] -- Up-to-date: /home/jacob/MTRN4231/lab1_workspace/install/tutorial_interfaces/share/tutorial_interfaces/local_setup.bash
[12.100s] -- Up-to-date: /home/jacob/MTRN4231/lab1_workspace/install/tutorial_interfaces/share/tutorial_interfaces/local_setup.sh
[12.100s] -- Up-to-date: /home/jacob/MTRN4231/lab1_workspace/install/tutorial_interfaces/share/tutorial_interfaces/local_setup.zsh
[12.101s] -- Installing: /home/jacob/MTRN4231/lab1_workspace/install/tutorial_interfaces/share/tutorial_interfaces/local_setup.dsv
[12.101s] -- Installing: /home/jacob/MTRN4231/lab1_workspace/install/tutorial_interfaces/share/tutorial_interfaces/package.dsv
[12.102s] -- Up-to-date: /home/jacob/MTRN4231/lab1_workspace/install/tutorial_interfaces/share/ament_index/resource_index/packages/tutorial_interfaces
[12.103s] -- Up-to-date: /home/jacob/MTRN4231/lab1_workspace/install/tutorial_interfaces/share/tutorial_interfaces/cmake/export_tutorial_interfaces__rosidl_generator_cExport.cmake
[12.104s] -- Up-to-date: /home/jacob/MTRN4231/lab1_workspace/install/tutorial_interfaces/share/tutorial_interfaces/cmake/export_tutorial_interfaces__rosidl_generator_cExport-noconfig.cmake
[12.105s] -- Up-to-date: /home/jacob/MTRN4231/lab1_workspace/install/tutorial_interfaces/share/tutorial_interfaces/cmake/export_tutorial_interfaces__rosidl_typesupport_fastrtps_cExport.cmake
[12.105s] -- Up-to-date: /home/jacob/MTRN4231/lab1_workspace/install/tutorial_interfaces/share/tutorial_interfaces/cmake/export_tutorial_interfaces__rosidl_typesupport_fastrtps_cExport-noconfig.cmake
[12.106s] -- Up-to-date: /home/jacob/MTRN4231/lab1_workspace/install/tutorial_interfaces/share/tutorial_interfaces/cmake/export_tutorial_interfaces__rosidl_generator_cppExport.cmake
[12.107s] -- Up-to-date: /home/jacob/MTRN4231/lab1_workspace/install/tutorial_interfaces/share/tutorial_interfaces/cmake/export_tutorial_interfaces__rosidl_typesupport_fastrtps_cppExport.cmake
[12.108s] -- Up-to-date: /home/jacob/MTRN4231/lab1_workspace/install/tutorial_interfaces/share/tutorial_interfaces/cmake/export_tutorial_interfaces__rosidl_typesupport_fastrtps_cppExport-noconfig.cmake
[12.108s] -- Up-to-date: /home/jacob/MTRN4231/lab1_workspace/install/tutorial_interfaces/share/tutorial_interfaces/cmake/tutorial_interfaces__rosidl_typesupport_introspection_cExport.cmake
[12.109s] -- Up-to-date: /home/jacob/MTRN4231/lab1_workspace/install/tutorial_interfaces/share/tutorial_interfaces/cmake/tutorial_interfaces__rosidl_typesupport_introspection_cExport-noconfig.cmake
[12.111s] -- Up-to-date: /home/jacob/MTRN4231/lab1_workspace/install/tutorial_interfaces/share/tutorial_interfaces/cmake/tutorial_interfaces__rosidl_typesupport_cExport.cmake
[12.111s] -- Up-to-date: /home/jacob/MTRN4231/lab1_workspace/install/tutorial_interfaces/share/tutorial_interfaces/cmake/tutorial_interfaces__rosidl_typesupport_cExport-noconfig.cmake
[12.112s] -- Up-to-date: /home/jacob/MTRN4231/lab1_workspace/install/tutorial_interfaces/share/tutorial_interfaces/cmake/tutorial_interfaces__rosidl_typesupport_introspection_cppExport.cmake
[12.112s] -- Up-to-date: /home/jacob/MTRN4231/lab1_workspace/install/tutorial_interfaces/share/tutorial_interfaces/cmake/tutorial_interfaces__rosidl_typesupport_introspection_cppExport-noconfig.cmake
[12.113s] -- Up-to-date: /home/jacob/MTRN4231/lab1_workspace/install/tutorial_interfaces/share/tutorial_interfaces/cmake/tutorial_interfaces__rosidl_typesupport_cppExport.cmake
[12.113s] -- Up-to-date: /home/jacob/MTRN4231/lab1_workspace/install/tutorial_interfaces/share/tutorial_interfaces/cmake/tutorial_interfaces__rosidl_typesupport_cppExport-noconfig.cmake
[12.114s] -- Up-to-date: /home/jacob/MTRN4231/lab1_workspace/install/tutorial_interfaces/share/tutorial_interfaces/cmake/export_tutorial_interfaces__rosidl_generator_pyExport.cmake
[12.114s] -- Up-to-date: /home/jacob/MTRN4231/lab1_workspace/install/tutorial_interfaces/share/tutorial_interfaces/cmake/export_tutorial_interfaces__rosidl_generator_pyExport-noconfig.cmake
[12.114s] -- Up-to-date: /home/jacob/MTRN4231/lab1_workspace/install/tutorial_interfaces/share/tutorial_interfaces/cmake/rosidl_cmake-extras.cmake
[12.115s] -- Up-to-date: /home/jacob/MTRN4231/lab1_workspace/install/tutorial_interfaces/share/tutorial_interfaces/cmake/ament_cmake_export_dependencies-extras.cmake
[12.115s] -- Up-to-date: /home/jacob/MTRN4231/lab1_workspace/install/tutorial_interfaces/share/tutorial_interfaces/cmake/ament_cmake_export_include_directories-extras.cmake
[12.115s] -- Up-to-date: /home/jacob/MTRN4231/lab1_workspace/install/tutorial_interfaces/share/tutorial_interfaces/cmake/ament_cmake_export_libraries-extras.cmake
[12.115s] -- Up-to-date: /home/jacob/MTRN4231/lab1_workspace/install/tutorial_interfaces/share/tutorial_interfaces/cmake/ament_cmake_export_targets-extras.cmake
[12.115s] -- Up-to-date: /home/jacob/MTRN4231/lab1_workspace/install/tutorial_interfaces/share/tutorial_interfaces/cmake/rosidl_cmake_export_typesupport_targets-extras.cmake
[12.115s] -- Up-to-date: /home/jacob/MTRN4231/lab1_workspace/install/tutorial_interfaces/share/tutorial_interfaces/cmake/rosidl_cmake_export_typesupport_libraries-extras.cmake
[12.116s] -- Up-to-date: /home/jacob/MTRN4231/lab1_workspace/install/tutorial_interfaces/share/tutorial_interfaces/cmake/tutorial_interfacesConfig.cmake
[12.116s] -- Up-to-date: /home/jacob/MTRN4231/lab1_workspace/install/tutorial_interfaces/share/tutorial_interfaces/cmake/tutorial_interfacesConfig-version.cmake
[12.116s] -- Up-to-date: /home/jacob/MTRN4231/lab1_workspace/install/tutorial_interfaces/share/tutorial_interfaces/package.xml
[12.120s] Invoked command in '/home/jacob/MTRN4231/lab1_workspace/build/tutorial_interfaces' returned '0': CMAKE_PREFIX_PATH=${CMAKE_PREFIX_PATH}:/opt/ros/humble /usr/bin/cmake --install /home/jacob/MTRN4231/lab1_workspace/build/tutorial_interfaces
