[0.037s] Invoking command in '/home/jacob/MTRN4231/lab2_workspace/src/build/interface': CMAKE_PREFIX_PATH=${CMAKE_PREFIX_PATH}:/opt/ros/humble /usr/bin/cmake --build /home/jacob/MTRN4231/lab2_workspace/src/build/interface -- -j8 -l8
[0.144s] [  3%] Built target interface__cpp
[0.179s] [ 12%] Built target interface__rosidl_generator_c
[0.204s] [ 12%] Built target ament_cmake_python_copy_interface
[0.234s] [ 22%] Built target interface__rosidl_typesupport_cpp
[0.273s] [ 32%] Built target interface__rosidl_typesupport_introspection_cpp
[0.286s] [ 41%] Built target interface__rosidl_typesupport_fastrtps_cpp
[0.293s] [ 51%] Built target interface__rosidl_typesupport_c
[0.327s] [ 61%] Built target interface__rosidl_typesupport_introspection_c
[0.337s] [ 70%] Built target interface__rosidl_typesupport_fastrtps_c
[0.386s] [ 70%] Built target interface
[0.455s] [ 74%] Built target interface__py
[0.501s] [ 80%] Built target interface__rosidl_generator_py
[0.560s] [ 87%] Built target interface__rosidl_typesupport_fastrtps_c__pyext
[0.566s] [ 93%] Built target interface__rosidl_typesupport_introspection_c__pyext
[0.566s] [100%] Built target interface__rosidl_typesupport_c__pyext
[0.842s] running egg_info
[0.847s] writing interface.egg-info/PKG-INFO
[0.847s] writing dependency_links to interface.egg-info/dependency_links.txt
[0.848s] writing top-level names to interface.egg-info/top_level.txt
[0.851s] reading manifest file 'interface.egg-info/SOURCES.txt'
[0.851s] writing manifest file 'interface.egg-info/SOURCES.txt'
[0.922s] [100%] Built target ament_cmake_python_build_interface_egg
[0.955s] Invoked command in '/home/jacob/MTRN4231/lab2_workspace/src/build/interface' returned '0': CMAKE_PREFIX_PATH=${CMAKE_PREFIX_PATH}:/opt/ros/humble /usr/bin/cmake --build /home/jacob/MTRN4231/lab2_workspace/src/build/interface -- -j8 -l8
[0.959s] Invoking command in '/home/jacob/MTRN4231/lab2_workspace/src/build/interface': CMAKE_PREFIX_PATH=${CMAKE_PREFIX_PATH}:/opt/ros/humble /usr/bin/cmake --install /home/jacob/MTRN4231/lab2_workspace/src/build/interface
[0.978s] -- Install configuration: ""
[0.978s] -- Up-to-date: /home/jacob/MTRN4231/lab2_workspace/src/install/interface/share/ament_index/resource_index/rosidl_interfaces/interface
[0.979s] -- Up-to-date: /home/jacob/MTRN4231/lab2_workspace/src/install/interface/include/interface/interface
[0.979s] -- Up-to-date: /home/jacob/MTRN4231/lab2_workspace/src/install/interface/include/interface/interface/msg
[0.980s] -- Up-to-date: /home/jacob/MTRN4231/lab2_workspace/src/install/interface/include/interface/interface/msg/rosidl_generator_c__visibility_control.h
[0.981s] -- Up-to-date: /home/jacob/MTRN4231/lab2_workspace/src/install/interface/include/interface/interface/srv
[0.981s] -- Up-to-date: /home/jacob/MTRN4231/lab2_workspace/src/install/interface/include/interface/interface/srv/lookup.h
[0.981s] -- Up-to-date: /home/jacob/MTRN4231/lab2_workspace/src/install/interface/include/interface/interface/srv/detail
[0.981s] -- Up-to-date: /home/jacob/MTRN4231/lab2_workspace/src/install/interface/include/interface/interface/srv/detail/lookup__functions.c
[0.981s] -- Up-to-date: /home/jacob/MTRN4231/lab2_workspace/src/install/interface/include/interface/interface/srv/detail/lookup__struct.h
[0.982s] -- Up-to-date: /home/jacob/MTRN4231/lab2_workspace/src/install/interface/include/interface/interface/srv/detail/lookup__functions.h
[0.982s] -- Up-to-date: /home/jacob/MTRN4231/lab2_workspace/src/install/interface/include/interface/interface/srv/detail/lookup__type_support.h
[0.982s] -- Up-to-date: /home/jacob/MTRN4231/lab2_workspace/src/install/interface/share/interface/environment/library_path.sh
[0.982s] -- Up-to-date: /home/jacob/MTRN4231/lab2_workspace/src/install/interface/share/interface/environment/library_path.dsv
[0.982s] -- Up-to-date: /home/jacob/MTRN4231/lab2_workspace/src/install/interface/lib/libinterface__rosidl_generator_c.so
[0.982s] -- Up-to-date: /home/jacob/MTRN4231/lab2_workspace/src/install/interface/include/interface/interface
[0.982s] -- Up-to-date: /home/jacob/MTRN4231/lab2_workspace/src/install/interface/include/interface/interface/msg
[0.983s] -- Up-to-date: /home/jacob/MTRN4231/lab2_workspace/src/install/interface/include/interface/interface/msg/rosidl_typesupport_fastrtps_c__visibility_control.h
[0.983s] -- Up-to-date: /home/jacob/MTRN4231/lab2_workspace/src/install/interface/include/interface/interface/srv
[0.983s] -- Up-to-date: /home/jacob/MTRN4231/lab2_workspace/src/install/interface/include/interface/interface/srv/detail
[0.983s] -- Up-to-date: /home/jacob/MTRN4231/lab2_workspace/src/install/interface/include/interface/interface/srv/detail/lookup__rosidl_typesupport_fastrtps_c.h
[0.983s] -- Up-to-date: /home/jacob/MTRN4231/lab2_workspace/src/install/interface/lib/libinterface__rosidl_typesupport_fastrtps_c.so
[0.983s] -- Up-to-date: /home/jacob/MTRN4231/lab2_workspace/src/install/interface/include/interface/interface
[0.983s] -- Up-to-date: /home/jacob/MTRN4231/lab2_workspace/src/install/interface/include/interface/interface/msg
[0.984s] -- Up-to-date: /home/jacob/MTRN4231/lab2_workspace/src/install/interface/include/interface/interface/msg/rosidl_generator_cpp__visibility_control.hpp
[0.984s] -- Up-to-date: /home/jacob/MTRN4231/lab2_workspace/src/install/interface/include/interface/interface/srv
[0.984s] -- Up-to-date: /home/jacob/MTRN4231/lab2_workspace/src/install/interface/include/interface/interface/srv/lookup.hpp
[0.984s] -- Up-to-date: /home/jacob/MTRN4231/lab2_workspace/src/install/interface/include/interface/interface/srv/detail
[0.984s] -- Up-to-date: /home/jacob/MTRN4231/lab2_workspace/src/install/interface/include/interface/interface/srv/detail/lookup__type_support.hpp
[0.985s] -- Up-to-date: /home/jacob/MTRN4231/lab2_workspace/src/install/interface/include/interface/interface/srv/detail/lookup__traits.hpp
[0.985s] -- Up-to-date: /home/jacob/MTRN4231/lab2_workspace/src/install/interface/include/interface/interface/srv/detail/lookup__builder.hpp
[0.985s] -- Up-to-date: /home/jacob/MTRN4231/lab2_workspace/src/install/interface/include/interface/interface/srv/detail/lookup__struct.hpp
[0.985s] -- Up-to-date: /home/jacob/MTRN4231/lab2_workspace/src/install/interface/include/interface/interface
[0.985s] -- Up-to-date: /home/jacob/MTRN4231/lab2_workspace/src/install/interface/include/interface/interface/msg
[0.985s] -- Up-to-date: /home/jacob/MTRN4231/lab2_workspace/src/install/interface/include/interface/interface/msg/rosidl_typesupport_fastrtps_cpp__visibility_control.h
[0.985s] -- Up-to-date: /home/jacob/MTRN4231/lab2_workspace/src/install/interface/include/interface/interface/srv
[0.985s] -- Up-to-date: /home/jacob/MTRN4231/lab2_workspace/src/install/interface/include/interface/interface/srv/detail
[0.985s] -- Up-to-date: /home/jacob/MTRN4231/lab2_workspace/src/install/interface/include/interface/interface/srv/detail/dds_fastrtps
[0.986s] -- Up-to-date: /home/jacob/MTRN4231/lab2_workspace/src/install/interface/include/interface/interface/srv/detail/lookup__rosidl_typesupport_fastrtps_cpp.hpp
[0.986s] -- Up-to-date: /home/jacob/MTRN4231/lab2_workspace/src/install/interface/lib/libinterface__rosidl_typesupport_fastrtps_cpp.so
[0.986s] -- Up-to-date: /home/jacob/MTRN4231/lab2_workspace/src/install/interface/include/interface/interface
[0.986s] -- Up-to-date: /home/jacob/MTRN4231/lab2_workspace/src/install/interface/include/interface/interface/msg
[0.986s] -- Up-to-date: /home/jacob/MTRN4231/lab2_workspace/src/install/interface/include/interface/interface/msg/rosidl_typesupport_introspection_c__visibility_control.h
[0.987s] -- Up-to-date: /home/jacob/MTRN4231/lab2_workspace/src/install/interface/include/interface/interface/srv
[0.987s] -- Up-to-date: /home/jacob/MTRN4231/lab2_workspace/src/install/interface/include/interface/interface/srv/detail
[0.987s] -- Up-to-date: /home/jacob/MTRN4231/lab2_workspace/src/install/interface/include/interface/interface/srv/detail/lookup__type_support.c
[0.987s] -- Up-to-date: /home/jacob/MTRN4231/lab2_workspace/src/install/interface/include/interface/interface/srv/detail/lookup__rosidl_typesupport_introspection_c.h
[0.987s] -- Up-to-date: /home/jacob/MTRN4231/lab2_workspace/src/install/interface/lib/libinterface__rosidl_typesupport_introspection_c.so
[0.987s] -- Up-to-date: /home/jacob/MTRN4231/lab2_workspace/src/install/interface/lib/libinterface__rosidl_typesupport_c.so
[0.987s] -- Up-to-date: /home/jacob/MTRN4231/lab2_workspace/src/install/interface/include/interface/interface
[0.988s] -- Up-to-date: /home/jacob/MTRN4231/lab2_workspace/src/install/interface/include/interface/interface/srv
[0.988s] -- Up-to-date: /home/jacob/MTRN4231/lab2_workspace/src/install/interface/include/interface/interface/srv/detail
[0.988s] -- Up-to-date: /home/jacob/MTRN4231/lab2_workspace/src/install/interface/include/interface/interface/srv/detail/lookup__type_support.cpp
[0.988s] -- Up-to-date: /home/jacob/MTRN4231/lab2_workspace/src/install/interface/include/interface/interface/srv/detail/lookup__rosidl_typesupport_introspection_cpp.hpp
[0.988s] -- Up-to-date: /home/jacob/MTRN4231/lab2_workspace/src/install/interface/lib/libinterface__rosidl_typesupport_introspection_cpp.so
[0.988s] -- Up-to-date: /home/jacob/MTRN4231/lab2_workspace/src/install/interface/lib/libinterface__rosidl_typesupport_cpp.so
[0.989s] -- Up-to-date: /home/jacob/MTRN4231/lab2_workspace/src/install/interface/share/interface/environment/pythonpath.sh
[0.989s] -- Up-to-date: /home/jacob/MTRN4231/lab2_workspace/src/install/interface/share/interface/environment/pythonpath.dsv
[0.989s] -- Up-to-date: /home/jacob/MTRN4231/lab2_workspace/src/install/interface/local/lib/python3.10/dist-packages/interface-0.0.0-py3.10.egg-info
[0.989s] -- Installing: /home/jacob/MTRN4231/lab2_workspace/src/install/interface/local/lib/python3.10/dist-packages/interface-0.0.0-py3.10.egg-info/SOURCES.txt
[0.989s] -- Installing: /home/jacob/MTRN4231/lab2_workspace/src/install/interface/local/lib/python3.10/dist-packages/interface-0.0.0-py3.10.egg-info/dependency_links.txt
[0.990s] -- Installing: /home/jacob/MTRN4231/lab2_workspace/src/install/interface/local/lib/python3.10/dist-packages/interface-0.0.0-py3.10.egg-info/top_level.txt
[0.990s] -- Installing: /home/jacob/MTRN4231/lab2_workspace/src/install/interface/local/lib/python3.10/dist-packages/interface-0.0.0-py3.10.egg-info/PKG-INFO
[0.990s] -- Up-to-date: /home/jacob/MTRN4231/lab2_workspace/src/install/interface/local/lib/python3.10/dist-packages/interface
[0.990s] -- Up-to-date: /home/jacob/MTRN4231/lab2_workspace/src/install/interface/local/lib/python3.10/dist-packages/interface/libinterface__rosidl_generator_py.so
[0.990s] -- Up-to-date: /home/jacob/MTRN4231/lab2_workspace/src/install/interface/local/lib/python3.10/dist-packages/interface/_interface_s.ep.rosidl_typesupport_c.c
[0.990s] -- Up-to-date: /home/jacob/MTRN4231/lab2_workspace/src/install/interface/local/lib/python3.10/dist-packages/interface/_interface_s.ep.rosidl_typesupport_fastrtps_c.c
[0.990s] -- Up-to-date: /home/jacob/MTRN4231/lab2_workspace/src/install/interface/local/lib/python3.10/dist-packages/interface/__init__.py
[0.990s] -- Up-to-date: /home/jacob/MTRN4231/lab2_workspace/src/install/interface/local/lib/python3.10/dist-packages/interface/interface_s__rosidl_typesupport_introspection_c.cpython-310-x86_64-linux-gnu.so
[0.991s] -- Up-to-date: /home/jacob/MTRN4231/lab2_workspace/src/install/interface/local/lib/python3.10/dist-packages/interface/interface_s__rosidl_typesupport_c.cpython-310-x86_64-linux-gnu.so
[0.991s] -- Up-to-date: /home/jacob/MTRN4231/lab2_workspace/src/install/interface/local/lib/python3.10/dist-packages/interface/interface_s__rosidl_typesupport_fastrtps_c.cpython-310-x86_64-linux-gnu.so
[0.991s] -- Up-to-date: /home/jacob/MTRN4231/lab2_workspace/src/install/interface/local/lib/python3.10/dist-packages/interface/srv
[0.991s] -- Up-to-date: /home/jacob/MTRN4231/lab2_workspace/src/install/interface/local/lib/python3.10/dist-packages/interface/srv/__init__.py
[0.991s] -- Up-to-date: /home/jacob/MTRN4231/lab2_workspace/src/install/interface/local/lib/python3.10/dist-packages/interface/srv/_lookup_s.c
[0.991s] -- Up-to-date: /home/jacob/MTRN4231/lab2_workspace/src/install/interface/local/lib/python3.10/dist-packages/interface/srv/_lookup.py
[0.991s] -- Up-to-date: /home/jacob/MTRN4231/lab2_workspace/src/install/interface/local/lib/python3.10/dist-packages/interface/_interface_s.ep.rosidl_typesupport_introspection_c.c
[1.043s] Listing '/home/jacob/MTRN4231/lab2_workspace/src/install/interface/local/lib/python3.10/dist-packages/interface'...
[1.044s] Listing '/home/jacob/MTRN4231/lab2_workspace/src/install/interface/local/lib/python3.10/dist-packages/interface/srv'...
[1.048s] -- Up-to-date: /home/jacob/MTRN4231/lab2_workspace/src/install/interface/local/lib/python3.10/dist-packages/interface/interface_s__rosidl_typesupport_fastrtps_c.cpython-310-x86_64-linux-gnu.so
[1.049s] -- Up-to-date: /home/jacob/MTRN4231/lab2_workspace/src/install/interface/local/lib/python3.10/dist-packages/interface/interface_s__rosidl_typesupport_introspection_c.cpython-310-x86_64-linux-gnu.so
[1.051s] -- Up-to-date: /home/jacob/MTRN4231/lab2_workspace/src/install/interface/local/lib/python3.10/dist-packages/interface/interface_s__rosidl_typesupport_c.cpython-310-x86_64-linux-gnu.so
[1.052s] -- Up-to-date: /home/jacob/MTRN4231/lab2_workspace/src/install/interface/lib/libinterface__rosidl_generator_py.so
[1.053s] -- Up-to-date: /home/jacob/MTRN4231/lab2_workspace/src/install/interface/share/interface/srv/Lookup.idl
[1.053s] -- Up-to-date: /home/jacob/MTRN4231/lab2_workspace/src/install/interface/share/interface/srv/Lookup.srv
[1.054s] -- Up-to-date: /home/jacob/MTRN4231/lab2_workspace/src/install/interface/share/interface/srv/Lookup_Request.msg
[1.054s] -- Up-to-date: /home/jacob/MTRN4231/lab2_workspace/src/install/interface/share/interface/srv/Lookup_Response.msg
[1.055s] -- Up-to-date: /home/jacob/MTRN4231/lab2_workspace/src/install/interface/share/ament_index/resource_index/package_run_dependencies/interface
[1.056s] -- Up-to-date: /home/jacob/MTRN4231/lab2_workspace/src/install/interface/share/ament_index/resource_index/parent_prefix_path/interface
[1.056s] -- Up-to-date: /home/jacob/MTRN4231/lab2_workspace/src/install/interface/share/interface/environment/ament_prefix_path.sh
[1.056s] -- Up-to-date: /home/jacob/MTRN4231/lab2_workspace/src/install/interface/share/interface/environment/ament_prefix_path.dsv
[1.056s] -- Up-to-date: /home/jacob/MTRN4231/lab2_workspace/src/install/interface/share/interface/environment/path.sh
[1.057s] -- Up-to-date: /home/jacob/MTRN4231/lab2_workspace/src/install/interface/share/interface/environment/path.dsv
[1.058s] -- Up-to-date: /home/jacob/MTRN4231/lab2_workspace/src/install/interface/share/interface/local_setup.bash
[1.058s] -- Up-to-date: /home/jacob/MTRN4231/lab2_workspace/src/install/interface/share/interface/local_setup.sh
[1.058s] -- Up-to-date: /home/jacob/MTRN4231/lab2_workspace/src/install/interface/share/interface/local_setup.zsh
[1.058s] -- Up-to-date: /home/jacob/MTRN4231/lab2_workspace/src/install/interface/share/interface/local_setup.dsv
[1.059s] -- Installing: /home/jacob/MTRN4231/lab2_workspace/src/install/interface/share/interface/package.dsv
[1.059s] -- Up-to-date: /home/jacob/MTRN4231/lab2_workspace/src/install/interface/share/ament_index/resource_index/packages/interface
[1.059s] -- Up-to-date: /home/jacob/MTRN4231/lab2_workspace/src/install/interface/share/interface/cmake/export_interface__rosidl_generator_cExport.cmake
[1.059s] -- Up-to-date: /home/jacob/MTRN4231/lab2_workspace/src/install/interface/share/interface/cmake/export_interface__rosidl_generator_cExport-noconfig.cmake
[1.059s] -- Up-to-date: /home/jacob/MTRN4231/lab2_workspace/src/install/interface/share/interface/cmake/export_interface__rosidl_typesupport_fastrtps_cExport.cmake
[1.060s] -- Up-to-date: /home/jacob/MTRN4231/lab2_workspace/src/install/interface/share/interface/cmake/export_interface__rosidl_typesupport_fastrtps_cExport-noconfig.cmake
[1.060s] -- Up-to-date: /home/jacob/MTRN4231/lab2_workspace/src/install/interface/share/interface/cmake/export_interface__rosidl_generator_cppExport.cmake
[1.060s] -- Up-to-date: /home/jacob/MTRN4231/lab2_workspace/src/install/interface/share/interface/cmake/export_interface__rosidl_typesupport_fastrtps_cppExport.cmake
[1.060s] -- Up-to-date: /home/jacob/MTRN4231/lab2_workspace/src/install/interface/share/interface/cmake/export_interface__rosidl_typesupport_fastrtps_cppExport-noconfig.cmake
[1.061s] -- Up-to-date: /home/jacob/MTRN4231/lab2_workspace/src/install/interface/share/interface/cmake/interface__rosidl_typesupport_introspection_cExport.cmake
[1.061s] -- Up-to-date: /home/jacob/MTRN4231/lab2_workspace/src/install/interface/share/interface/cmake/interface__rosidl_typesupport_introspection_cExport-noconfig.cmake
[1.061s] -- Up-to-date: /home/jacob/MTRN4231/lab2_workspace/src/install/interface/share/interface/cmake/interface__rosidl_typesupport_cExport.cmake
[1.061s] -- Up-to-date: /home/jacob/MTRN4231/lab2_workspace/src/install/interface/share/interface/cmake/interface__rosidl_typesupport_cExport-noconfig.cmake
[1.061s] -- Up-to-date: /home/jacob/MTRN4231/lab2_workspace/src/install/interface/share/interface/cmake/interface__rosidl_typesupport_introspection_cppExport.cmake
[1.062s] -- Up-to-date: /home/jacob/MTRN4231/lab2_workspace/src/install/interface/share/interface/cmake/interface__rosidl_typesupport_introspection_cppExport-noconfig.cmake
[1.062s] -- Up-to-date: /home/jacob/MTRN4231/lab2_workspace/src/install/interface/share/interface/cmake/interface__rosidl_typesupport_cppExport.cmake
[1.062s] -- Up-to-date: /home/jacob/MTRN4231/lab2_workspace/src/install/interface/share/interface/cmake/interface__rosidl_typesupport_cppExport-noconfig.cmake
[1.062s] -- Up-to-date: /home/jacob/MTRN4231/lab2_workspace/src/install/interface/share/interface/cmake/export_interface__rosidl_generator_pyExport.cmake
[1.062s] -- Up-to-date: /home/jacob/MTRN4231/lab2_workspace/src/install/interface/share/interface/cmake/export_interface__rosidl_generator_pyExport-noconfig.cmake
[1.062s] -- Up-to-date: /home/jacob/MTRN4231/lab2_workspace/src/install/interface/share/interface/cmake/rosidl_cmake-extras.cmake
[1.063s] -- Up-to-date: /home/jacob/MTRN4231/lab2_workspace/src/install/interface/share/interface/cmake/ament_cmake_export_dependencies-extras.cmake
[1.063s] -- Up-to-date: /home/jacob/MTRN4231/lab2_workspace/src/install/interface/share/interface/cmake/ament_cmake_export_include_directories-extras.cmake
[1.063s] -- Up-to-date: /home/jacob/MTRN4231/lab2_workspace/src/install/interface/share/interface/cmake/ament_cmake_export_libraries-extras.cmake
[1.063s] -- Up-to-date: /home/jacob/MTRN4231/lab2_workspace/src/install/interface/share/interface/cmake/ament_cmake_export_targets-extras.cmake
[1.063s] -- Up-to-date: /home/jacob/MTRN4231/lab2_workspace/src/install/interface/share/interface/cmake/rosidl_cmake_export_typesupport_targets-extras.cmake
[1.063s] -- Up-to-date: /home/jacob/MTRN4231/lab2_workspace/src/install/interface/share/interface/cmake/rosidl_cmake_export_typesupport_libraries-extras.cmake
[1.064s] -- Up-to-date: /home/jacob/MTRN4231/lab2_workspace/src/install/interface/share/interface/cmake/interfaceConfig.cmake
[1.064s] -- Up-to-date: /home/jacob/MTRN4231/lab2_workspace/src/install/interface/share/interface/cmake/interfaceConfig-version.cmake
[1.064s] -- Up-to-date: /home/jacob/MTRN4231/lab2_workspace/src/install/interface/share/interface/package.xml
[1.066s] Invoked command in '/home/jacob/MTRN4231/lab2_workspace/src/build/interface' returned '0': CMAKE_PREFIX_PATH=${CMAKE_PREFIX_PATH}:/opt/ros/humble /usr/bin/cmake --install /home/jacob/MTRN4231/lab2_workspace/src/build/interface
