[0.042s] Invoking command in '/home/jacob/MTRN4231/lab2_workspace/src/build/visualisation': CMAKE_PREFIX_PATH=${CMAKE_PREFIX_PATH}:/opt/ros/humble /usr/bin/cmake --build /home/jacob/MTRN4231/lab2_workspace/src/build/visualisation -- -j8 -l8
[0.187s] [100%] Built target OOI
[0.225s] Invoked command in '/home/jacob/MTRN4231/lab2_workspace/src/build/visualisation' returned '0': CMAKE_PREFIX_PATH=${CMAKE_PREFIX_PATH}:/opt/ros/humble /usr/bin/cmake --build /home/jacob/MTRN4231/lab2_workspace/src/build/visualisation -- -j8 -l8
[0.226s] Invoking command in '/home/jacob/MTRN4231/lab2_workspace/src/build/visualisation': CMAKE_PREFIX_PATH=${CMAKE_PREFIX_PATH}:/opt/ros/humble /usr/bin/cmake --install /home/jacob/MTRN4231/lab2_workspace/src/build/visualisation
[0.244s] -- Install configuration: ""
[0.245s] -- Up-to-date: /home/jacob/MTRN4231/lab2_workspace/src/install/visualisation/lib/visualisation/OOI
[0.251s] -- Up-to-date: /home/jacob/MTRN4231/lab2_workspace/src/install/visualisation/share/ament_index/resource_index/package_run_dependencies/visualisation
[0.251s] -- Up-to-date: /home/jacob/MTRN4231/lab2_workspace/src/install/visualisation/share/ament_index/resource_index/parent_prefix_path/visualisation
[0.252s] -- Up-to-date: /home/jacob/MTRN4231/lab2_workspace/src/install/visualisation/share/visualisation/environment/ament_prefix_path.sh
[0.252s] -- Up-to-date: /home/jacob/MTRN4231/lab2_workspace/src/install/visualisation/share/visualisation/environment/ament_prefix_path.dsv
[0.252s] -- Up-to-date: /home/jacob/MTRN4231/lab2_workspace/src/install/visualisation/share/visualisation/environment/path.sh
[0.252s] -- Up-to-date: /home/jacob/MTRN4231/lab2_workspace/src/install/visualisation/share/visualisation/environment/path.dsv
[0.252s] -- Up-to-date: /home/jacob/MTRN4231/lab2_workspace/src/install/visualisation/share/visualisation/local_setup.bash
[0.253s] -- Up-to-date: /home/jacob/MTRN4231/lab2_workspace/src/install/visualisation/share/visualisation/local_setup.sh
[0.253s] -- Up-to-date: /home/jacob/MTRN4231/lab2_workspace/src/install/visualisation/share/visualisation/local_setup.zsh
[0.253s] -- Up-to-date: /home/jacob/MTRN4231/lab2_workspace/src/install/visualisation/share/visualisation/local_setup.dsv
[0.254s] -- Installing: /home/jacob/MTRN4231/lab2_workspace/src/install/visualisation/share/visualisation/package.dsv
[0.255s] -- Up-to-date: /home/jacob/MTRN4231/lab2_workspace/src/install/visualisation/share/ament_index/resource_index/packages/visualisation
[0.255s] -- Up-to-date: /home/jacob/MTRN4231/lab2_workspace/src/install/visualisation/share/visualisation/cmake/visualisationConfig.cmake
[0.255s] -- Up-to-date: /home/jacob/MTRN4231/lab2_workspace/src/install/visualisation/share/visualisation/cmake/visualisationConfig-version.cmake
[0.255s] -- Up-to-date: /home/jacob/MTRN4231/lab2_workspace/src/install/visualisation/share/visualisation/package.xml
[0.286s] Invoked command in '/home/jacob/MTRN4231/lab2_workspace/src/build/visualisation' returned '0': CMAKE_PREFIX_PATH=${CMAKE_PREFIX_PATH}:/opt/ros/humble /usr/bin/cmake --install /home/jacob/MTRN4231/lab2_workspace/src/build/visualisation
