[0.040s] Invoking command in '/home/jacob/MTRN4231/lab2_workspace/src/build/lab2_client_service': CMAKE_PREFIX_PATH=${CMAKE_PREFIX_PATH}:/opt/ros/humble /usr/bin/cmake --build /home/jacob/MTRN4231/lab2_workspace/src/build/lab2_client_service -- -j8 -l8
[0.146s] [35m[1mConsolidate compiler generated dependencies of target int_addition_server[0m
[0.178s] [ 50%] Built target int_addition_client
[0.197s] [100%] Built target int_addition_server
[0.232s] Invoked command in '/home/jacob/MTRN4231/lab2_workspace/src/build/lab2_client_service' returned '0': CMAKE_PREFIX_PATH=${CMAKE_PREFIX_PATH}:/opt/ros/humble /usr/bin/cmake --build /home/jacob/MTRN4231/lab2_workspace/src/build/lab2_client_service -- -j8 -l8
[0.237s] Invoking command in '/home/jacob/MTRN4231/lab2_workspace/src/build/lab2_client_service': CMAKE_PREFIX_PATH=${CMAKE_PREFIX_PATH}:/opt/ros/humble /usr/bin/cmake --install /home/jacob/MTRN4231/lab2_workspace/src/build/lab2_client_service
[0.259s] -- Install configuration: ""
[0.260s] -- Installing: /home/jacob/MTRN4231/lab2_workspace/src/install/lab2_client_service/lib/lab2_client_service/int_addition_server
[0.260s] -- Set runtime path of "/home/jacob/MTRN4231/lab2_workspace/src/install/lab2_client_service/lib/lab2_client_service/int_addition_server" to ""
[0.261s] -- Up-to-date: /home/jacob/MTRN4231/lab2_workspace/src/install/lab2_client_service/lib/lab2_client_service/int_addition_client
[0.261s] -- Up-to-date: /home/jacob/MTRN4231/lab2_workspace/src/install/lab2_client_service/share/ament_index/resource_index/package_run_dependencies/lab2_client_service
[0.262s] -- Up-to-date: /home/jacob/MTRN4231/lab2_workspace/src/install/lab2_client_service/share/ament_index/resource_index/parent_prefix_path/lab2_client_service
[0.262s] -- Up-to-date: /home/jacob/MTRN4231/lab2_workspace/src/install/lab2_client_service/share/lab2_client_service/environment/ament_prefix_path.sh
[0.263s] -- Up-to-date: /home/jacob/MTRN4231/lab2_workspace/src/install/lab2_client_service/share/lab2_client_service/environment/ament_prefix_path.dsv
[0.263s] -- Up-to-date: /home/jacob/MTRN4231/lab2_workspace/src/install/lab2_client_service/share/lab2_client_service/environment/path.sh
[0.263s] -- Up-to-date: /home/jacob/MTRN4231/lab2_workspace/src/install/lab2_client_service/share/lab2_client_service/environment/path.dsv
[0.264s] -- Up-to-date: /home/jacob/MTRN4231/lab2_workspace/src/install/lab2_client_service/share/lab2_client_service/local_setup.bash
[0.264s] -- Up-to-date: /home/jacob/MTRN4231/lab2_workspace/src/install/lab2_client_service/share/lab2_client_service/local_setup.sh
[0.264s] -- Up-to-date: /home/jacob/MTRN4231/lab2_workspace/src/install/lab2_client_service/share/lab2_client_service/local_setup.zsh
[0.264s] -- Up-to-date: /home/jacob/MTRN4231/lab2_workspace/src/install/lab2_client_service/share/lab2_client_service/local_setup.dsv
[0.264s] -- Installing: /home/jacob/MTRN4231/lab2_workspace/src/install/lab2_client_service/share/lab2_client_service/package.dsv
[0.265s] -- Up-to-date: /home/jacob/MTRN4231/lab2_workspace/src/install/lab2_client_service/share/ament_index/resource_index/packages/lab2_client_service
[0.265s] -- Up-to-date: /home/jacob/MTRN4231/lab2_workspace/src/install/lab2_client_service/share/lab2_client_service/cmake/lab2_client_serviceConfig.cmake
[0.266s] -- Up-to-date: /home/jacob/MTRN4231/lab2_workspace/src/install/lab2_client_service/share/lab2_client_service/cmake/lab2_client_serviceConfig-version.cmake
[0.266s] -- Up-to-date: /home/jacob/MTRN4231/lab2_workspace/src/install/lab2_client_service/share/lab2_client_service/package.xml
[0.321s] Invoked command in '/home/jacob/MTRN4231/lab2_workspace/src/build/lab2_client_service' returned '0': CMAKE_PREFIX_PATH=${CMAKE_PREFIX_PATH}:/opt/ros/humble /usr/bin/cmake --install /home/jacob/MTRN4231/lab2_workspace/src/build/lab2_client_service
