[0.031s] Invoking command in '/home/jacob/MTRN4231/lab1_workspace/build/tutorial_interfaces': CMAKE_PREFIX_PATH=${CMAKE_PREFIX_PATH}:/opt/ros/humble /usr/bin/cmake /home/jacob/MTRN4231/lab1_workspace/src/tutorial_interfaces -DCMAKE_INSTALL_PREFIX=/home/jacob/MTRN4231/lab1_workspace/install/tutorial_interfaces
[0.058s] -- Found ament_cmake: 1.3.12 (/opt/ros/humble/share/ament_cmake/cmake)
[0.365s] -- Found geometry_msgs: 4.9.0 (/opt/ros/humble/share/geometry_msgs/cmake)
[1.066s] -- Found rosidl_generator_c: 3.1.7 (/opt/ros/humble/share/rosidl_generator_c/cmake)
[1.072s] -- Found rosidl_adapter: 3.1.7 (/opt/ros/humble/share/rosidl_adapter/cmake)
[1.086s] -- Found rosidl_generator_cpp: 3.1.7 (/opt/ros/humble/share/rosidl_generator_cpp/cmake)
[1.105s] -- Using all available rosidl_typesupport_c: rosidl_typesupport_fastrtps_c;rosidl_typesupport_introspection_c
[1.133s] -- Using all available rosidl_typesupport_cpp: rosidl_typesupport_fastrtps_cpp;rosidl_typesupport_introspection_cpp
[1.228s] -- Found rosidl_default_generators: 1.2.0 (/opt/ros/humble/share/rosidl_default_generators/cmake)
[1.779s] [31mCMake Error at /opt/ros/humble/share/rosidl_adapter/cmake/rosidl_adapt_interfaces.cmake:59 (message):
[1.780s]   execute_process(/usr/bin/python3 -m rosidl_adapter --package-name
[1.780s]   tutorial_interfaces --arguments-file
[1.780s]   /home/jacob/MTRN4231/lab1_workspace/build/tutorial_interfaces/rosidl_adapter__arguments__tutorial_interfaces.json
[1.780s]   --output-dir
[1.781s]   /home/jacob/MTRN4231/lab1_workspace/build/tutorial_interfaces/rosidl_adapter/tutorial_interfaces
[1.781s]   --output-file
[1.781s]   /home/jacob/MTRN4231/lab1_workspace/build/tutorial_interfaces/rosidl_adapter/tutorial_interfaces.idls)
[1.782s]   returned error code 1:
[1.782s] 
[1.782s]   Error processing 'std::chrono::time_point time' of
[1.782s]   'tutorial_interfaces/Pose_stamped': ''std::chrono::time_point' is an
[1.783s]   invalid message name.  It should have the pattern '^[A-Z][A-Za-z0-9]*$''
[1.783s] 
[1.783s]   Traceback (most recent call last):
[1.783s] 
[1.784s]     File "/usr/lib/python3.10/runpy.py", line 196, in _run_module_as_main
[1.784s]       return _run_code(code, main_globals, None,
[1.784s]     File "/usr/lib/python3.10/runpy.py", line 86, in _run_code
[1.784s]       exec(code, run_globals)
[1.785s]     File "/opt/ros/humble/local/lib/python3.10/dist-packages/rosidl_adapter/__main__.py", line 19, in <module>
[1.785s]       sys.exit(main())
[1.785s]     File "/opt/ros/humble/local/lib/python3.10/dist-packages/rosidl_adapter/main.py", line 53, in main
[1.785s]       abs_idl_file = convert_to_idl(
[1.785s]     File "/opt/ros/humble/local/lib/python3.10/dist-packages/rosidl_adapter/__init__.py", line 19, in convert_to_idl
[1.786s]       return convert_msg_to_idl(
[1.786s]     File "/opt/ros/humble/local/lib/python3.10/dist-packages/rosidl_adapter/msg/__init__.py", line 28, in convert_msg_to_idl
[1.786s]       msg = parse_message_string(package_name, input_file.stem, content)
[1.786s]     File "/opt/ros/humble/local/lib/python3.10/dist-packages/rosidl_adapter/parser.py", line 520, in parse_message_string
[1.787s]       Type(type_string, context_package_name=pkg_name),
[1.787s]     File "/opt/ros/humble/local/lib/python3.10/dist-packages/rosidl_adapter/parser.py", line 277, in __init__
[1.787s]       super(Type, self).__init__(
[1.787s]     File "/opt/ros/humble/local/lib/python3.10/dist-packages/rosidl_adapter/parser.py", line 205, in __init__
[1.788s]       raise InvalidResourceName(
[1.788s] 
[1.788s]   rosidl_adapter.parser.InvalidResourceName: 'std::chrono::time_point' is an
[1.788s]   invalid message name.  It should have the pattern '^[A-Z][A-Za-z0-9]*$'
[1.789s] 
[1.789s] Call Stack (most recent call first):
[1.789s]   /opt/ros/humble/share/rosidl_cmake/cmake/rosidl_generate_interfaces.cmake:130 (rosidl_adapt_interfaces)
[1.789s]   CMakeLists.txt:16 (rosidl_generate_interfaces)
[1.790s] 
[1.790s] [0m
[1.790s] -- Configuring incomplete, errors occurred!
[1.790s] See also "/home/jacob/MTRN4231/lab1_workspace/build/tutorial_interfaces/CMakeFiles/CMakeOutput.log".
[1.795s] Invoked command in '/home/jacob/MTRN4231/lab1_workspace/build/tutorial_interfaces' returned '1': CMAKE_PREFIX_PATH=${CMAKE_PREFIX_PATH}:/opt/ros/humble /usr/bin/cmake /home/jacob/MTRN4231/lab1_workspace/src/tutorial_interfaces -DCMAKE_INSTALL_PREFIX=/home/jacob/MTRN4231/lab1_workspace/install/tutorial_interfaces
