[0.020s] Invoking command in '/home/jacob/MTRN4231/lab2_workspace/src/build/Transformations': CMAKE_PREFIX_PATH=/opt/ros/humble /usr/bin/cmake /home/jacob/MTRN4231/lab2_workspace/src/Transformations -DCMAKE_INSTALL_PREFIX=/home/jacob/MTRN4231/lab2_workspace/src/install/Transformations
[0.175s] -- The C compiler identification is GNU 11.4.0
[0.381s] -- The CXX compiler identification is GNU 11.4.0
[0.396s] -- Detecting C compiler ABI info
[0.505s] -- Detecting C compiler ABI info - done
[0.522s] -- Check for working C compiler: /usr/bin/cc - skipped
[0.524s] -- Detecting C compile features
[0.525s] -- Detecting C compile features - done
[0.532s] -- Detecting CXX compiler ABI info
[0.742s] -- Detecting CXX compiler ABI info - done
[0.763s] -- Check for working CXX compiler: /usr/bin/c++ - skipped
[0.763s] -- Detecting CXX compile features
[0.765s] -- Detecting CXX compile features - done
[0.770s] -- Found ament_cmake: 1.3.12 (/opt/ros/humble/share/ament_cmake/cmake)
[1.092s] -- Found Python3: /usr/bin/python3 (found version "3.10.12") found components: Interpreter 
[1.297s] -- Found rclcpp: 16.0.14 (/opt/ros/humble/share/rclcpp/cmake)
[1.434s] -- Found rosidl_generator_c: 3.1.7 (/opt/ros/humble/share/rosidl_generator_c/cmake)
[1.441s] -- Found rosidl_adapter: 3.1.7 (/opt/ros/humble/share/rosidl_adapter/cmake)
[1.454s] -- Found rosidl_generator_cpp: 3.1.7 (/opt/ros/humble/share/rosidl_generator_cpp/cmake)
[1.479s] -- Using all available rosidl_typesupport_c: rosidl_typesupport_fastrtps_c;rosidl_typesupport_introspection_c
[1.551s] -- Using all available rosidl_typesupport_cpp: rosidl_typesupport_fastrtps_cpp;rosidl_typesupport_introspection_cpp
[1.665s] -- Found rmw_implementation_cmake: 6.1.2 (/opt/ros/humble/share/rmw_implementation_cmake/cmake)
[1.669s] -- Found rmw_fastrtps_cpp: 6.2.8 (/opt/ros/humble/share/rmw_fastrtps_cpp/cmake)
[1.806s] -- Found OpenSSL: /usr/lib/x86_64-linux-gnu/libcrypto.so (found version "3.0.2")  
[1.890s] -- Found FastRTPS: /opt/ros/humble/include  
[1.947s] -- Using RMW implementation 'rmw_fastrtps_cpp' as default
[1.974s] -- Looking for pthread.h
[2.185s] -- Looking for pthread.h - found
[2.192s] -- Performing Test CMAKE_HAVE_LIBC_PTHREAD
[2.327s] -- Performing Test CMAKE_HAVE_LIBC_PTHREAD - Success
[2.327s] -- Found Threads: TRUE  
[2.493s] -- Found tf2: 0.25.16 (/opt/ros/humble/share/tf2/cmake)
[2.575s] -- Found tf2_ros: 0.25.16 (/opt/ros/humble/share/tf2_ros/cmake)
[2.733s] -- Found ament_lint_auto: 0.12.14 (/opt/ros/humble/share/ament_lint_auto/cmake)
[2.805s] WARNING: Package name "Transformations" does not follow the naming conventions. It should start with a lower case letter and only contain lower case letters, digits, underscores, and dashes.
[2.855s] -- Added test 'cppcheck' to perform static code analysis on C / C++ code
[2.855s] -- Configured cppcheck include dirs: 
[2.855s] -- Configured cppcheck exclude dirs and/or files: 
[2.856s] -- Added test 'lint_cmake' to check CMake code style
[2.858s] -- Added test 'uncrustify' to check C / C++ code style
[2.859s] -- Configured uncrustify additional arguments: 
[2.860s] -- Added test 'xmllint' to check XML markup files
[2.862s] -- Configuring done
[2.872s] -- Generating done
[2.878s] -- Build files have been written to: /home/jacob/MTRN4231/lab2_workspace/src/build/Transformations
[2.949s] Invoked command in '/home/jacob/MTRN4231/lab2_workspace/src/build/Transformations' returned '0': CMAKE_PREFIX_PATH=/opt/ros/humble /usr/bin/cmake /home/jacob/MTRN4231/lab2_workspace/src/Transformations -DCMAKE_INSTALL_PREFIX=/home/jacob/MTRN4231/lab2_workspace/src/install/Transformations
[2.951s] Invoking command in '/home/jacob/MTRN4231/lab2_workspace/src/build/Transformations': CMAKE_PREFIX_PATH=/opt/ros/humble /usr/bin/cmake --build /home/jacob/MTRN4231/lab2_workspace/src/build/Transformations -- -j8 -l8
[3.031s] Invoked command in '/home/jacob/MTRN4231/lab2_workspace/src/build/Transformations' returned '0': CMAKE_PREFIX_PATH=/opt/ros/humble /usr/bin/cmake --build /home/jacob/MTRN4231/lab2_workspace/src/build/Transformations -- -j8 -l8
[3.052s] Invoking command in '/home/jacob/MTRN4231/lab2_workspace/src/build/Transformations': CMAKE_PREFIX_PATH=/opt/ros/humble /usr/bin/cmake --install /home/jacob/MTRN4231/lab2_workspace/src/build/Transformations
[3.063s] -- Install configuration: ""
[3.063s] -- Installing: /home/jacob/MTRN4231/lab2_workspace/src/install/Transformations/share/ament_index/resource_index/package_run_dependencies/Transformations
[3.064s] -- Installing: /home/jacob/MTRN4231/lab2_workspace/src/install/Transformations/share/ament_index/resource_index/parent_prefix_path/Transformations
[3.064s] -- Installing: /home/jacob/MTRN4231/lab2_workspace/src/install/Transformations/share/Transformations/environment/ament_prefix_path.sh
[3.064s] -- Installing: /home/jacob/MTRN4231/lab2_workspace/src/install/Transformations/share/Transformations/environment/ament_prefix_path.dsv
[3.065s] -- Installing: /home/jacob/MTRN4231/lab2_workspace/src/install/Transformations/share/Transformations/environment/path.sh
[3.065s] -- Installing: /home/jacob/MTRN4231/lab2_workspace/src/install/Transformations/share/Transformations/environment/path.dsv
[3.065s] -- Installing: /home/jacob/MTRN4231/lab2_workspace/src/install/Transformations/share/Transformations/local_setup.bash
[3.066s] -- Installing: /home/jacob/MTRN4231/lab2_workspace/src/install/Transformations/share/Transformations/local_setup.sh
[3.066s] -- Installing: /home/jacob/MTRN4231/lab2_workspace/src/install/Transformations/share/Transformations/local_setup.zsh
[3.066s] -- Installing: /home/jacob/MTRN4231/lab2_workspace/src/install/Transformations/share/Transformations/local_setup.dsv
[3.066s] -- Installing: /home/jacob/MTRN4231/lab2_workspace/src/install/Transformations/share/Transformations/package.dsv
[3.067s] -- Installing: /home/jacob/MTRN4231/lab2_workspace/src/install/Transformations/share/ament_index/resource_index/packages/Transformations
[3.067s] -- Installing: /home/jacob/MTRN4231/lab2_workspace/src/install/Transformations/share/Transformations/cmake/TransformationsConfig.cmake
[3.067s] -- Installing: /home/jacob/MTRN4231/lab2_workspace/src/install/Transformations/share/Transformations/cmake/TransformationsConfig-version.cmake
[3.068s] -- Installing: /home/jacob/MTRN4231/lab2_workspace/src/install/Transformations/share/Transformations/package.xml
[3.071s] Invoked command in '/home/jacob/MTRN4231/lab2_workspace/src/build/Transformations' returned '0': CMAKE_PREFIX_PATH=/opt/ros/humble /usr/bin/cmake --install /home/jacob/MTRN4231/lab2_workspace/src/build/Transformations
