[0.030s] Invoking command in '/home/jacob/MTRN4231/lab1_workspace/build/tutorial_interfaces': CMAKE_PREFIX_PATH=${CMAKE_PREFIX_PATH}:/opt/ros/humble /usr/bin/cmake --build /home/jacob/MTRN4231/lab1_workspace/build/tutorial_interfaces -- -j8 -l8
[0.119s] [  3%] Built target tutorial_interfaces__cpp
[0.125s] [ 12%] Built target tutorial_interfaces__rosidl_generator_c
[0.157s] [ 12%] Built target ament_cmake_python_copy_tutorial_interfaces
[0.178s] [ 22%] Built target tutorial_interfaces__rosidl_typesupport_cpp
[0.194s] [ 32%] Built target tutorial_interfaces__rosidl_typesupport_introspection_cpp
[0.195s] [ 41%] Built target tutorial_interfaces__rosidl_typesupport_c
[0.198s] [ 61%] Built target tutorial_interfaces__rosidl_typesupport_fastrtps_c
[0.198s] [ 61%] Built target tutorial_interfaces__rosidl_typesupport_introspection_c
[0.202s] [ 70%] Built target tutorial_interfaces__rosidl_typesupport_fastrtps_cpp
[0.246s] [ 70%] Built target tutorial_interfaces
[0.279s] [ 74%] Built target tutorial_interfaces__py
[0.321s] [ 80%] Built target tutorial_interfaces__rosidl_generator_py
[0.370s] [ 87%] Built target tutorial_interfaces__rosidl_typesupport_fastrtps_c__pyext
[0.375s] [ 93%] Built target tutorial_interfaces__rosidl_typesupport_introspection_c__pyext
[0.380s] [100%] Built target tutorial_interfaces__rosidl_typesupport_c__pyext
[0.603s] running egg_info
[0.603s] writing tutorial_interfaces.egg-info/PKG-INFO
[0.604s] writing dependency_links to tutorial_interfaces.egg-info/dependency_links.txt
[0.604s] writing top-level names to tutorial_interfaces.egg-info/top_level.txt
[0.606s] reading manifest file 'tutorial_interfaces.egg-info/SOURCES.txt'
[0.607s] writing manifest file 'tutorial_interfaces.egg-info/SOURCES.txt'
[0.655s] [100%] Built target ament_cmake_python_build_tutorial_interfaces_egg
[0.671s] Invoked command in '/home/jacob/MTRN4231/lab1_workspace/build/tutorial_interfaces' returned '0': CMAKE_PREFIX_PATH=${CMAKE_PREFIX_PATH}:/opt/ros/humble /usr/bin/cmake --build /home/jacob/MTRN4231/lab1_workspace/build/tutorial_interfaces -- -j8 -l8
[0.685s] Invoking command in '/home/jacob/MTRN4231/lab1_workspace/build/tutorial_interfaces': CMAKE_PREFIX_PATH=${CMAKE_PREFIX_PATH}:/opt/ros/humble /usr/bin/cmake --install /home/jacob/MTRN4231/lab1_workspace/build/tutorial_interfaces
[0.695s] -- Install configuration: ""
[0.695s] -- Up-to-date: /home/jacob/MTRN4231/lab1_workspace/install/tutorial_interfaces/share/ament_index/resource_index/rosidl_interfaces/tutorial_interfaces
[0.695s] -- Up-to-date: /home/jacob/MTRN4231/lab1_workspace/install/tutorial_interfaces/include/tutorial_interfaces/tutorial_interfaces
[0.696s] -- Up-to-date: /home/jacob/MTRN4231/lab1_workspace/install/tutorial_interfaces/include/tutorial_interfaces/tutorial_interfaces/msg
[0.696s] -- Up-to-date: /home/jacob/MTRN4231/lab1_workspace/install/tutorial_interfaces/include/tutorial_interfaces/tutorial_interfaces/msg/rosidl_generator_c__visibility_control.h
[0.696s] -- Up-to-date: /home/jacob/MTRN4231/lab1_workspace/install/tutorial_interfaces/include/tutorial_interfaces/tutorial_interfaces/msg/posestamped.h
[0.696s] -- Up-to-date: /home/jacob/MTRN4231/lab1_workspace/install/tutorial_interfaces/include/tutorial_interfaces/tutorial_interfaces/msg/pose_stamped.h
[0.696s] -- Up-to-date: /home/jacob/MTRN4231/lab1_workspace/install/tutorial_interfaces/include/tutorial_interfaces/tutorial_interfaces/msg/detail
[0.696s] -- Up-to-date: /home/jacob/MTRN4231/lab1_workspace/install/tutorial_interfaces/include/tutorial_interfaces/tutorial_interfaces/msg/detail/pose_stamped__struct.h
[0.696s] -- Up-to-date: /home/jacob/MTRN4231/lab1_workspace/install/tutorial_interfaces/include/tutorial_interfaces/tutorial_interfaces/msg/detail/posestamped__type_support.h
[0.696s] -- Up-to-date: /home/jacob/MTRN4231/lab1_workspace/install/tutorial_interfaces/include/tutorial_interfaces/tutorial_interfaces/msg/detail/pose_stamped__type_support.h
[0.696s] -- Up-to-date: /home/jacob/MTRN4231/lab1_workspace/install/tutorial_interfaces/include/tutorial_interfaces/tutorial_interfaces/msg/detail/pose_stamped__functions.h
[0.696s] -- Up-to-date: /home/jacob/MTRN4231/lab1_workspace/install/tutorial_interfaces/include/tutorial_interfaces/tutorial_interfaces/msg/detail/posestamped__struct.h
[0.696s] -- Up-to-date: /home/jacob/MTRN4231/lab1_workspace/install/tutorial_interfaces/include/tutorial_interfaces/tutorial_interfaces/msg/detail/pose_stamped__functions.c
[0.697s] -- Up-to-date: /home/jacob/MTRN4231/lab1_workspace/install/tutorial_interfaces/include/tutorial_interfaces/tutorial_interfaces/msg/detail/posestamped__functions.h
[0.697s] -- Up-to-date: /home/jacob/MTRN4231/lab1_workspace/install/tutorial_interfaces/include/tutorial_interfaces/tutorial_interfaces/msg/detail/posestamped__functions.c
[0.697s] -- Up-to-date: /home/jacob/MTRN4231/lab1_workspace/install/tutorial_interfaces/share/tutorial_interfaces/environment/library_path.sh
[0.697s] -- Up-to-date: /home/jacob/MTRN4231/lab1_workspace/install/tutorial_interfaces/share/tutorial_interfaces/environment/library_path.dsv
[0.697s] -- Up-to-date: /home/jacob/MTRN4231/lab1_workspace/install/tutorial_interfaces/lib/libtutorial_interfaces__rosidl_generator_c.so
[0.697s] -- Up-to-date: /home/jacob/MTRN4231/lab1_workspace/install/tutorial_interfaces/include/tutorial_interfaces/tutorial_interfaces
[0.697s] -- Up-to-date: /home/jacob/MTRN4231/lab1_workspace/install/tutorial_interfaces/include/tutorial_interfaces/tutorial_interfaces/msg
[0.698s] -- Up-to-date: /home/jacob/MTRN4231/lab1_workspace/install/tutorial_interfaces/include/tutorial_interfaces/tutorial_interfaces/msg/rosidl_typesupport_fastrtps_c__visibility_control.h
[0.698s] -- Up-to-date: /home/jacob/MTRN4231/lab1_workspace/install/tutorial_interfaces/include/tutorial_interfaces/tutorial_interfaces/msg/detail
[0.698s] -- Up-to-date: /home/jacob/MTRN4231/lab1_workspace/install/tutorial_interfaces/include/tutorial_interfaces/tutorial_interfaces/msg/detail/pose_stamped__rosidl_typesupport_fastrtps_c.h
[0.698s] -- Up-to-date: /home/jacob/MTRN4231/lab1_workspace/install/tutorial_interfaces/include/tutorial_interfaces/tutorial_interfaces/msg/detail/posestamped__rosidl_typesupport_fastrtps_c.h
[0.698s] -- Up-to-date: /home/jacob/MTRN4231/lab1_workspace/install/tutorial_interfaces/lib/libtutorial_interfaces__rosidl_typesupport_fastrtps_c.so
[0.698s] -- Up-to-date: /home/jacob/MTRN4231/lab1_workspace/install/tutorial_interfaces/include/tutorial_interfaces/tutorial_interfaces
[0.699s] -- Up-to-date: /home/jacob/MTRN4231/lab1_workspace/install/tutorial_interfaces/include/tutorial_interfaces/tutorial_interfaces/msg
[0.699s] -- Up-to-date: /home/jacob/MTRN4231/lab1_workspace/install/tutorial_interfaces/include/tutorial_interfaces/tutorial_interfaces/msg/rosidl_generator_cpp__visibility_control.hpp
[0.699s] -- Up-to-date: /home/jacob/MTRN4231/lab1_workspace/install/tutorial_interfaces/include/tutorial_interfaces/tutorial_interfaces/msg/pose_stamped.hpp
[0.699s] -- Up-to-date: /home/jacob/MTRN4231/lab1_workspace/install/tutorial_interfaces/include/tutorial_interfaces/tutorial_interfaces/msg/posestamped.hpp
[0.699s] -- Up-to-date: /home/jacob/MTRN4231/lab1_workspace/install/tutorial_interfaces/include/tutorial_interfaces/tutorial_interfaces/msg/detail
[0.700s] -- Up-to-date: /home/jacob/MTRN4231/lab1_workspace/install/tutorial_interfaces/include/tutorial_interfaces/tutorial_interfaces/msg/detail/pose_stamped__type_support.hpp
[0.700s] -- Up-to-date: /home/jacob/MTRN4231/lab1_workspace/install/tutorial_interfaces/include/tutorial_interfaces/tutorial_interfaces/msg/detail/pose_stamped__struct.hpp
[0.700s] -- Up-to-date: /home/jacob/MTRN4231/lab1_workspace/install/tutorial_interfaces/include/tutorial_interfaces/tutorial_interfaces/msg/detail/pose_stamped__builder.hpp
[0.700s] -- Up-to-date: /home/jacob/MTRN4231/lab1_workspace/install/tutorial_interfaces/include/tutorial_interfaces/tutorial_interfaces/msg/detail/posestamped__struct.hpp
[0.700s] -- Up-to-date: /home/jacob/MTRN4231/lab1_workspace/install/tutorial_interfaces/include/tutorial_interfaces/tutorial_interfaces/msg/detail/posestamped__builder.hpp
[0.700s] -- Up-to-date: /home/jacob/MTRN4231/lab1_workspace/install/tutorial_interfaces/include/tutorial_interfaces/tutorial_interfaces/msg/detail/pose_stamped__traits.hpp
[0.700s] -- Up-to-date: /home/jacob/MTRN4231/lab1_workspace/install/tutorial_interfaces/include/tutorial_interfaces/tutorial_interfaces/msg/detail/posestamped__traits.hpp
[0.700s] -- Up-to-date: /home/jacob/MTRN4231/lab1_workspace/install/tutorial_interfaces/include/tutorial_interfaces/tutorial_interfaces/msg/detail/posestamped__type_support.hpp
[0.701s] -- Up-to-date: /home/jacob/MTRN4231/lab1_workspace/install/tutorial_interfaces/include/tutorial_interfaces/tutorial_interfaces
[0.701s] -- Up-to-date: /home/jacob/MTRN4231/lab1_workspace/install/tutorial_interfaces/include/tutorial_interfaces/tutorial_interfaces/msg
[0.701s] -- Up-to-date: /home/jacob/MTRN4231/lab1_workspace/install/tutorial_interfaces/include/tutorial_interfaces/tutorial_interfaces/msg/rosidl_typesupport_fastrtps_cpp__visibility_control.h
[0.701s] -- Up-to-date: /home/jacob/MTRN4231/lab1_workspace/install/tutorial_interfaces/include/tutorial_interfaces/tutorial_interfaces/msg/detail
[0.701s] -- Up-to-date: /home/jacob/MTRN4231/lab1_workspace/install/tutorial_interfaces/include/tutorial_interfaces/tutorial_interfaces/msg/detail/pose_stamped__rosidl_typesupport_fastrtps_cpp.hpp
[0.701s] -- Up-to-date: /home/jacob/MTRN4231/lab1_workspace/install/tutorial_interfaces/include/tutorial_interfaces/tutorial_interfaces/msg/detail/dds_fastrtps
[0.701s] -- Up-to-date: /home/jacob/MTRN4231/lab1_workspace/install/tutorial_interfaces/include/tutorial_interfaces/tutorial_interfaces/msg/detail/posestamped__rosidl_typesupport_fastrtps_cpp.hpp
[0.702s] -- Up-to-date: /home/jacob/MTRN4231/lab1_workspace/install/tutorial_interfaces/lib/libtutorial_interfaces__rosidl_typesupport_fastrtps_cpp.so
[0.703s] -- Up-to-date: /home/jacob/MTRN4231/lab1_workspace/install/tutorial_interfaces/include/tutorial_interfaces/tutorial_interfaces
[0.703s] -- Up-to-date: /home/jacob/MTRN4231/lab1_workspace/install/tutorial_interfaces/include/tutorial_interfaces/tutorial_interfaces/msg
[0.703s] -- Up-to-date: /home/jacob/MTRN4231/lab1_workspace/install/tutorial_interfaces/include/tutorial_interfaces/tutorial_interfaces/msg/rosidl_typesupport_introspection_c__visibility_control.h
[0.703s] -- Up-to-date: /home/jacob/MTRN4231/lab1_workspace/install/tutorial_interfaces/include/tutorial_interfaces/tutorial_interfaces/msg/detail
[0.704s] -- Up-to-date: /home/jacob/MTRN4231/lab1_workspace/install/tutorial_interfaces/include/tutorial_interfaces/tutorial_interfaces/msg/detail/pose_stamped__rosidl_typesupport_introspection_c.h
[0.704s] -- Up-to-date: /home/jacob/MTRN4231/lab1_workspace/install/tutorial_interfaces/include/tutorial_interfaces/tutorial_interfaces/msg/detail/posestamped__rosidl_typesupport_introspection_c.h
[0.704s] -- Up-to-date: /home/jacob/MTRN4231/lab1_workspace/install/tutorial_interfaces/include/tutorial_interfaces/tutorial_interfaces/msg/detail/posestamped__type_support.c
[0.705s] -- Up-to-date: /home/jacob/MTRN4231/lab1_workspace/install/tutorial_interfaces/include/tutorial_interfaces/tutorial_interfaces/msg/detail/pose_stamped__type_support.c
[0.705s] -- Up-to-date: /home/jacob/MTRN4231/lab1_workspace/install/tutorial_interfaces/lib/libtutorial_interfaces__rosidl_typesupport_introspection_c.so
[0.705s] -- Up-to-date: /home/jacob/MTRN4231/lab1_workspace/install/tutorial_interfaces/lib/libtutorial_interfaces__rosidl_typesupport_c.so
[0.705s] -- Up-to-date: /home/jacob/MTRN4231/lab1_workspace/install/tutorial_interfaces/include/tutorial_interfaces/tutorial_interfaces
[0.706s] -- Up-to-date: /home/jacob/MTRN4231/lab1_workspace/install/tutorial_interfaces/include/tutorial_interfaces/tutorial_interfaces/msg
[0.706s] -- Up-to-date: /home/jacob/MTRN4231/lab1_workspace/install/tutorial_interfaces/include/tutorial_interfaces/tutorial_interfaces/msg/detail
[0.706s] -- Up-to-date: /home/jacob/MTRN4231/lab1_workspace/install/tutorial_interfaces/include/tutorial_interfaces/tutorial_interfaces/msg/detail/pose_stamped__type_support.cpp
[0.706s] -- Up-to-date: /home/jacob/MTRN4231/lab1_workspace/install/tutorial_interfaces/include/tutorial_interfaces/tutorial_interfaces/msg/detail/posestamped__rosidl_typesupport_introspection_cpp.hpp
[0.707s] -- Up-to-date: /home/jacob/MTRN4231/lab1_workspace/install/tutorial_interfaces/include/tutorial_interfaces/tutorial_interfaces/msg/detail/posestamped__type_support.cpp
[0.707s] -- Up-to-date: /home/jacob/MTRN4231/lab1_workspace/install/tutorial_interfaces/include/tutorial_interfaces/tutorial_interfaces/msg/detail/pose_stamped__rosidl_typesupport_introspection_cpp.hpp
[0.707s] -- Up-to-date: /home/jacob/MTRN4231/lab1_workspace/install/tutorial_interfaces/lib/libtutorial_interfaces__rosidl_typesupport_introspection_cpp.so
[0.707s] -- Up-to-date: /home/jacob/MTRN4231/lab1_workspace/install/tutorial_interfaces/lib/libtutorial_interfaces__rosidl_typesupport_cpp.so
[0.707s] -- Up-to-date: /home/jacob/MTRN4231/lab1_workspace/install/tutorial_interfaces/share/tutorial_interfaces/environment/pythonpath.sh
[0.707s] -- Up-to-date: /home/jacob/MTRN4231/lab1_workspace/install/tutorial_interfaces/share/tutorial_interfaces/environment/pythonpath.dsv
[0.708s] -- Up-to-date: /home/jacob/MTRN4231/lab1_workspace/install/tutorial_interfaces/local/lib/python3.10/dist-packages/tutorial_interfaces-0.0.0-py3.10.egg-info
[0.708s] -- Installing: /home/jacob/MTRN4231/lab1_workspace/install/tutorial_interfaces/local/lib/python3.10/dist-packages/tutorial_interfaces-0.0.0-py3.10.egg-info/SOURCES.txt
[0.708s] -- Installing: /home/jacob/MTRN4231/lab1_workspace/install/tutorial_interfaces/local/lib/python3.10/dist-packages/tutorial_interfaces-0.0.0-py3.10.egg-info/dependency_links.txt
[0.708s] -- Installing: /home/jacob/MTRN4231/lab1_workspace/install/tutorial_interfaces/local/lib/python3.10/dist-packages/tutorial_interfaces-0.0.0-py3.10.egg-info/top_level.txt
[0.708s] -- Installing: /home/jacob/MTRN4231/lab1_workspace/install/tutorial_interfaces/local/lib/python3.10/dist-packages/tutorial_interfaces-0.0.0-py3.10.egg-info/PKG-INFO
[0.708s] -- Up-to-date: /home/jacob/MTRN4231/lab1_workspace/install/tutorial_interfaces/local/lib/python3.10/dist-packages/tutorial_interfaces
[0.708s] -- Up-to-date: /home/jacob/MTRN4231/lab1_workspace/install/tutorial_interfaces/local/lib/python3.10/dist-packages/tutorial_interfaces/_tutorial_interfaces_s.ep.rosidl_typesupport_fastrtps_c.c
[0.709s] -- Up-to-date: /home/jacob/MTRN4231/lab1_workspace/install/tutorial_interfaces/local/lib/python3.10/dist-packages/tutorial_interfaces/msg
[0.709s] -- Up-to-date: /home/jacob/MTRN4231/lab1_workspace/install/tutorial_interfaces/local/lib/python3.10/dist-packages/tutorial_interfaces/msg/_pose_stamped_s.c
[0.709s] -- Up-to-date: /home/jacob/MTRN4231/lab1_workspace/install/tutorial_interfaces/local/lib/python3.10/dist-packages/tutorial_interfaces/msg/__init__.py
[0.709s] -- Up-to-date: /home/jacob/MTRN4231/lab1_workspace/install/tutorial_interfaces/local/lib/python3.10/dist-packages/tutorial_interfaces/msg/_posestamped.py
[0.709s] -- Up-to-date: /home/jacob/MTRN4231/lab1_workspace/install/tutorial_interfaces/local/lib/python3.10/dist-packages/tutorial_interfaces/msg/_posestamped_s.c
[0.709s] -- Up-to-date: /home/jacob/MTRN4231/lab1_workspace/install/tutorial_interfaces/local/lib/python3.10/dist-packages/tutorial_interfaces/msg/_pose_stamped.py
[0.709s] -- Up-to-date: /home/jacob/MTRN4231/lab1_workspace/install/tutorial_interfaces/local/lib/python3.10/dist-packages/tutorial_interfaces/_tutorial_interfaces_s.ep.rosidl_typesupport_introspection_c.c
[0.710s] -- Up-to-date: /home/jacob/MTRN4231/lab1_workspace/install/tutorial_interfaces/local/lib/python3.10/dist-packages/tutorial_interfaces/tutorial_interfaces_s__rosidl_typesupport_fastrtps_c.cpython-310-x86_64-linux-gnu.so
[0.710s] -- Up-to-date: /home/jacob/MTRN4231/lab1_workspace/install/tutorial_interfaces/local/lib/python3.10/dist-packages/tutorial_interfaces/__init__.py
[0.710s] -- Up-to-date: /home/jacob/MTRN4231/lab1_workspace/install/tutorial_interfaces/local/lib/python3.10/dist-packages/tutorial_interfaces/tutorial_interfaces_s__rosidl_typesupport_introspection_c.cpython-310-x86_64-linux-gnu.so
[0.710s] -- Up-to-date: /home/jacob/MTRN4231/lab1_workspace/install/tutorial_interfaces/local/lib/python3.10/dist-packages/tutorial_interfaces/tutorial_interfaces_s__rosidl_typesupport_c.cpython-310-x86_64-linux-gnu.so
[0.710s] -- Up-to-date: /home/jacob/MTRN4231/lab1_workspace/install/tutorial_interfaces/local/lib/python3.10/dist-packages/tutorial_interfaces/libtutorial_interfaces__rosidl_generator_py.so
[0.710s] -- Up-to-date: /home/jacob/MTRN4231/lab1_workspace/install/tutorial_interfaces/local/lib/python3.10/dist-packages/tutorial_interfaces/_tutorial_interfaces_s.ep.rosidl_typesupport_c.c
[0.763s] Listing '/home/jacob/MTRN4231/lab1_workspace/install/tutorial_interfaces/local/lib/python3.10/dist-packages/tutorial_interfaces'...
[0.763s] Listing '/home/jacob/MTRN4231/lab1_workspace/install/tutorial_interfaces/local/lib/python3.10/dist-packages/tutorial_interfaces/msg'...
[0.769s] -- Up-to-date: /home/jacob/MTRN4231/lab1_workspace/install/tutorial_interfaces/local/lib/python3.10/dist-packages/tutorial_interfaces/tutorial_interfaces_s__rosidl_typesupport_fastrtps_c.cpython-310-x86_64-linux-gnu.so
[0.770s] -- Up-to-date: /home/jacob/MTRN4231/lab1_workspace/install/tutorial_interfaces/local/lib/python3.10/dist-packages/tutorial_interfaces/tutorial_interfaces_s__rosidl_typesupport_introspection_c.cpython-310-x86_64-linux-gnu.so
[0.771s] -- Up-to-date: /home/jacob/MTRN4231/lab1_workspace/install/tutorial_interfaces/local/lib/python3.10/dist-packages/tutorial_interfaces/tutorial_interfaces_s__rosidl_typesupport_c.cpython-310-x86_64-linux-gnu.so
[0.771s] -- Up-to-date: /home/jacob/MTRN4231/lab1_workspace/install/tutorial_interfaces/lib/libtutorial_interfaces__rosidl_generator_py.so
[0.772s] -- Up-to-date: /home/jacob/MTRN4231/lab1_workspace/install/tutorial_interfaces/share/tutorial_interfaces/msg/Posestamped.idl
[0.772s] -- Up-to-date: /home/jacob/MTRN4231/lab1_workspace/install/tutorial_interfaces/share/tutorial_interfaces/msg/Posestamped.msg
[0.772s] -- Up-to-date: /home/jacob/MTRN4231/lab1_workspace/install/tutorial_interfaces/share/ament_index/resource_index/package_run_dependencies/tutorial_interfaces
[0.772s] -- Up-to-date: /home/jacob/MTRN4231/lab1_workspace/install/tutorial_interfaces/share/ament_index/resource_index/parent_prefix_path/tutorial_interfaces
[0.773s] -- Up-to-date: /home/jacob/MTRN4231/lab1_workspace/install/tutorial_interfaces/share/tutorial_interfaces/environment/ament_prefix_path.sh
[0.773s] -- Up-to-date: /home/jacob/MTRN4231/lab1_workspace/install/tutorial_interfaces/share/tutorial_interfaces/environment/ament_prefix_path.dsv
[0.773s] -- Up-to-date: /home/jacob/MTRN4231/lab1_workspace/install/tutorial_interfaces/share/tutorial_interfaces/environment/path.sh
[0.773s] -- Up-to-date: /home/jacob/MTRN4231/lab1_workspace/install/tutorial_interfaces/share/tutorial_interfaces/environment/path.dsv
[0.773s] -- Up-to-date: /home/jacob/MTRN4231/lab1_workspace/install/tutorial_interfaces/share/tutorial_interfaces/local_setup.bash
[0.773s] -- Up-to-date: /home/jacob/MTRN4231/lab1_workspace/install/tutorial_interfaces/share/tutorial_interfaces/local_setup.sh
[0.773s] -- Up-to-date: /home/jacob/MTRN4231/lab1_workspace/install/tutorial_interfaces/share/tutorial_interfaces/local_setup.zsh
[0.773s] -- Up-to-date: /home/jacob/MTRN4231/lab1_workspace/install/tutorial_interfaces/share/tutorial_interfaces/local_setup.dsv
[0.774s] -- Installing: /home/jacob/MTRN4231/lab1_workspace/install/tutorial_interfaces/share/tutorial_interfaces/package.dsv
[0.774s] -- Up-to-date: /home/jacob/MTRN4231/lab1_workspace/install/tutorial_interfaces/share/ament_index/resource_index/packages/tutorial_interfaces
[0.774s] -- Up-to-date: /home/jacob/MTRN4231/lab1_workspace/install/tutorial_interfaces/share/tutorial_interfaces/cmake/export_tutorial_interfaces__rosidl_generator_cExport.cmake
[0.774s] -- Up-to-date: /home/jacob/MTRN4231/lab1_workspace/install/tutorial_interfaces/share/tutorial_interfaces/cmake/export_tutorial_interfaces__rosidl_generator_cExport-noconfig.cmake
[0.774s] -- Up-to-date: /home/jacob/MTRN4231/lab1_workspace/install/tutorial_interfaces/share/tutorial_interfaces/cmake/export_tutorial_interfaces__rosidl_typesupport_fastrtps_cExport.cmake
[0.774s] -- Up-to-date: /home/jacob/MTRN4231/lab1_workspace/install/tutorial_interfaces/share/tutorial_interfaces/cmake/export_tutorial_interfaces__rosidl_typesupport_fastrtps_cExport-noconfig.cmake
[0.774s] -- Up-to-date: /home/jacob/MTRN4231/lab1_workspace/install/tutorial_interfaces/share/tutorial_interfaces/cmake/export_tutorial_interfaces__rosidl_generator_cppExport.cmake
[0.775s] -- Up-to-date: /home/jacob/MTRN4231/lab1_workspace/install/tutorial_interfaces/share/tutorial_interfaces/cmake/export_tutorial_interfaces__rosidl_typesupport_fastrtps_cppExport.cmake
[0.775s] -- Up-to-date: /home/jacob/MTRN4231/lab1_workspace/install/tutorial_interfaces/share/tutorial_interfaces/cmake/export_tutorial_interfaces__rosidl_typesupport_fastrtps_cppExport-noconfig.cmake
[0.775s] -- Up-to-date: /home/jacob/MTRN4231/lab1_workspace/install/tutorial_interfaces/share/tutorial_interfaces/cmake/tutorial_interfaces__rosidl_typesupport_introspection_cExport.cmake
[0.775s] -- Up-to-date: /home/jacob/MTRN4231/lab1_workspace/install/tutorial_interfaces/share/tutorial_interfaces/cmake/tutorial_interfaces__rosidl_typesupport_introspection_cExport-noconfig.cmake
[0.775s] -- Up-to-date: /home/jacob/MTRN4231/lab1_workspace/install/tutorial_interfaces/share/tutorial_interfaces/cmake/tutorial_interfaces__rosidl_typesupport_cExport.cmake
[0.775s] -- Up-to-date: /home/jacob/MTRN4231/lab1_workspace/install/tutorial_interfaces/share/tutorial_interfaces/cmake/tutorial_interfaces__rosidl_typesupport_cExport-noconfig.cmake
[0.775s] -- Up-to-date: /home/jacob/MTRN4231/lab1_workspace/install/tutorial_interfaces/share/tutorial_interfaces/cmake/tutorial_interfaces__rosidl_typesupport_introspection_cppExport.cmake
[0.775s] -- Up-to-date: /home/jacob/MTRN4231/lab1_workspace/install/tutorial_interfaces/share/tutorial_interfaces/cmake/tutorial_interfaces__rosidl_typesupport_introspection_cppExport-noconfig.cmake
[0.775s] -- Up-to-date: /home/jacob/MTRN4231/lab1_workspace/install/tutorial_interfaces/share/tutorial_interfaces/cmake/tutorial_interfaces__rosidl_typesupport_cppExport.cmake
[0.776s] -- Up-to-date: /home/jacob/MTRN4231/lab1_workspace/install/tutorial_interfaces/share/tutorial_interfaces/cmake/tutorial_interfaces__rosidl_typesupport_cppExport-noconfig.cmake
[0.776s] -- Up-to-date: /home/jacob/MTRN4231/lab1_workspace/install/tutorial_interfaces/share/tutorial_interfaces/cmake/export_tutorial_interfaces__rosidl_generator_pyExport.cmake
[0.776s] -- Up-to-date: /home/jacob/MTRN4231/lab1_workspace/install/tutorial_interfaces/share/tutorial_interfaces/cmake/export_tutorial_interfaces__rosidl_generator_pyExport-noconfig.cmake
[0.776s] -- Up-to-date: /home/jacob/MTRN4231/lab1_workspace/install/tutorial_interfaces/share/tutorial_interfaces/cmake/rosidl_cmake-extras.cmake
[0.776s] -- Up-to-date: /home/jacob/MTRN4231/lab1_workspace/install/tutorial_interfaces/share/tutorial_interfaces/cmake/ament_cmake_export_dependencies-extras.cmake
[0.776s] -- Up-to-date: /home/jacob/MTRN4231/lab1_workspace/install/tutorial_interfaces/share/tutorial_interfaces/cmake/ament_cmake_export_include_directories-extras.cmake
[0.776s] -- Up-to-date: /home/jacob/MTRN4231/lab1_workspace/install/tutorial_interfaces/share/tutorial_interfaces/cmake/ament_cmake_export_libraries-extras.cmake
[0.777s] -- Up-to-date: /home/jacob/MTRN4231/lab1_workspace/install/tutorial_interfaces/share/tutorial_interfaces/cmake/ament_cmake_export_targets-extras.cmake
[0.777s] -- Up-to-date: /home/jacob/MTRN4231/lab1_workspace/install/tutorial_interfaces/share/tutorial_interfaces/cmake/rosidl_cmake_export_typesupport_targets-extras.cmake
[0.777s] -- Up-to-date: /home/jacob/MTRN4231/lab1_workspace/install/tutorial_interfaces/share/tutorial_interfaces/cmake/rosidl_cmake_export_typesupport_libraries-extras.cmake
[0.777s] -- Up-to-date: /home/jacob/MTRN4231/lab1_workspace/install/tutorial_interfaces/share/tutorial_interfaces/cmake/tutorial_interfacesConfig.cmake
[0.777s] -- Up-to-date: /home/jacob/MTRN4231/lab1_workspace/install/tutorial_interfaces/share/tutorial_interfaces/cmake/tutorial_interfacesConfig-version.cmake
[0.777s] -- Up-to-date: /home/jacob/MTRN4231/lab1_workspace/install/tutorial_interfaces/share/tutorial_interfaces/package.xml
[0.780s] Invoked command in '/home/jacob/MTRN4231/lab1_workspace/build/tutorial_interfaces' returned '0': CMAKE_PREFIX_PATH=${CMAKE_PREFIX_PATH}:/opt/ros/humble /usr/bin/cmake --install /home/jacob/MTRN4231/lab1_workspace/build/tutorial_interfaces
