[0.222s] DEBUG:colcon:Command line arguments: ['/usr/bin/colcon', 'build']
[0.222s] DEBUG:colcon:Parsed command line arguments: Namespace(log_base=None, log_level=None, verb_name='build', build_base='build', install_base='install', merge_install=False, symlink_install=False, test_result_base=None, continue_on_error=False, executor='parallel', parallel_workers=8, event_handlers=None, ignore_user_meta=False, metas=['./colcon.meta'], base_paths=['.'], packages_ignore=None, packages_ignore_regex=None, paths=None, packages_up_to=None, packages_up_to_regex=None, packages_above=None, packages_above_and_dependencies=None, packages_above_depth=None, packages_select_by_dep=None, packages_skip_by_dep=None, packages_skip_up_to=None, packages_select_build_failed=False, packages_skip_build_finished=False, packages_select_test_failures=False, packages_skip_test_passed=False, packages_select=None, packages_skip=None, packages_select_regex=None, packages_skip_regex=None, packages_start=None, packages_end=None, allow_overriding=[], cmake_args=None, cmake_target=None, cmake_target_skip_unavailable=False, cmake_clean_cache=False, cmake_clean_first=False, cmake_force_configure=False, ament_cmake_args=None, catkin_cmake_args=None, catkin_skip_building_tests=False, mixin_files=None, mixin=None, verb_parser=<colcon_mixin.mixin.mixin_argument.MixinArgumentDecorator object at 0x7b0c9ba65cc0>, verb_extension=<colcon_core.verb.build.BuildVerb object at 0x7b0c9ba65210>, main=<bound method BuildVerb.main of <colcon_core.verb.build.BuildVerb object at 0x7b0c9ba65210>>, mixin_verb=('build',))
[0.479s] Level 1:colcon.colcon_core.package_discovery:discover_packages(colcon_meta) check parameters
[0.480s] Level 1:colcon.colcon_core.package_discovery:discover_packages(recursive) check parameters
[0.480s] Level 1:colcon.colcon_core.package_discovery:discover_packages(ignore) check parameters
[0.480s] Level 1:colcon.colcon_core.package_discovery:discover_packages(path) check parameters
[0.480s] Level 1:colcon.colcon_core.package_discovery:discover_packages(colcon_meta) discover
[0.480s] Level 1:colcon.colcon_core.package_discovery:discover_packages(recursive) discover
[0.480s] INFO:colcon.colcon_core.package_discovery:Crawling recursively for packages in '/home/jacob/MTRN4231/lab2_workspace/src'
[0.480s] Level 1:colcon.colcon_core.package_identification:_identify(.) by extensions ['ignore', 'ignore_ament_install']
[0.480s] Level 1:colcon.colcon_core.package_identification:_identify(.) by extension 'ignore'
[0.480s] Level 1:colcon.colcon_core.package_identification:_identify(.) by extension 'ignore_ament_install'
[0.480s] Level 1:colcon.colcon_core.package_identification:_identify(.) by extensions ['colcon_pkg']
[0.480s] Level 1:colcon.colcon_core.package_identification:_identify(.) by extension 'colcon_pkg'
[0.480s] Level 1:colcon.colcon_core.package_identification:_identify(.) by extensions ['colcon_meta']
[0.481s] Level 1:colcon.colcon_core.package_identification:_identify(.) by extension 'colcon_meta'
[0.481s] Level 1:colcon.colcon_core.package_identification:_identify(.) by extensions ['ros']
[0.481s] Level 1:colcon.colcon_core.package_identification:_identify(.) by extension 'ros'
[0.497s] Level 1:colcon.colcon_core.package_identification:_identify(.) by extensions ['cmake', 'python']
[0.497s] Level 1:colcon.colcon_core.package_identification:_identify(.) by extension 'cmake'
[0.497s] Level 1:colcon.colcon_core.package_identification:_identify(.) by extension 'python'
[0.498s] Level 1:colcon.colcon_core.package_identification:_identify(.) by extensions ['python_setup_py']
[0.498s] Level 1:colcon.colcon_core.package_identification:_identify(.) by extension 'python_setup_py'
[0.498s] Level 1:colcon.colcon_core.package_identification:_identify(build) by extensions ['ignore', 'ignore_ament_install']
[0.498s] Level 1:colcon.colcon_core.package_identification:_identify(build) by extension 'ignore'
[0.498s] Level 1:colcon.colcon_core.package_identification:_identify(build) ignored
[0.498s] Level 1:colcon.colcon_core.package_identification:_identify(install) by extensions ['ignore', 'ignore_ament_install']
[0.498s] Level 1:colcon.colcon_core.package_identification:_identify(install) by extension 'ignore'
[0.498s] Level 1:colcon.colcon_core.package_identification:_identify(install) ignored
[0.499s] Level 1:colcon.colcon_core.package_identification:_identify(lab2_client_service) by extensions ['ignore', 'ignore_ament_install']
[0.499s] Level 1:colcon.colcon_core.package_identification:_identify(lab2_client_service) by extension 'ignore'
[0.499s] Level 1:colcon.colcon_core.package_identification:_identify(lab2_client_service) by extension 'ignore_ament_install'
[0.499s] Level 1:colcon.colcon_core.package_identification:_identify(lab2_client_service) by extensions ['colcon_pkg']
[0.499s] Level 1:colcon.colcon_core.package_identification:_identify(lab2_client_service) by extension 'colcon_pkg'
[0.499s] Level 1:colcon.colcon_core.package_identification:_identify(lab2_client_service) by extensions ['colcon_meta']
[0.499s] Level 1:colcon.colcon_core.package_identification:_identify(lab2_client_service) by extension 'colcon_meta'
[0.499s] Level 1:colcon.colcon_core.package_identification:_identify(lab2_client_service) by extensions ['ros']
[0.499s] Level 1:colcon.colcon_core.package_identification:_identify(lab2_client_service) by extension 'ros'
[0.503s] DEBUG:colcon.colcon_core.package_identification:Package 'lab2_client_service' with type 'ros.ament_cmake' and name 'lab2_client_service'
[0.504s] Level 1:colcon.colcon_core.package_identification:_identify(log) by extensions ['ignore', 'ignore_ament_install']
[0.504s] Level 1:colcon.colcon_core.package_identification:_identify(log) by extension 'ignore'
[0.504s] Level 1:colcon.colcon_core.package_identification:_identify(log) ignored
[0.504s] Level 1:colcon.colcon_core.package_identification:_identify(my_interface) by extensions ['ignore', 'ignore_ament_install']
[0.504s] Level 1:colcon.colcon_core.package_identification:_identify(my_interface) by extension 'ignore'
[0.504s] Level 1:colcon.colcon_core.package_identification:_identify(my_interface) by extension 'ignore_ament_install'
[0.504s] Level 1:colcon.colcon_core.package_identification:_identify(my_interface) by extensions ['colcon_pkg']
[0.504s] Level 1:colcon.colcon_core.package_identification:_identify(my_interface) by extension 'colcon_pkg'
[0.504s] Level 1:colcon.colcon_core.package_identification:_identify(my_interface) by extensions ['colcon_meta']
[0.504s] Level 1:colcon.colcon_core.package_identification:_identify(my_interface) by extension 'colcon_meta'
[0.505s] Level 1:colcon.colcon_core.package_identification:_identify(my_interface) by extensions ['ros']
[0.505s] Level 1:colcon.colcon_core.package_identification:_identify(my_interface) by extension 'ros'
[0.506s] DEBUG:colcon.colcon_core.package_identification:Package 'my_interface' with type 'ros.ament_cmake' and name 'my_interface'
[0.506s] Level 1:colcon.colcon_core.package_identification:_identify(transformations) by extensions ['ignore', 'ignore_ament_install']
[0.506s] Level 1:colcon.colcon_core.package_identification:_identify(transformations) by extension 'ignore'
[0.506s] Level 1:colcon.colcon_core.package_identification:_identify(transformations) by extension 'ignore_ament_install'
[0.506s] Level 1:colcon.colcon_core.package_identification:_identify(transformations) by extensions ['colcon_pkg']
[0.506s] Level 1:colcon.colcon_core.package_identification:_identify(transformations) by extension 'colcon_pkg'
[0.506s] Level 1:colcon.colcon_core.package_identification:_identify(transformations) by extensions ['colcon_meta']
[0.506s] Level 1:colcon.colcon_core.package_identification:_identify(transformations) by extension 'colcon_meta'
[0.506s] Level 1:colcon.colcon_core.package_identification:_identify(transformations) by extensions ['ros']
[0.507s] Level 1:colcon.colcon_core.package_identification:_identify(transformations) by extension 'ros'
[0.507s] DEBUG:colcon.colcon_core.package_identification:Package 'transformations' with type 'ros.ament_cmake' and name 'transformations'
[0.508s] Level 1:colcon.colcon_core.package_identification:_identify(visualisation) by extensions ['ignore', 'ignore_ament_install']
[0.508s] Level 1:colcon.colcon_core.package_identification:_identify(visualisation) by extension 'ignore'
[0.508s] Level 1:colcon.colcon_core.package_identification:_identify(visualisation) by extension 'ignore_ament_install'
[0.508s] Level 1:colcon.colcon_core.package_identification:_identify(visualisation) by extensions ['colcon_pkg']
[0.508s] Level 1:colcon.colcon_core.package_identification:_identify(visualisation) by extension 'colcon_pkg'
[0.508s] Level 1:colcon.colcon_core.package_identification:_identify(visualisation) by extensions ['colcon_meta']
[0.508s] Level 1:colcon.colcon_core.package_identification:_identify(visualisation) by extension 'colcon_meta'
[0.508s] Level 1:colcon.colcon_core.package_identification:_identify(visualisation) by extensions ['ros']
[0.508s] Level 1:colcon.colcon_core.package_identification:_identify(visualisation) by extension 'ros'
[0.510s] DEBUG:colcon.colcon_core.package_identification:Package 'visualisation' with type 'ros.ament_cmake' and name 'visualisation'
[0.510s] Level 1:colcon.colcon_core.package_discovery:discover_packages(recursive) using defaults
[0.510s] Level 1:colcon.colcon_core.package_discovery:discover_packages(ignore) discover
[0.510s] Level 1:colcon.colcon_core.package_discovery:discover_packages(ignore) using defaults
[0.510s] Level 1:colcon.colcon_core.package_discovery:discover_packages(path) discover
[0.511s] Level 1:colcon.colcon_core.package_discovery:discover_packages(path) using defaults
[0.577s] Level 1:colcon.colcon_core.package_discovery:discover_packages(prefix_path) check parameters
[0.577s] Level 1:colcon.colcon_core.package_discovery:discover_packages(prefix_path) discover
[0.583s] DEBUG:colcon.colcon_installed_package_information.package_discovery:Found 6 installed packages in /home/jacob/MTRN4231/lab2_workspace/src/install
[0.587s] DEBUG:colcon.colcon_installed_package_information.package_discovery:Found 275 installed packages in /opt/ros/humble
[0.590s] Level 1:colcon.colcon_core.package_discovery:discover_packages(prefix_path) using defaults
[0.703s] Level 5:colcon.colcon_core.verb:set package 'lab2_client_service' build argument 'cmake_args' from command line to 'None'
[0.703s] Level 5:colcon.colcon_core.verb:set package 'lab2_client_service' build argument 'cmake_target' from command line to 'None'
[0.703s] Level 5:colcon.colcon_core.verb:set package 'lab2_client_service' build argument 'cmake_target_skip_unavailable' from command line to 'False'
[0.703s] Level 5:colcon.colcon_core.verb:set package 'lab2_client_service' build argument 'cmake_clean_cache' from command line to 'False'
[0.704s] Level 5:colcon.colcon_core.verb:set package 'lab2_client_service' build argument 'cmake_clean_first' from command line to 'False'
[0.704s] Level 5:colcon.colcon_core.verb:set package 'lab2_client_service' build argument 'cmake_force_configure' from command line to 'False'
[0.704s] Level 5:colcon.colcon_core.verb:set package 'lab2_client_service' build argument 'ament_cmake_args' from command line to 'None'
[0.704s] Level 5:colcon.colcon_core.verb:set package 'lab2_client_service' build argument 'catkin_cmake_args' from command line to 'None'
[0.704s] Level 5:colcon.colcon_core.verb:set package 'lab2_client_service' build argument 'catkin_skip_building_tests' from command line to 'False'
[0.704s] DEBUG:colcon.colcon_core.verb:Building package 'lab2_client_service' with the following arguments: {'ament_cmake_args': None, 'build_base': '/home/jacob/MTRN4231/lab2_workspace/src/build/lab2_client_service', 'catkin_cmake_args': None, 'catkin_skip_building_tests': False, 'cmake_args': None, 'cmake_clean_cache': False, 'cmake_clean_first': False, 'cmake_force_configure': False, 'cmake_target': None, 'cmake_target_skip_unavailable': False, 'install_base': '/home/jacob/MTRN4231/lab2_workspace/src/install/lab2_client_service', 'merge_install': False, 'path': '/home/jacob/MTRN4231/lab2_workspace/src/lab2_client_service', 'symlink_install': False, 'test_result_base': None}
[0.704s] Level 5:colcon.colcon_core.verb:set package 'my_interface' build argument 'cmake_args' from command line to 'None'
[0.704s] Level 5:colcon.colcon_core.verb:set package 'my_interface' build argument 'cmake_target' from command line to 'None'
[0.704s] Level 5:colcon.colcon_core.verb:set package 'my_interface' build argument 'cmake_target_skip_unavailable' from command line to 'False'
[0.704s] Level 5:colcon.colcon_core.verb:set package 'my_interface' build argument 'cmake_clean_cache' from command line to 'False'
[0.704s] Level 5:colcon.colcon_core.verb:set package 'my_interface' build argument 'cmake_clean_first' from command line to 'False'
[0.704s] Level 5:colcon.colcon_core.verb:set package 'my_interface' build argument 'cmake_force_configure' from command line to 'False'
[0.704s] Level 5:colcon.colcon_core.verb:set package 'my_interface' build argument 'ament_cmake_args' from command line to 'None'
[0.704s] Level 5:colcon.colcon_core.verb:set package 'my_interface' build argument 'catkin_cmake_args' from command line to 'None'
[0.705s] Level 5:colcon.colcon_core.verb:set package 'my_interface' build argument 'catkin_skip_building_tests' from command line to 'False'
[0.705s] DEBUG:colcon.colcon_core.verb:Building package 'my_interface' with the following arguments: {'ament_cmake_args': None, 'build_base': '/home/jacob/MTRN4231/lab2_workspace/src/build/my_interface', 'catkin_cmake_args': None, 'catkin_skip_building_tests': False, 'cmake_args': None, 'cmake_clean_cache': False, 'cmake_clean_first': False, 'cmake_force_configure': False, 'cmake_target': None, 'cmake_target_skip_unavailable': False, 'install_base': '/home/jacob/MTRN4231/lab2_workspace/src/install/my_interface', 'merge_install': False, 'path': '/home/jacob/MTRN4231/lab2_workspace/src/my_interface', 'symlink_install': False, 'test_result_base': None}
[0.705s] Level 5:colcon.colcon_core.verb:set package 'transformations' build argument 'cmake_args' from command line to 'None'
[0.705s] Level 5:colcon.colcon_core.verb:set package 'transformations' build argument 'cmake_target' from command line to 'None'
[0.705s] Level 5:colcon.colcon_core.verb:set package 'transformations' build argument 'cmake_target_skip_unavailable' from command line to 'False'
[0.705s] Level 5:colcon.colcon_core.verb:set package 'transformations' build argument 'cmake_clean_cache' from command line to 'False'
[0.705s] Level 5:colcon.colcon_core.verb:set package 'transformations' build argument 'cmake_clean_first' from command line to 'False'
[0.705s] Level 5:colcon.colcon_core.verb:set package 'transformations' build argument 'cmake_force_configure' from command line to 'False'
[0.705s] Level 5:colcon.colcon_core.verb:set package 'transformations' build argument 'ament_cmake_args' from command line to 'None'
[0.705s] Level 5:colcon.colcon_core.verb:set package 'transformations' build argument 'catkin_cmake_args' from command line to 'None'
[0.705s] Level 5:colcon.colcon_core.verb:set package 'transformations' build argument 'catkin_skip_building_tests' from command line to 'False'
[0.705s] DEBUG:colcon.colcon_core.verb:Building package 'transformations' with the following arguments: {'ament_cmake_args': None, 'build_base': '/home/jacob/MTRN4231/lab2_workspace/src/build/transformations', 'catkin_cmake_args': None, 'catkin_skip_building_tests': False, 'cmake_args': None, 'cmake_clean_cache': False, 'cmake_clean_first': False, 'cmake_force_configure': False, 'cmake_target': None, 'cmake_target_skip_unavailable': False, 'install_base': '/home/jacob/MTRN4231/lab2_workspace/src/install/transformations', 'merge_install': False, 'path': '/home/jacob/MTRN4231/lab2_workspace/src/transformations', 'symlink_install': False, 'test_result_base': None}
[0.706s] Level 5:colcon.colcon_core.verb:set package 'visualisation' build argument 'cmake_args' from command line to 'None'
[0.706s] Level 5:colcon.colcon_core.verb:set package 'visualisation' build argument 'cmake_target' from command line to 'None'
[0.706s] Level 5:colcon.colcon_core.verb:set package 'visualisation' build argument 'cmake_target_skip_unavailable' from command line to 'False'
[0.706s] Level 5:colcon.colcon_core.verb:set package 'visualisation' build argument 'cmake_clean_cache' from command line to 'False'
[0.706s] Level 5:colcon.colcon_core.verb:set package 'visualisation' build argument 'cmake_clean_first' from command line to 'False'
[0.706s] Level 5:colcon.colcon_core.verb:set package 'visualisation' build argument 'cmake_force_configure' from command line to 'False'
[0.706s] Level 5:colcon.colcon_core.verb:set package 'visualisation' build argument 'ament_cmake_args' from command line to 'None'
[0.706s] Level 5:colcon.colcon_core.verb:set package 'visualisation' build argument 'catkin_cmake_args' from command line to 'None'
[0.706s] Level 5:colcon.colcon_core.verb:set package 'visualisation' build argument 'catkin_skip_building_tests' from command line to 'False'
[0.706s] DEBUG:colcon.colcon_core.verb:Building package 'visualisation' with the following arguments: {'ament_cmake_args': None, 'build_base': '/home/jacob/MTRN4231/lab2_workspace/src/build/visualisation', 'catkin_cmake_args': None, 'catkin_skip_building_tests': False, 'cmake_args': None, 'cmake_clean_cache': False, 'cmake_clean_first': False, 'cmake_force_configure': False, 'cmake_target': None, 'cmake_target_skip_unavailable': False, 'install_base': '/home/jacob/MTRN4231/lab2_workspace/src/install/visualisation', 'merge_install': False, 'path': '/home/jacob/MTRN4231/lab2_workspace/src/visualisation', 'symlink_install': False, 'test_result_base': None}
[0.706s] INFO:colcon.colcon_core.executor:Executing jobs using 'parallel' executor
[0.707s] DEBUG:colcon.colcon_parallel_executor.executor.parallel:run_until_complete
[0.707s] INFO:colcon.colcon_ros.task.ament_cmake.build:Building ROS package in '/home/jacob/MTRN4231/lab2_workspace/src/lab2_client_service' with build type 'ament_cmake'
[0.708s] INFO:colcon.colcon_cmake.task.cmake.build:Building CMake package in '/home/jacob/MTRN4231/lab2_workspace/src/lab2_client_service'
[0.710s] INFO:colcon.colcon_core.plugin_system:Skipping extension 'colcon_core.shell.bat': Not used on non-Windows systems
[0.711s] INFO:colcon.colcon_core.shell:Skip shell extension 'powershell' for command environment: Not usable outside of PowerShell
[0.711s] DEBUG:colcon.colcon_core.shell:Skip shell extension 'dsv' for command environment
[0.717s] INFO:colcon.colcon_ros.task.ament_cmake.build:Building ROS package in '/home/jacob/MTRN4231/lab2_workspace/src/my_interface' with build type 'ament_cmake'
[0.717s] INFO:colcon.colcon_cmake.task.cmake.build:Building CMake package in '/home/jacob/MTRN4231/lab2_workspace/src/my_interface'
[0.718s] INFO:colcon.colcon_core.shell:Skip shell extension 'powershell' for command environment: Not usable outside of PowerShell
[0.718s] DEBUG:colcon.colcon_core.shell:Skip shell extension 'dsv' for command environment
[0.724s] INFO:colcon.colcon_ros.task.ament_cmake.build:Building ROS package in '/home/jacob/MTRN4231/lab2_workspace/src/transformations' with build type 'ament_cmake'
[0.724s] INFO:colcon.colcon_cmake.task.cmake.build:Building CMake package in '/home/jacob/MTRN4231/lab2_workspace/src/transformations'
[0.725s] INFO:colcon.colcon_core.shell:Skip shell extension 'powershell' for command environment: Not usable outside of PowerShell
[0.725s] DEBUG:colcon.colcon_core.shell:Skip shell extension 'dsv' for command environment
[0.732s] INFO:colcon.colcon_ros.task.ament_cmake.build:Building ROS package in '/home/jacob/MTRN4231/lab2_workspace/src/visualisation' with build type 'ament_cmake'
[0.732s] INFO:colcon.colcon_cmake.task.cmake.build:Building CMake package in '/home/jacob/MTRN4231/lab2_workspace/src/visualisation'
[0.733s] INFO:colcon.colcon_core.shell:Skip shell extension 'powershell' for command environment: Not usable outside of PowerShell
[0.733s] DEBUG:colcon.colcon_core.shell:Skip shell extension 'dsv' for command environment
[0.750s] DEBUG:colcon.colcon_core.event_handler.log_command:Invoking command in '/home/jacob/MTRN4231/lab2_workspace/src/build/lab2_client_service': CMAKE_PREFIX_PATH=${CMAKE_PREFIX_PATH}:/opt/ros/humble /usr/bin/cmake --build /home/jacob/MTRN4231/lab2_workspace/src/build/lab2_client_service -- -j8 -l8
[0.767s] DEBUG:colcon.colcon_core.event_handler.log_command:Invoking command in '/home/jacob/MTRN4231/lab2_workspace/src/build/my_interface': CMAKE_PREFIX_PATH=${CMAKE_PREFIX_PATH}:/opt/ros/humble /usr/bin/cmake --build /home/jacob/MTRN4231/lab2_workspace/src/build/my_interface -- -j8 -l8
[0.769s] DEBUG:colcon.colcon_core.event_handler.log_command:Invoking command in '/home/jacob/MTRN4231/lab2_workspace/src/build/transformations': CMAKE_PREFIX_PATH=${CMAKE_PREFIX_PATH}:/opt/ros/humble /usr/bin/cmake --build /home/jacob/MTRN4231/lab2_workspace/src/build/transformations -- -j8 -l8
[0.792s] DEBUG:colcon.colcon_core.event_handler.log_command:Invoking command in '/home/jacob/MTRN4231/lab2_workspace/src/build/visualisation': CMAKE_PREFIX_PATH=${CMAKE_PREFIX_PATH}:/opt/ros/humble /usr/bin/cmake --build /home/jacob/MTRN4231/lab2_workspace/src/build/visualisation -- -j8 -l8
[1.063s] DEBUG:colcon.colcon_core.event_handler.log_command:Invoked command in '/home/jacob/MTRN4231/lab2_workspace/src/build/transformations' returned '0': CMAKE_PREFIX_PATH=${CMAKE_PREFIX_PATH}:/opt/ros/humble /usr/bin/cmake --build /home/jacob/MTRN4231/lab2_workspace/src/build/transformations -- -j8 -l8
[1.089s] DEBUG:colcon.colcon_core.event_handler.log_command:Invoking command in '/home/jacob/MTRN4231/lab2_workspace/src/build/transformations': CMAKE_PREFIX_PATH=${CMAKE_PREFIX_PATH}:/opt/ros/humble /usr/bin/cmake --install /home/jacob/MTRN4231/lab2_workspace/src/build/transformations
[1.120s] Level 1:colcon.colcon_core.environment:create_environment_scripts_only(transformations)
[1.123s] DEBUG:colcon.colcon_core.event_handler.log_command:Invoked command in '/home/jacob/MTRN4231/lab2_workspace/src/build/transformations' returned '0': CMAKE_PREFIX_PATH=${CMAKE_PREFIX_PATH}:/opt/ros/humble /usr/bin/cmake --install /home/jacob/MTRN4231/lab2_workspace/src/build/transformations
[1.131s] Level 1:colcon.colcon_core.environment:checking '/home/jacob/MTRN4231/lab2_workspace/src/install/transformations' for CMake module files
[1.134s] Level 1:colcon.colcon_core.environment:checking '/home/jacob/MTRN4231/lab2_workspace/src/install/transformations' for CMake config files
[1.135s] Level 1:colcon.colcon_core.shell:create_environment_hook('transformations', 'cmake_prefix_path')
[1.136s] INFO:colcon.colcon_core.shell:Creating environment hook '/home/jacob/MTRN4231/lab2_workspace/src/install/transformations/share/transformations/hook/cmake_prefix_path.ps1'
[1.137s] INFO:colcon.colcon_core.shell:Creating environment descriptor '/home/jacob/MTRN4231/lab2_workspace/src/install/transformations/share/transformations/hook/cmake_prefix_path.dsv'
[1.145s] INFO:colcon.colcon_core.shell:Creating environment hook '/home/jacob/MTRN4231/lab2_workspace/src/install/transformations/share/transformations/hook/cmake_prefix_path.sh'
[1.147s] Level 1:colcon.colcon_core.environment:checking '/home/jacob/MTRN4231/lab2_workspace/src/install/transformations/lib'
[1.148s] Level 1:colcon.colcon_core.environment:checking '/home/jacob/MTRN4231/lab2_workspace/src/install/transformations/bin'
[1.152s] Level 1:colcon.colcon_core.environment:checking '/home/jacob/MTRN4231/lab2_workspace/src/install/transformations/lib/pkgconfig/transformations.pc'
[1.153s] Level 1:colcon.colcon_core.environment:checking '/home/jacob/MTRN4231/lab2_workspace/src/install/transformations/lib/python3.10/site-packages'
[1.153s] Level 1:colcon.colcon_core.environment:checking '/home/jacob/MTRN4231/lab2_workspace/src/install/transformations/bin'
[1.154s] INFO:colcon.colcon_core.shell:Creating package script '/home/jacob/MTRN4231/lab2_workspace/src/install/transformations/share/transformations/package.ps1'
[1.161s] INFO:colcon.colcon_core.shell:Creating package descriptor '/home/jacob/MTRN4231/lab2_workspace/src/install/transformations/share/transformations/package.dsv'
[1.162s] INFO:colcon.colcon_core.shell:Creating package script '/home/jacob/MTRN4231/lab2_workspace/src/install/transformations/share/transformations/package.sh'
[1.164s] INFO:colcon.colcon_core.shell:Creating package script '/home/jacob/MTRN4231/lab2_workspace/src/install/transformations/share/transformations/package.bash'
[1.174s] INFO:colcon.colcon_core.shell:Creating package script '/home/jacob/MTRN4231/lab2_workspace/src/install/transformations/share/transformations/package.zsh'
[1.175s] Level 1:colcon.colcon_core.environment:create_file_with_runtime_dependencies(/home/jacob/MTRN4231/lab2_workspace/src/install/transformations/share/colcon-core/packages/transformations)
[1.176s] Level 1:colcon.colcon_core.environment:create_environment_scripts_only(transformations)
[1.177s] Level 1:colcon.colcon_core.environment:checking '/home/jacob/MTRN4231/lab2_workspace/src/install/transformations' for CMake module files
[1.178s] Level 1:colcon.colcon_core.environment:checking '/home/jacob/MTRN4231/lab2_workspace/src/install/transformations' for CMake config files
[1.179s] Level 1:colcon.colcon_core.shell:create_environment_hook('transformations', 'cmake_prefix_path')
[1.180s] INFO:colcon.colcon_core.shell:Creating environment hook '/home/jacob/MTRN4231/lab2_workspace/src/install/transformations/share/transformations/hook/cmake_prefix_path.ps1'
[1.183s] INFO:colcon.colcon_core.shell:Creating environment descriptor '/home/jacob/MTRN4231/lab2_workspace/src/install/transformations/share/transformations/hook/cmake_prefix_path.dsv'
[1.184s] INFO:colcon.colcon_core.shell:Creating environment hook '/home/jacob/MTRN4231/lab2_workspace/src/install/transformations/share/transformations/hook/cmake_prefix_path.sh'
[1.185s] Level 1:colcon.colcon_core.environment:checking '/home/jacob/MTRN4231/lab2_workspace/src/install/transformations/lib'
[1.186s] Level 1:colcon.colcon_core.environment:checking '/home/jacob/MTRN4231/lab2_workspace/src/install/transformations/bin'
[1.188s] Level 1:colcon.colcon_core.environment:checking '/home/jacob/MTRN4231/lab2_workspace/src/install/transformations/lib/pkgconfig/transformations.pc'
[1.190s] Level 1:colcon.colcon_core.environment:checking '/home/jacob/MTRN4231/lab2_workspace/src/install/transformations/lib/python3.10/site-packages'
[1.190s] Level 1:colcon.colcon_core.environment:checking '/home/jacob/MTRN4231/lab2_workspace/src/install/transformations/bin'
[1.191s] INFO:colcon.colcon_core.shell:Creating package script '/home/jacob/MTRN4231/lab2_workspace/src/install/transformations/share/transformations/package.ps1'
[1.193s] INFO:colcon.colcon_core.shell:Creating package descriptor '/home/jacob/MTRN4231/lab2_workspace/src/install/transformations/share/transformations/package.dsv'
[1.195s] INFO:colcon.colcon_core.shell:Creating package script '/home/jacob/MTRN4231/lab2_workspace/src/install/transformations/share/transformations/package.sh'
[1.197s] INFO:colcon.colcon_core.shell:Creating package script '/home/jacob/MTRN4231/lab2_workspace/src/install/transformations/share/transformations/package.bash'
[1.201s] INFO:colcon.colcon_core.shell:Creating package script '/home/jacob/MTRN4231/lab2_workspace/src/install/transformations/share/transformations/package.zsh'
[1.202s] Level 1:colcon.colcon_core.environment:create_file_with_runtime_dependencies(/home/jacob/MTRN4231/lab2_workspace/src/install/transformations/share/colcon-core/packages/transformations)
[1.851s] DEBUG:colcon.colcon_core.event_handler.log_command:Invoked command in '/home/jacob/MTRN4231/lab2_workspace/src/build/my_interface' returned '0': CMAKE_PREFIX_PATH=${CMAKE_PREFIX_PATH}:/opt/ros/humble /usr/bin/cmake --build /home/jacob/MTRN4231/lab2_workspace/src/build/my_interface -- -j8 -l8
[1.852s] DEBUG:colcon.colcon_core.event_handler.log_command:Invoking command in '/home/jacob/MTRN4231/lab2_workspace/src/build/my_interface': CMAKE_PREFIX_PATH=${CMAKE_PREFIX_PATH}:/opt/ros/humble /usr/bin/cmake --install /home/jacob/MTRN4231/lab2_workspace/src/build/my_interface
[2.002s] Level 1:colcon.colcon_core.environment:create_environment_scripts_only(my_interface)
[2.003s] Level 1:colcon.colcon_core.environment:checking '/home/jacob/MTRN4231/lab2_workspace/src/install/my_interface' for CMake module files
[2.004s] DEBUG:colcon.colcon_core.event_handler.log_command:Invoked command in '/home/jacob/MTRN4231/lab2_workspace/src/build/my_interface' returned '0': CMAKE_PREFIX_PATH=${CMAKE_PREFIX_PATH}:/opt/ros/humble /usr/bin/cmake --install /home/jacob/MTRN4231/lab2_workspace/src/build/my_interface
[2.006s] Level 1:colcon.colcon_core.environment:checking '/home/jacob/MTRN4231/lab2_workspace/src/install/my_interface' for CMake config files
[2.006s] Level 1:colcon.colcon_core.shell:create_environment_hook('my_interface', 'cmake_prefix_path')
[2.007s] INFO:colcon.colcon_core.shell:Creating environment hook '/home/jacob/MTRN4231/lab2_workspace/src/install/my_interface/share/my_interface/hook/cmake_prefix_path.ps1'
[2.008s] INFO:colcon.colcon_core.shell:Creating environment descriptor '/home/jacob/MTRN4231/lab2_workspace/src/install/my_interface/share/my_interface/hook/cmake_prefix_path.dsv'
[2.009s] INFO:colcon.colcon_core.shell:Creating environment hook '/home/jacob/MTRN4231/lab2_workspace/src/install/my_interface/share/my_interface/hook/cmake_prefix_path.sh'
[2.011s] Level 1:colcon.colcon_core.environment:checking '/home/jacob/MTRN4231/lab2_workspace/src/install/my_interface/lib'
[2.012s] Level 1:colcon.colcon_core.shell:create_environment_hook('my_interface', 'ld_library_path_lib')
[2.013s] INFO:colcon.colcon_core.shell:Creating environment hook '/home/jacob/MTRN4231/lab2_workspace/src/install/my_interface/share/my_interface/hook/ld_library_path_lib.ps1'
[2.014s] INFO:colcon.colcon_core.shell:Creating environment descriptor '/home/jacob/MTRN4231/lab2_workspace/src/install/my_interface/share/my_interface/hook/ld_library_path_lib.dsv'
[2.015s] INFO:colcon.colcon_core.shell:Creating environment hook '/home/jacob/MTRN4231/lab2_workspace/src/install/my_interface/share/my_interface/hook/ld_library_path_lib.sh'
[2.016s] Level 1:colcon.colcon_core.environment:checking '/home/jacob/MTRN4231/lab2_workspace/src/install/my_interface/bin'
[2.017s] Level 1:colcon.colcon_core.environment:checking '/home/jacob/MTRN4231/lab2_workspace/src/install/my_interface/lib/pkgconfig/my_interface.pc'
[2.017s] Level 1:colcon.colcon_core.environment:checking '/home/jacob/MTRN4231/lab2_workspace/src/install/my_interface/lib/python3.10/site-packages'
[2.017s] Level 1:colcon.colcon_core.environment:checking '/home/jacob/MTRN4231/lab2_workspace/src/install/my_interface/bin'
[2.018s] INFO:colcon.colcon_core.shell:Creating package script '/home/jacob/MTRN4231/lab2_workspace/src/install/my_interface/share/my_interface/package.ps1'
[2.019s] INFO:colcon.colcon_core.shell:Creating package descriptor '/home/jacob/MTRN4231/lab2_workspace/src/install/my_interface/share/my_interface/package.dsv'
[2.019s] INFO:colcon.colcon_core.shell:Creating package script '/home/jacob/MTRN4231/lab2_workspace/src/install/my_interface/share/my_interface/package.sh'
[2.020s] INFO:colcon.colcon_core.shell:Creating package script '/home/jacob/MTRN4231/lab2_workspace/src/install/my_interface/share/my_interface/package.bash'
[2.021s] INFO:colcon.colcon_core.shell:Creating package script '/home/jacob/MTRN4231/lab2_workspace/src/install/my_interface/share/my_interface/package.zsh'
[2.021s] Level 1:colcon.colcon_core.environment:create_file_with_runtime_dependencies(/home/jacob/MTRN4231/lab2_workspace/src/install/my_interface/share/colcon-core/packages/my_interface)
[2.022s] Level 1:colcon.colcon_core.environment:create_environment_scripts_only(my_interface)
[2.023s] Level 1:colcon.colcon_core.environment:checking '/home/jacob/MTRN4231/lab2_workspace/src/install/my_interface' for CMake module files
[2.024s] Level 1:colcon.colcon_core.environment:checking '/home/jacob/MTRN4231/lab2_workspace/src/install/my_interface' for CMake config files
[2.024s] Level 1:colcon.colcon_core.shell:create_environment_hook('my_interface', 'cmake_prefix_path')
[2.024s] INFO:colcon.colcon_core.shell:Creating environment hook '/home/jacob/MTRN4231/lab2_workspace/src/install/my_interface/share/my_interface/hook/cmake_prefix_path.ps1'
[2.025s] INFO:colcon.colcon_core.shell:Creating environment descriptor '/home/jacob/MTRN4231/lab2_workspace/src/install/my_interface/share/my_interface/hook/cmake_prefix_path.dsv'
[2.030s] INFO:colcon.colcon_core.shell:Creating environment hook '/home/jacob/MTRN4231/lab2_workspace/src/install/my_interface/share/my_interface/hook/cmake_prefix_path.sh'
[2.031s] Level 1:colcon.colcon_core.environment:checking '/home/jacob/MTRN4231/lab2_workspace/src/install/my_interface/lib'
[2.031s] Level 1:colcon.colcon_core.shell:create_environment_hook('my_interface', 'ld_library_path_lib')
[2.032s] INFO:colcon.colcon_core.shell:Creating environment hook '/home/jacob/MTRN4231/lab2_workspace/src/install/my_interface/share/my_interface/hook/ld_library_path_lib.ps1'
[2.033s] INFO:colcon.colcon_core.shell:Creating environment descriptor '/home/jacob/MTRN4231/lab2_workspace/src/install/my_interface/share/my_interface/hook/ld_library_path_lib.dsv'
[2.033s] INFO:colcon.colcon_core.shell:Creating environment hook '/home/jacob/MTRN4231/lab2_workspace/src/install/my_interface/share/my_interface/hook/ld_library_path_lib.sh'
[2.034s] Level 1:colcon.colcon_core.environment:checking '/home/jacob/MTRN4231/lab2_workspace/src/install/my_interface/bin'
[2.034s] Level 1:colcon.colcon_core.environment:checking '/home/jacob/MTRN4231/lab2_workspace/src/install/my_interface/lib/pkgconfig/my_interface.pc'
[2.035s] Level 1:colcon.colcon_core.environment:checking '/home/jacob/MTRN4231/lab2_workspace/src/install/my_interface/lib/python3.10/site-packages'
[2.035s] Level 1:colcon.colcon_core.environment:checking '/home/jacob/MTRN4231/lab2_workspace/src/install/my_interface/bin'
[2.036s] INFO:colcon.colcon_core.shell:Creating package script '/home/jacob/MTRN4231/lab2_workspace/src/install/my_interface/share/my_interface/package.ps1'
[2.038s] INFO:colcon.colcon_core.shell:Creating package descriptor '/home/jacob/MTRN4231/lab2_workspace/src/install/my_interface/share/my_interface/package.dsv'
[2.041s] INFO:colcon.colcon_core.shell:Creating package script '/home/jacob/MTRN4231/lab2_workspace/src/install/my_interface/share/my_interface/package.sh'
[2.043s] INFO:colcon.colcon_core.shell:Creating package script '/home/jacob/MTRN4231/lab2_workspace/src/install/my_interface/share/my_interface/package.bash'
[2.045s] INFO:colcon.colcon_core.shell:Creating package script '/home/jacob/MTRN4231/lab2_workspace/src/install/my_interface/share/my_interface/package.zsh'
[2.046s] Level 1:colcon.colcon_core.environment:create_file_with_runtime_dependencies(/home/jacob/MTRN4231/lab2_workspace/src/install/my_interface/share/colcon-core/packages/my_interface)
[9.381s] DEBUG:colcon.colcon_core.event_handler.log_command:Invoked command in '/home/jacob/MTRN4231/lab2_workspace/src/build/lab2_client_service' returned '0': CMAKE_PREFIX_PATH=${CMAKE_PREFIX_PATH}:/opt/ros/humble /usr/bin/cmake --build /home/jacob/MTRN4231/lab2_workspace/src/build/lab2_client_service -- -j8 -l8
[9.384s] DEBUG:colcon.colcon_core.event_handler.log_command:Invoking command in '/home/jacob/MTRN4231/lab2_workspace/src/build/lab2_client_service': CMAKE_PREFIX_PATH=${CMAKE_PREFIX_PATH}:/opt/ros/humble /usr/bin/cmake --install /home/jacob/MTRN4231/lab2_workspace/src/build/lab2_client_service
[9.407s] Level 1:colcon.colcon_core.environment:create_environment_scripts_only(lab2_client_service)
[9.408s] Level 1:colcon.colcon_core.environment:checking '/home/jacob/MTRN4231/lab2_workspace/src/install/lab2_client_service' for CMake module files
[9.409s] DEBUG:colcon.colcon_core.event_handler.log_command:Invoked command in '/home/jacob/MTRN4231/lab2_workspace/src/build/lab2_client_service' returned '0': CMAKE_PREFIX_PATH=${CMAKE_PREFIX_PATH}:/opt/ros/humble /usr/bin/cmake --install /home/jacob/MTRN4231/lab2_workspace/src/build/lab2_client_service
[9.410s] Level 1:colcon.colcon_core.environment:checking '/home/jacob/MTRN4231/lab2_workspace/src/install/lab2_client_service' for CMake config files
[9.410s] Level 1:colcon.colcon_core.shell:create_environment_hook('lab2_client_service', 'cmake_prefix_path')
[9.411s] INFO:colcon.colcon_core.shell:Creating environment hook '/home/jacob/MTRN4231/lab2_workspace/src/install/lab2_client_service/share/lab2_client_service/hook/cmake_prefix_path.ps1'
[9.412s] INFO:colcon.colcon_core.shell:Creating environment descriptor '/home/jacob/MTRN4231/lab2_workspace/src/install/lab2_client_service/share/lab2_client_service/hook/cmake_prefix_path.dsv'
[9.413s] INFO:colcon.colcon_core.shell:Creating environment hook '/home/jacob/MTRN4231/lab2_workspace/src/install/lab2_client_service/share/lab2_client_service/hook/cmake_prefix_path.sh'
[9.414s] Level 1:colcon.colcon_core.environment:checking '/home/jacob/MTRN4231/lab2_workspace/src/install/lab2_client_service/lib'
[9.414s] Level 1:colcon.colcon_core.environment:checking '/home/jacob/MTRN4231/lab2_workspace/src/install/lab2_client_service/bin'
[9.415s] Level 1:colcon.colcon_core.environment:checking '/home/jacob/MTRN4231/lab2_workspace/src/install/lab2_client_service/lib/pkgconfig/lab2_client_service.pc'
[9.415s] Level 1:colcon.colcon_core.environment:checking '/home/jacob/MTRN4231/lab2_workspace/src/install/lab2_client_service/lib/python3.10/site-packages'
[9.416s] Level 1:colcon.colcon_core.environment:checking '/home/jacob/MTRN4231/lab2_workspace/src/install/lab2_client_service/bin'
[9.416s] INFO:colcon.colcon_core.shell:Creating package script '/home/jacob/MTRN4231/lab2_workspace/src/install/lab2_client_service/share/lab2_client_service/package.ps1'
[9.417s] INFO:colcon.colcon_core.shell:Creating package descriptor '/home/jacob/MTRN4231/lab2_workspace/src/install/lab2_client_service/share/lab2_client_service/package.dsv'
[9.418s] INFO:colcon.colcon_core.shell:Creating package script '/home/jacob/MTRN4231/lab2_workspace/src/install/lab2_client_service/share/lab2_client_service/package.sh'
[9.419s] INFO:colcon.colcon_core.shell:Creating package script '/home/jacob/MTRN4231/lab2_workspace/src/install/lab2_client_service/share/lab2_client_service/package.bash'
[9.421s] INFO:colcon.colcon_core.shell:Creating package script '/home/jacob/MTRN4231/lab2_workspace/src/install/lab2_client_service/share/lab2_client_service/package.zsh'
[9.422s] Level 1:colcon.colcon_core.environment:create_file_with_runtime_dependencies(/home/jacob/MTRN4231/lab2_workspace/src/install/lab2_client_service/share/colcon-core/packages/lab2_client_service)
[9.423s] Level 1:colcon.colcon_core.environment:create_environment_scripts_only(lab2_client_service)
[9.424s] Level 1:colcon.colcon_core.environment:checking '/home/jacob/MTRN4231/lab2_workspace/src/install/lab2_client_service' for CMake module files
[9.425s] Level 1:colcon.colcon_core.environment:checking '/home/jacob/MTRN4231/lab2_workspace/src/install/lab2_client_service' for CMake config files
[9.426s] Level 1:colcon.colcon_core.shell:create_environment_hook('lab2_client_service', 'cmake_prefix_path')
[9.426s] INFO:colcon.colcon_core.shell:Creating environment hook '/home/jacob/MTRN4231/lab2_workspace/src/install/lab2_client_service/share/lab2_client_service/hook/cmake_prefix_path.ps1'
[9.427s] INFO:colcon.colcon_core.shell:Creating environment descriptor '/home/jacob/MTRN4231/lab2_workspace/src/install/lab2_client_service/share/lab2_client_service/hook/cmake_prefix_path.dsv'
[9.429s] INFO:colcon.colcon_core.shell:Creating environment hook '/home/jacob/MTRN4231/lab2_workspace/src/install/lab2_client_service/share/lab2_client_service/hook/cmake_prefix_path.sh'
[9.430s] Level 1:colcon.colcon_core.environment:checking '/home/jacob/MTRN4231/lab2_workspace/src/install/lab2_client_service/lib'
[9.430s] Level 1:colcon.colcon_core.environment:checking '/home/jacob/MTRN4231/lab2_workspace/src/install/lab2_client_service/bin'
[9.430s] Level 1:colcon.colcon_core.environment:checking '/home/jacob/MTRN4231/lab2_workspace/src/install/lab2_client_service/lib/pkgconfig/lab2_client_service.pc'
[9.431s] Level 1:colcon.colcon_core.environment:checking '/home/jacob/MTRN4231/lab2_workspace/src/install/lab2_client_service/lib/python3.10/site-packages'
[9.431s] Level 1:colcon.colcon_core.environment:checking '/home/jacob/MTRN4231/lab2_workspace/src/install/lab2_client_service/bin'
[9.432s] INFO:colcon.colcon_core.shell:Creating package script '/home/jacob/MTRN4231/lab2_workspace/src/install/lab2_client_service/share/lab2_client_service/package.ps1'
[9.433s] INFO:colcon.colcon_core.shell:Creating package descriptor '/home/jacob/MTRN4231/lab2_workspace/src/install/lab2_client_service/share/lab2_client_service/package.dsv'
[9.434s] INFO:colcon.colcon_core.shell:Creating package script '/home/jacob/MTRN4231/lab2_workspace/src/install/lab2_client_service/share/lab2_client_service/package.sh'
[9.435s] INFO:colcon.colcon_core.shell:Creating package script '/home/jacob/MTRN4231/lab2_workspace/src/install/lab2_client_service/share/lab2_client_service/package.bash'
[9.436s] INFO:colcon.colcon_core.shell:Creating package script '/home/jacob/MTRN4231/lab2_workspace/src/install/lab2_client_service/share/lab2_client_service/package.zsh'
[9.437s] Level 1:colcon.colcon_core.environment:create_file_with_runtime_dependencies(/home/jacob/MTRN4231/lab2_workspace/src/install/lab2_client_service/share/colcon-core/packages/lab2_client_service)
[14.304s] DEBUG:colcon.colcon_core.event_handler.log_command:Invoked command in '/home/jacob/MTRN4231/lab2_workspace/src/build/visualisation' returned '0': CMAKE_PREFIX_PATH=${CMAKE_PREFIX_PATH}:/opt/ros/humble /usr/bin/cmake --build /home/jacob/MTRN4231/lab2_workspace/src/build/visualisation -- -j8 -l8
[14.305s] DEBUG:colcon.colcon_core.event_handler.log_command:Invoking command in '/home/jacob/MTRN4231/lab2_workspace/src/build/visualisation': CMAKE_PREFIX_PATH=${CMAKE_PREFIX_PATH}:/opt/ros/humble /usr/bin/cmake --install /home/jacob/MTRN4231/lab2_workspace/src/build/visualisation
[14.329s] Level 1:colcon.colcon_core.environment:create_environment_scripts_only(visualisation)
[14.330s] Level 1:colcon.colcon_core.environment:checking '/home/jacob/MTRN4231/lab2_workspace/src/install/visualisation' for CMake module files
[14.331s] DEBUG:colcon.colcon_core.event_handler.log_command:Invoked command in '/home/jacob/MTRN4231/lab2_workspace/src/build/visualisation' returned '0': CMAKE_PREFIX_PATH=${CMAKE_PREFIX_PATH}:/opt/ros/humble /usr/bin/cmake --install /home/jacob/MTRN4231/lab2_workspace/src/build/visualisation
[14.332s] Level 1:colcon.colcon_core.environment:checking '/home/jacob/MTRN4231/lab2_workspace/src/install/visualisation' for CMake config files
[14.333s] Level 1:colcon.colcon_core.shell:create_environment_hook('visualisation', 'cmake_prefix_path')
[14.333s] INFO:colcon.colcon_core.shell:Creating environment hook '/home/jacob/MTRN4231/lab2_workspace/src/install/visualisation/share/visualisation/hook/cmake_prefix_path.ps1'
[14.334s] INFO:colcon.colcon_core.shell:Creating environment descriptor '/home/jacob/MTRN4231/lab2_workspace/src/install/visualisation/share/visualisation/hook/cmake_prefix_path.dsv'
[14.335s] INFO:colcon.colcon_core.shell:Creating environment hook '/home/jacob/MTRN4231/lab2_workspace/src/install/visualisation/share/visualisation/hook/cmake_prefix_path.sh'
[14.336s] Level 1:colcon.colcon_core.environment:checking '/home/jacob/MTRN4231/lab2_workspace/src/install/visualisation/lib'
[14.336s] Level 1:colcon.colcon_core.environment:checking '/home/jacob/MTRN4231/lab2_workspace/src/install/visualisation/bin'
[14.336s] Level 1:colcon.colcon_core.environment:checking '/home/jacob/MTRN4231/lab2_workspace/src/install/visualisation/lib/pkgconfig/visualisation.pc'
[14.336s] Level 1:colcon.colcon_core.environment:checking '/home/jacob/MTRN4231/lab2_workspace/src/install/visualisation/lib/python3.10/site-packages'
[14.337s] Level 1:colcon.colcon_core.environment:checking '/home/jacob/MTRN4231/lab2_workspace/src/install/visualisation/bin'
[14.338s] INFO:colcon.colcon_core.shell:Creating package script '/home/jacob/MTRN4231/lab2_workspace/src/install/visualisation/share/visualisation/package.ps1'
[14.338s] INFO:colcon.colcon_core.shell:Creating package descriptor '/home/jacob/MTRN4231/lab2_workspace/src/install/visualisation/share/visualisation/package.dsv'
[14.339s] INFO:colcon.colcon_core.shell:Creating package script '/home/jacob/MTRN4231/lab2_workspace/src/install/visualisation/share/visualisation/package.sh'
[14.340s] INFO:colcon.colcon_core.shell:Creating package script '/home/jacob/MTRN4231/lab2_workspace/src/install/visualisation/share/visualisation/package.bash'
[14.340s] INFO:colcon.colcon_core.shell:Creating package script '/home/jacob/MTRN4231/lab2_workspace/src/install/visualisation/share/visualisation/package.zsh'
[14.341s] Level 1:colcon.colcon_core.environment:create_file_with_runtime_dependencies(/home/jacob/MTRN4231/lab2_workspace/src/install/visualisation/share/colcon-core/packages/visualisation)
[14.342s] Level 1:colcon.colcon_core.environment:create_environment_scripts_only(visualisation)
[14.342s] Level 1:colcon.colcon_core.environment:checking '/home/jacob/MTRN4231/lab2_workspace/src/install/visualisation' for CMake module files
[14.343s] Level 1:colcon.colcon_core.environment:checking '/home/jacob/MTRN4231/lab2_workspace/src/install/visualisation' for CMake config files
[14.344s] Level 1:colcon.colcon_core.shell:create_environment_hook('visualisation', 'cmake_prefix_path')
[14.344s] INFO:colcon.colcon_core.shell:Creating environment hook '/home/jacob/MTRN4231/lab2_workspace/src/install/visualisation/share/visualisation/hook/cmake_prefix_path.ps1'
[14.345s] INFO:colcon.colcon_core.shell:Creating environment descriptor '/home/jacob/MTRN4231/lab2_workspace/src/install/visualisation/share/visualisation/hook/cmake_prefix_path.dsv'
[14.346s] INFO:colcon.colcon_core.shell:Creating environment hook '/home/jacob/MTRN4231/lab2_workspace/src/install/visualisation/share/visualisation/hook/cmake_prefix_path.sh'
[14.347s] Level 1:colcon.colcon_core.environment:checking '/home/jacob/MTRN4231/lab2_workspace/src/install/visualisation/lib'
[14.348s] Level 1:colcon.colcon_core.environment:checking '/home/jacob/MTRN4231/lab2_workspace/src/install/visualisation/bin'
[14.348s] Level 1:colcon.colcon_core.environment:checking '/home/jacob/MTRN4231/lab2_workspace/src/install/visualisation/lib/pkgconfig/visualisation.pc'
[14.348s] Level 1:colcon.colcon_core.environment:checking '/home/jacob/MTRN4231/lab2_workspace/src/install/visualisation/lib/python3.10/site-packages'
[14.349s] Level 1:colcon.colcon_core.environment:checking '/home/jacob/MTRN4231/lab2_workspace/src/install/visualisation/bin'
[14.350s] INFO:colcon.colcon_core.shell:Creating package script '/home/jacob/MTRN4231/lab2_workspace/src/install/visualisation/share/visualisation/package.ps1'
[14.351s] INFO:colcon.colcon_core.shell:Creating package descriptor '/home/jacob/MTRN4231/lab2_workspace/src/install/visualisation/share/visualisation/package.dsv'
[14.352s] INFO:colcon.colcon_core.shell:Creating package script '/home/jacob/MTRN4231/lab2_workspace/src/install/visualisation/share/visualisation/package.sh'
[14.354s] INFO:colcon.colcon_core.shell:Creating package script '/home/jacob/MTRN4231/lab2_workspace/src/install/visualisation/share/visualisation/package.bash'
[14.355s] INFO:colcon.colcon_core.shell:Creating package script '/home/jacob/MTRN4231/lab2_workspace/src/install/visualisation/share/visualisation/package.zsh'
[14.355s] Level 1:colcon.colcon_core.environment:create_file_with_runtime_dependencies(/home/jacob/MTRN4231/lab2_workspace/src/install/visualisation/share/colcon-core/packages/visualisation)
[14.356s] DEBUG:colcon.colcon_parallel_executor.executor.parallel:closing loop
[14.356s] DEBUG:colcon.colcon_parallel_executor.executor.parallel:loop closed
[14.356s] DEBUG:colcon.colcon_parallel_executor.executor.parallel:run_until_complete finished with '0'
[14.357s] DEBUG:colcon.colcon_core.event_reactor:joining thread
[14.367s] INFO:colcon.colcon_core.plugin_system:Skipping extension 'colcon_notification.desktop_notification.terminal_notifier': Not used on non-Darwin systems
[14.367s] INFO:colcon.colcon_core.plugin_system:Skipping extension 'colcon_notification.desktop_notification.win32': Not used on non-Windows systems
[14.367s] INFO:colcon.colcon_notification.desktop_notification:Sending desktop notification using 'notify2'
[14.387s] DEBUG:colcon.colcon_core.event_reactor:joined thread
[14.388s] INFO:colcon.colcon_core.shell:Creating prefix script '/home/jacob/MTRN4231/lab2_workspace/src/install/local_setup.ps1'
[14.391s] INFO:colcon.colcon_core.shell:Creating prefix util module '/home/jacob/MTRN4231/lab2_workspace/src/install/_local_setup_util_ps1.py'
[14.393s] INFO:colcon.colcon_core.shell:Creating prefix chain script '/home/jacob/MTRN4231/lab2_workspace/src/install/setup.ps1'
[14.395s] INFO:colcon.colcon_core.shell:Creating prefix script '/home/jacob/MTRN4231/lab2_workspace/src/install/local_setup.sh'
[14.396s] INFO:colcon.colcon_core.shell:Creating prefix util module '/home/jacob/MTRN4231/lab2_workspace/src/install/_local_setup_util_sh.py'
[14.397s] INFO:colcon.colcon_core.shell:Creating prefix chain script '/home/jacob/MTRN4231/lab2_workspace/src/install/setup.sh'
[14.400s] INFO:colcon.colcon_core.shell:Creating prefix script '/home/jacob/MTRN4231/lab2_workspace/src/install/local_setup.bash'
[14.401s] INFO:colcon.colcon_core.shell:Creating prefix chain script '/home/jacob/MTRN4231/lab2_workspace/src/install/setup.bash'
[14.404s] INFO:colcon.colcon_core.shell:Creating prefix script '/home/jacob/MTRN4231/lab2_workspace/src/install/local_setup.zsh'
[14.405s] INFO:colcon.colcon_core.shell:Creating prefix chain script '/home/jacob/MTRN4231/lab2_workspace/src/install/setup.zsh'
