[0.187s] DEBUG:colcon:Command line arguments: ['/usr/bin/colcon', 'build']
[0.187s] DEBUG:colcon:Parsed command line arguments: Namespace(log_base=None, log_level=None, verb_name='build', build_base='build', install_base='install', merge_install=False, symlink_install=False, test_result_base=None, continue_on_error=False, executor='parallel', parallel_workers=8, event_handlers=None, ignore_user_meta=False, metas=['./colcon.meta'], base_paths=['.'], packages_ignore=None, packages_ignore_regex=None, paths=None, packages_up_to=None, packages_up_to_regex=None, packages_above=None, packages_above_and_dependencies=None, packages_above_depth=None, packages_select_by_dep=None, packages_skip_by_dep=None, packages_skip_up_to=None, packages_select_build_failed=False, packages_skip_build_finished=False, packages_select_test_failures=False, packages_skip_test_passed=False, packages_select=None, packages_skip=None, packages_select_regex=None, packages_skip_regex=None, packages_start=None, packages_end=None, allow_overriding=[], cmake_args=None, cmake_target=None, cmake_target_skip_unavailable=False, cmake_clean_cache=False, cmake_clean_first=False, cmake_force_configure=False, ament_cmake_args=None, catkin_cmake_args=None, catkin_skip_building_tests=False, mixin_files=None, mixin=None, verb_parser=<colcon_mixin.mixin.mixin_argument.MixinArgumentDecorator object at 0x7c7d98575a50>, verb_extension=<colcon_core.verb.build.BuildVerb object at 0x7c7d98574fa0>, main=<bound method BuildVerb.main of <colcon_core.verb.build.BuildVerb object at 0x7c7d98574fa0>>, mixin_verb=('build',))
[0.389s] Level 1:colcon.colcon_core.package_discovery:discover_packages(colcon_meta) check parameters
[0.390s] Level 1:colcon.colcon_core.package_discovery:discover_packages(recursive) check parameters
[0.390s] Level 1:colcon.colcon_core.package_discovery:discover_packages(ignore) check parameters
[0.390s] Level 1:colcon.colcon_core.package_discovery:discover_packages(path) check parameters
[0.390s] Level 1:colcon.colcon_core.package_discovery:discover_packages(colcon_meta) discover
[0.390s] Level 1:colcon.colcon_core.package_discovery:discover_packages(recursive) discover
[0.390s] INFO:colcon.colcon_core.package_discovery:Crawling recursively for packages in '/home/jacob/MTRN4231/lab2_workspace/src'
[0.390s] Level 1:colcon.colcon_core.package_identification:_identify(.) by extensions ['ignore', 'ignore_ament_install']
[0.390s] Level 1:colcon.colcon_core.package_identification:_identify(.) by extension 'ignore'
[0.390s] Level 1:colcon.colcon_core.package_identification:_identify(.) by extension 'ignore_ament_install'
[0.390s] Level 1:colcon.colcon_core.package_identification:_identify(.) by extensions ['colcon_pkg']
[0.390s] Level 1:colcon.colcon_core.package_identification:_identify(.) by extension 'colcon_pkg'
[0.390s] Level 1:colcon.colcon_core.package_identification:_identify(.) by extensions ['colcon_meta']
[0.396s] Level 1:colcon.colcon_core.package_identification:_identify(.) by extension 'colcon_meta'
[0.397s] Level 1:colcon.colcon_core.package_identification:_identify(.) by extensions ['ros']
[0.397s] Level 1:colcon.colcon_core.package_identification:_identify(.) by extension 'ros'
[0.451s] Level 1:colcon.colcon_core.package_identification:_identify(.) by extensions ['cmake', 'python']
[0.451s] Level 1:colcon.colcon_core.package_identification:_identify(.) by extension 'cmake'
[0.451s] Level 1:colcon.colcon_core.package_identification:_identify(.) by extension 'python'
[0.451s] Level 1:colcon.colcon_core.package_identification:_identify(.) by extensions ['python_setup_py']
[0.451s] Level 1:colcon.colcon_core.package_identification:_identify(.) by extension 'python_setup_py'
[0.451s] Level 1:colcon.colcon_core.package_identification:_identify(build) by extensions ['ignore', 'ignore_ament_install']
[0.451s] Level 1:colcon.colcon_core.package_identification:_identify(build) by extension 'ignore'
[0.451s] Level 1:colcon.colcon_core.package_identification:_identify(build) ignored
[0.452s] Level 1:colcon.colcon_core.package_identification:_identify(install) by extensions ['ignore', 'ignore_ament_install']
[0.452s] Level 1:colcon.colcon_core.package_identification:_identify(install) by extension 'ignore'
[0.452s] Level 1:colcon.colcon_core.package_identification:_identify(install) ignored
[0.452s] Level 1:colcon.colcon_core.package_identification:_identify(lab2_client_service) by extensions ['ignore', 'ignore_ament_install']
[0.452s] Level 1:colcon.colcon_core.package_identification:_identify(lab2_client_service) by extension 'ignore'
[0.452s] Level 1:colcon.colcon_core.package_identification:_identify(lab2_client_service) by extension 'ignore_ament_install'
[0.452s] Level 1:colcon.colcon_core.package_identification:_identify(lab2_client_service) by extensions ['colcon_pkg']
[0.452s] Level 1:colcon.colcon_core.package_identification:_identify(lab2_client_service) by extension 'colcon_pkg'
[0.452s] Level 1:colcon.colcon_core.package_identification:_identify(lab2_client_service) by extensions ['colcon_meta']
[0.452s] Level 1:colcon.colcon_core.package_identification:_identify(lab2_client_service) by extension 'colcon_meta'
[0.452s] Level 1:colcon.colcon_core.package_identification:_identify(lab2_client_service) by extensions ['ros']
[0.452s] Level 1:colcon.colcon_core.package_identification:_identify(lab2_client_service) by extension 'ros'
[0.456s] DEBUG:colcon.colcon_core.package_identification:Package 'lab2_client_service' with type 'ros.ament_cmake' and name 'lab2_client_service'
[0.456s] Level 1:colcon.colcon_core.package_identification:_identify(log) by extensions ['ignore', 'ignore_ament_install']
[0.456s] Level 1:colcon.colcon_core.package_identification:_identify(log) by extension 'ignore'
[0.456s] Level 1:colcon.colcon_core.package_identification:_identify(log) ignored
[0.456s] Level 1:colcon.colcon_core.package_identification:_identify(my_interface) by extensions ['ignore', 'ignore_ament_install']
[0.456s] Level 1:colcon.colcon_core.package_identification:_identify(my_interface) by extension 'ignore'
[0.457s] Level 1:colcon.colcon_core.package_identification:_identify(my_interface) by extension 'ignore_ament_install'
[0.457s] Level 1:colcon.colcon_core.package_identification:_identify(my_interface) by extensions ['colcon_pkg']
[0.457s] Level 1:colcon.colcon_core.package_identification:_identify(my_interface) by extension 'colcon_pkg'
[0.457s] Level 1:colcon.colcon_core.package_identification:_identify(my_interface) by extensions ['colcon_meta']
[0.457s] Level 1:colcon.colcon_core.package_identification:_identify(my_interface) by extension 'colcon_meta'
[0.457s] Level 1:colcon.colcon_core.package_identification:_identify(my_interface) by extensions ['ros']
[0.457s] Level 1:colcon.colcon_core.package_identification:_identify(my_interface) by extension 'ros'
[0.458s] DEBUG:colcon.colcon_core.package_identification:Package 'my_interface' with type 'ros.ament_cmake' and name 'my_interface'
[0.458s] Level 1:colcon.colcon_core.package_identification:_identify(transformations) by extensions ['ignore', 'ignore_ament_install']
[0.458s] Level 1:colcon.colcon_core.package_identification:_identify(transformations) by extension 'ignore'
[0.458s] Level 1:colcon.colcon_core.package_identification:_identify(transformations) by extension 'ignore_ament_install'
[0.458s] Level 1:colcon.colcon_core.package_identification:_identify(transformations) by extensions ['colcon_pkg']
[0.458s] Level 1:colcon.colcon_core.package_identification:_identify(transformations) by extension 'colcon_pkg'
[0.458s] Level 1:colcon.colcon_core.package_identification:_identify(transformations) by extensions ['colcon_meta']
[0.458s] Level 1:colcon.colcon_core.package_identification:_identify(transformations) by extension 'colcon_meta'
[0.458s] Level 1:colcon.colcon_core.package_identification:_identify(transformations) by extensions ['ros']
[0.458s] Level 1:colcon.colcon_core.package_identification:_identify(transformations) by extension 'ros'
[0.459s] DEBUG:colcon.colcon_core.package_identification:Package 'transformations' with type 'ros.ament_cmake' and name 'transformations'
[0.459s] Level 1:colcon.colcon_core.package_identification:_identify(visualisation) by extensions ['ignore', 'ignore_ament_install']
[0.459s] Level 1:colcon.colcon_core.package_identification:_identify(visualisation) by extension 'ignore'
[0.459s] Level 1:colcon.colcon_core.package_identification:_identify(visualisation) by extension 'ignore_ament_install'
[0.459s] Level 1:colcon.colcon_core.package_identification:_identify(visualisation) by extensions ['colcon_pkg']
[0.459s] Level 1:colcon.colcon_core.package_identification:_identify(visualisation) by extension 'colcon_pkg'
[0.459s] Level 1:colcon.colcon_core.package_identification:_identify(visualisation) by extensions ['colcon_meta']
[0.459s] Level 1:colcon.colcon_core.package_identification:_identify(visualisation) by extension 'colcon_meta'
[0.460s] Level 1:colcon.colcon_core.package_identification:_identify(visualisation) by extensions ['ros']
[0.460s] Level 1:colcon.colcon_core.package_identification:_identify(visualisation) by extension 'ros'
[0.460s] DEBUG:colcon.colcon_core.package_identification:Package 'visualisation' with type 'ros.ament_cmake' and name 'visualisation'
[0.460s] Level 1:colcon.colcon_core.package_discovery:discover_packages(recursive) using defaults
[0.460s] Level 1:colcon.colcon_core.package_discovery:discover_packages(ignore) discover
[0.460s] Level 1:colcon.colcon_core.package_discovery:discover_packages(ignore) using defaults
[0.460s] Level 1:colcon.colcon_core.package_discovery:discover_packages(path) discover
[0.461s] Level 1:colcon.colcon_core.package_discovery:discover_packages(path) using defaults
[0.499s] Level 1:colcon.colcon_core.package_discovery:discover_packages(prefix_path) check parameters
[0.499s] Level 1:colcon.colcon_core.package_discovery:discover_packages(prefix_path) discover
[0.502s] DEBUG:colcon.colcon_installed_package_information.package_discovery:Found 6 installed packages in /home/jacob/MTRN4231/lab2_workspace/src/install
[0.505s] DEBUG:colcon.colcon_installed_package_information.package_discovery:Found 275 installed packages in /opt/ros/humble
[0.506s] Level 1:colcon.colcon_core.package_discovery:discover_packages(prefix_path) using defaults
[0.554s] Level 5:colcon.colcon_core.verb:set package 'lab2_client_service' build argument 'cmake_args' from command line to 'None'
[0.554s] Level 5:colcon.colcon_core.verb:set package 'lab2_client_service' build argument 'cmake_target' from command line to 'None'
[0.554s] Level 5:colcon.colcon_core.verb:set package 'lab2_client_service' build argument 'cmake_target_skip_unavailable' from command line to 'False'
[0.554s] Level 5:colcon.colcon_core.verb:set package 'lab2_client_service' build argument 'cmake_clean_cache' from command line to 'False'
[0.554s] Level 5:colcon.colcon_core.verb:set package 'lab2_client_service' build argument 'cmake_clean_first' from command line to 'False'
[0.554s] Level 5:colcon.colcon_core.verb:set package 'lab2_client_service' build argument 'cmake_force_configure' from command line to 'False'
[0.554s] Level 5:colcon.colcon_core.verb:set package 'lab2_client_service' build argument 'ament_cmake_args' from command line to 'None'
[0.554s] Level 5:colcon.colcon_core.verb:set package 'lab2_client_service' build argument 'catkin_cmake_args' from command line to 'None'
[0.554s] Level 5:colcon.colcon_core.verb:set package 'lab2_client_service' build argument 'catkin_skip_building_tests' from command line to 'False'
[0.554s] DEBUG:colcon.colcon_core.verb:Building package 'lab2_client_service' with the following arguments: {'ament_cmake_args': None, 'build_base': '/home/jacob/MTRN4231/lab2_workspace/src/build/lab2_client_service', 'catkin_cmake_args': None, 'catkin_skip_building_tests': False, 'cmake_args': None, 'cmake_clean_cache': False, 'cmake_clean_first': False, 'cmake_force_configure': False, 'cmake_target': None, 'cmake_target_skip_unavailable': False, 'install_base': '/home/jacob/MTRN4231/lab2_workspace/src/install/lab2_client_service', 'merge_install': False, 'path': '/home/jacob/MTRN4231/lab2_workspace/src/lab2_client_service', 'symlink_install': False, 'test_result_base': None}
[0.555s] Level 5:colcon.colcon_core.verb:set package 'my_interface' build argument 'cmake_args' from command line to 'None'
[0.555s] Level 5:colcon.colcon_core.verb:set package 'my_interface' build argument 'cmake_target' from command line to 'None'
[0.555s] Level 5:colcon.colcon_core.verb:set package 'my_interface' build argument 'cmake_target_skip_unavailable' from command line to 'False'
[0.555s] Level 5:colcon.colcon_core.verb:set package 'my_interface' build argument 'cmake_clean_cache' from command line to 'False'
[0.555s] Level 5:colcon.colcon_core.verb:set package 'my_interface' build argument 'cmake_clean_first' from command line to 'False'
[0.555s] Level 5:colcon.colcon_core.verb:set package 'my_interface' build argument 'cmake_force_configure' from command line to 'False'
[0.555s] Level 5:colcon.colcon_core.verb:set package 'my_interface' build argument 'ament_cmake_args' from command line to 'None'
[0.555s] Level 5:colcon.colcon_core.verb:set package 'my_interface' build argument 'catkin_cmake_args' from command line to 'None'
[0.555s] Level 5:colcon.colcon_core.verb:set package 'my_interface' build argument 'catkin_skip_building_tests' from command line to 'False'
[0.555s] DEBUG:colcon.colcon_core.verb:Building package 'my_interface' with the following arguments: {'ament_cmake_args': None, 'build_base': '/home/jacob/MTRN4231/lab2_workspace/src/build/my_interface', 'catkin_cmake_args': None, 'catkin_skip_building_tests': False, 'cmake_args': None, 'cmake_clean_cache': False, 'cmake_clean_first': False, 'cmake_force_configure': False, 'cmake_target': None, 'cmake_target_skip_unavailable': False, 'install_base': '/home/jacob/MTRN4231/lab2_workspace/src/install/my_interface', 'merge_install': False, 'path': '/home/jacob/MTRN4231/lab2_workspace/src/my_interface', 'symlink_install': False, 'test_result_base': None}
[0.555s] Level 5:colcon.colcon_core.verb:set package 'transformations' build argument 'cmake_args' from command line to 'None'
[0.555s] Level 5:colcon.colcon_core.verb:set package 'transformations' build argument 'cmake_target' from command line to 'None'
[0.555s] Level 5:colcon.colcon_core.verb:set package 'transformations' build argument 'cmake_target_skip_unavailable' from command line to 'False'
[0.555s] Level 5:colcon.colcon_core.verb:set package 'transformations' build argument 'cmake_clean_cache' from command line to 'False'
[0.555s] Level 5:colcon.colcon_core.verb:set package 'transformations' build argument 'cmake_clean_first' from command line to 'False'
[0.555s] Level 5:colcon.colcon_core.verb:set package 'transformations' build argument 'cmake_force_configure' from command line to 'False'
[0.555s] Level 5:colcon.colcon_core.verb:set package 'transformations' build argument 'ament_cmake_args' from command line to 'None'
[0.555s] Level 5:colcon.colcon_core.verb:set package 'transformations' build argument 'catkin_cmake_args' from command line to 'None'
[0.555s] Level 5:colcon.colcon_core.verb:set package 'transformations' build argument 'catkin_skip_building_tests' from command line to 'False'
[0.555s] DEBUG:colcon.colcon_core.verb:Building package 'transformations' with the following arguments: {'ament_cmake_args': None, 'build_base': '/home/jacob/MTRN4231/lab2_workspace/src/build/transformations', 'catkin_cmake_args': None, 'catkin_skip_building_tests': False, 'cmake_args': None, 'cmake_clean_cache': False, 'cmake_clean_first': False, 'cmake_force_configure': False, 'cmake_target': None, 'cmake_target_skip_unavailable': False, 'install_base': '/home/jacob/MTRN4231/lab2_workspace/src/install/transformations', 'merge_install': False, 'path': '/home/jacob/MTRN4231/lab2_workspace/src/transformations', 'symlink_install': False, 'test_result_base': None}
[0.556s] Level 5:colcon.colcon_core.verb:set package 'visualisation' build argument 'cmake_args' from command line to 'None'
[0.556s] Level 5:colcon.colcon_core.verb:set package 'visualisation' build argument 'cmake_target' from command line to 'None'
[0.556s] Level 5:colcon.colcon_core.verb:set package 'visualisation' build argument 'cmake_target_skip_unavailable' from command line to 'False'
[0.556s] Level 5:colcon.colcon_core.verb:set package 'visualisation' build argument 'cmake_clean_cache' from command line to 'False'
[0.556s] Level 5:colcon.colcon_core.verb:set package 'visualisation' build argument 'cmake_clean_first' from command line to 'False'
[0.556s] Level 5:colcon.colcon_core.verb:set package 'visualisation' build argument 'cmake_force_configure' from command line to 'False'
[0.556s] Level 5:colcon.colcon_core.verb:set package 'visualisation' build argument 'ament_cmake_args' from command line to 'None'
[0.556s] Level 5:colcon.colcon_core.verb:set package 'visualisation' build argument 'catkin_cmake_args' from command line to 'None'
[0.556s] Level 5:colcon.colcon_core.verb:set package 'visualisation' build argument 'catkin_skip_building_tests' from command line to 'False'
[0.556s] DEBUG:colcon.colcon_core.verb:Building package 'visualisation' with the following arguments: {'ament_cmake_args': None, 'build_base': '/home/jacob/MTRN4231/lab2_workspace/src/build/visualisation', 'catkin_cmake_args': None, 'catkin_skip_building_tests': False, 'cmake_args': None, 'cmake_clean_cache': False, 'cmake_clean_first': False, 'cmake_force_configure': False, 'cmake_target': None, 'cmake_target_skip_unavailable': False, 'install_base': '/home/jacob/MTRN4231/lab2_workspace/src/install/visualisation', 'merge_install': False, 'path': '/home/jacob/MTRN4231/lab2_workspace/src/visualisation', 'symlink_install': False, 'test_result_base': None}
[0.556s] INFO:colcon.colcon_core.executor:Executing jobs using 'parallel' executor
[0.557s] DEBUG:colcon.colcon_parallel_executor.executor.parallel:run_until_complete
[0.558s] INFO:colcon.colcon_ros.task.ament_cmake.build:Building ROS package in '/home/jacob/MTRN4231/lab2_workspace/src/lab2_client_service' with build type 'ament_cmake'
[0.558s] INFO:colcon.colcon_cmake.task.cmake.build:Building CMake package in '/home/jacob/MTRN4231/lab2_workspace/src/lab2_client_service'
[0.560s] INFO:colcon.colcon_core.plugin_system:Skipping extension 'colcon_core.shell.bat': Not used on non-Windows systems
[0.560s] INFO:colcon.colcon_core.shell:Skip shell extension 'powershell' for command environment: Not usable outside of PowerShell
[0.560s] DEBUG:colcon.colcon_core.shell:Skip shell extension 'dsv' for command environment
[0.567s] INFO:colcon.colcon_ros.task.ament_cmake.build:Building ROS package in '/home/jacob/MTRN4231/lab2_workspace/src/my_interface' with build type 'ament_cmake'
[0.567s] INFO:colcon.colcon_cmake.task.cmake.build:Building CMake package in '/home/jacob/MTRN4231/lab2_workspace/src/my_interface'
[0.567s] INFO:colcon.colcon_core.shell:Skip shell extension 'powershell' for command environment: Not usable outside of PowerShell
[0.568s] DEBUG:colcon.colcon_core.shell:Skip shell extension 'dsv' for command environment
[0.577s] INFO:colcon.colcon_ros.task.ament_cmake.build:Building ROS package in '/home/jacob/MTRN4231/lab2_workspace/src/transformations' with build type 'ament_cmake'
[0.577s] INFO:colcon.colcon_cmake.task.cmake.build:Building CMake package in '/home/jacob/MTRN4231/lab2_workspace/src/transformations'
[0.578s] INFO:colcon.colcon_core.shell:Skip shell extension 'powershell' for command environment: Not usable outside of PowerShell
[0.578s] DEBUG:colcon.colcon_core.shell:Skip shell extension 'dsv' for command environment
[0.590s] INFO:colcon.colcon_ros.task.ament_cmake.build:Building ROS package in '/home/jacob/MTRN4231/lab2_workspace/src/visualisation' with build type 'ament_cmake'
[0.590s] INFO:colcon.colcon_cmake.task.cmake.build:Building CMake package in '/home/jacob/MTRN4231/lab2_workspace/src/visualisation'
[0.591s] INFO:colcon.colcon_core.shell:Skip shell extension 'powershell' for command environment: Not usable outside of PowerShell
[0.591s] DEBUG:colcon.colcon_core.shell:Skip shell extension 'dsv' for command environment
[0.609s] DEBUG:colcon.colcon_core.event_handler.log_command:Invoking command in '/home/jacob/MTRN4231/lab2_workspace/src/build/lab2_client_service': CMAKE_PREFIX_PATH=${CMAKE_PREFIX_PATH}:/opt/ros/humble /usr/bin/cmake --build /home/jacob/MTRN4231/lab2_workspace/src/build/lab2_client_service -- -j8 -l8
[0.616s] DEBUG:colcon.colcon_core.event_handler.log_command:Invoking command in '/home/jacob/MTRN4231/lab2_workspace/src/build/my_interface': CMAKE_PREFIX_PATH=${CMAKE_PREFIX_PATH}:/opt/ros/humble /usr/bin/cmake --build /home/jacob/MTRN4231/lab2_workspace/src/build/my_interface -- -j8 -l8
[0.626s] DEBUG:colcon.colcon_core.event_handler.log_command:Invoking command in '/home/jacob/MTRN4231/lab2_workspace/src/build/transformations': CMAKE_PREFIX_PATH=${CMAKE_PREFIX_PATH}:/opt/ros/humble /usr/bin/cmake --build /home/jacob/MTRN4231/lab2_workspace/src/build/transformations -- -j8 -l8
[0.633s] DEBUG:colcon.colcon_core.event_handler.log_command:Invoking command in '/home/jacob/MTRN4231/lab2_workspace/src/build/visualisation': CMAKE_PREFIX_PATH=${CMAKE_PREFIX_PATH}:/opt/ros/humble /usr/bin/cmake --build /home/jacob/MTRN4231/lab2_workspace/src/build/visualisation -- -j8 -l8
[0.859s] DEBUG:colcon.colcon_core.event_handler.log_command:Invoked command in '/home/jacob/MTRN4231/lab2_workspace/src/build/transformations' returned '0': CMAKE_PREFIX_PATH=${CMAKE_PREFIX_PATH}:/opt/ros/humble /usr/bin/cmake --build /home/jacob/MTRN4231/lab2_workspace/src/build/transformations -- -j8 -l8
[0.882s] DEBUG:colcon.colcon_core.event_handler.log_command:Invoking command in '/home/jacob/MTRN4231/lab2_workspace/src/build/transformations': CMAKE_PREFIX_PATH=${CMAKE_PREFIX_PATH}:/opt/ros/humble /usr/bin/cmake --install /home/jacob/MTRN4231/lab2_workspace/src/build/transformations
[0.891s] DEBUG:colcon.colcon_core.event_handler.log_command:Invoked command in '/home/jacob/MTRN4231/lab2_workspace/src/build/visualisation' returned '0': CMAKE_PREFIX_PATH=${CMAKE_PREFIX_PATH}:/opt/ros/humble /usr/bin/cmake --build /home/jacob/MTRN4231/lab2_workspace/src/build/visualisation -- -j8 -l8
[0.896s] DEBUG:colcon.colcon_core.event_handler.log_command:Invoking command in '/home/jacob/MTRN4231/lab2_workspace/src/build/visualisation': CMAKE_PREFIX_PATH=${CMAKE_PREFIX_PATH}:/opt/ros/humble /usr/bin/cmake --install /home/jacob/MTRN4231/lab2_workspace/src/build/visualisation
[0.918s] Level 1:colcon.colcon_core.environment:create_environment_scripts_only(transformations)
[0.921s] DEBUG:colcon.colcon_core.event_handler.log_command:Invoked command in '/home/jacob/MTRN4231/lab2_workspace/src/build/transformations' returned '0': CMAKE_PREFIX_PATH=${CMAKE_PREFIX_PATH}:/opt/ros/humble /usr/bin/cmake --install /home/jacob/MTRN4231/lab2_workspace/src/build/transformations
[0.931s] Level 1:colcon.colcon_core.environment:checking '/home/jacob/MTRN4231/lab2_workspace/src/install/transformations' for CMake module files
[0.933s] Level 1:colcon.colcon_core.environment:checking '/home/jacob/MTRN4231/lab2_workspace/src/install/transformations' for CMake config files
[0.936s] Level 1:colcon.colcon_core.shell:create_environment_hook('transformations', 'cmake_prefix_path')
[0.936s] INFO:colcon.colcon_core.shell:Creating environment hook '/home/jacob/MTRN4231/lab2_workspace/src/install/transformations/share/transformations/hook/cmake_prefix_path.ps1'
[0.938s] INFO:colcon.colcon_core.shell:Creating environment descriptor '/home/jacob/MTRN4231/lab2_workspace/src/install/transformations/share/transformations/hook/cmake_prefix_path.dsv'
[0.942s] INFO:colcon.colcon_core.shell:Creating environment hook '/home/jacob/MTRN4231/lab2_workspace/src/install/transformations/share/transformations/hook/cmake_prefix_path.sh'
[0.943s] Level 1:colcon.colcon_core.environment:checking '/home/jacob/MTRN4231/lab2_workspace/src/install/transformations/lib'
[0.944s] Level 1:colcon.colcon_core.environment:checking '/home/jacob/MTRN4231/lab2_workspace/src/install/transformations/bin'
[0.944s] Level 1:colcon.colcon_core.environment:checking '/home/jacob/MTRN4231/lab2_workspace/src/install/transformations/lib/pkgconfig/transformations.pc'
[0.944s] Level 1:colcon.colcon_core.environment:checking '/home/jacob/MTRN4231/lab2_workspace/src/install/transformations/lib/python3.10/site-packages'
[0.945s] Level 1:colcon.colcon_core.environment:checking '/home/jacob/MTRN4231/lab2_workspace/src/install/transformations/bin'
[0.945s] INFO:colcon.colcon_core.shell:Creating package script '/home/jacob/MTRN4231/lab2_workspace/src/install/transformations/share/transformations/package.ps1'
[0.952s] INFO:colcon.colcon_core.shell:Creating package descriptor '/home/jacob/MTRN4231/lab2_workspace/src/install/transformations/share/transformations/package.dsv'
[0.953s] INFO:colcon.colcon_core.shell:Creating package script '/home/jacob/MTRN4231/lab2_workspace/src/install/transformations/share/transformations/package.sh'
[0.954s] INFO:colcon.colcon_core.shell:Creating package script '/home/jacob/MTRN4231/lab2_workspace/src/install/transformations/share/transformations/package.bash'
[0.956s] INFO:colcon.colcon_core.shell:Creating package script '/home/jacob/MTRN4231/lab2_workspace/src/install/transformations/share/transformations/package.zsh'
[0.958s] Level 1:colcon.colcon_core.environment:create_file_with_runtime_dependencies(/home/jacob/MTRN4231/lab2_workspace/src/install/transformations/share/colcon-core/packages/transformations)
[0.959s] Level 1:colcon.colcon_core.environment:create_environment_scripts_only(transformations)
[0.959s] Level 1:colcon.colcon_core.environment:checking '/home/jacob/MTRN4231/lab2_workspace/src/install/transformations' for CMake module files
[0.961s] Level 1:colcon.colcon_core.environment:checking '/home/jacob/MTRN4231/lab2_workspace/src/install/transformations' for CMake config files
[0.961s] Level 1:colcon.colcon_core.shell:create_environment_hook('transformations', 'cmake_prefix_path')
[0.962s] INFO:colcon.colcon_core.shell:Creating environment hook '/home/jacob/MTRN4231/lab2_workspace/src/install/transformations/share/transformations/hook/cmake_prefix_path.ps1'
[0.963s] INFO:colcon.colcon_core.shell:Creating environment descriptor '/home/jacob/MTRN4231/lab2_workspace/src/install/transformations/share/transformations/hook/cmake_prefix_path.dsv'
[0.964s] INFO:colcon.colcon_core.shell:Creating environment hook '/home/jacob/MTRN4231/lab2_workspace/src/install/transformations/share/transformations/hook/cmake_prefix_path.sh'
[0.965s] Level 1:colcon.colcon_core.environment:checking '/home/jacob/MTRN4231/lab2_workspace/src/install/transformations/lib'
[0.965s] Level 1:colcon.colcon_core.environment:checking '/home/jacob/MTRN4231/lab2_workspace/src/install/transformations/bin'
[0.965s] Level 1:colcon.colcon_core.environment:checking '/home/jacob/MTRN4231/lab2_workspace/src/install/transformations/lib/pkgconfig/transformations.pc'
[0.966s] Level 1:colcon.colcon_core.environment:checking '/home/jacob/MTRN4231/lab2_workspace/src/install/transformations/lib/python3.10/site-packages'
[0.966s] Level 1:colcon.colcon_core.environment:checking '/home/jacob/MTRN4231/lab2_workspace/src/install/transformations/bin'
[0.967s] INFO:colcon.colcon_core.shell:Creating package script '/home/jacob/MTRN4231/lab2_workspace/src/install/transformations/share/transformations/package.ps1'
[0.969s] INFO:colcon.colcon_core.shell:Creating package descriptor '/home/jacob/MTRN4231/lab2_workspace/src/install/transformations/share/transformations/package.dsv'
[0.971s] INFO:colcon.colcon_core.shell:Creating package script '/home/jacob/MTRN4231/lab2_workspace/src/install/transformations/share/transformations/package.sh'
[0.972s] INFO:colcon.colcon_core.shell:Creating package script '/home/jacob/MTRN4231/lab2_workspace/src/install/transformations/share/transformations/package.bash'
[0.973s] INFO:colcon.colcon_core.shell:Creating package script '/home/jacob/MTRN4231/lab2_workspace/src/install/transformations/share/transformations/package.zsh'
[0.974s] Level 1:colcon.colcon_core.environment:create_file_with_runtime_dependencies(/home/jacob/MTRN4231/lab2_workspace/src/install/transformations/share/colcon-core/packages/transformations)
[0.975s] Level 1:colcon.colcon_core.environment:create_environment_scripts_only(visualisation)
[0.976s] Level 1:colcon.colcon_core.environment:checking '/home/jacob/MTRN4231/lab2_workspace/src/install/visualisation' for CMake module files
[0.977s] DEBUG:colcon.colcon_core.event_handler.log_command:Invoked command in '/home/jacob/MTRN4231/lab2_workspace/src/build/visualisation' returned '0': CMAKE_PREFIX_PATH=${CMAKE_PREFIX_PATH}:/opt/ros/humble /usr/bin/cmake --install /home/jacob/MTRN4231/lab2_workspace/src/build/visualisation
[0.978s] Level 1:colcon.colcon_core.environment:checking '/home/jacob/MTRN4231/lab2_workspace/src/install/visualisation' for CMake config files
[0.979s] Level 1:colcon.colcon_core.shell:create_environment_hook('visualisation', 'cmake_prefix_path')
[0.980s] INFO:colcon.colcon_core.shell:Creating environment hook '/home/jacob/MTRN4231/lab2_workspace/src/install/visualisation/share/visualisation/hook/cmake_prefix_path.ps1'
[0.982s] INFO:colcon.colcon_core.shell:Creating environment descriptor '/home/jacob/MTRN4231/lab2_workspace/src/install/visualisation/share/visualisation/hook/cmake_prefix_path.dsv'
[0.983s] INFO:colcon.colcon_core.shell:Creating environment hook '/home/jacob/MTRN4231/lab2_workspace/src/install/visualisation/share/visualisation/hook/cmake_prefix_path.sh'
[0.985s] Level 1:colcon.colcon_core.environment:checking '/home/jacob/MTRN4231/lab2_workspace/src/install/visualisation/lib'
[0.985s] Level 1:colcon.colcon_core.environment:checking '/home/jacob/MTRN4231/lab2_workspace/src/install/visualisation/bin'
[0.985s] Level 1:colcon.colcon_core.environment:checking '/home/jacob/MTRN4231/lab2_workspace/src/install/visualisation/lib/pkgconfig/visualisation.pc'
[0.986s] Level 1:colcon.colcon_core.environment:checking '/home/jacob/MTRN4231/lab2_workspace/src/install/visualisation/lib/python3.10/site-packages'
[0.986s] Level 1:colcon.colcon_core.environment:checking '/home/jacob/MTRN4231/lab2_workspace/src/install/visualisation/bin'
[0.987s] INFO:colcon.colcon_core.shell:Creating package script '/home/jacob/MTRN4231/lab2_workspace/src/install/visualisation/share/visualisation/package.ps1'
[0.987s] INFO:colcon.colcon_core.shell:Creating package descriptor '/home/jacob/MTRN4231/lab2_workspace/src/install/visualisation/share/visualisation/package.dsv'
[0.988s] INFO:colcon.colcon_core.shell:Creating package script '/home/jacob/MTRN4231/lab2_workspace/src/install/visualisation/share/visualisation/package.sh'
[0.989s] INFO:colcon.colcon_core.shell:Creating package script '/home/jacob/MTRN4231/lab2_workspace/src/install/visualisation/share/visualisation/package.bash'
[0.990s] INFO:colcon.colcon_core.shell:Creating package script '/home/jacob/MTRN4231/lab2_workspace/src/install/visualisation/share/visualisation/package.zsh'
[0.991s] Level 1:colcon.colcon_core.environment:create_file_with_runtime_dependencies(/home/jacob/MTRN4231/lab2_workspace/src/install/visualisation/share/colcon-core/packages/visualisation)
[0.993s] Level 1:colcon.colcon_core.environment:create_environment_scripts_only(visualisation)
[0.994s] Level 1:colcon.colcon_core.environment:checking '/home/jacob/MTRN4231/lab2_workspace/src/install/visualisation' for CMake module files
[0.994s] Level 1:colcon.colcon_core.environment:checking '/home/jacob/MTRN4231/lab2_workspace/src/install/visualisation' for CMake config files
[0.995s] Level 1:colcon.colcon_core.shell:create_environment_hook('visualisation', 'cmake_prefix_path')
[0.996s] INFO:colcon.colcon_core.shell:Creating environment hook '/home/jacob/MTRN4231/lab2_workspace/src/install/visualisation/share/visualisation/hook/cmake_prefix_path.ps1'
[0.996s] INFO:colcon.colcon_core.shell:Creating environment descriptor '/home/jacob/MTRN4231/lab2_workspace/src/install/visualisation/share/visualisation/hook/cmake_prefix_path.dsv'
[0.997s] INFO:colcon.colcon_core.shell:Creating environment hook '/home/jacob/MTRN4231/lab2_workspace/src/install/visualisation/share/visualisation/hook/cmake_prefix_path.sh'
[0.998s] Level 1:colcon.colcon_core.environment:checking '/home/jacob/MTRN4231/lab2_workspace/src/install/visualisation/lib'
[0.999s] Level 1:colcon.colcon_core.environment:checking '/home/jacob/MTRN4231/lab2_workspace/src/install/visualisation/bin'
[1.000s] Level 1:colcon.colcon_core.environment:checking '/home/jacob/MTRN4231/lab2_workspace/src/install/visualisation/lib/pkgconfig/visualisation.pc'
[1.001s] Level 1:colcon.colcon_core.environment:checking '/home/jacob/MTRN4231/lab2_workspace/src/install/visualisation/lib/python3.10/site-packages'
[1.001s] Level 1:colcon.colcon_core.environment:checking '/home/jacob/MTRN4231/lab2_workspace/src/install/visualisation/bin'
[1.002s] INFO:colcon.colcon_core.shell:Creating package script '/home/jacob/MTRN4231/lab2_workspace/src/install/visualisation/share/visualisation/package.ps1'
[1.003s] INFO:colcon.colcon_core.shell:Creating package descriptor '/home/jacob/MTRN4231/lab2_workspace/src/install/visualisation/share/visualisation/package.dsv'
[1.004s] INFO:colcon.colcon_core.shell:Creating package script '/home/jacob/MTRN4231/lab2_workspace/src/install/visualisation/share/visualisation/package.sh'
[1.005s] INFO:colcon.colcon_core.shell:Creating package script '/home/jacob/MTRN4231/lab2_workspace/src/install/visualisation/share/visualisation/package.bash'
[1.006s] INFO:colcon.colcon_core.shell:Creating package script '/home/jacob/MTRN4231/lab2_workspace/src/install/visualisation/share/visualisation/package.zsh'
[1.007s] Level 1:colcon.colcon_core.environment:create_file_with_runtime_dependencies(/home/jacob/MTRN4231/lab2_workspace/src/install/visualisation/share/colcon-core/packages/visualisation)
[1.569s] DEBUG:colcon.colcon_core.event_handler.log_command:Invoked command in '/home/jacob/MTRN4231/lab2_workspace/src/build/my_interface' returned '0': CMAKE_PREFIX_PATH=${CMAKE_PREFIX_PATH}:/opt/ros/humble /usr/bin/cmake --build /home/jacob/MTRN4231/lab2_workspace/src/build/my_interface -- -j8 -l8
[1.572s] DEBUG:colcon.colcon_core.event_handler.log_command:Invoking command in '/home/jacob/MTRN4231/lab2_workspace/src/build/my_interface': CMAKE_PREFIX_PATH=${CMAKE_PREFIX_PATH}:/opt/ros/humble /usr/bin/cmake --install /home/jacob/MTRN4231/lab2_workspace/src/build/my_interface
[1.693s] Level 1:colcon.colcon_core.environment:create_environment_scripts_only(my_interface)
[1.694s] Level 1:colcon.colcon_core.environment:checking '/home/jacob/MTRN4231/lab2_workspace/src/install/my_interface' for CMake module files
[1.695s] Level 1:colcon.colcon_core.environment:checking '/home/jacob/MTRN4231/lab2_workspace/src/install/my_interface' for CMake config files
[1.696s] Level 1:colcon.colcon_core.shell:create_environment_hook('my_interface', 'cmake_prefix_path')
[1.696s] INFO:colcon.colcon_core.shell:Creating environment hook '/home/jacob/MTRN4231/lab2_workspace/src/install/my_interface/share/my_interface/hook/cmake_prefix_path.ps1'
[1.697s] DEBUG:colcon.colcon_core.event_handler.log_command:Invoked command in '/home/jacob/MTRN4231/lab2_workspace/src/build/my_interface' returned '0': CMAKE_PREFIX_PATH=${CMAKE_PREFIX_PATH}:/opt/ros/humble /usr/bin/cmake --install /home/jacob/MTRN4231/lab2_workspace/src/build/my_interface
[1.698s] INFO:colcon.colcon_core.shell:Creating environment descriptor '/home/jacob/MTRN4231/lab2_workspace/src/install/my_interface/share/my_interface/hook/cmake_prefix_path.dsv'
[1.699s] INFO:colcon.colcon_core.shell:Creating environment hook '/home/jacob/MTRN4231/lab2_workspace/src/install/my_interface/share/my_interface/hook/cmake_prefix_path.sh'
[1.700s] Level 1:colcon.colcon_core.environment:checking '/home/jacob/MTRN4231/lab2_workspace/src/install/my_interface/lib'
[1.700s] Level 1:colcon.colcon_core.shell:create_environment_hook('my_interface', 'ld_library_path_lib')
[1.700s] INFO:colcon.colcon_core.shell:Creating environment hook '/home/jacob/MTRN4231/lab2_workspace/src/install/my_interface/share/my_interface/hook/ld_library_path_lib.ps1'
[1.701s] INFO:colcon.colcon_core.shell:Creating environment descriptor '/home/jacob/MTRN4231/lab2_workspace/src/install/my_interface/share/my_interface/hook/ld_library_path_lib.dsv'
[1.702s] INFO:colcon.colcon_core.shell:Creating environment hook '/home/jacob/MTRN4231/lab2_workspace/src/install/my_interface/share/my_interface/hook/ld_library_path_lib.sh'
[1.703s] Level 1:colcon.colcon_core.environment:checking '/home/jacob/MTRN4231/lab2_workspace/src/install/my_interface/bin'
[1.703s] Level 1:colcon.colcon_core.environment:checking '/home/jacob/MTRN4231/lab2_workspace/src/install/my_interface/lib/pkgconfig/my_interface.pc'
[1.703s] Level 1:colcon.colcon_core.environment:checking '/home/jacob/MTRN4231/lab2_workspace/src/install/my_interface/lib/python3.10/site-packages'
[1.704s] Level 1:colcon.colcon_core.environment:checking '/home/jacob/MTRN4231/lab2_workspace/src/install/my_interface/bin'
[1.705s] INFO:colcon.colcon_core.shell:Creating package script '/home/jacob/MTRN4231/lab2_workspace/src/install/my_interface/share/my_interface/package.ps1'
[1.706s] INFO:colcon.colcon_core.shell:Creating package descriptor '/home/jacob/MTRN4231/lab2_workspace/src/install/my_interface/share/my_interface/package.dsv'
[1.707s] INFO:colcon.colcon_core.shell:Creating package script '/home/jacob/MTRN4231/lab2_workspace/src/install/my_interface/share/my_interface/package.sh'
[1.708s] INFO:colcon.colcon_core.shell:Creating package script '/home/jacob/MTRN4231/lab2_workspace/src/install/my_interface/share/my_interface/package.bash'
[1.708s] INFO:colcon.colcon_core.shell:Creating package script '/home/jacob/MTRN4231/lab2_workspace/src/install/my_interface/share/my_interface/package.zsh'
[1.708s] Level 1:colcon.colcon_core.environment:create_file_with_runtime_dependencies(/home/jacob/MTRN4231/lab2_workspace/src/install/my_interface/share/colcon-core/packages/my_interface)
[1.710s] Level 1:colcon.colcon_core.environment:create_environment_scripts_only(my_interface)
[1.710s] Level 1:colcon.colcon_core.environment:checking '/home/jacob/MTRN4231/lab2_workspace/src/install/my_interface' for CMake module files
[1.711s] Level 1:colcon.colcon_core.environment:checking '/home/jacob/MTRN4231/lab2_workspace/src/install/my_interface' for CMake config files
[1.712s] Level 1:colcon.colcon_core.shell:create_environment_hook('my_interface', 'cmake_prefix_path')
[1.712s] INFO:colcon.colcon_core.shell:Creating environment hook '/home/jacob/MTRN4231/lab2_workspace/src/install/my_interface/share/my_interface/hook/cmake_prefix_path.ps1'
[1.714s] INFO:colcon.colcon_core.shell:Creating environment descriptor '/home/jacob/MTRN4231/lab2_workspace/src/install/my_interface/share/my_interface/hook/cmake_prefix_path.dsv'
[1.715s] INFO:colcon.colcon_core.shell:Creating environment hook '/home/jacob/MTRN4231/lab2_workspace/src/install/my_interface/share/my_interface/hook/cmake_prefix_path.sh'
[1.716s] Level 1:colcon.colcon_core.environment:checking '/home/jacob/MTRN4231/lab2_workspace/src/install/my_interface/lib'
[1.717s] Level 1:colcon.colcon_core.shell:create_environment_hook('my_interface', 'ld_library_path_lib')
[1.717s] INFO:colcon.colcon_core.shell:Creating environment hook '/home/jacob/MTRN4231/lab2_workspace/src/install/my_interface/share/my_interface/hook/ld_library_path_lib.ps1'
[1.717s] INFO:colcon.colcon_core.shell:Creating environment descriptor '/home/jacob/MTRN4231/lab2_workspace/src/install/my_interface/share/my_interface/hook/ld_library_path_lib.dsv'
[1.718s] INFO:colcon.colcon_core.shell:Creating environment hook '/home/jacob/MTRN4231/lab2_workspace/src/install/my_interface/share/my_interface/hook/ld_library_path_lib.sh'
[1.719s] Level 1:colcon.colcon_core.environment:checking '/home/jacob/MTRN4231/lab2_workspace/src/install/my_interface/bin'
[1.719s] Level 1:colcon.colcon_core.environment:checking '/home/jacob/MTRN4231/lab2_workspace/src/install/my_interface/lib/pkgconfig/my_interface.pc'
[1.719s] Level 1:colcon.colcon_core.environment:checking '/home/jacob/MTRN4231/lab2_workspace/src/install/my_interface/lib/python3.10/site-packages'
[1.719s] Level 1:colcon.colcon_core.environment:checking '/home/jacob/MTRN4231/lab2_workspace/src/install/my_interface/bin'
[1.720s] INFO:colcon.colcon_core.shell:Creating package script '/home/jacob/MTRN4231/lab2_workspace/src/install/my_interface/share/my_interface/package.ps1'
[1.721s] INFO:colcon.colcon_core.shell:Creating package descriptor '/home/jacob/MTRN4231/lab2_workspace/src/install/my_interface/share/my_interface/package.dsv'
[1.722s] INFO:colcon.colcon_core.shell:Creating package script '/home/jacob/MTRN4231/lab2_workspace/src/install/my_interface/share/my_interface/package.sh'
[1.723s] INFO:colcon.colcon_core.shell:Creating package script '/home/jacob/MTRN4231/lab2_workspace/src/install/my_interface/share/my_interface/package.bash'
[1.723s] INFO:colcon.colcon_core.shell:Creating package script '/home/jacob/MTRN4231/lab2_workspace/src/install/my_interface/share/my_interface/package.zsh'
[1.724s] Level 1:colcon.colcon_core.environment:create_file_with_runtime_dependencies(/home/jacob/MTRN4231/lab2_workspace/src/install/my_interface/share/colcon-core/packages/my_interface)
[1.744s] Level 1:colcon.colcon_core.environment:create_environment_scripts_only(lab2_client_service)
[1.745s] Level 1:colcon.colcon_core.environment:checking '/home/jacob/MTRN4231/lab2_workspace/src/install/lab2_client_service' for CMake module files
[1.746s] Level 1:colcon.colcon_core.environment:checking '/home/jacob/MTRN4231/lab2_workspace/src/install/lab2_client_service' for CMake config files
[1.747s] DEBUG:colcon.colcon_core.event_handler.log_command:Invoked command in '/home/jacob/MTRN4231/lab2_workspace/src/build/lab2_client_service' returned '2': CMAKE_PREFIX_PATH=${CMAKE_PREFIX_PATH}:/opt/ros/humble /usr/bin/cmake --build /home/jacob/MTRN4231/lab2_workspace/src/build/lab2_client_service -- -j8 -l8
[1.748s] Level 1:colcon.colcon_core.shell:create_environment_hook('lab2_client_service', 'cmake_prefix_path')
[1.748s] INFO:colcon.colcon_core.shell:Creating environment hook '/home/jacob/MTRN4231/lab2_workspace/src/install/lab2_client_service/share/lab2_client_service/hook/cmake_prefix_path.ps1'
[1.749s] INFO:colcon.colcon_core.shell:Creating environment descriptor '/home/jacob/MTRN4231/lab2_workspace/src/install/lab2_client_service/share/lab2_client_service/hook/cmake_prefix_path.dsv'
[1.750s] INFO:colcon.colcon_core.shell:Creating environment hook '/home/jacob/MTRN4231/lab2_workspace/src/install/lab2_client_service/share/lab2_client_service/hook/cmake_prefix_path.sh'
[1.751s] Level 1:colcon.colcon_core.environment:checking '/home/jacob/MTRN4231/lab2_workspace/src/install/lab2_client_service/lib'
[1.751s] Level 1:colcon.colcon_core.environment:checking '/home/jacob/MTRN4231/lab2_workspace/src/install/lab2_client_service/bin'
[1.752s] Level 1:colcon.colcon_core.environment:checking '/home/jacob/MTRN4231/lab2_workspace/src/install/lab2_client_service/lib/pkgconfig/lab2_client_service.pc'
[1.752s] Level 1:colcon.colcon_core.environment:checking '/home/jacob/MTRN4231/lab2_workspace/src/install/lab2_client_service/lib/python3.10/site-packages'
[1.753s] Level 1:colcon.colcon_core.environment:checking '/home/jacob/MTRN4231/lab2_workspace/src/install/lab2_client_service/bin'
[1.754s] INFO:colcon.colcon_core.shell:Creating package script '/home/jacob/MTRN4231/lab2_workspace/src/install/lab2_client_service/share/lab2_client_service/package.ps1'
[1.754s] INFO:colcon.colcon_core.shell:Creating package descriptor '/home/jacob/MTRN4231/lab2_workspace/src/install/lab2_client_service/share/lab2_client_service/package.dsv'
[1.755s] INFO:colcon.colcon_core.shell:Creating package script '/home/jacob/MTRN4231/lab2_workspace/src/install/lab2_client_service/share/lab2_client_service/package.sh'
[1.756s] INFO:colcon.colcon_core.shell:Creating package script '/home/jacob/MTRN4231/lab2_workspace/src/install/lab2_client_service/share/lab2_client_service/package.bash'
[1.757s] INFO:colcon.colcon_core.shell:Creating package script '/home/jacob/MTRN4231/lab2_workspace/src/install/lab2_client_service/share/lab2_client_service/package.zsh'
[1.758s] Level 1:colcon.colcon_core.environment:create_file_with_runtime_dependencies(/home/jacob/MTRN4231/lab2_workspace/src/install/lab2_client_service/share/colcon-core/packages/lab2_client_service)
[1.759s] DEBUG:colcon.colcon_parallel_executor.executor.parallel:closing loop
[1.759s] DEBUG:colcon.colcon_parallel_executor.executor.parallel:loop closed
[1.759s] DEBUG:colcon.colcon_parallel_executor.executor.parallel:run_until_complete finished with '2'
[1.759s] DEBUG:colcon.colcon_core.event_reactor:joining thread
[1.768s] INFO:colcon.colcon_core.plugin_system:Skipping extension 'colcon_notification.desktop_notification.terminal_notifier': Not used on non-Darwin systems
[1.769s] INFO:colcon.colcon_core.plugin_system:Skipping extension 'colcon_notification.desktop_notification.win32': Not used on non-Windows systems
[1.769s] INFO:colcon.colcon_notification.desktop_notification:Sending desktop notification using 'notify2'
[1.785s] DEBUG:colcon.colcon_core.event_reactor:joined thread
[1.786s] INFO:colcon.colcon_core.shell:Creating prefix script '/home/jacob/MTRN4231/lab2_workspace/src/install/local_setup.ps1'
[1.787s] INFO:colcon.colcon_core.shell:Creating prefix util module '/home/jacob/MTRN4231/lab2_workspace/src/install/_local_setup_util_ps1.py'
[1.790s] INFO:colcon.colcon_core.shell:Creating prefix chain script '/home/jacob/MTRN4231/lab2_workspace/src/install/setup.ps1'
[1.792s] INFO:colcon.colcon_core.shell:Creating prefix script '/home/jacob/MTRN4231/lab2_workspace/src/install/local_setup.sh'
[1.793s] INFO:colcon.colcon_core.shell:Creating prefix util module '/home/jacob/MTRN4231/lab2_workspace/src/install/_local_setup_util_sh.py'
[1.794s] INFO:colcon.colcon_core.shell:Creating prefix chain script '/home/jacob/MTRN4231/lab2_workspace/src/install/setup.sh'
[1.796s] INFO:colcon.colcon_core.shell:Creating prefix script '/home/jacob/MTRN4231/lab2_workspace/src/install/local_setup.bash'
[1.797s] INFO:colcon.colcon_core.shell:Creating prefix chain script '/home/jacob/MTRN4231/lab2_workspace/src/install/setup.bash'
[1.799s] INFO:colcon.colcon_core.shell:Creating prefix script '/home/jacob/MTRN4231/lab2_workspace/src/install/local_setup.zsh'
[1.800s] INFO:colcon.colcon_core.shell:Creating prefix chain script '/home/jacob/MTRN4231/lab2_workspace/src/install/setup.zsh'
