[0.064s] Invoking command in '/home/jacob/MTRN4231/lab2_workspace/src/build/visualisation': CMAKE_PREFIX_PATH=${CMAKE_PREFIX_PATH}:/opt/ros/humble /usr/bin/cmake --build /home/jacob/MTRN4231/lab2_workspace/src/build/visualisation -- -j8 -l8
[0.214s] [35m[1mConsolidate compiler generated dependencies of target OOI[0m
[0.280s] [ 50%] [32mBuilding CXX object CMakeFiles/OOI.dir/src/OOI.cpp.o[0m
[1.020s] [01m[K/home/jacob/MTRN4231/lab2_workspace/src/visualisation/src/OOI.cpp:99:38:[m[K [01;35m[Kwarning: [m[Kmulti-character character constant [[01;35m[K]8;;https://gcc.gnu.org/onlinedocs/gcc/Warning-Options.html#index-Wmultichar-Wmultichar]8;;[m[K]
[1.021s]    99 |     t = SpherePublisher::call_servce([01;35m[K'map'[m[K, 'OOI');
[1.021s]       |                                      [01;35m[K^~~~~[m[K
[1.023s] [01m[K/home/jacob/MTRN4231/lab2_workspace/src/visualisation/src/OOI.cpp:99:45:[m[K [01;35m[Kwarning: [m[Kmulti-character character constant [[01;35m[K]8;;https://gcc.gnu.org/onlinedocs/gcc/Warning-Options.html#index-Wmultichar-Wmultichar]8;;[m[K]
[1.024s]    99 |     t = SpherePublisher::call_servce('map', [01;35m[K'OOI'[m[K);
[1.024s]       |                                             [01;35m[K^~~~~[m[K
[6.083s] [01m[K/home/jacob/MTRN4231/lab2_workspace/src/visualisation/src/OOI.cpp:[m[K In member function ‘[01m[Kvoid SpherePublisher::spherepub_callback()[m[K’:
[6.083s] [01m[K/home/jacob/MTRN4231/lab2_workspace/src/visualisation/src/OOI.cpp:99:38:[m[K [01;31m[Kerror: [m[Kcannot convert ‘[01m[Kint[m[K’ to ‘[01m[Kstd::string[m[K’ {aka ‘[01m[Kstd::__cxx11::basic_string<char>[m[K’}
[6.084s]    99 |     t = SpherePublisher::call_servce([01;31m[K'map'[m[K, 'OOI');
[6.084s]       |                                      [01;31m[K^~~~~[m[K
[6.084s]       |                                      [01;31m[K|[m[K
[6.084s]       |                                      [01;31m[Kint[m[K
[6.084s] [01m[K/home/jacob/MTRN4231/lab2_workspace/src/visualisation/src/OOI.cpp:56:52:[m[K [01;36m[Knote: [m[K  initializing argument 1 of ‘[01m[Kgeometry_msgs::msg::Pose SpherePublisher::call_servce(std::string, std::string)[m[K’
[6.084s]    56 |   geometry_msgs::msg::Pose call_servce([01;36m[Kstd::string fromFrame[m[K, std::string toFrame) {
[6.085s]       |                                        [01;36m[K~~~~~~~~~~~~^~~~~~~~~[m[K
[8.582s] gmake[2]: *** [CMakeFiles/OOI.dir/build.make:76: CMakeFiles/OOI.dir/src/OOI.cpp.o] Error 1
[8.582s] gmake[1]: *** [CMakeFiles/Makefile2:137: CMakeFiles/OOI.dir/all] Error 2
[8.583s] gmake: *** [Makefile:146: all] Error 2
[8.586s] Invoked command in '/home/jacob/MTRN4231/lab2_workspace/src/build/visualisation' returned '2': CMAKE_PREFIX_PATH=${CMAKE_PREFIX_PATH}:/opt/ros/humble /usr/bin/cmake --build /home/jacob/MTRN4231/lab2_workspace/src/build/visualisation -- -j8 -l8
