[0.041s] Invoking command in '/home/jacob/MTRN4231/lab1_workspace/build/cpp_pubsub': CMAKE_PREFIX_PATH=${CMAKE_PREFIX_PATH}:/opt/ros/humble /usr/bin/cmake --build /home/jacob/MTRN4231/lab1_workspace/build/cpp_pubsub -- -j8 -l8
[0.152s] [35m[1mConsolidate compiler generated dependencies of target talker[0m
[0.191s] [ 50%] [32mBuilding CXX object CMakeFiles/talker.dir/src/publisher_member_function.cpp.o[0m
[9.007s] [100%] [32m[1mLinking CXX executable talker[0m
[9.748s] [100%] Built target talker
[9.801s] Invoked command in '/home/jacob/MTRN4231/lab1_workspace/build/cpp_pubsub' returned '0': CMAKE_PREFIX_PATH=${CMAKE_PREFIX_PATH}:/opt/ros/humble /usr/bin/cmake --build /home/jacob/MTRN4231/lab1_workspace/build/cpp_pubsub -- -j8 -l8
[9.831s] Invoking command in '/home/jacob/MTRN4231/lab1_workspace/build/cpp_pubsub': CMAKE_PREFIX_PATH=${CMAKE_PREFIX_PATH}:/opt/ros/humble /usr/bin/cmake --install /home/jacob/MTRN4231/lab1_workspace/build/cpp_pubsub
[9.846s] -- Install configuration: ""
[9.846s] -- Installing: /home/jacob/MTRN4231/lab1_workspace/install/cpp_pubsub/lib/cpp_pubsub/talker
[9.853s] -- Set runtime path of "/home/jacob/MTRN4231/lab1_workspace/install/cpp_pubsub/lib/cpp_pubsub/talker" to ""
[9.854s] -- Up-to-date: /home/jacob/MTRN4231/lab1_workspace/install/cpp_pubsub/share/ament_index/resource_index/package_run_dependencies/cpp_pubsub
[9.854s] -- Up-to-date: /home/jacob/MTRN4231/lab1_workspace/install/cpp_pubsub/share/ament_index/resource_index/parent_prefix_path/cpp_pubsub
[9.855s] -- Up-to-date: /home/jacob/MTRN4231/lab1_workspace/install/cpp_pubsub/share/cpp_pubsub/environment/ament_prefix_path.sh
[9.855s] -- Up-to-date: /home/jacob/MTRN4231/lab1_workspace/install/cpp_pubsub/share/cpp_pubsub/environment/ament_prefix_path.dsv
[9.856s] -- Up-to-date: /home/jacob/MTRN4231/lab1_workspace/install/cpp_pubsub/share/cpp_pubsub/environment/path.sh
[9.856s] -- Up-to-date: /home/jacob/MTRN4231/lab1_workspace/install/cpp_pubsub/share/cpp_pubsub/environment/path.dsv
[9.856s] -- Up-to-date: /home/jacob/MTRN4231/lab1_workspace/install/cpp_pubsub/share/cpp_pubsub/local_setup.bash
[9.856s] -- Up-to-date: /home/jacob/MTRN4231/lab1_workspace/install/cpp_pubsub/share/cpp_pubsub/local_setup.sh
[9.856s] -- Up-to-date: /home/jacob/MTRN4231/lab1_workspace/install/cpp_pubsub/share/cpp_pubsub/local_setup.zsh
[9.856s] -- Up-to-date: /home/jacob/MTRN4231/lab1_workspace/install/cpp_pubsub/share/cpp_pubsub/local_setup.dsv
[9.857s] -- Installing: /home/jacob/MTRN4231/lab1_workspace/install/cpp_pubsub/share/cpp_pubsub/package.dsv
[9.857s] -- Up-to-date: /home/jacob/MTRN4231/lab1_workspace/install/cpp_pubsub/share/ament_index/resource_index/packages/cpp_pubsub
[9.857s] -- Up-to-date: /home/jacob/MTRN4231/lab1_workspace/install/cpp_pubsub/share/cpp_pubsub/cmake/cpp_pubsubConfig.cmake
[9.857s] -- Up-to-date: /home/jacob/MTRN4231/lab1_workspace/install/cpp_pubsub/share/cpp_pubsub/cmake/cpp_pubsubConfig-version.cmake
[9.857s] -- Up-to-date: /home/jacob/MTRN4231/lab1_workspace/install/cpp_pubsub/share/cpp_pubsub/package.xml
[9.860s] Invoked command in '/home/jacob/MTRN4231/lab1_workspace/build/cpp_pubsub' returned '0': CMAKE_PREFIX_PATH=${CMAKE_PREFIX_PATH}:/opt/ros/humble /usr/bin/cmake --install /home/jacob/MTRN4231/lab1_workspace/build/cpp_pubsub
