[0.016s] Invoking command in '/home/jacob/MTRN4231/lab2_workspace/src/build/lab2_client_service': CMAKE_PREFIX_PATH=${CMAKE_PREFIX_PATH}:/opt/ros/humble /usr/bin/cmake --build /home/jacob/MTRN4231/lab2_workspace/src/build/lab2_client_service -- -j8 -l8
[0.058s] -- Found ament_cmake: 1.3.12 (/opt/ros/humble/share/ament_cmake/cmake)
[0.242s] -- Found rclcpp: 16.0.14 (/opt/ros/humble/share/rclcpp/cmake)
[0.299s] -- Found rosidl_generator_c: 3.1.7 (/opt/ros/humble/share/rosidl_generator_c/cmake)
[0.304s] -- Found rosidl_adapter: 3.1.7 (/opt/ros/humble/share/rosidl_adapter/cmake)
[0.328s] -- Found rosidl_generator_cpp: 3.1.7 (/opt/ros/humble/share/rosidl_generator_cpp/cmake)
[0.385s] -- Using all available rosidl_typesupport_c: rosidl_typesupport_fastrtps_c;rosidl_typesupport_introspection_c
[0.417s] -- Using all available rosidl_typesupport_cpp: rosidl_typesupport_fastrtps_cpp;rosidl_typesupport_introspection_cpp
[0.473s] -- Found rmw_implementation_cmake: 6.1.2 (/opt/ros/humble/share/rmw_implementation_cmake/cmake)
[0.475s] -- Found rmw_fastrtps_cpp: 6.2.8 (/opt/ros/humble/share/rmw_fastrtps_cpp/cmake)
[0.681s] -- Using RMW implementation 'rmw_fastrtps_cpp' as default
[0.757s] -- Found example_interfaces: 0.9.3 (/opt/ros/humble/share/example_interfaces/cmake)
[0.878s] [31mCMake Error at CMakeLists.txt:7 (find_package):
[0.878s]   By not providing "Findmy_interface.cmake" in CMAKE_MODULE_PATH this project
[0.878s]   has asked CMake to find a package configuration file provided by
[0.878s]   "my_interface", but CMake did not find one.
[0.878s] 
[0.878s]   Could not find a package configuration file provided by "my_interface" with
[0.878s]   any of the following names:
[0.878s] 
[0.878s]     my_interfaceConfig.cmake
[0.878s]     my_interface-config.cmake
[0.878s] 
[0.878s]   Add the installation prefix of "my_interface" to CMAKE_PREFIX_PATH or set
[0.878s]   "my_interface_DIR" to a directory containing one of the above files.  If
[0.879s]   "my_interface" provides a separate development package or SDK, be sure it
[0.879s]   has been installed.
[0.879s] 
[0.879s] [0m
[0.879s] -- Configuring incomplete, errors occurred!
[0.879s] See also "/home/jacob/MTRN4231/lab2_workspace/src/build/lab2_client_service/CMakeFiles/CMakeOutput.log".
[0.888s] gmake: *** [Makefile:349: cmake_check_build_system] Error 1
[0.890s] Invoked command in '/home/jacob/MTRN4231/lab2_workspace/src/build/lab2_client_service' returned '2': CMAKE_PREFIX_PATH=${CMAKE_PREFIX_PATH}:/opt/ros/humble /usr/bin/cmake --build /home/jacob/MTRN4231/lab2_workspace/src/build/lab2_client_service -- -j8 -l8
