[0.052s] Invoking command in '/home/jacob/MTRN4231/lab1_workspace/build/tutorial_interfaces': CMAKE_PREFIX_PATH=${CMAKE_PREFIX_PATH}:/opt/ros/humble /usr/bin/cmake --build /home/jacob/MTRN4231/lab1_workspace/build/tutorial_interfaces -- -j8 -l8
[0.140s] -- Found ament_cmake: 1.3.12 (/opt/ros/humble/share/ament_cmake/cmake)
[0.500s] -- Found geometry_msgs: 4.9.0 (/opt/ros/humble/share/geometry_msgs/cmake)
[1.230s] -- Found rosidl_generator_c: 3.1.7 (/opt/ros/humble/share/rosidl_generator_c/cmake)
[1.240s] -- Found rosidl_adapter: 3.1.7 (/opt/ros/humble/share/rosidl_adapter/cmake)
[1.258s] -- Found rosidl_generator_cpp: 3.1.7 (/opt/ros/humble/share/rosidl_generator_cpp/cmake)
[1.283s] -- Using all available rosidl_typesupport_c: rosidl_typesupport_fastrtps_c;rosidl_typesupport_introspection_c
[1.310s] -- Using all available rosidl_typesupport_cpp: rosidl_typesupport_fastrtps_cpp;rosidl_typesupport_introspection_cpp
[1.437s] -- Found rosidl_default_generators: 1.2.0 (/opt/ros/humble/share/rosidl_default_generators/cmake)
[1.470s] [31mCMake Error at /opt/ros/humble/share/rosidl_cmake/cmake/rosidl_generate_interfaces.cmake:93 (message):
[1.470s]   rosidl_generate_interfaces() the passed file 'msg/PoseStamped.msg' doesn't
[1.471s]   exist relative to the CMAKE_CURRENT_SOURCE_DIR
[1.471s]   '/home/jacob/MTRN4231/lab1_workspace/src/tutorial_interfaces'
[1.471s] Call Stack (most recent call first):
[1.472s]   CMakeLists.txt:17 (rosidl_generate_interfaces)
[1.472s] 
[1.472s] [0m
[1.472s] -- Configuring incomplete, errors occurred!
[1.472s] See also "/home/jacob/MTRN4231/lab1_workspace/build/tutorial_interfaces/CMakeFiles/CMakeOutput.log".
[1.484s] gmake: *** [Makefile:747: cmake_check_build_system] Error 1
[1.490s] Invoked command in '/home/jacob/MTRN4231/lab1_workspace/build/tutorial_interfaces' returned '2': CMAKE_PREFIX_PATH=${CMAKE_PREFIX_PATH}:/opt/ros/humble /usr/bin/cmake --build /home/jacob/MTRN4231/lab1_workspace/build/tutorial_interfaces -- -j8 -l8
