[0.559s] DEBUG:colcon:Command line arguments: ['/usr/bin/colcon', 'build']
[0.559s] DEBUG:colcon:Parsed command line arguments: Namespace(log_base=None, log_level=None, verb_name='build', build_base='build', install_base='install', merge_install=False, symlink_install=False, test_result_base=None, continue_on_error=False, executor='parallel', parallel_workers=8, event_handlers=None, ignore_user_meta=False, metas=['./colcon.meta'], base_paths=['.'], packages_ignore=None, packages_ignore_regex=None, paths=None, packages_up_to=None, packages_up_to_regex=None, packages_above=None, packages_above_and_dependencies=None, packages_above_depth=None, packages_select_by_dep=None, packages_skip_by_dep=None, packages_skip_up_to=None, packages_select_build_failed=False, packages_skip_build_finished=False, packages_select_test_failures=False, packages_skip_test_passed=False, packages_select=None, packages_skip=None, packages_select_regex=None, packages_skip_regex=None, packages_start=None, packages_end=None, allow_overriding=[], cmake_args=None, cmake_target=None, cmake_target_skip_unavailable=False, cmake_clean_cache=False, cmake_clean_first=False, cmake_force_configure=False, ament_cmake_args=None, catkin_cmake_args=None, catkin_skip_building_tests=False, mixin_files=None, mixin=None, verb_parser=<colcon_mixin.mixin.mixin_argument.MixinArgumentDecorator object at 0x7721ecee3370>, verb_extension=<colcon_core.verb.build.BuildVerb object at 0x7721ecee29b0>, main=<bound method BuildVerb.main of <colcon_core.verb.build.BuildVerb object at 0x7721ecee29b0>>, mixin_verb=('build',))
[1.021s] Level 1:colcon.colcon_core.package_discovery:discover_packages(colcon_meta) check parameters
[1.022s] Level 1:colcon.colcon_core.package_discovery:discover_packages(recursive) check parameters
[1.022s] Level 1:colcon.colcon_core.package_discovery:discover_packages(ignore) check parameters
[1.022s] Level 1:colcon.colcon_core.package_discovery:discover_packages(path) check parameters
[1.023s] Level 1:colcon.colcon_core.package_discovery:discover_packages(colcon_meta) discover
[1.023s] Level 1:colcon.colcon_core.package_discovery:discover_packages(recursive) discover
[1.023s] INFO:colcon.colcon_core.package_discovery:Crawling recursively for packages in '/home/jacob/MTRN4231/lab1_workspace'
[1.023s] Level 1:colcon.colcon_core.package_identification:_identify(.) by extensions ['ignore', 'ignore_ament_install']
[1.024s] Level 1:colcon.colcon_core.package_identification:_identify(.) by extension 'ignore'
[1.024s] Level 1:colcon.colcon_core.package_identification:_identify(.) by extension 'ignore_ament_install'
[1.024s] Level 1:colcon.colcon_core.package_identification:_identify(.) by extensions ['colcon_pkg']
[1.024s] Level 1:colcon.colcon_core.package_identification:_identify(.) by extension 'colcon_pkg'
[1.024s] Level 1:colcon.colcon_core.package_identification:_identify(.) by extensions ['colcon_meta']
[1.024s] Level 1:colcon.colcon_core.package_identification:_identify(.) by extension 'colcon_meta'
[1.024s] Level 1:colcon.colcon_core.package_identification:_identify(.) by extensions ['ros']
[1.024s] Level 1:colcon.colcon_core.package_identification:_identify(.) by extension 'ros'
[1.080s] Level 1:colcon.colcon_core.package_identification:_identify(.) by extensions ['cmake', 'python']
[1.081s] Level 1:colcon.colcon_core.package_identification:_identify(.) by extension 'cmake'
[1.081s] Level 1:colcon.colcon_core.package_identification:_identify(.) by extension 'python'
[1.081s] Level 1:colcon.colcon_core.package_identification:_identify(.) by extensions ['python_setup_py']
[1.081s] Level 1:colcon.colcon_core.package_identification:_identify(.) by extension 'python_setup_py'
[1.081s] Level 1:colcon.colcon_core.package_identification:_identify(build) by extensions ['ignore', 'ignore_ament_install']
[1.081s] Level 1:colcon.colcon_core.package_identification:_identify(build) by extension 'ignore'
[1.082s] Level 1:colcon.colcon_core.package_identification:_identify(build) ignored
[1.082s] Level 1:colcon.colcon_core.package_identification:_identify(install) by extensions ['ignore', 'ignore_ament_install']
[1.082s] Level 1:colcon.colcon_core.package_identification:_identify(install) by extension 'ignore'
[1.083s] Level 1:colcon.colcon_core.package_identification:_identify(install) ignored
[1.083s] Level 1:colcon.colcon_core.package_identification:_identify(log) by extensions ['ignore', 'ignore_ament_install']
[1.084s] Level 1:colcon.colcon_core.package_identification:_identify(log) by extension 'ignore'
[1.084s] Level 1:colcon.colcon_core.package_identification:_identify(log) ignored
[1.085s] Level 1:colcon.colcon_core.package_identification:_identify(src) by extensions ['ignore', 'ignore_ament_install']
[1.085s] Level 1:colcon.colcon_core.package_identification:_identify(src) by extension 'ignore'
[1.085s] Level 1:colcon.colcon_core.package_identification:_identify(src) by extension 'ignore_ament_install'
[1.086s] Level 1:colcon.colcon_core.package_identification:_identify(src) by extensions ['colcon_pkg']
[1.086s] Level 1:colcon.colcon_core.package_identification:_identify(src) by extension 'colcon_pkg'
[1.086s] Level 1:colcon.colcon_core.package_identification:_identify(src) by extensions ['colcon_meta']
[1.086s] Level 1:colcon.colcon_core.package_identification:_identify(src) by extension 'colcon_meta'
[1.086s] Level 1:colcon.colcon_core.package_identification:_identify(src) by extensions ['ros']
[1.086s] Level 1:colcon.colcon_core.package_identification:_identify(src) by extension 'ros'
[1.086s] Level 1:colcon.colcon_core.package_identification:_identify(src) by extensions ['cmake', 'python']
[1.087s] Level 1:colcon.colcon_core.package_identification:_identify(src) by extension 'cmake'
[1.087s] Level 1:colcon.colcon_core.package_identification:_identify(src) by extension 'python'
[1.087s] Level 1:colcon.colcon_core.package_identification:_identify(src) by extensions ['python_setup_py']
[1.087s] Level 1:colcon.colcon_core.package_identification:_identify(src) by extension 'python_setup_py'
[1.087s] Level 1:colcon.colcon_core.package_identification:_identify(src/cpp_pubsub) by extensions ['ignore', 'ignore_ament_install']
[1.088s] Level 1:colcon.colcon_core.package_identification:_identify(src/cpp_pubsub) by extension 'ignore'
[1.088s] Level 1:colcon.colcon_core.package_identification:_identify(src/cpp_pubsub) by extension 'ignore_ament_install'
[1.088s] Level 1:colcon.colcon_core.package_identification:_identify(src/cpp_pubsub) by extensions ['colcon_pkg']
[1.089s] Level 1:colcon.colcon_core.package_identification:_identify(src/cpp_pubsub) by extension 'colcon_pkg'
[1.089s] Level 1:colcon.colcon_core.package_identification:_identify(src/cpp_pubsub) by extensions ['colcon_meta']
[1.089s] Level 1:colcon.colcon_core.package_identification:_identify(src/cpp_pubsub) by extension 'colcon_meta'
[1.089s] Level 1:colcon.colcon_core.package_identification:_identify(src/cpp_pubsub) by extensions ['ros']
[1.089s] Level 1:colcon.colcon_core.package_identification:_identify(src/cpp_pubsub) by extension 'ros'
[1.096s] DEBUG:colcon.colcon_core.package_identification:Package 'src/cpp_pubsub' with type 'ros.ament_cmake' and name 'cpp_pubsub'
[1.096s] Level 1:colcon.colcon_core.package_discovery:discover_packages(recursive) using defaults
[1.097s] Level 1:colcon.colcon_core.package_discovery:discover_packages(ignore) discover
[1.097s] Level 1:colcon.colcon_core.package_discovery:discover_packages(ignore) using defaults
[1.097s] Level 1:colcon.colcon_core.package_discovery:discover_packages(path) discover
[1.097s] Level 1:colcon.colcon_core.package_discovery:discover_packages(path) using defaults
[1.146s] Level 1:colcon.colcon_core.package_discovery:discover_packages(prefix_path) check parameters
[1.146s] Level 1:colcon.colcon_core.package_discovery:discover_packages(prefix_path) discover
[1.154s] DEBUG:colcon.colcon_installed_package_information.package_discovery:Found 1 installed packages in /home/jacob/MTRN4231/lab1_workspace/install
[1.157s] DEBUG:colcon.colcon_installed_package_information.package_discovery:Found 271 installed packages in /opt/ros/humble
[1.159s] Level 1:colcon.colcon_core.package_discovery:discover_packages(prefix_path) using defaults
[1.228s] Level 5:colcon.colcon_core.verb:set package 'cpp_pubsub' build argument 'cmake_args' from command line to 'None'
[1.229s] Level 5:colcon.colcon_core.verb:set package 'cpp_pubsub' build argument 'cmake_target' from command line to 'None'
[1.229s] Level 5:colcon.colcon_core.verb:set package 'cpp_pubsub' build argument 'cmake_target_skip_unavailable' from command line to 'False'
[1.229s] Level 5:colcon.colcon_core.verb:set package 'cpp_pubsub' build argument 'cmake_clean_cache' from command line to 'False'
[1.229s] Level 5:colcon.colcon_core.verb:set package 'cpp_pubsub' build argument 'cmake_clean_first' from command line to 'False'
[1.229s] Level 5:colcon.colcon_core.verb:set package 'cpp_pubsub' build argument 'cmake_force_configure' from command line to 'False'
[1.229s] Level 5:colcon.colcon_core.verb:set package 'cpp_pubsub' build argument 'ament_cmake_args' from command line to 'None'
[1.229s] Level 5:colcon.colcon_core.verb:set package 'cpp_pubsub' build argument 'catkin_cmake_args' from command line to 'None'
[1.229s] Level 5:colcon.colcon_core.verb:set package 'cpp_pubsub' build argument 'catkin_skip_building_tests' from command line to 'False'
[1.229s] DEBUG:colcon.colcon_core.verb:Building package 'cpp_pubsub' with the following arguments: {'ament_cmake_args': None, 'build_base': '/home/jacob/MTRN4231/lab1_workspace/build/cpp_pubsub', 'catkin_cmake_args': None, 'catkin_skip_building_tests': False, 'cmake_args': None, 'cmake_clean_cache': False, 'cmake_clean_first': False, 'cmake_force_configure': False, 'cmake_target': None, 'cmake_target_skip_unavailable': False, 'install_base': '/home/jacob/MTRN4231/lab1_workspace/install/cpp_pubsub', 'merge_install': False, 'path': '/home/jacob/MTRN4231/lab1_workspace/src/cpp_pubsub', 'symlink_install': False, 'test_result_base': None}
[1.229s] INFO:colcon.colcon_core.executor:Executing jobs using 'parallel' executor
[1.231s] DEBUG:colcon.colcon_parallel_executor.executor.parallel:run_until_complete
[1.231s] INFO:colcon.colcon_ros.task.ament_cmake.build:Building ROS package in '/home/jacob/MTRN4231/lab1_workspace/src/cpp_pubsub' with build type 'ament_cmake'
[1.232s] INFO:colcon.colcon_cmake.task.cmake.build:Building CMake package in '/home/jacob/MTRN4231/lab1_workspace/src/cpp_pubsub'
[1.237s] INFO:colcon.colcon_core.plugin_system:Skipping extension 'colcon_core.shell.bat': Not used on non-Windows systems
[1.238s] INFO:colcon.colcon_core.shell:Skip shell extension 'powershell' for command environment: Not usable outside of PowerShell
[1.238s] DEBUG:colcon.colcon_core.shell:Skip shell extension 'dsv' for command environment
[1.262s] DEBUG:colcon.colcon_core.event_handler.log_command:Invoking command in '/home/jacob/MTRN4231/lab1_workspace/build/cpp_pubsub': CMAKE_PREFIX_PATH=${CMAKE_PREFIX_PATH}:/opt/ros/humble /usr/bin/cmake --build /home/jacob/MTRN4231/lab1_workspace/build/cpp_pubsub -- -j8 -l8
[10.841s] DEBUG:colcon.colcon_core.event_handler.log_command:Invoked command in '/home/jacob/MTRN4231/lab1_workspace/build/cpp_pubsub' returned '0': CMAKE_PREFIX_PATH=${CMAKE_PREFIX_PATH}:/opt/ros/humble /usr/bin/cmake --build /home/jacob/MTRN4231/lab1_workspace/build/cpp_pubsub -- -j8 -l8
[10.864s] DEBUG:colcon.colcon_core.event_handler.log_command:Invoking command in '/home/jacob/MTRN4231/lab1_workspace/build/cpp_pubsub': CMAKE_PREFIX_PATH=${CMAKE_PREFIX_PATH}:/opt/ros/humble /usr/bin/cmake --install /home/jacob/MTRN4231/lab1_workspace/build/cpp_pubsub
[10.891s] Level 1:colcon.colcon_core.environment:create_environment_scripts_only(cpp_pubsub)
[10.892s] DEBUG:colcon.colcon_core.event_handler.log_command:Invoked command in '/home/jacob/MTRN4231/lab1_workspace/build/cpp_pubsub' returned '0': CMAKE_PREFIX_PATH=${CMAKE_PREFIX_PATH}:/opt/ros/humble /usr/bin/cmake --install /home/jacob/MTRN4231/lab1_workspace/build/cpp_pubsub
[10.896s] Level 1:colcon.colcon_core.environment:checking '/home/jacob/MTRN4231/lab1_workspace/install/cpp_pubsub' for CMake module files
[10.897s] Level 1:colcon.colcon_core.environment:checking '/home/jacob/MTRN4231/lab1_workspace/install/cpp_pubsub' for CMake config files
[10.898s] Level 1:colcon.colcon_core.shell:create_environment_hook('cpp_pubsub', 'cmake_prefix_path')
[10.898s] INFO:colcon.colcon_core.shell:Creating environment hook '/home/jacob/MTRN4231/lab1_workspace/install/cpp_pubsub/share/cpp_pubsub/hook/cmake_prefix_path.ps1'
[10.901s] INFO:colcon.colcon_core.shell:Creating environment descriptor '/home/jacob/MTRN4231/lab1_workspace/install/cpp_pubsub/share/cpp_pubsub/hook/cmake_prefix_path.dsv'
[10.903s] INFO:colcon.colcon_core.shell:Creating environment hook '/home/jacob/MTRN4231/lab1_workspace/install/cpp_pubsub/share/cpp_pubsub/hook/cmake_prefix_path.sh'
[10.904s] Level 1:colcon.colcon_core.environment:checking '/home/jacob/MTRN4231/lab1_workspace/install/cpp_pubsub/lib'
[10.904s] Level 1:colcon.colcon_core.environment:checking '/home/jacob/MTRN4231/lab1_workspace/install/cpp_pubsub/bin'
[10.904s] Level 1:colcon.colcon_core.environment:checking '/home/jacob/MTRN4231/lab1_workspace/install/cpp_pubsub/lib/pkgconfig/cpp_pubsub.pc'
[10.905s] Level 1:colcon.colcon_core.environment:checking '/home/jacob/MTRN4231/lab1_workspace/install/cpp_pubsub/lib/python3.10/site-packages'
[10.905s] Level 1:colcon.colcon_core.environment:checking '/home/jacob/MTRN4231/lab1_workspace/install/cpp_pubsub/bin'
[10.906s] INFO:colcon.colcon_core.shell:Creating package script '/home/jacob/MTRN4231/lab1_workspace/install/cpp_pubsub/share/cpp_pubsub/package.ps1'
[10.907s] INFO:colcon.colcon_core.shell:Creating package descriptor '/home/jacob/MTRN4231/lab1_workspace/install/cpp_pubsub/share/cpp_pubsub/package.dsv'
[10.908s] INFO:colcon.colcon_core.shell:Creating package script '/home/jacob/MTRN4231/lab1_workspace/install/cpp_pubsub/share/cpp_pubsub/package.sh'
[10.910s] INFO:colcon.colcon_core.shell:Creating package script '/home/jacob/MTRN4231/lab1_workspace/install/cpp_pubsub/share/cpp_pubsub/package.bash'
[10.912s] INFO:colcon.colcon_core.shell:Creating package script '/home/jacob/MTRN4231/lab1_workspace/install/cpp_pubsub/share/cpp_pubsub/package.zsh'
[10.913s] Level 1:colcon.colcon_core.environment:create_file_with_runtime_dependencies(/home/jacob/MTRN4231/lab1_workspace/install/cpp_pubsub/share/colcon-core/packages/cpp_pubsub)
[10.914s] Level 1:colcon.colcon_core.environment:create_environment_scripts_only(cpp_pubsub)
[10.915s] Level 1:colcon.colcon_core.environment:checking '/home/jacob/MTRN4231/lab1_workspace/install/cpp_pubsub' for CMake module files
[10.917s] Level 1:colcon.colcon_core.environment:checking '/home/jacob/MTRN4231/lab1_workspace/install/cpp_pubsub' for CMake config files
[10.919s] Level 1:colcon.colcon_core.shell:create_environment_hook('cpp_pubsub', 'cmake_prefix_path')
[10.919s] INFO:colcon.colcon_core.shell:Creating environment hook '/home/jacob/MTRN4231/lab1_workspace/install/cpp_pubsub/share/cpp_pubsub/hook/cmake_prefix_path.ps1'
[10.921s] INFO:colcon.colcon_core.shell:Creating environment descriptor '/home/jacob/MTRN4231/lab1_workspace/install/cpp_pubsub/share/cpp_pubsub/hook/cmake_prefix_path.dsv'
[10.922s] INFO:colcon.colcon_core.shell:Creating environment hook '/home/jacob/MTRN4231/lab1_workspace/install/cpp_pubsub/share/cpp_pubsub/hook/cmake_prefix_path.sh'
[10.923s] Level 1:colcon.colcon_core.environment:checking '/home/jacob/MTRN4231/lab1_workspace/install/cpp_pubsub/lib'
[10.924s] Level 1:colcon.colcon_core.environment:checking '/home/jacob/MTRN4231/lab1_workspace/install/cpp_pubsub/bin'
[10.924s] Level 1:colcon.colcon_core.environment:checking '/home/jacob/MTRN4231/lab1_workspace/install/cpp_pubsub/lib/pkgconfig/cpp_pubsub.pc'
[10.924s] Level 1:colcon.colcon_core.environment:checking '/home/jacob/MTRN4231/lab1_workspace/install/cpp_pubsub/lib/python3.10/site-packages'
[10.925s] Level 1:colcon.colcon_core.environment:checking '/home/jacob/MTRN4231/lab1_workspace/install/cpp_pubsub/bin'
[10.925s] INFO:colcon.colcon_core.shell:Creating package script '/home/jacob/MTRN4231/lab1_workspace/install/cpp_pubsub/share/cpp_pubsub/package.ps1'
[10.926s] INFO:colcon.colcon_core.shell:Creating package descriptor '/home/jacob/MTRN4231/lab1_workspace/install/cpp_pubsub/share/cpp_pubsub/package.dsv'
[10.927s] INFO:colcon.colcon_core.shell:Creating package script '/home/jacob/MTRN4231/lab1_workspace/install/cpp_pubsub/share/cpp_pubsub/package.sh'
[10.928s] INFO:colcon.colcon_core.shell:Creating package script '/home/jacob/MTRN4231/lab1_workspace/install/cpp_pubsub/share/cpp_pubsub/package.bash'
[10.929s] INFO:colcon.colcon_core.shell:Creating package script '/home/jacob/MTRN4231/lab1_workspace/install/cpp_pubsub/share/cpp_pubsub/package.zsh'
[10.930s] Level 1:colcon.colcon_core.environment:create_file_with_runtime_dependencies(/home/jacob/MTRN4231/lab1_workspace/install/cpp_pubsub/share/colcon-core/packages/cpp_pubsub)
[10.931s] DEBUG:colcon.colcon_parallel_executor.executor.parallel:closing loop
[10.932s] DEBUG:colcon.colcon_parallel_executor.executor.parallel:loop closed
[10.933s] DEBUG:colcon.colcon_parallel_executor.executor.parallel:run_until_complete finished with '0'
[10.934s] DEBUG:colcon.colcon_core.event_reactor:joining thread
[10.953s] INFO:colcon.colcon_core.plugin_system:Skipping extension 'colcon_notification.desktop_notification.terminal_notifier': Not used on non-Darwin systems
[10.954s] INFO:colcon.colcon_core.plugin_system:Skipping extension 'colcon_notification.desktop_notification.win32': Not used on non-Windows systems
[10.954s] INFO:colcon.colcon_notification.desktop_notification:Sending desktop notification using 'notify2'
[10.971s] DEBUG:colcon.colcon_notification.desktop_notification.notify2:Failed to initialize notify2: org.freedesktop.DBus.Error.ServiceUnknown: The name org.freedesktop.Notifications was not provided by any .service files
[10.972s] DEBUG:colcon.colcon_core.event_reactor:joined thread
[10.973s] INFO:colcon.colcon_core.shell:Creating prefix script '/home/jacob/MTRN4231/lab1_workspace/install/local_setup.ps1'
[10.975s] INFO:colcon.colcon_core.shell:Creating prefix util module '/home/jacob/MTRN4231/lab1_workspace/install/_local_setup_util_ps1.py'
[10.977s] INFO:colcon.colcon_core.shell:Creating prefix chain script '/home/jacob/MTRN4231/lab1_workspace/install/setup.ps1'
[10.979s] INFO:colcon.colcon_core.shell:Creating prefix script '/home/jacob/MTRN4231/lab1_workspace/install/local_setup.sh'
[10.981s] INFO:colcon.colcon_core.shell:Creating prefix util module '/home/jacob/MTRN4231/lab1_workspace/install/_local_setup_util_sh.py'
[10.982s] INFO:colcon.colcon_core.shell:Creating prefix chain script '/home/jacob/MTRN4231/lab1_workspace/install/setup.sh'
[10.987s] INFO:colcon.colcon_core.shell:Creating prefix script '/home/jacob/MTRN4231/lab1_workspace/install/local_setup.bash'
[10.989s] INFO:colcon.colcon_core.shell:Creating prefix chain script '/home/jacob/MTRN4231/lab1_workspace/install/setup.bash'
[10.990s] INFO:colcon.colcon_core.shell:Creating prefix script '/home/jacob/MTRN4231/lab1_workspace/install/local_setup.zsh'
[10.991s] INFO:colcon.colcon_core.shell:Creating prefix chain script '/home/jacob/MTRN4231/lab1_workspace/install/setup.zsh'
