[0.032s] Invoking command in '/home/jacob/MTRN4231/lab1_workspace/build/cpp_pubsub': CMAKE_PREFIX_PATH=${CMAKE_PREFIX_PATH}:/opt/ros/humble /usr/bin/cmake --build /home/jacob/MTRN4231/lab1_workspace/build/cpp_pubsub -- -j8 -l8
[0.125s] [35m[1mConsolidate compiler generated dependencies of target talker[0m
[0.159s] [ 50%] Built target listener
[0.176s] [ 75%] [32mBuilding CXX object CMakeFiles/talker.dir/src/publisher_member_function.cpp.o[0m
[11.598s] [100%] [32m[1mLinking CXX executable talker[0m
[12.402s] [100%] Built target talker
[12.430s] Invoked command in '/home/jacob/MTRN4231/lab1_workspace/build/cpp_pubsub' returned '0': CMAKE_PREFIX_PATH=${CMAKE_PREFIX_PATH}:/opt/ros/humble /usr/bin/cmake --build /home/jacob/MTRN4231/lab1_workspace/build/cpp_pubsub -- -j8 -l8
[12.461s] Invoking command in '/home/jacob/MTRN4231/lab1_workspace/build/cpp_pubsub': CMAKE_PREFIX_PATH=${CMAKE_PREFIX_PATH}:/opt/ros/humble /usr/bin/cmake --install /home/jacob/MTRN4231/lab1_workspace/build/cpp_pubsub
[12.481s] -- Install configuration: ""
[12.482s] -- Installing: /home/jacob/MTRN4231/lab1_workspace/install/cpp_pubsub/lib/cpp_pubsub/talker
[12.488s] -- Set runtime path of "/home/jacob/MTRN4231/lab1_workspace/install/cpp_pubsub/lib/cpp_pubsub/talker" to ""
[12.488s] -- Up-to-date: /home/jacob/MTRN4231/lab1_workspace/install/cpp_pubsub/lib/cpp_pubsub/listener
[12.489s] -- Up-to-date: /home/jacob/MTRN4231/lab1_workspace/install/cpp_pubsub/share/ament_index/resource_index/package_run_dependencies/cpp_pubsub
[12.489s] -- Up-to-date: /home/jacob/MTRN4231/lab1_workspace/install/cpp_pubsub/share/ament_index/resource_index/parent_prefix_path/cpp_pubsub
[12.490s] -- Up-to-date: /home/jacob/MTRN4231/lab1_workspace/install/cpp_pubsub/share/cpp_pubsub/environment/ament_prefix_path.sh
[12.490s] -- Up-to-date: /home/jacob/MTRN4231/lab1_workspace/install/cpp_pubsub/share/cpp_pubsub/environment/ament_prefix_path.dsv
[12.491s] -- Up-to-date: /home/jacob/MTRN4231/lab1_workspace/install/cpp_pubsub/share/cpp_pubsub/environment/path.sh
[12.491s] -- Up-to-date: /home/jacob/MTRN4231/lab1_workspace/install/cpp_pubsub/share/cpp_pubsub/environment/path.dsv
[12.491s] -- Up-to-date: /home/jacob/MTRN4231/lab1_workspace/install/cpp_pubsub/share/cpp_pubsub/local_setup.bash
[12.491s] -- Up-to-date: /home/jacob/MTRN4231/lab1_workspace/install/cpp_pubsub/share/cpp_pubsub/local_setup.sh
[12.492s] -- Up-to-date: /home/jacob/MTRN4231/lab1_workspace/install/cpp_pubsub/share/cpp_pubsub/local_setup.zsh
[12.492s] -- Up-to-date: /home/jacob/MTRN4231/lab1_workspace/install/cpp_pubsub/share/cpp_pubsub/local_setup.dsv
[12.493s] -- Installing: /home/jacob/MTRN4231/lab1_workspace/install/cpp_pubsub/share/cpp_pubsub/package.dsv
[12.493s] -- Up-to-date: /home/jacob/MTRN4231/lab1_workspace/install/cpp_pubsub/share/ament_index/resource_index/packages/cpp_pubsub
[12.494s] -- Up-to-date: /home/jacob/MTRN4231/lab1_workspace/install/cpp_pubsub/share/cpp_pubsub/cmake/cpp_pubsubConfig.cmake
[12.494s] -- Up-to-date: /home/jacob/MTRN4231/lab1_workspace/install/cpp_pubsub/share/cpp_pubsub/cmake/cpp_pubsubConfig-version.cmake
[12.495s] -- Up-to-date: /home/jacob/MTRN4231/lab1_workspace/install/cpp_pubsub/share/cpp_pubsub/package.xml
[12.498s] Invoked command in '/home/jacob/MTRN4231/lab1_workspace/build/cpp_pubsub' returned '0': CMAKE_PREFIX_PATH=${CMAKE_PREFIX_PATH}:/opt/ros/humble /usr/bin/cmake --install /home/jacob/MTRN4231/lab1_workspace/build/cpp_pubsub
