[0.040s] Invoking command in '/home/jacob/MTRN4231/lab2_workspace/src/build/lab2_client_service': CMAKE_PREFIX_PATH=${CMAKE_PREFIX_PATH}:/opt/ros/humble /usr/bin/cmake --build /home/jacob/MTRN4231/lab2_workspace/src/build/lab2_client_service -- -j8 -l8
[0.162s] [35m[1mConsolidate compiler generated dependencies of target lookup_server[0m
[0.246s] [ 16%] [32mBuilding CXX object CMakeFiles/lookup_server.dir/src/lookup_server.cpp.o[0m
[0.262s] [ 50%] Built target int_addition_server
[0.263s] [ 83%] Built target int_addition_client
[5.917s] [01m[K/home/jacob/MTRN4231/lab2_workspace/src/lab2_client_service/src/lookup_server.cpp:[m[K In member function ‘[01m[Kvoid LookupServer::getTF(std::shared_ptr<interface::srv::Lookup_Request_<std::allocator<void> > >, std::shared_ptr<interface::srv::Lookup_Response_<std::allocator<void> > >)[m[K’:
[5.917s] [01m[K/home/jacob/MTRN4231/lab2_workspace/src/lab2_client_service/src/lookup_server.cpp:27:48:[m[K [01;31m[Kerror: [m[K‘[01m[Kusing element_type = struct interface::srv::Lookup_Request_<std::allocator<void> >[m[K’ {aka ‘[01m[Kstruct interface::srv::Lookup_Request_<std::allocator<void> >[m[K’} has no member named ‘[01m[Kfromfram[m[K’; did you mean ‘[01m[Kfromframe[m[K’?
[5.917s]    27 |       t = tf_buffer_->lookupTransform(request->[01;31m[Kfromfram[m[K, request->toframe, tf2::TimePointZero);
[5.917s]       |                                                [01;31m[K^~~~~~~~[m[K
[5.917s]       |                                                [32m[Kfromframe[m[K
[5.918s] [01m[K/home/jacob/MTRN4231/lab2_workspace/src/lab2_client_service/src/lookup_server.cpp:33:29:[m[K [01;31m[Kerror: [m[K‘[01m[Kusing _position_type = struct geometry_msgs::msg::Point_<std::allocator<void> >[m[K’ {aka ‘[01m[Kstruct geometry_msgs::msg::Point_<std::allocator<void> >[m[K’} has no member named ‘[01m[Ktranslation[m[K’
[5.918s]    33 |     response->pose.position.[01;31m[Ktranslation[m[K.x = t.transform.translation.x;
[5.918s]       |                             [01;31m[K^~~~~~~~~~~[m[K
[5.918s] [01m[K/home/jacob/MTRN4231/lab2_workspace/src/lab2_client_service/src/lookup_server.cpp:34:29:[m[K [01;31m[Kerror: [m[K‘[01m[Kusing _position_type = struct geometry_msgs::msg::Point_<std::allocator<void> >[m[K’ {aka ‘[01m[Kstruct geometry_msgs::msg::Point_<std::allocator<void> >[m[K’} has no member named ‘[01m[Ktranslation[m[K’
[5.918s]    34 |     response->pose.position.[01;31m[Ktranslation[m[K.y = t.transform.translation.y;
[5.918s]       |                             [01;31m[K^~~~~~~~~~~[m[K
[5.919s] [01m[K/home/jacob/MTRN4231/lab2_workspace/src/lab2_client_service/src/lookup_server.cpp:35:29:[m[K [01;31m[Kerror: [m[K‘[01m[Kusing _position_type = struct geometry_msgs::msg::Point_<std::allocator<void> >[m[K’ {aka ‘[01m[Kstruct geometry_msgs::msg::Point_<std::allocator<void> >[m[K’} has no member named ‘[01m[Ktranslation[m[K’
[5.919s]    35 |     response->pose.position.[01;31m[Ktranslation[m[K.z = t.transform.translation.z;
[5.919s]       |                             [01;31m[K^~~~~~~~~~~[m[K
[5.919s] [01m[K/home/jacob/MTRN4231/lab2_workspace/src/lab2_client_service/src/lookup_server.cpp:36:32:[m[K [01;31m[Kerror: [m[K‘[01m[Kusing _orientation_type = struct geometry_msgs::msg::Quaternion_<std::allocator<void> >[m[K’ {aka ‘[01m[Kstruct geometry_msgs::msg::Quaternion_<std::allocator<void> >[m[K’} has no member named ‘[01m[Krotation[m[K’
[5.919s]    36 |     response->pose.orientation.[01;31m[Krotation[m[K.x = t.transform.rotation.x;
[5.919s]       |                                [01;31m[K^~~~~~~~[m[K
[5.919s] [01m[K/home/jacob/MTRN4231/lab2_workspace/src/lab2_client_service/src/lookup_server.cpp:37:32:[m[K [01;31m[Kerror: [m[K‘[01m[Kusing _orientation_type = struct geometry_msgs::msg::Quaternion_<std::allocator<void> >[m[K’ {aka ‘[01m[Kstruct geometry_msgs::msg::Quaternion_<std::allocator<void> >[m[K’} has no member named ‘[01m[Krotation[m[K’
[5.920s]    37 |     response->pose.orientation.[01;31m[Krotation[m[K.y = t.transform.rotation.y;
[5.920s]       |                                [01;31m[K^~~~~~~~[m[K
[5.920s] [01m[K/home/jacob/MTRN4231/lab2_workspace/src/lab2_client_service/src/lookup_server.cpp:38:32:[m[K [01;31m[Kerror: [m[K‘[01m[Kusing _orientation_type = struct geometry_msgs::msg::Quaternion_<std::allocator<void> >[m[K’ {aka ‘[01m[Kstruct geometry_msgs::msg::Quaternion_<std::allocator<void> >[m[K’} has no member named ‘[01m[Krotation[m[K’
[5.920s]    38 |     response->pose.orientation.[01;31m[Krotation[m[K.z = t.transform.rotation.z;
[5.920s]       |                                [01;31m[K^~~~~~~~[m[K
[5.920s] [01m[K/home/jacob/MTRN4231/lab2_workspace/src/lab2_client_service/src/lookup_server.cpp:39:32:[m[K [01;31m[Kerror: [m[K‘[01m[Kusing _orientation_type = struct geometry_msgs::msg::Quaternion_<std::allocator<void> >[m[K’ {aka ‘[01m[Kstruct geometry_msgs::msg::Quaternion_<std::allocator<void> >[m[K’} has no member named ‘[01m[Krotation[m[K’
[5.920s]    39 |     response->pose.orientation.[01;31m[Krotation[m[K.w = t.transform.rotation.w;
[5.920s]       |                                [01;31m[K^~~~~~~~[m[K
[5.934s] [01m[K/home/jacob/MTRN4231/lab2_workspace/src/lab2_client_service/src/lookup_server.cpp:[m[K In function ‘[01m[Kint main(int, char**)[m[K’:
[5.934s] [01m[K/home/jacob/MTRN4231/lab2_workspace/src/lab2_client_service/src/lookup_server.cpp:50:34:[m[K [01;31m[Kerror: [m[K‘[01m[KIntAdditionServer[m[K’ was not declared in this scope
[5.935s]    50 |   auto server = std::make_shared<[01;31m[KIntAdditionServer[m[K>();
[5.935s]       |                                  [01;31m[K^~~~~~~~~~~~~~~~~[m[K
[5.935s] [01m[K/home/jacob/MTRN4231/lab2_workspace/src/lab2_client_service/src/lookup_server.cpp:50:52:[m[K [01;31m[Kerror: [m[Kno matching function for call to ‘[01m[Kmake_shared<<expression error> >()[m[K’
[5.935s]    50 |   auto server = [01;31m[Kstd::make_shared<IntAdditionServer>()[m[K;
[5.935s]       |                 [01;31m[K~~~~~~~~~~~~~~~~~~~~~~~~~~~~~~~~~~~^~[m[K
[5.935s] In file included from [01m[K/usr/include/c++/11/memory:77[m[K,
[5.935s]                  from [01m[K/opt/ros/humble/include/rclcpp/rclcpp/rclcpp.hpp:153[m[K,
[5.935s]                  from [01m[K/home/jacob/MTRN4231/lab2_workspace/src/lab2_client_service/src/lookup_server.cpp:2[m[K:
[5.935s] [01m[K/usr/include/c++/11/bits/shared_ptr.h:875:5:[m[K [01;36m[Knote: [m[Kcandidate: ‘[01m[Ktemplate<class _Tp, class ... _Args> std::shared_ptr<_Tp> std::make_shared(_Args&& ...)[m[K’
[5.935s]   875 |     [01;36m[Kmake_shared[m[K(_Args&&... __args)
[5.935s]       |     [01;36m[K^~~~~~~~~~~[m[K
[5.935s] [01m[K/usr/include/c++/11/bits/shared_ptr.h:875:5:[m[K [01;36m[Knote: [m[K  template argument deduction/substitution failed:
[5.935s] [01m[K/home/jacob/MTRN4231/lab2_workspace/src/lab2_client_service/src/lookup_server.cpp:50:52:[m[K [01;31m[Kerror: [m[Ktemplate argument 1 is invalid
[5.936s]    50 |   auto server = [01;31m[Kstd::make_shared<IntAdditionServer>()[m[K;
[5.936s]       |                 [01;31m[K~~~~~~~~~~~~~~~~~~~~~~~~~~~~~~~~~~~^~[m[K
[7.345s] gmake[2]: *** [CMakeFiles/lookup_server.dir/build.make:76: CMakeFiles/lookup_server.dir/src/lookup_server.cpp.o] Error 1
[7.345s] gmake[1]: *** [CMakeFiles/Makefile2:193: CMakeFiles/lookup_server.dir/all] Error 2
[7.345s] gmake: *** [Makefile:146: all] Error 2
[7.348s] Invoked command in '/home/jacob/MTRN4231/lab2_workspace/src/build/lab2_client_service' returned '2': CMAKE_PREFIX_PATH=${CMAKE_PREFIX_PATH}:/opt/ros/humble /usr/bin/cmake --build /home/jacob/MTRN4231/lab2_workspace/src/build/lab2_client_service -- -j8 -l8
