[0.950s] DEBUG:colcon:Command line arguments: ['/usr/bin/colcon', 'build', '--packages-select', 'tutorial_interfaces']
[0.951s] DEBUG:colcon:Parsed command line arguments: Namespace(log_base=None, log_level=None, verb_name='build', build_base='build', install_base='install', merge_install=False, symlink_install=False, test_result_base=None, continue_on_error=False, executor='parallel', parallel_workers=8, event_handlers=None, ignore_user_meta=False, metas=['./colcon.meta'], base_paths=['.'], packages_ignore=None, packages_ignore_regex=None, paths=None, packages_up_to=None, packages_up_to_regex=None, packages_above=None, packages_above_and_dependencies=None, packages_above_depth=None, packages_select_by_dep=None, packages_skip_by_dep=None, packages_skip_up_to=None, packages_select_build_failed=False, packages_skip_build_finished=False, packages_select_test_failures=False, packages_skip_test_passed=False, packages_select=['tutorial_interfaces'], packages_skip=None, packages_select_regex=None, packages_skip_regex=None, packages_start=None, packages_end=None, allow_overriding=[], cmake_args=None, cmake_target=None, cmake_target_skip_unavailable=False, cmake_clean_cache=False, cmake_clean_first=False, cmake_force_configure=False, ament_cmake_args=None, catkin_cmake_args=None, catkin_skip_building_tests=False, mixin_files=None, mixin=None, verb_parser=<colcon_mixin.mixin.mixin_argument.MixinArgumentDecorator object at 0x79605d8df610>, verb_extension=<colcon_core.verb.build.BuildVerb object at 0x79605d8dec50>, main=<bound method BuildVerb.main of <colcon_core.verb.build.BuildVerb object at 0x79605d8dec50>>, mixin_verb=('build',))
[1.567s] Level 1:colcon.colcon_core.package_discovery:discover_packages(colcon_meta) check parameters
[1.568s] Level 1:colcon.colcon_core.package_discovery:discover_packages(recursive) check parameters
[1.568s] Level 1:colcon.colcon_core.package_discovery:discover_packages(ignore) check parameters
[1.568s] Level 1:colcon.colcon_core.package_discovery:discover_packages(path) check parameters
[1.568s] Level 1:colcon.colcon_core.package_discovery:discover_packages(colcon_meta) discover
[1.568s] Level 1:colcon.colcon_core.package_discovery:discover_packages(recursive) discover
[1.569s] INFO:colcon.colcon_core.package_discovery:Crawling recursively for packages in '/home/jacob/MTRN4231/lab1_workspace'
[1.569s] Level 1:colcon.colcon_core.package_identification:_identify(.) by extensions ['ignore', 'ignore_ament_install']
[1.569s] Level 1:colcon.colcon_core.package_identification:_identify(.) by extension 'ignore'
[1.570s] Level 1:colcon.colcon_core.package_identification:_identify(.) by extension 'ignore_ament_install'
[1.570s] Level 1:colcon.colcon_core.package_identification:_identify(.) by extensions ['colcon_pkg']
[1.570s] Level 1:colcon.colcon_core.package_identification:_identify(.) by extension 'colcon_pkg'
[1.570s] Level 1:colcon.colcon_core.package_identification:_identify(.) by extensions ['colcon_meta']
[1.571s] Level 1:colcon.colcon_core.package_identification:_identify(.) by extension 'colcon_meta'
[1.571s] Level 1:colcon.colcon_core.package_identification:_identify(.) by extensions ['ros']
[1.571s] Level 1:colcon.colcon_core.package_identification:_identify(.) by extension 'ros'
[1.646s] Level 1:colcon.colcon_core.package_identification:_identify(.) by extensions ['cmake', 'python']
[1.646s] Level 1:colcon.colcon_core.package_identification:_identify(.) by extension 'cmake'
[1.647s] Level 1:colcon.colcon_core.package_identification:_identify(.) by extension 'python'
[1.647s] Level 1:colcon.colcon_core.package_identification:_identify(.) by extensions ['python_setup_py']
[1.647s] Level 1:colcon.colcon_core.package_identification:_identify(.) by extension 'python_setup_py'
[1.648s] Level 1:colcon.colcon_core.package_identification:_identify(build) by extensions ['ignore', 'ignore_ament_install']
[1.648s] Level 1:colcon.colcon_core.package_identification:_identify(build) by extension 'ignore'
[1.648s] Level 1:colcon.colcon_core.package_identification:_identify(build) ignored
[1.649s] Level 1:colcon.colcon_core.package_identification:_identify(install) by extensions ['ignore', 'ignore_ament_install']
[1.649s] Level 1:colcon.colcon_core.package_identification:_identify(install) by extension 'ignore'
[1.650s] Level 1:colcon.colcon_core.package_identification:_identify(install) ignored
[1.650s] Level 1:colcon.colcon_core.package_identification:_identify(log) by extensions ['ignore', 'ignore_ament_install']
[1.650s] Level 1:colcon.colcon_core.package_identification:_identify(log) by extension 'ignore'
[1.651s] Level 1:colcon.colcon_core.package_identification:_identify(log) ignored
[1.651s] Level 1:colcon.colcon_core.package_identification:_identify(src) by extensions ['ignore', 'ignore_ament_install']
[1.651s] Level 1:colcon.colcon_core.package_identification:_identify(src) by extension 'ignore'
[1.651s] Level 1:colcon.colcon_core.package_identification:_identify(src) by extension 'ignore_ament_install'
[1.652s] Level 1:colcon.colcon_core.package_identification:_identify(src) by extensions ['colcon_pkg']
[1.652s] Level 1:colcon.colcon_core.package_identification:_identify(src) by extension 'colcon_pkg'
[1.652s] Level 1:colcon.colcon_core.package_identification:_identify(src) by extensions ['colcon_meta']
[1.652s] Level 1:colcon.colcon_core.package_identification:_identify(src) by extension 'colcon_meta'
[1.653s] Level 1:colcon.colcon_core.package_identification:_identify(src) by extensions ['ros']
[1.653s] Level 1:colcon.colcon_core.package_identification:_identify(src) by extension 'ros'
[1.653s] Level 1:colcon.colcon_core.package_identification:_identify(src) by extensions ['cmake', 'python']
[1.653s] Level 1:colcon.colcon_core.package_identification:_identify(src) by extension 'cmake'
[1.653s] Level 1:colcon.colcon_core.package_identification:_identify(src) by extension 'python'
[1.654s] Level 1:colcon.colcon_core.package_identification:_identify(src) by extensions ['python_setup_py']
[1.654s] Level 1:colcon.colcon_core.package_identification:_identify(src) by extension 'python_setup_py'
[1.654s] Level 1:colcon.colcon_core.package_identification:_identify(src/cpp_pubsub) by extensions ['ignore', 'ignore_ament_install']
[1.655s] Level 1:colcon.colcon_core.package_identification:_identify(src/cpp_pubsub) by extension 'ignore'
[1.655s] Level 1:colcon.colcon_core.package_identification:_identify(src/cpp_pubsub) by extension 'ignore_ament_install'
[1.655s] Level 1:colcon.colcon_core.package_identification:_identify(src/cpp_pubsub) by extensions ['colcon_pkg']
[1.655s] Level 1:colcon.colcon_core.package_identification:_identify(src/cpp_pubsub) by extension 'colcon_pkg'
[1.655s] Level 1:colcon.colcon_core.package_identification:_identify(src/cpp_pubsub) by extensions ['colcon_meta']
[1.656s] Level 1:colcon.colcon_core.package_identification:_identify(src/cpp_pubsub) by extension 'colcon_meta'
[1.656s] Level 1:colcon.colcon_core.package_identification:_identify(src/cpp_pubsub) by extensions ['ros']
[1.656s] Level 1:colcon.colcon_core.package_identification:_identify(src/cpp_pubsub) by extension 'ros'
[1.665s] DEBUG:colcon.colcon_core.package_identification:Package 'src/cpp_pubsub' with type 'ros.ament_cmake' and name 'cpp_pubsub'
[1.666s] Level 1:colcon.colcon_core.package_identification:_identify(src/tutorial_interfaces) by extensions ['ignore', 'ignore_ament_install']
[1.666s] Level 1:colcon.colcon_core.package_identification:_identify(src/tutorial_interfaces) by extension 'ignore'
[1.667s] Level 1:colcon.colcon_core.package_identification:_identify(src/tutorial_interfaces) by extension 'ignore_ament_install'
[1.667s] Level 1:colcon.colcon_core.package_identification:_identify(src/tutorial_interfaces) by extensions ['colcon_pkg']
[1.667s] Level 1:colcon.colcon_core.package_identification:_identify(src/tutorial_interfaces) by extension 'colcon_pkg'
[1.667s] Level 1:colcon.colcon_core.package_identification:_identify(src/tutorial_interfaces) by extensions ['colcon_meta']
[1.667s] Level 1:colcon.colcon_core.package_identification:_identify(src/tutorial_interfaces) by extension 'colcon_meta'
[1.667s] Level 1:colcon.colcon_core.package_identification:_identify(src/tutorial_interfaces) by extensions ['ros']
[1.667s] Level 1:colcon.colcon_core.package_identification:_identify(src/tutorial_interfaces) by extension 'ros'
[1.669s] DEBUG:colcon.colcon_core.package_identification:Package 'src/tutorial_interfaces' with type 'ros.ament_cmake' and name 'tutorial_interfaces'
[1.670s] Level 1:colcon.colcon_core.package_discovery:discover_packages(recursive) using defaults
[1.670s] Level 1:colcon.colcon_core.package_discovery:discover_packages(ignore) discover
[1.670s] Level 1:colcon.colcon_core.package_discovery:discover_packages(ignore) using defaults
[1.670s] Level 1:colcon.colcon_core.package_discovery:discover_packages(path) discover
[1.670s] Level 1:colcon.colcon_core.package_discovery:discover_packages(path) using defaults
[1.720s] INFO:colcon.colcon_core.package_selection:Skipping not selected package 'cpp_pubsub' in 'src/cpp_pubsub'
[1.721s] Level 1:colcon.colcon_core.package_discovery:discover_packages(prefix_path) check parameters
[1.721s] Level 1:colcon.colcon_core.package_discovery:discover_packages(prefix_path) discover
[1.725s] DEBUG:colcon.colcon_installed_package_information.package_discovery:Found 2 installed packages in /home/jacob/MTRN4231/lab1_workspace/install
[1.728s] DEBUG:colcon.colcon_installed_package_information.package_discovery:Found 271 installed packages in /opt/ros/humble
[1.732s] Level 1:colcon.colcon_core.package_discovery:discover_packages(prefix_path) using defaults
[1.839s] Level 5:colcon.colcon_core.verb:set package 'tutorial_interfaces' build argument 'cmake_args' from command line to 'None'
[1.840s] Level 5:colcon.colcon_core.verb:set package 'tutorial_interfaces' build argument 'cmake_target' from command line to 'None'
[1.840s] Level 5:colcon.colcon_core.verb:set package 'tutorial_interfaces' build argument 'cmake_target_skip_unavailable' from command line to 'False'
[1.840s] Level 5:colcon.colcon_core.verb:set package 'tutorial_interfaces' build argument 'cmake_clean_cache' from command line to 'False'
[1.840s] Level 5:colcon.colcon_core.verb:set package 'tutorial_interfaces' build argument 'cmake_clean_first' from command line to 'False'
[1.840s] Level 5:colcon.colcon_core.verb:set package 'tutorial_interfaces' build argument 'cmake_force_configure' from command line to 'False'
[1.840s] Level 5:colcon.colcon_core.verb:set package 'tutorial_interfaces' build argument 'ament_cmake_args' from command line to 'None'
[1.840s] Level 5:colcon.colcon_core.verb:set package 'tutorial_interfaces' build argument 'catkin_cmake_args' from command line to 'None'
[1.841s] Level 5:colcon.colcon_core.verb:set package 'tutorial_interfaces' build argument 'catkin_skip_building_tests' from command line to 'False'
[1.841s] DEBUG:colcon.colcon_core.verb:Building package 'tutorial_interfaces' with the following arguments: {'ament_cmake_args': None, 'build_base': '/home/jacob/MTRN4231/lab1_workspace/build/tutorial_interfaces', 'catkin_cmake_args': None, 'catkin_skip_building_tests': False, 'cmake_args': None, 'cmake_clean_cache': False, 'cmake_clean_first': False, 'cmake_force_configure': False, 'cmake_target': None, 'cmake_target_skip_unavailable': False, 'install_base': '/home/jacob/MTRN4231/lab1_workspace/install/tutorial_interfaces', 'merge_install': False, 'path': '/home/jacob/MTRN4231/lab1_workspace/src/tutorial_interfaces', 'symlink_install': False, 'test_result_base': None}
[1.842s] INFO:colcon.colcon_core.executor:Executing jobs using 'parallel' executor
[1.846s] DEBUG:colcon.colcon_parallel_executor.executor.parallel:run_until_complete
[1.849s] INFO:colcon.colcon_ros.task.ament_cmake.build:Building ROS package in '/home/jacob/MTRN4231/lab1_workspace/src/tutorial_interfaces' with build type 'ament_cmake'
[1.849s] INFO:colcon.colcon_cmake.task.cmake.build:Building CMake package in '/home/jacob/MTRN4231/lab1_workspace/src/tutorial_interfaces'
[1.857s] INFO:colcon.colcon_core.plugin_system:Skipping extension 'colcon_core.shell.bat': Not used on non-Windows systems
[1.858s] INFO:colcon.colcon_core.shell:Skip shell extension 'powershell' for command environment: Not usable outside of PowerShell
[1.859s] DEBUG:colcon.colcon_core.shell:Skip shell extension 'dsv' for command environment
[1.903s] DEBUG:colcon.colcon_core.event_handler.log_command:Invoking command in '/home/jacob/MTRN4231/lab1_workspace/build/tutorial_interfaces': CMAKE_PREFIX_PATH=${CMAKE_PREFIX_PATH}:/opt/ros/humble /usr/bin/cmake --build /home/jacob/MTRN4231/lab1_workspace/build/tutorial_interfaces -- -j8 -l8
[3.341s] DEBUG:colcon.colcon_core.event_handler.log_command:Invoked command in '/home/jacob/MTRN4231/lab1_workspace/build/tutorial_interfaces' returned '2': CMAKE_PREFIX_PATH=${CMAKE_PREFIX_PATH}:/opt/ros/humble /usr/bin/cmake --build /home/jacob/MTRN4231/lab1_workspace/build/tutorial_interfaces -- -j8 -l8
[3.342s] Level 1:colcon.colcon_core.environment:create_environment_scripts_only(tutorial_interfaces)
[3.349s] Level 1:colcon.colcon_core.environment:checking '/home/jacob/MTRN4231/lab1_workspace/install/tutorial_interfaces' for CMake module files
[3.350s] Level 1:colcon.colcon_core.environment:checking '/home/jacob/MTRN4231/lab1_workspace/install/tutorial_interfaces' for CMake config files
[3.352s] Level 1:colcon.colcon_core.shell:create_environment_hook('tutorial_interfaces', 'cmake_prefix_path')
[3.352s] INFO:colcon.colcon_core.shell:Creating environment hook '/home/jacob/MTRN4231/lab1_workspace/install/tutorial_interfaces/share/tutorial_interfaces/hook/cmake_prefix_path.ps1'
[3.354s] INFO:colcon.colcon_core.shell:Creating environment descriptor '/home/jacob/MTRN4231/lab1_workspace/install/tutorial_interfaces/share/tutorial_interfaces/hook/cmake_prefix_path.dsv'
[3.356s] INFO:colcon.colcon_core.shell:Creating environment hook '/home/jacob/MTRN4231/lab1_workspace/install/tutorial_interfaces/share/tutorial_interfaces/hook/cmake_prefix_path.sh'
[3.358s] Level 1:colcon.colcon_core.environment:checking '/home/jacob/MTRN4231/lab1_workspace/install/tutorial_interfaces/lib'
[3.358s] Level 1:colcon.colcon_core.shell:create_environment_hook('tutorial_interfaces', 'ld_library_path_lib')
[3.359s] INFO:colcon.colcon_core.shell:Creating environment hook '/home/jacob/MTRN4231/lab1_workspace/install/tutorial_interfaces/share/tutorial_interfaces/hook/ld_library_path_lib.ps1'
[3.360s] INFO:colcon.colcon_core.shell:Creating environment descriptor '/home/jacob/MTRN4231/lab1_workspace/install/tutorial_interfaces/share/tutorial_interfaces/hook/ld_library_path_lib.dsv'
[3.362s] INFO:colcon.colcon_core.shell:Creating environment hook '/home/jacob/MTRN4231/lab1_workspace/install/tutorial_interfaces/share/tutorial_interfaces/hook/ld_library_path_lib.sh'
[3.364s] Level 1:colcon.colcon_core.environment:checking '/home/jacob/MTRN4231/lab1_workspace/install/tutorial_interfaces/bin'
[3.365s] Level 1:colcon.colcon_core.environment:checking '/home/jacob/MTRN4231/lab1_workspace/install/tutorial_interfaces/lib/pkgconfig/tutorial_interfaces.pc'
[3.365s] Level 1:colcon.colcon_core.environment:checking '/home/jacob/MTRN4231/lab1_workspace/install/tutorial_interfaces/lib/python3.10/site-packages'
[3.366s] Level 1:colcon.colcon_core.environment:checking '/home/jacob/MTRN4231/lab1_workspace/install/tutorial_interfaces/bin'
[3.367s] INFO:colcon.colcon_core.shell:Creating package script '/home/jacob/MTRN4231/lab1_workspace/install/tutorial_interfaces/share/tutorial_interfaces/package.ps1'
[3.369s] INFO:colcon.colcon_core.shell:Creating package descriptor '/home/jacob/MTRN4231/lab1_workspace/install/tutorial_interfaces/share/tutorial_interfaces/package.dsv'
[3.370s] INFO:colcon.colcon_core.shell:Creating package script '/home/jacob/MTRN4231/lab1_workspace/install/tutorial_interfaces/share/tutorial_interfaces/package.sh'
[3.372s] INFO:colcon.colcon_core.shell:Creating package script '/home/jacob/MTRN4231/lab1_workspace/install/tutorial_interfaces/share/tutorial_interfaces/package.bash'
[3.374s] INFO:colcon.colcon_core.shell:Creating package script '/home/jacob/MTRN4231/lab1_workspace/install/tutorial_interfaces/share/tutorial_interfaces/package.zsh'
[3.376s] Level 1:colcon.colcon_core.environment:create_file_with_runtime_dependencies(/home/jacob/MTRN4231/lab1_workspace/install/tutorial_interfaces/share/colcon-core/packages/tutorial_interfaces)
[3.378s] DEBUG:colcon.colcon_parallel_executor.executor.parallel:closing loop
[3.380s] DEBUG:colcon.colcon_parallel_executor.executor.parallel:loop closed
[3.381s] DEBUG:colcon.colcon_parallel_executor.executor.parallel:run_until_complete finished with '2'
[3.381s] DEBUG:colcon.colcon_core.event_reactor:joining thread
[3.394s] INFO:colcon.colcon_core.plugin_system:Skipping extension 'colcon_notification.desktop_notification.terminal_notifier': Not used on non-Darwin systems
[3.396s] INFO:colcon.colcon_core.plugin_system:Skipping extension 'colcon_notification.desktop_notification.win32': Not used on non-Windows systems
[3.396s] INFO:colcon.colcon_notification.desktop_notification:Sending desktop notification using 'notify2'
[3.418s] DEBUG:colcon.colcon_notification.desktop_notification.notify2:Failed to initialize notify2: org.freedesktop.DBus.Error.ServiceUnknown: The name org.freedesktop.Notifications was not provided by any .service files
[3.419s] DEBUG:colcon.colcon_core.event_reactor:joined thread
[3.421s] INFO:colcon.colcon_core.shell:Creating prefix script '/home/jacob/MTRN4231/lab1_workspace/install/local_setup.ps1'
[3.424s] INFO:colcon.colcon_core.shell:Creating prefix util module '/home/jacob/MTRN4231/lab1_workspace/install/_local_setup_util_ps1.py'
[3.432s] INFO:colcon.colcon_core.shell:Creating prefix chain script '/home/jacob/MTRN4231/lab1_workspace/install/setup.ps1'
[3.435s] INFO:colcon.colcon_core.shell:Creating prefix script '/home/jacob/MTRN4231/lab1_workspace/install/local_setup.sh'
[3.437s] INFO:colcon.colcon_core.shell:Creating prefix util module '/home/jacob/MTRN4231/lab1_workspace/install/_local_setup_util_sh.py'
[3.439s] INFO:colcon.colcon_core.shell:Creating prefix chain script '/home/jacob/MTRN4231/lab1_workspace/install/setup.sh'
[3.443s] INFO:colcon.colcon_core.shell:Creating prefix script '/home/jacob/MTRN4231/lab1_workspace/install/local_setup.bash'
[3.449s] INFO:colcon.colcon_core.shell:Creating prefix chain script '/home/jacob/MTRN4231/lab1_workspace/install/setup.bash'
[3.453s] INFO:colcon.colcon_core.shell:Creating prefix script '/home/jacob/MTRN4231/lab1_workspace/install/local_setup.zsh'
[3.454s] INFO:colcon.colcon_core.shell:Creating prefix chain script '/home/jacob/MTRN4231/lab1_workspace/install/setup.zsh'
