[0.046s] Invoking command in '/home/jacob/MTRN4231/lab2_workspace/src/build/my_interface': CMAKE_PREFIX_PATH=${CMAKE_PREFIX_PATH}:/opt/ros/humble /usr/bin/cmake --build /home/jacob/MTRN4231/lab2_workspace/src/build/my_interface -- -j8 -l8
[0.217s] [  3%] Built target my_interface__cpp
[0.233s] [ 12%] Built target my_interface__rosidl_generator_c
[0.242s] [ 12%] Built target ament_cmake_python_copy_my_interface
[0.331s] [ 22%] Built target my_interface__rosidl_typesupport_introspection_cpp
[0.333s] [ 32%] Built target my_interface__rosidl_typesupport_cpp
[0.333s] [ 41%] Built target my_interface__rosidl_typesupport_introspection_c
[0.334s] [ 51%] Built target my_interface__rosidl_typesupport_fastrtps_cpp
[0.344s] [ 61%] Built target my_interface__rosidl_typesupport_c
[0.345s] [ 70%] Built target my_interface__rosidl_typesupport_fastrtps_c
[0.401s] [ 70%] Built target my_interface
[0.455s] [ 74%] Built target my_interface__py
[0.507s] [ 80%] Built target my_interface__rosidl_generator_py
[0.554s] [ 87%] Built target my_interface__rosidl_typesupport_introspection_c__pyext
[0.562s] [ 93%] Built target my_interface__rosidl_typesupport_fastrtps_c__pyext
[0.564s] [100%] Built target my_interface__rosidl_typesupport_c__pyext
[0.881s] running egg_info
[0.882s] writing my_interface.egg-info/PKG-INFO
[0.883s] writing dependency_links to my_interface.egg-info/dependency_links.txt
[0.883s] writing top-level names to my_interface.egg-info/top_level.txt
[0.888s] reading manifest file 'my_interface.egg-info/SOURCES.txt'
[0.890s] writing manifest file 'my_interface.egg-info/SOURCES.txt'
[0.956s] [100%] Built target ament_cmake_python_build_my_interface_egg
[0.983s] Invoked command in '/home/jacob/MTRN4231/lab2_workspace/src/build/my_interface' returned '0': CMAKE_PREFIX_PATH=${CMAKE_PREFIX_PATH}:/opt/ros/humble /usr/bin/cmake --build /home/jacob/MTRN4231/lab2_workspace/src/build/my_interface -- -j8 -l8
[0.986s] Invoking command in '/home/jacob/MTRN4231/lab2_workspace/src/build/my_interface': CMAKE_PREFIX_PATH=${CMAKE_PREFIX_PATH}:/opt/ros/humble /usr/bin/cmake --install /home/jacob/MTRN4231/lab2_workspace/src/build/my_interface
[0.999s] -- Install configuration: ""
[0.999s] -- Up-to-date: /home/jacob/MTRN4231/lab2_workspace/src/install/my_interface/share/ament_index/resource_index/rosidl_interfaces/my_interface
[0.999s] -- Up-to-date: /home/jacob/MTRN4231/lab2_workspace/src/install/my_interface/include/my_interface/my_interface
[0.999s] -- Up-to-date: /home/jacob/MTRN4231/lab2_workspace/src/install/my_interface/include/my_interface/my_interface/msg
[0.999s] -- Up-to-date: /home/jacob/MTRN4231/lab2_workspace/src/install/my_interface/include/my_interface/my_interface/msg/rosidl_generator_c__visibility_control.h
[0.999s] -- Up-to-date: /home/jacob/MTRN4231/lab2_workspace/src/install/my_interface/include/my_interface/my_interface/srv
[0.999s] -- Up-to-date: /home/jacob/MTRN4231/lab2_workspace/src/install/my_interface/include/my_interface/my_interface/srv/lookup.h
[0.999s] -- Up-to-date: /home/jacob/MTRN4231/lab2_workspace/src/install/my_interface/include/my_interface/my_interface/srv/detail
[1.000s] -- Up-to-date: /home/jacob/MTRN4231/lab2_workspace/src/install/my_interface/include/my_interface/my_interface/srv/detail/lookup__functions.c
[1.000s] -- Up-to-date: /home/jacob/MTRN4231/lab2_workspace/src/install/my_interface/include/my_interface/my_interface/srv/detail/lookup__struct.h
[1.000s] -- Up-to-date: /home/jacob/MTRN4231/lab2_workspace/src/install/my_interface/include/my_interface/my_interface/srv/detail/lookup__functions.h
[1.000s] -- Up-to-date: /home/jacob/MTRN4231/lab2_workspace/src/install/my_interface/include/my_interface/my_interface/srv/detail/lookup__type_support.h
[1.000s] -- Up-to-date: /home/jacob/MTRN4231/lab2_workspace/src/install/my_interface/share/my_interface/environment/library_path.sh
[1.000s] -- Up-to-date: /home/jacob/MTRN4231/lab2_workspace/src/install/my_interface/share/my_interface/environment/library_path.dsv
[1.000s] -- Up-to-date: /home/jacob/MTRN4231/lab2_workspace/src/install/my_interface/lib/libmy_interface__rosidl_generator_c.so
[1.001s] -- Up-to-date: /home/jacob/MTRN4231/lab2_workspace/src/install/my_interface/include/my_interface/my_interface
[1.001s] -- Up-to-date: /home/jacob/MTRN4231/lab2_workspace/src/install/my_interface/include/my_interface/my_interface/msg
[1.001s] -- Up-to-date: /home/jacob/MTRN4231/lab2_workspace/src/install/my_interface/include/my_interface/my_interface/msg/rosidl_typesupport_fastrtps_c__visibility_control.h
[1.001s] -- Up-to-date: /home/jacob/MTRN4231/lab2_workspace/src/install/my_interface/include/my_interface/my_interface/srv
[1.001s] -- Up-to-date: /home/jacob/MTRN4231/lab2_workspace/src/install/my_interface/include/my_interface/my_interface/srv/detail
[1.001s] -- Up-to-date: /home/jacob/MTRN4231/lab2_workspace/src/install/my_interface/include/my_interface/my_interface/srv/detail/lookup__rosidl_typesupport_fastrtps_c.h
[1.001s] -- Up-to-date: /home/jacob/MTRN4231/lab2_workspace/src/install/my_interface/lib/libmy_interface__rosidl_typesupport_fastrtps_c.so
[1.002s] -- Up-to-date: /home/jacob/MTRN4231/lab2_workspace/src/install/my_interface/include/my_interface/my_interface
[1.002s] -- Up-to-date: /home/jacob/MTRN4231/lab2_workspace/src/install/my_interface/include/my_interface/my_interface/msg
[1.002s] -- Up-to-date: /home/jacob/MTRN4231/lab2_workspace/src/install/my_interface/include/my_interface/my_interface/msg/rosidl_generator_cpp__visibility_control.hpp
[1.002s] -- Up-to-date: /home/jacob/MTRN4231/lab2_workspace/src/install/my_interface/include/my_interface/my_interface/srv
[1.003s] -- Up-to-date: /home/jacob/MTRN4231/lab2_workspace/src/install/my_interface/include/my_interface/my_interface/srv/lookup.hpp
[1.003s] -- Up-to-date: /home/jacob/MTRN4231/lab2_workspace/src/install/my_interface/include/my_interface/my_interface/srv/detail
[1.003s] -- Up-to-date: /home/jacob/MTRN4231/lab2_workspace/src/install/my_interface/include/my_interface/my_interface/srv/detail/lookup__type_support.hpp
[1.003s] -- Up-to-date: /home/jacob/MTRN4231/lab2_workspace/src/install/my_interface/include/my_interface/my_interface/srv/detail/lookup__traits.hpp
[1.003s] -- Up-to-date: /home/jacob/MTRN4231/lab2_workspace/src/install/my_interface/include/my_interface/my_interface/srv/detail/lookup__builder.hpp
[1.003s] -- Up-to-date: /home/jacob/MTRN4231/lab2_workspace/src/install/my_interface/include/my_interface/my_interface/srv/detail/lookup__struct.hpp
[1.004s] -- Up-to-date: /home/jacob/MTRN4231/lab2_workspace/src/install/my_interface/include/my_interface/my_interface
[1.004s] -- Up-to-date: /home/jacob/MTRN4231/lab2_workspace/src/install/my_interface/include/my_interface/my_interface/msg
[1.004s] -- Up-to-date: /home/jacob/MTRN4231/lab2_workspace/src/install/my_interface/include/my_interface/my_interface/msg/rosidl_typesupport_fastrtps_cpp__visibility_control.h
[1.004s] -- Up-to-date: /home/jacob/MTRN4231/lab2_workspace/src/install/my_interface/include/my_interface/my_interface/srv
[1.004s] -- Up-to-date: /home/jacob/MTRN4231/lab2_workspace/src/install/my_interface/include/my_interface/my_interface/srv/detail
[1.004s] -- Up-to-date: /home/jacob/MTRN4231/lab2_workspace/src/install/my_interface/include/my_interface/my_interface/srv/detail/dds_fastrtps
[1.004s] -- Up-to-date: /home/jacob/MTRN4231/lab2_workspace/src/install/my_interface/include/my_interface/my_interface/srv/detail/lookup__rosidl_typesupport_fastrtps_cpp.hpp
[1.005s] -- Up-to-date: /home/jacob/MTRN4231/lab2_workspace/src/install/my_interface/lib/libmy_interface__rosidl_typesupport_fastrtps_cpp.so
[1.005s] -- Up-to-date: /home/jacob/MTRN4231/lab2_workspace/src/install/my_interface/include/my_interface/my_interface
[1.005s] -- Up-to-date: /home/jacob/MTRN4231/lab2_workspace/src/install/my_interface/include/my_interface/my_interface/msg
[1.005s] -- Up-to-date: /home/jacob/MTRN4231/lab2_workspace/src/install/my_interface/include/my_interface/my_interface/msg/rosidl_typesupport_introspection_c__visibility_control.h
[1.005s] -- Up-to-date: /home/jacob/MTRN4231/lab2_workspace/src/install/my_interface/include/my_interface/my_interface/srv
[1.005s] -- Up-to-date: /home/jacob/MTRN4231/lab2_workspace/src/install/my_interface/include/my_interface/my_interface/srv/detail
[1.006s] -- Up-to-date: /home/jacob/MTRN4231/lab2_workspace/src/install/my_interface/include/my_interface/my_interface/srv/detail/lookup__type_support.c
[1.006s] -- Up-to-date: /home/jacob/MTRN4231/lab2_workspace/src/install/my_interface/include/my_interface/my_interface/srv/detail/lookup__rosidl_typesupport_introspection_c.h
[1.006s] -- Up-to-date: /home/jacob/MTRN4231/lab2_workspace/src/install/my_interface/lib/libmy_interface__rosidl_typesupport_introspection_c.so
[1.006s] -- Up-to-date: /home/jacob/MTRN4231/lab2_workspace/src/install/my_interface/lib/libmy_interface__rosidl_typesupport_c.so
[1.007s] -- Up-to-date: /home/jacob/MTRN4231/lab2_workspace/src/install/my_interface/include/my_interface/my_interface
[1.007s] -- Up-to-date: /home/jacob/MTRN4231/lab2_workspace/src/install/my_interface/include/my_interface/my_interface/srv
[1.007s] -- Up-to-date: /home/jacob/MTRN4231/lab2_workspace/src/install/my_interface/include/my_interface/my_interface/srv/detail
[1.007s] -- Up-to-date: /home/jacob/MTRN4231/lab2_workspace/src/install/my_interface/include/my_interface/my_interface/srv/detail/lookup__type_support.cpp
[1.008s] -- Up-to-date: /home/jacob/MTRN4231/lab2_workspace/src/install/my_interface/include/my_interface/my_interface/srv/detail/lookup__rosidl_typesupport_introspection_cpp.hpp
[1.009s] -- Up-to-date: /home/jacob/MTRN4231/lab2_workspace/src/install/my_interface/lib/libmy_interface__rosidl_typesupport_introspection_cpp.so
[1.009s] -- Up-to-date: /home/jacob/MTRN4231/lab2_workspace/src/install/my_interface/lib/libmy_interface__rosidl_typesupport_cpp.so
[1.009s] -- Up-to-date: /home/jacob/MTRN4231/lab2_workspace/src/install/my_interface/share/my_interface/environment/pythonpath.sh
[1.013s] -- Up-to-date: /home/jacob/MTRN4231/lab2_workspace/src/install/my_interface/share/my_interface/environment/pythonpath.dsv
[1.013s] -- Up-to-date: /home/jacob/MTRN4231/lab2_workspace/src/install/my_interface/local/lib/python3.10/dist-packages/my_interface-0.0.0-py3.10.egg-info
[1.013s] -- Installing: /home/jacob/MTRN4231/lab2_workspace/src/install/my_interface/local/lib/python3.10/dist-packages/my_interface-0.0.0-py3.10.egg-info/SOURCES.txt
[1.013s] -- Installing: /home/jacob/MTRN4231/lab2_workspace/src/install/my_interface/local/lib/python3.10/dist-packages/my_interface-0.0.0-py3.10.egg-info/dependency_links.txt
[1.013s] -- Installing: /home/jacob/MTRN4231/lab2_workspace/src/install/my_interface/local/lib/python3.10/dist-packages/my_interface-0.0.0-py3.10.egg-info/top_level.txt
[1.013s] -- Installing: /home/jacob/MTRN4231/lab2_workspace/src/install/my_interface/local/lib/python3.10/dist-packages/my_interface-0.0.0-py3.10.egg-info/PKG-INFO
[1.014s] -- Up-to-date: /home/jacob/MTRN4231/lab2_workspace/src/install/my_interface/local/lib/python3.10/dist-packages/my_interface
[1.014s] -- Up-to-date: /home/jacob/MTRN4231/lab2_workspace/src/install/my_interface/local/lib/python3.10/dist-packages/my_interface/my_interface_s__rosidl_typesupport_c.cpython-310-x86_64-linux-gnu.so
[1.014s] -- Up-to-date: /home/jacob/MTRN4231/lab2_workspace/src/install/my_interface/local/lib/python3.10/dist-packages/my_interface/libmy_interface__rosidl_generator_py.so
[1.014s] -- Up-to-date: /home/jacob/MTRN4231/lab2_workspace/src/install/my_interface/local/lib/python3.10/dist-packages/my_interface/my_interface_s__rosidl_typesupport_fastrtps_c.cpython-310-x86_64-linux-gnu.so
[1.014s] -- Up-to-date: /home/jacob/MTRN4231/lab2_workspace/src/install/my_interface/local/lib/python3.10/dist-packages/my_interface/_my_interface_s.ep.rosidl_typesupport_introspection_c.c
[1.014s] -- Up-to-date: /home/jacob/MTRN4231/lab2_workspace/src/install/my_interface/local/lib/python3.10/dist-packages/my_interface/__init__.py
[1.014s] -- Up-to-date: /home/jacob/MTRN4231/lab2_workspace/src/install/my_interface/local/lib/python3.10/dist-packages/my_interface/_my_interface_s.ep.rosidl_typesupport_fastrtps_c.c
[1.014s] -- Up-to-date: /home/jacob/MTRN4231/lab2_workspace/src/install/my_interface/local/lib/python3.10/dist-packages/my_interface/my_interface_s__rosidl_typesupport_introspection_c.cpython-310-x86_64-linux-gnu.so
[1.014s] -- Up-to-date: /home/jacob/MTRN4231/lab2_workspace/src/install/my_interface/local/lib/python3.10/dist-packages/my_interface/srv
[1.014s] -- Up-to-date: /home/jacob/MTRN4231/lab2_workspace/src/install/my_interface/local/lib/python3.10/dist-packages/my_interface/srv/__init__.py
[1.015s] -- Up-to-date: /home/jacob/MTRN4231/lab2_workspace/src/install/my_interface/local/lib/python3.10/dist-packages/my_interface/srv/_lookup_s.c
[1.015s] -- Up-to-date: /home/jacob/MTRN4231/lab2_workspace/src/install/my_interface/local/lib/python3.10/dist-packages/my_interface/srv/_lookup.py
[1.015s] -- Up-to-date: /home/jacob/MTRN4231/lab2_workspace/src/install/my_interface/local/lib/python3.10/dist-packages/my_interface/_my_interface_s.ep.rosidl_typesupport_c.c
[1.082s] Listing '/home/jacob/MTRN4231/lab2_workspace/src/install/my_interface/local/lib/python3.10/dist-packages/my_interface'...
[1.082s] Listing '/home/jacob/MTRN4231/lab2_workspace/src/install/my_interface/local/lib/python3.10/dist-packages/my_interface/srv'...
[1.093s] -- Up-to-date: /home/jacob/MTRN4231/lab2_workspace/src/install/my_interface/local/lib/python3.10/dist-packages/my_interface/my_interface_s__rosidl_typesupport_fastrtps_c.cpython-310-x86_64-linux-gnu.so
[1.093s] -- Up-to-date: /home/jacob/MTRN4231/lab2_workspace/src/install/my_interface/local/lib/python3.10/dist-packages/my_interface/my_interface_s__rosidl_typesupport_introspection_c.cpython-310-x86_64-linux-gnu.so
[1.094s] -- Up-to-date: /home/jacob/MTRN4231/lab2_workspace/src/install/my_interface/local/lib/python3.10/dist-packages/my_interface/my_interface_s__rosidl_typesupport_c.cpython-310-x86_64-linux-gnu.so
[1.094s] -- Up-to-date: /home/jacob/MTRN4231/lab2_workspace/src/install/my_interface/lib/libmy_interface__rosidl_generator_py.so
[1.094s] -- Up-to-date: /home/jacob/MTRN4231/lab2_workspace/src/install/my_interface/share/my_interface/srv/Lookup.idl
[1.095s] -- Up-to-date: /home/jacob/MTRN4231/lab2_workspace/src/install/my_interface/share/my_interface/srv/Lookup.srv
[1.095s] -- Up-to-date: /home/jacob/MTRN4231/lab2_workspace/src/install/my_interface/share/my_interface/srv/Lookup_Request.msg
[1.095s] -- Up-to-date: /home/jacob/MTRN4231/lab2_workspace/src/install/my_interface/share/my_interface/srv/Lookup_Response.msg
[1.095s] -- Up-to-date: /home/jacob/MTRN4231/lab2_workspace/src/install/my_interface/share/ament_index/resource_index/package_run_dependencies/my_interface
[1.095s] -- Up-to-date: /home/jacob/MTRN4231/lab2_workspace/src/install/my_interface/share/ament_index/resource_index/parent_prefix_path/my_interface
[1.096s] -- Up-to-date: /home/jacob/MTRN4231/lab2_workspace/src/install/my_interface/share/my_interface/environment/ament_prefix_path.sh
[1.096s] -- Up-to-date: /home/jacob/MTRN4231/lab2_workspace/src/install/my_interface/share/my_interface/environment/ament_prefix_path.dsv
[1.096s] -- Up-to-date: /home/jacob/MTRN4231/lab2_workspace/src/install/my_interface/share/my_interface/environment/path.sh
[1.096s] -- Up-to-date: /home/jacob/MTRN4231/lab2_workspace/src/install/my_interface/share/my_interface/environment/path.dsv
[1.096s] -- Up-to-date: /home/jacob/MTRN4231/lab2_workspace/src/install/my_interface/share/my_interface/local_setup.bash
[1.096s] -- Up-to-date: /home/jacob/MTRN4231/lab2_workspace/src/install/my_interface/share/my_interface/local_setup.sh
[1.097s] -- Up-to-date: /home/jacob/MTRN4231/lab2_workspace/src/install/my_interface/share/my_interface/local_setup.zsh
[1.097s] -- Up-to-date: /home/jacob/MTRN4231/lab2_workspace/src/install/my_interface/share/my_interface/local_setup.dsv
[1.097s] -- Installing: /home/jacob/MTRN4231/lab2_workspace/src/install/my_interface/share/my_interface/package.dsv
[1.097s] -- Up-to-date: /home/jacob/MTRN4231/lab2_workspace/src/install/my_interface/share/ament_index/resource_index/packages/my_interface
[1.097s] -- Up-to-date: /home/jacob/MTRN4231/lab2_workspace/src/install/my_interface/share/my_interface/cmake/export_my_interface__rosidl_generator_cExport.cmake
[1.098s] -- Up-to-date: /home/jacob/MTRN4231/lab2_workspace/src/install/my_interface/share/my_interface/cmake/export_my_interface__rosidl_generator_cExport-noconfig.cmake
[1.098s] -- Up-to-date: /home/jacob/MTRN4231/lab2_workspace/src/install/my_interface/share/my_interface/cmake/export_my_interface__rosidl_typesupport_fastrtps_cExport.cmake
[1.098s] -- Up-to-date: /home/jacob/MTRN4231/lab2_workspace/src/install/my_interface/share/my_interface/cmake/export_my_interface__rosidl_typesupport_fastrtps_cExport-noconfig.cmake
[1.098s] -- Up-to-date: /home/jacob/MTRN4231/lab2_workspace/src/install/my_interface/share/my_interface/cmake/export_my_interface__rosidl_generator_cppExport.cmake
[1.098s] -- Up-to-date: /home/jacob/MTRN4231/lab2_workspace/src/install/my_interface/share/my_interface/cmake/export_my_interface__rosidl_typesupport_fastrtps_cppExport.cmake
[1.098s] -- Up-to-date: /home/jacob/MTRN4231/lab2_workspace/src/install/my_interface/share/my_interface/cmake/export_my_interface__rosidl_typesupport_fastrtps_cppExport-noconfig.cmake
[1.098s] -- Up-to-date: /home/jacob/MTRN4231/lab2_workspace/src/install/my_interface/share/my_interface/cmake/my_interface__rosidl_typesupport_introspection_cExport.cmake
[1.099s] -- Up-to-date: /home/jacob/MTRN4231/lab2_workspace/src/install/my_interface/share/my_interface/cmake/my_interface__rosidl_typesupport_introspection_cExport-noconfig.cmake
[1.099s] -- Up-to-date: /home/jacob/MTRN4231/lab2_workspace/src/install/my_interface/share/my_interface/cmake/my_interface__rosidl_typesupport_cExport.cmake
[1.099s] -- Up-to-date: /home/jacob/MTRN4231/lab2_workspace/src/install/my_interface/share/my_interface/cmake/my_interface__rosidl_typesupport_cExport-noconfig.cmake
[1.099s] -- Up-to-date: /home/jacob/MTRN4231/lab2_workspace/src/install/my_interface/share/my_interface/cmake/my_interface__rosidl_typesupport_introspection_cppExport.cmake
[1.099s] -- Up-to-date: /home/jacob/MTRN4231/lab2_workspace/src/install/my_interface/share/my_interface/cmake/my_interface__rosidl_typesupport_introspection_cppExport-noconfig.cmake
[1.100s] -- Up-to-date: /home/jacob/MTRN4231/lab2_workspace/src/install/my_interface/share/my_interface/cmake/my_interface__rosidl_typesupport_cppExport.cmake
[1.100s] -- Up-to-date: /home/jacob/MTRN4231/lab2_workspace/src/install/my_interface/share/my_interface/cmake/my_interface__rosidl_typesupport_cppExport-noconfig.cmake
[1.100s] -- Up-to-date: /home/jacob/MTRN4231/lab2_workspace/src/install/my_interface/share/my_interface/cmake/export_my_interface__rosidl_generator_pyExport.cmake
[1.100s] -- Up-to-date: /home/jacob/MTRN4231/lab2_workspace/src/install/my_interface/share/my_interface/cmake/export_my_interface__rosidl_generator_pyExport-noconfig.cmake
[1.100s] -- Up-to-date: /home/jacob/MTRN4231/lab2_workspace/src/install/my_interface/share/my_interface/cmake/rosidl_cmake-extras.cmake
[1.100s] -- Up-to-date: /home/jacob/MTRN4231/lab2_workspace/src/install/my_interface/share/my_interface/cmake/ament_cmake_export_dependencies-extras.cmake
[1.100s] -- Up-to-date: /home/jacob/MTRN4231/lab2_workspace/src/install/my_interface/share/my_interface/cmake/ament_cmake_export_include_directories-extras.cmake
[1.100s] -- Up-to-date: /home/jacob/MTRN4231/lab2_workspace/src/install/my_interface/share/my_interface/cmake/ament_cmake_export_libraries-extras.cmake
[1.101s] -- Up-to-date: /home/jacob/MTRN4231/lab2_workspace/src/install/my_interface/share/my_interface/cmake/ament_cmake_export_targets-extras.cmake
[1.101s] -- Up-to-date: /home/jacob/MTRN4231/lab2_workspace/src/install/my_interface/share/my_interface/cmake/rosidl_cmake_export_typesupport_targets-extras.cmake
[1.101s] -- Up-to-date: /home/jacob/MTRN4231/lab2_workspace/src/install/my_interface/share/my_interface/cmake/rosidl_cmake_export_typesupport_libraries-extras.cmake
[1.101s] -- Up-to-date: /home/jacob/MTRN4231/lab2_workspace/src/install/my_interface/share/my_interface/cmake/my_interfaceConfig.cmake
[1.101s] -- Up-to-date: /home/jacob/MTRN4231/lab2_workspace/src/install/my_interface/share/my_interface/cmake/my_interfaceConfig-version.cmake
[1.101s] -- Up-to-date: /home/jacob/MTRN4231/lab2_workspace/src/install/my_interface/share/my_interface/package.xml
[1.104s] Invoked command in '/home/jacob/MTRN4231/lab2_workspace/src/build/my_interface' returned '0': CMAKE_PREFIX_PATH=${CMAKE_PREFIX_PATH}:/opt/ros/humble /usr/bin/cmake --install /home/jacob/MTRN4231/lab2_workspace/src/build/my_interface
