[0.044s] Invoking command in '/home/jacob/MTRN4231/lab2_workspace/src/build/lab2_client_service': CMAKE_PREFIX_PATH=${CMAKE_PREFIX_PATH}:/opt/ros/humble /usr/bin/cmake --build /home/jacob/MTRN4231/lab2_workspace/src/build/lab2_client_service -- -j8 -l8
[0.200s] [35m[1mConsolidate compiler generated dependencies of target lookup_server[0m
[0.229s] [ 33%] Built target int_addition_server
[0.233s] [ 66%] Built target int_addition_client
[0.311s] [ 83%] [32mBuilding CXX object CMakeFiles/lookup_server.dir/src/lookup_server.cpp.o[0m
[8.624s] [100%] [32m[1mLinking CXX executable lookup_server[0m
[9.050s] [100%] Built target lookup_server
[9.075s] Invoked command in '/home/jacob/MTRN4231/lab2_workspace/src/build/lab2_client_service' returned '0': CMAKE_PREFIX_PATH=${CMAKE_PREFIX_PATH}:/opt/ros/humble /usr/bin/cmake --build /home/jacob/MTRN4231/lab2_workspace/src/build/lab2_client_service -- -j8 -l8
[9.078s] Invoking command in '/home/jacob/MTRN4231/lab2_workspace/src/build/lab2_client_service': CMAKE_PREFIX_PATH=${CMAKE_PREFIX_PATH}:/opt/ros/humble /usr/bin/cmake --install /home/jacob/MTRN4231/lab2_workspace/src/build/lab2_client_service
[9.089s] -- Install configuration: ""
[9.090s] -- Up-to-date: /home/jacob/MTRN4231/lab2_workspace/src/install/lab2_client_service/lib/lab2_client_service/int_addition_server
[9.090s] -- Up-to-date: /home/jacob/MTRN4231/lab2_workspace/src/install/lab2_client_service/lib/lab2_client_service/int_addition_client
[9.091s] -- Installing: /home/jacob/MTRN4231/lab2_workspace/src/install/lab2_client_service/lib/lab2_client_service/lookup_server
[9.093s] -- Set runtime path of "/home/jacob/MTRN4231/lab2_workspace/src/install/lab2_client_service/lib/lab2_client_service/lookup_server" to ""
[9.093s] -- Up-to-date: /home/jacob/MTRN4231/lab2_workspace/src/install/lab2_client_service/share/ament_index/resource_index/package_run_dependencies/lab2_client_service
[9.093s] -- Installing: /home/jacob/MTRN4231/lab2_workspace/src/install/lab2_client_service/share/ament_index/resource_index/parent_prefix_path/lab2_client_service
[9.093s] -- Up-to-date: /home/jacob/MTRN4231/lab2_workspace/src/install/lab2_client_service/share/lab2_client_service/environment/ament_prefix_path.sh
[9.094s] -- Installing: /home/jacob/MTRN4231/lab2_workspace/src/install/lab2_client_service/share/lab2_client_service/environment/ament_prefix_path.dsv
[9.094s] -- Up-to-date: /home/jacob/MTRN4231/lab2_workspace/src/install/lab2_client_service/share/lab2_client_service/environment/path.sh
[9.094s] -- Installing: /home/jacob/MTRN4231/lab2_workspace/src/install/lab2_client_service/share/lab2_client_service/environment/path.dsv
[9.094s] -- Up-to-date: /home/jacob/MTRN4231/lab2_workspace/src/install/lab2_client_service/share/lab2_client_service/local_setup.bash
[9.094s] -- Up-to-date: /home/jacob/MTRN4231/lab2_workspace/src/install/lab2_client_service/share/lab2_client_service/local_setup.sh
[9.095s] -- Up-to-date: /home/jacob/MTRN4231/lab2_workspace/src/install/lab2_client_service/share/lab2_client_service/local_setup.zsh
[9.095s] -- Installing: /home/jacob/MTRN4231/lab2_workspace/src/install/lab2_client_service/share/lab2_client_service/local_setup.dsv
[9.095s] -- Installing: /home/jacob/MTRN4231/lab2_workspace/src/install/lab2_client_service/share/lab2_client_service/package.dsv
[9.095s] -- Up-to-date: /home/jacob/MTRN4231/lab2_workspace/src/install/lab2_client_service/share/ament_index/resource_index/packages/lab2_client_service
[9.096s] -- Up-to-date: /home/jacob/MTRN4231/lab2_workspace/src/install/lab2_client_service/share/lab2_client_service/cmake/lab2_client_serviceConfig.cmake
[9.096s] -- Up-to-date: /home/jacob/MTRN4231/lab2_workspace/src/install/lab2_client_service/share/lab2_client_service/cmake/lab2_client_serviceConfig-version.cmake
[9.096s] -- Installing: /home/jacob/MTRN4231/lab2_workspace/src/install/lab2_client_service/share/lab2_client_service/package.xml
[9.104s] Invoked command in '/home/jacob/MTRN4231/lab2_workspace/src/build/lab2_client_service' returned '0': CMAKE_PREFIX_PATH=${CMAKE_PREFIX_PATH}:/opt/ros/humble /usr/bin/cmake --install /home/jacob/MTRN4231/lab2_workspace/src/build/lab2_client_service
