[0.041s] Invoking command in '/home/jacob/MTRN4231/lab2_workspace/src/build/interface': CMAKE_PREFIX_PATH=${CMAKE_PREFIX_PATH}:/opt/ros/humble /usr/bin/cmake --build /home/jacob/MTRN4231/lab2_workspace/src/build/interface -- -j8 -l8
[0.167s] [  3%] Built target interface__cpp
[0.170s] [ 12%] Built target interface__rosidl_generator_c
[0.183s] [ 12%] Built target ament_cmake_python_copy_interface
[0.241s] [ 22%] Built target interface__rosidl_typesupport_cpp
[0.265s] [ 32%] Built target interface__rosidl_typesupport_fastrtps_c
[0.268s] [ 41%] Built target interface__rosidl_typesupport_fastrtps_cpp
[0.280s] [ 51%] Built target interface__rosidl_typesupport_introspection_c
[0.281s] [ 61%] Built target interface__rosidl_typesupport_introspection_cpp
[0.286s] [ 70%] Built target interface__rosidl_typesupport_c
[0.321s] [ 70%] Built target interface
[0.358s] [ 74%] Built target interface__py
[0.397s] [ 80%] Built target interface__rosidl_generator_py
[0.458s] [ 87%] Built target interface__rosidl_typesupport_c__pyext
[0.475s] [ 93%] Built target interface__rosidl_typesupport_introspection_c__pyext
[0.478s] [100%] Built target interface__rosidl_typesupport_fastrtps_c__pyext
[0.749s] running egg_info
[0.750s] writing interface.egg-info/PKG-INFO
[0.750s] writing dependency_links to interface.egg-info/dependency_links.txt
[0.751s] writing top-level names to interface.egg-info/top_level.txt
[0.754s] reading manifest file 'interface.egg-info/SOURCES.txt'
[0.755s] writing manifest file 'interface.egg-info/SOURCES.txt'
[0.792s] [100%] Built target ament_cmake_python_build_interface_egg
[0.807s] Invoked command in '/home/jacob/MTRN4231/lab2_workspace/src/build/interface' returned '0': CMAKE_PREFIX_PATH=${CMAKE_PREFIX_PATH}:/opt/ros/humble /usr/bin/cmake --build /home/jacob/MTRN4231/lab2_workspace/src/build/interface -- -j8 -l8
[0.809s] Invoking command in '/home/jacob/MTRN4231/lab2_workspace/src/build/interface': CMAKE_PREFIX_PATH=${CMAKE_PREFIX_PATH}:/opt/ros/humble /usr/bin/cmake --install /home/jacob/MTRN4231/lab2_workspace/src/build/interface
[0.822s] -- Install configuration: ""
[0.823s] -- Up-to-date: /home/jacob/MTRN4231/lab2_workspace/src/install/interface/share/ament_index/resource_index/rosidl_interfaces/interface
[0.823s] -- Up-to-date: /home/jacob/MTRN4231/lab2_workspace/src/install/interface/include/interface/interface
[0.823s] -- Up-to-date: /home/jacob/MTRN4231/lab2_workspace/src/install/interface/include/interface/interface/msg
[0.823s] -- Up-to-date: /home/jacob/MTRN4231/lab2_workspace/src/install/interface/include/interface/interface/msg/rosidl_generator_c__visibility_control.h
[0.824s] -- Up-to-date: /home/jacob/MTRN4231/lab2_workspace/src/install/interface/include/interface/interface/srv
[0.824s] -- Up-to-date: /home/jacob/MTRN4231/lab2_workspace/src/install/interface/include/interface/interface/srv/lookup.h
[0.824s] -- Up-to-date: /home/jacob/MTRN4231/lab2_workspace/src/install/interface/include/interface/interface/srv/detail
[0.825s] -- Up-to-date: /home/jacob/MTRN4231/lab2_workspace/src/install/interface/include/interface/interface/srv/detail/lookup__functions.c
[0.825s] -- Up-to-date: /home/jacob/MTRN4231/lab2_workspace/src/install/interface/include/interface/interface/srv/detail/lookup__struct.h
[0.826s] -- Up-to-date: /home/jacob/MTRN4231/lab2_workspace/src/install/interface/include/interface/interface/srv/detail/lookup__functions.h
[0.826s] -- Up-to-date: /home/jacob/MTRN4231/lab2_workspace/src/install/interface/include/interface/interface/srv/detail/lookup__type_support.h
[0.826s] -- Up-to-date: /home/jacob/MTRN4231/lab2_workspace/src/install/interface/share/interface/environment/library_path.sh
[0.826s] -- Up-to-date: /home/jacob/MTRN4231/lab2_workspace/src/install/interface/share/interface/environment/library_path.dsv
[0.826s] -- Up-to-date: /home/jacob/MTRN4231/lab2_workspace/src/install/interface/lib/libinterface__rosidl_generator_c.so
[0.826s] -- Up-to-date: /home/jacob/MTRN4231/lab2_workspace/src/install/interface/include/interface/interface
[0.826s] -- Up-to-date: /home/jacob/MTRN4231/lab2_workspace/src/install/interface/include/interface/interface/msg
[0.827s] -- Up-to-date: /home/jacob/MTRN4231/lab2_workspace/src/install/interface/include/interface/interface/msg/rosidl_typesupport_fastrtps_c__visibility_control.h
[0.827s] -- Up-to-date: /home/jacob/MTRN4231/lab2_workspace/src/install/interface/include/interface/interface/srv
[0.827s] -- Up-to-date: /home/jacob/MTRN4231/lab2_workspace/src/install/interface/include/interface/interface/srv/detail
[0.827s] -- Up-to-date: /home/jacob/MTRN4231/lab2_workspace/src/install/interface/include/interface/interface/srv/detail/lookup__rosidl_typesupport_fastrtps_c.h
[0.827s] -- Up-to-date: /home/jacob/MTRN4231/lab2_workspace/src/install/interface/lib/libinterface__rosidl_typesupport_fastrtps_c.so
[0.829s] -- Up-to-date: /home/jacob/MTRN4231/lab2_workspace/src/install/interface/include/interface/interface
[0.829s] -- Up-to-date: /home/jacob/MTRN4231/lab2_workspace/src/install/interface/include/interface/interface/msg
[0.829s] -- Up-to-date: /home/jacob/MTRN4231/lab2_workspace/src/install/interface/include/interface/interface/msg/rosidl_generator_cpp__visibility_control.hpp
[0.829s] -- Up-to-date: /home/jacob/MTRN4231/lab2_workspace/src/install/interface/include/interface/interface/srv
[0.830s] -- Up-to-date: /home/jacob/MTRN4231/lab2_workspace/src/install/interface/include/interface/interface/srv/lookup.hpp
[0.830s] -- Up-to-date: /home/jacob/MTRN4231/lab2_workspace/src/install/interface/include/interface/interface/srv/detail
[0.830s] -- Up-to-date: /home/jacob/MTRN4231/lab2_workspace/src/install/interface/include/interface/interface/srv/detail/lookup__type_support.hpp
[0.830s] -- Up-to-date: /home/jacob/MTRN4231/lab2_workspace/src/install/interface/include/interface/interface/srv/detail/lookup__traits.hpp
[0.830s] -- Up-to-date: /home/jacob/MTRN4231/lab2_workspace/src/install/interface/include/interface/interface/srv/detail/lookup__builder.hpp
[0.830s] -- Up-to-date: /home/jacob/MTRN4231/lab2_workspace/src/install/interface/include/interface/interface/srv/detail/lookup__struct.hpp
[0.830s] -- Up-to-date: /home/jacob/MTRN4231/lab2_workspace/src/install/interface/include/interface/interface
[0.831s] -- Up-to-date: /home/jacob/MTRN4231/lab2_workspace/src/install/interface/include/interface/interface/msg
[0.831s] -- Up-to-date: /home/jacob/MTRN4231/lab2_workspace/src/install/interface/include/interface/interface/msg/rosidl_typesupport_fastrtps_cpp__visibility_control.h
[0.831s] -- Up-to-date: /home/jacob/MTRN4231/lab2_workspace/src/install/interface/include/interface/interface/srv
[0.831s] -- Up-to-date: /home/jacob/MTRN4231/lab2_workspace/src/install/interface/include/interface/interface/srv/detail
[0.831s] -- Up-to-date: /home/jacob/MTRN4231/lab2_workspace/src/install/interface/include/interface/interface/srv/detail/dds_fastrtps
[0.831s] -- Up-to-date: /home/jacob/MTRN4231/lab2_workspace/src/install/interface/include/interface/interface/srv/detail/lookup__rosidl_typesupport_fastrtps_cpp.hpp
[0.831s] -- Up-to-date: /home/jacob/MTRN4231/lab2_workspace/src/install/interface/lib/libinterface__rosidl_typesupport_fastrtps_cpp.so
[0.831s] -- Up-to-date: /home/jacob/MTRN4231/lab2_workspace/src/install/interface/include/interface/interface
[0.832s] -- Up-to-date: /home/jacob/MTRN4231/lab2_workspace/src/install/interface/include/interface/interface/msg
[0.832s] -- Up-to-date: /home/jacob/MTRN4231/lab2_workspace/src/install/interface/include/interface/interface/msg/rosidl_typesupport_introspection_c__visibility_control.h
[0.832s] -- Up-to-date: /home/jacob/MTRN4231/lab2_workspace/src/install/interface/include/interface/interface/srv
[0.832s] -- Up-to-date: /home/jacob/MTRN4231/lab2_workspace/src/install/interface/include/interface/interface/srv/detail
[0.832s] -- Up-to-date: /home/jacob/MTRN4231/lab2_workspace/src/install/interface/include/interface/interface/srv/detail/lookup__type_support.c
[0.832s] -- Up-to-date: /home/jacob/MTRN4231/lab2_workspace/src/install/interface/include/interface/interface/srv/detail/lookup__rosidl_typesupport_introspection_c.h
[0.832s] -- Up-to-date: /home/jacob/MTRN4231/lab2_workspace/src/install/interface/lib/libinterface__rosidl_typesupport_introspection_c.so
[0.833s] -- Up-to-date: /home/jacob/MTRN4231/lab2_workspace/src/install/interface/lib/libinterface__rosidl_typesupport_c.so
[0.833s] -- Up-to-date: /home/jacob/MTRN4231/lab2_workspace/src/install/interface/include/interface/interface
[0.833s] -- Up-to-date: /home/jacob/MTRN4231/lab2_workspace/src/install/interface/include/interface/interface/srv
[0.833s] -- Up-to-date: /home/jacob/MTRN4231/lab2_workspace/src/install/interface/include/interface/interface/srv/detail
[0.833s] -- Up-to-date: /home/jacob/MTRN4231/lab2_workspace/src/install/interface/include/interface/interface/srv/detail/lookup__type_support.cpp
[0.833s] -- Up-to-date: /home/jacob/MTRN4231/lab2_workspace/src/install/interface/include/interface/interface/srv/detail/lookup__rosidl_typesupport_introspection_cpp.hpp
[0.833s] -- Up-to-date: /home/jacob/MTRN4231/lab2_workspace/src/install/interface/lib/libinterface__rosidl_typesupport_introspection_cpp.so
[0.833s] -- Up-to-date: /home/jacob/MTRN4231/lab2_workspace/src/install/interface/lib/libinterface__rosidl_typesupport_cpp.so
[0.834s] -- Up-to-date: /home/jacob/MTRN4231/lab2_workspace/src/install/interface/share/interface/environment/pythonpath.sh
[0.834s] -- Up-to-date: /home/jacob/MTRN4231/lab2_workspace/src/install/interface/share/interface/environment/pythonpath.dsv
[0.834s] -- Up-to-date: /home/jacob/MTRN4231/lab2_workspace/src/install/interface/local/lib/python3.10/dist-packages/interface-0.0.0-py3.10.egg-info
[0.834s] -- Installing: /home/jacob/MTRN4231/lab2_workspace/src/install/interface/local/lib/python3.10/dist-packages/interface-0.0.0-py3.10.egg-info/SOURCES.txt
[0.834s] -- Installing: /home/jacob/MTRN4231/lab2_workspace/src/install/interface/local/lib/python3.10/dist-packages/interface-0.0.0-py3.10.egg-info/dependency_links.txt
[0.834s] -- Installing: /home/jacob/MTRN4231/lab2_workspace/src/install/interface/local/lib/python3.10/dist-packages/interface-0.0.0-py3.10.egg-info/top_level.txt
[0.835s] -- Installing: /home/jacob/MTRN4231/lab2_workspace/src/install/interface/local/lib/python3.10/dist-packages/interface-0.0.0-py3.10.egg-info/PKG-INFO
[0.835s] -- Up-to-date: /home/jacob/MTRN4231/lab2_workspace/src/install/interface/local/lib/python3.10/dist-packages/interface
[0.835s] -- Up-to-date: /home/jacob/MTRN4231/lab2_workspace/src/install/interface/local/lib/python3.10/dist-packages/interface/libinterface__rosidl_generator_py.so
[0.835s] -- Up-to-date: /home/jacob/MTRN4231/lab2_workspace/src/install/interface/local/lib/python3.10/dist-packages/interface/_interface_s.ep.rosidl_typesupport_c.c
[0.835s] -- Up-to-date: /home/jacob/MTRN4231/lab2_workspace/src/install/interface/local/lib/python3.10/dist-packages/interface/_interface_s.ep.rosidl_typesupport_fastrtps_c.c
[0.835s] -- Up-to-date: /home/jacob/MTRN4231/lab2_workspace/src/install/interface/local/lib/python3.10/dist-packages/interface/__init__.py
[0.835s] -- Up-to-date: /home/jacob/MTRN4231/lab2_workspace/src/install/interface/local/lib/python3.10/dist-packages/interface/interface_s__rosidl_typesupport_introspection_c.cpython-310-x86_64-linux-gnu.so
[0.835s] -- Up-to-date: /home/jacob/MTRN4231/lab2_workspace/src/install/interface/local/lib/python3.10/dist-packages/interface/interface_s__rosidl_typesupport_c.cpython-310-x86_64-linux-gnu.so
[0.836s] -- Up-to-date: /home/jacob/MTRN4231/lab2_workspace/src/install/interface/local/lib/python3.10/dist-packages/interface/interface_s__rosidl_typesupport_fastrtps_c.cpython-310-x86_64-linux-gnu.so
[0.836s] -- Up-to-date: /home/jacob/MTRN4231/lab2_workspace/src/install/interface/local/lib/python3.10/dist-packages/interface/srv
[0.836s] -- Up-to-date: /home/jacob/MTRN4231/lab2_workspace/src/install/interface/local/lib/python3.10/dist-packages/interface/srv/__init__.py
[0.836s] -- Up-to-date: /home/jacob/MTRN4231/lab2_workspace/src/install/interface/local/lib/python3.10/dist-packages/interface/srv/_lookup_s.c
[0.836s] -- Up-to-date: /home/jacob/MTRN4231/lab2_workspace/src/install/interface/local/lib/python3.10/dist-packages/interface/srv/_lookup.py
[0.836s] -- Up-to-date: /home/jacob/MTRN4231/lab2_workspace/src/install/interface/local/lib/python3.10/dist-packages/interface/_interface_s.ep.rosidl_typesupport_introspection_c.c
[0.878s] Listing '/home/jacob/MTRN4231/lab2_workspace/src/install/interface/local/lib/python3.10/dist-packages/interface'...
[0.878s] Listing '/home/jacob/MTRN4231/lab2_workspace/src/install/interface/local/lib/python3.10/dist-packages/interface/srv'...
[0.884s] -- Up-to-date: /home/jacob/MTRN4231/lab2_workspace/src/install/interface/local/lib/python3.10/dist-packages/interface/interface_s__rosidl_typesupport_fastrtps_c.cpython-310-x86_64-linux-gnu.so
[0.884s] -- Up-to-date: /home/jacob/MTRN4231/lab2_workspace/src/install/interface/local/lib/python3.10/dist-packages/interface/interface_s__rosidl_typesupport_introspection_c.cpython-310-x86_64-linux-gnu.so
[0.885s] -- Up-to-date: /home/jacob/MTRN4231/lab2_workspace/src/install/interface/local/lib/python3.10/dist-packages/interface/interface_s__rosidl_typesupport_c.cpython-310-x86_64-linux-gnu.so
[0.885s] -- Up-to-date: /home/jacob/MTRN4231/lab2_workspace/src/install/interface/lib/libinterface__rosidl_generator_py.so
[0.886s] -- Up-to-date: /home/jacob/MTRN4231/lab2_workspace/src/install/interface/share/interface/srv/Lookup.idl
[0.886s] -- Up-to-date: /home/jacob/MTRN4231/lab2_workspace/src/install/interface/share/interface/srv/Lookup.srv
[0.886s] -- Up-to-date: /home/jacob/MTRN4231/lab2_workspace/src/install/interface/share/interface/srv/Lookup_Request.msg
[0.886s] -- Up-to-date: /home/jacob/MTRN4231/lab2_workspace/src/install/interface/share/interface/srv/Lookup_Response.msg
[0.887s] -- Up-to-date: /home/jacob/MTRN4231/lab2_workspace/src/install/interface/share/ament_index/resource_index/package_run_dependencies/interface
[0.887s] -- Up-to-date: /home/jacob/MTRN4231/lab2_workspace/src/install/interface/share/ament_index/resource_index/parent_prefix_path/interface
[0.887s] -- Up-to-date: /home/jacob/MTRN4231/lab2_workspace/src/install/interface/share/interface/environment/ament_prefix_path.sh
[0.887s] -- Up-to-date: /home/jacob/MTRN4231/lab2_workspace/src/install/interface/share/interface/environment/ament_prefix_path.dsv
[0.887s] -- Up-to-date: /home/jacob/MTRN4231/lab2_workspace/src/install/interface/share/interface/environment/path.sh
[0.887s] -- Up-to-date: /home/jacob/MTRN4231/lab2_workspace/src/install/interface/share/interface/environment/path.dsv
[0.887s] -- Up-to-date: /home/jacob/MTRN4231/lab2_workspace/src/install/interface/share/interface/local_setup.bash
[0.888s] -- Up-to-date: /home/jacob/MTRN4231/lab2_workspace/src/install/interface/share/interface/local_setup.sh
[0.888s] -- Up-to-date: /home/jacob/MTRN4231/lab2_workspace/src/install/interface/share/interface/local_setup.zsh
[0.888s] -- Up-to-date: /home/jacob/MTRN4231/lab2_workspace/src/install/interface/share/interface/local_setup.dsv
[0.888s] -- Installing: /home/jacob/MTRN4231/lab2_workspace/src/install/interface/share/interface/package.dsv
[0.888s] -- Up-to-date: /home/jacob/MTRN4231/lab2_workspace/src/install/interface/share/ament_index/resource_index/packages/interface
[0.888s] -- Up-to-date: /home/jacob/MTRN4231/lab2_workspace/src/install/interface/share/interface/cmake/export_interface__rosidl_generator_cExport.cmake
[0.889s] -- Up-to-date: /home/jacob/MTRN4231/lab2_workspace/src/install/interface/share/interface/cmake/export_interface__rosidl_generator_cExport-noconfig.cmake
[0.889s] -- Up-to-date: /home/jacob/MTRN4231/lab2_workspace/src/install/interface/share/interface/cmake/export_interface__rosidl_typesupport_fastrtps_cExport.cmake
[0.889s] -- Up-to-date: /home/jacob/MTRN4231/lab2_workspace/src/install/interface/share/interface/cmake/export_interface__rosidl_typesupport_fastrtps_cExport-noconfig.cmake
[0.889s] -- Up-to-date: /home/jacob/MTRN4231/lab2_workspace/src/install/interface/share/interface/cmake/export_interface__rosidl_generator_cppExport.cmake
[0.889s] -- Up-to-date: /home/jacob/MTRN4231/lab2_workspace/src/install/interface/share/interface/cmake/export_interface__rosidl_typesupport_fastrtps_cppExport.cmake
[0.889s] -- Up-to-date: /home/jacob/MTRN4231/lab2_workspace/src/install/interface/share/interface/cmake/export_interface__rosidl_typesupport_fastrtps_cppExport-noconfig.cmake
[0.890s] -- Up-to-date: /home/jacob/MTRN4231/lab2_workspace/src/install/interface/share/interface/cmake/interface__rosidl_typesupport_introspection_cExport.cmake
[0.890s] -- Up-to-date: /home/jacob/MTRN4231/lab2_workspace/src/install/interface/share/interface/cmake/interface__rosidl_typesupport_introspection_cExport-noconfig.cmake
[0.890s] -- Up-to-date: /home/jacob/MTRN4231/lab2_workspace/src/install/interface/share/interface/cmake/interface__rosidl_typesupport_cExport.cmake
[0.890s] -- Up-to-date: /home/jacob/MTRN4231/lab2_workspace/src/install/interface/share/interface/cmake/interface__rosidl_typesupport_cExport-noconfig.cmake
[0.890s] -- Up-to-date: /home/jacob/MTRN4231/lab2_workspace/src/install/interface/share/interface/cmake/interface__rosidl_typesupport_introspection_cppExport.cmake
[0.890s] -- Up-to-date: /home/jacob/MTRN4231/lab2_workspace/src/install/interface/share/interface/cmake/interface__rosidl_typesupport_introspection_cppExport-noconfig.cmake
[0.891s] -- Up-to-date: /home/jacob/MTRN4231/lab2_workspace/src/install/interface/share/interface/cmake/interface__rosidl_typesupport_cppExport.cmake
[0.891s] -- Up-to-date: /home/jacob/MTRN4231/lab2_workspace/src/install/interface/share/interface/cmake/interface__rosidl_typesupport_cppExport-noconfig.cmake
[0.891s] -- Up-to-date: /home/jacob/MTRN4231/lab2_workspace/src/install/interface/share/interface/cmake/export_interface__rosidl_generator_pyExport.cmake
[0.891s] -- Up-to-date: /home/jacob/MTRN4231/lab2_workspace/src/install/interface/share/interface/cmake/export_interface__rosidl_generator_pyExport-noconfig.cmake
[0.891s] -- Up-to-date: /home/jacob/MTRN4231/lab2_workspace/src/install/interface/share/interface/cmake/rosidl_cmake-extras.cmake
[0.891s] -- Up-to-date: /home/jacob/MTRN4231/lab2_workspace/src/install/interface/share/interface/cmake/ament_cmake_export_dependencies-extras.cmake
[0.892s] -- Up-to-date: /home/jacob/MTRN4231/lab2_workspace/src/install/interface/share/interface/cmake/ament_cmake_export_include_directories-extras.cmake
[0.892s] -- Up-to-date: /home/jacob/MTRN4231/lab2_workspace/src/install/interface/share/interface/cmake/ament_cmake_export_libraries-extras.cmake
[0.892s] -- Up-to-date: /home/jacob/MTRN4231/lab2_workspace/src/install/interface/share/interface/cmake/ament_cmake_export_targets-extras.cmake
[0.892s] -- Up-to-date: /home/jacob/MTRN4231/lab2_workspace/src/install/interface/share/interface/cmake/rosidl_cmake_export_typesupport_targets-extras.cmake
[0.892s] -- Up-to-date: /home/jacob/MTRN4231/lab2_workspace/src/install/interface/share/interface/cmake/rosidl_cmake_export_typesupport_libraries-extras.cmake
[0.892s] -- Up-to-date: /home/jacob/MTRN4231/lab2_workspace/src/install/interface/share/interface/cmake/interfaceConfig.cmake
[0.892s] -- Up-to-date: /home/jacob/MTRN4231/lab2_workspace/src/install/interface/share/interface/cmake/interfaceConfig-version.cmake
[0.892s] -- Up-to-date: /home/jacob/MTRN4231/lab2_workspace/src/install/interface/share/interface/package.xml
[0.895s] Invoked command in '/home/jacob/MTRN4231/lab2_workspace/src/build/interface' returned '0': CMAKE_PREFIX_PATH=${CMAKE_PREFIX_PATH}:/opt/ros/humble /usr/bin/cmake --install /home/jacob/MTRN4231/lab2_workspace/src/build/interface
