[01m[K/home/jacob/MTRN4231/lab1_workspace/src/cpp_pubsub/src/subscriber_member_function.cpp:40:24:[m[K [01;31m[Kerror: [m[K‘[01m[Kgeoemetry_msgs[m[K’ was not declared in this scope; did you mean ‘[01m[Kgeometry_msgs[m[K’?
   40 |   rclcpp::Subscription<[01;31m[Kgeoemetry_msgs[m[K::msg::Pose>::SharedPtr subscription_;
      |                        [01;31m[K^~~~~~~~~~~~~~[m[K
      |                        [32m[Kgeometry_msgs[m[K
[01m[K/home/jacob/MTRN4231/lab1_workspace/src/cpp_pubsub/src/subscriber_member_function.cpp:40:49:[m[K [01;31m[Kerror: [m[Ktemplate argument 1 is invalid
   40 |   rclcpp::Subscription<geoemetry_msgs::msg::Pose[01;31m[K>[m[K::SharedPtr subscription_;
      |                                                 [01;31m[K^[m[K
[01m[K/home/jacob/MTRN4231/lab1_workspace/src/cpp_pubsub/src/subscriber_member_function.cpp:40:49:[m[K [01;31m[Kerror: [m[Ktemplate argument 3 is invalid
[01m[K/home/jacob/MTRN4231/lab1_workspace/src/cpp_pubsub/src/subscriber_member_function.cpp:40:49:[m[K [01;31m[Kerror: [m[Ktemplate argument 4 is invalid
[01m[K/home/jacob/MTRN4231/lab1_workspace/src/cpp_pubsub/src/subscriber_member_function.cpp:40:49:[m[K [01;31m[Kerror: [m[Ktemplate argument 5 is invalid
[01m[K/home/jacob/MTRN4231/lab1_workspace/src/cpp_pubsub/src/subscriber_member_function.cpp:40:52:[m[K [01;31m[Kerror: [m[Kexpected ‘[01m[K;[m[K’ at end of member declaration
   40 |   rclcpp::Subscription<geoemetry_msgs::msg::Pose>::[01;31m[KSharedPtr[m[K subscription_;
      |                                                    [01;31m[K^~~~~~~~~[m[K
      |                                                             [32m[K;[m[K
[01m[K/home/jacob/MTRN4231/lab1_workspace/src/cpp_pubsub/src/subscriber_member_function.cpp:40:62:[m[K [01;31m[Kerror: [m[K‘[01m[Ksubscription_[m[K’ does not name a type; did you mean ‘[01m[Krmw_subscription_t[m[K’?
   40 |   rclcpp::Subscription<geoemetry_msgs::msg::Pose>::SharedPtr [01;31m[Ksubscription_[m[K;
      |                                                              [01;31m[K^~~~~~~~~~~~~[m[K
      |                                                              [32m[Krmw_subscription_t[m[K
[01m[K/home/jacob/MTRN4231/lab1_workspace/src/cpp_pubsub/src/subscriber_member_function.cpp:[m[K In constructor ‘[01m[KMinimalSubscriber::MinimalSubscriber()[m[K’:
[01m[K/home/jacob/MTRN4231/lab1_workspace/src/cpp_pubsub/src/subscriber_member_function.cpp:31:5:[m[K [01;31m[Kerror: [m[K‘[01m[Ksubscription_[m[K’ was not declared in this scope; did you mean ‘[01m[Krmw_subscription_t[m[K’?
   31 |     [01;31m[Ksubscription_[m[K = this->create_subscription<geometry_msgs::msg::Pose>(
      |     [01;31m[K^~~~~~~~~~~~~[m[K
      |     [32m[Krmw_subscription_t[m[K
gmake[2]: *** [CMakeFiles/listener.dir/build.make:76: CMakeFiles/listener.dir/src/subscriber_member_function.cpp.o] Error 1
gmake[1]: *** [CMakeFiles/Makefile2:165: CMakeFiles/listener.dir/all] Error 2
gmake: *** [Makefile:146: all] Error 2
