[0.022s] Invoking command in '/home/jacob/MTRN4231/lab1_workspace/build/cpp_pubsub': CMAKE_PREFIX_PATH=${CMAKE_PREFIX_PATH}:/opt/ros/humble /usr/bin/cmake --build /home/jacob/MTRN4231/lab1_workspace/build/cpp_pubsub -- -j8 -l8
[0.091s] [35m[1mConsolidate compiler generated dependencies of target talker[0m
[0.116s] [ 25%] [32mBuilding CXX object CMakeFiles/listener.dir/src/subscriber_member_function.cpp.o[0m
[0.130s] [ 50%] [32mBuilding CXX object CMakeFiles/talker.dir/src/publisher_member_function.cpp.o[0m
[4.997s] [01m[K/home/jacob/MTRN4231/lab1_workspace/src/cpp_pubsub/src/subscriber_member_function.cpp:40:24:[m[K [01;31m[Kerror: [m[K‘[01m[Kgeoemetry_msgs[m[K’ was not declared in this scope; did you mean ‘[01m[Kgeometry_msgs[m[K’?
[4.997s]    40 |   rclcpp::Subscription<[01;31m[Kgeoemetry_msgs[m[K::msg::Pose>::SharedPtr subscription_;
[4.997s]       |                        [01;31m[K^~~~~~~~~~~~~~[m[K
[4.998s]       |                        [32m[Kgeometry_msgs[m[K
[4.998s] [01m[K/home/jacob/MTRN4231/lab1_workspace/src/cpp_pubsub/src/subscriber_member_function.cpp:40:49:[m[K [01;31m[Kerror: [m[Ktemplate argument 1 is invalid
[4.998s]    40 |   rclcpp::Subscription<geoemetry_msgs::msg::Pose[01;31m[K>[m[K::SharedPtr subscription_;
[4.999s]       |                                                 [01;31m[K^[m[K
[4.999s] [01m[K/home/jacob/MTRN4231/lab1_workspace/src/cpp_pubsub/src/subscriber_member_function.cpp:40:49:[m[K [01;31m[Kerror: [m[Ktemplate argument 3 is invalid
[4.999s] [01m[K/home/jacob/MTRN4231/lab1_workspace/src/cpp_pubsub/src/subscriber_member_function.cpp:40:49:[m[K [01;31m[Kerror: [m[Ktemplate argument 4 is invalid
[4.999s] [01m[K/home/jacob/MTRN4231/lab1_workspace/src/cpp_pubsub/src/subscriber_member_function.cpp:40:49:[m[K [01;31m[Kerror: [m[Ktemplate argument 5 is invalid
[4.999s] [01m[K/home/jacob/MTRN4231/lab1_workspace/src/cpp_pubsub/src/subscriber_member_function.cpp:40:52:[m[K [01;31m[Kerror: [m[Kexpected ‘[01m[K;[m[K’ at end of member declaration
[4.999s]    40 |   rclcpp::Subscription<geoemetry_msgs::msg::Pose>::[01;31m[KSharedPtr[m[K subscription_;
[5.000s]       |                                                    [01;31m[K^~~~~~~~~[m[K
[5.000s]       |                                                             [32m[K;[m[K
[5.003s] [01m[K/home/jacob/MTRN4231/lab1_workspace/src/cpp_pubsub/src/subscriber_member_function.cpp:40:62:[m[K [01;31m[Kerror: [m[K‘[01m[Ksubscription_[m[K’ does not name a type; did you mean ‘[01m[Krmw_subscription_t[m[K’?
[5.004s]    40 |   rclcpp::Subscription<geoemetry_msgs::msg::Pose>::SharedPtr [01;31m[Ksubscription_[m[K;
[5.004s]       |                                                              [01;31m[K^~~~~~~~~~~~~[m[K
[5.004s]       |                                                              [32m[Krmw_subscription_t[m[K
[5.016s] [01m[K/home/jacob/MTRN4231/lab1_workspace/src/cpp_pubsub/src/subscriber_member_function.cpp:[m[K In constructor ‘[01m[KMinimalSubscriber::MinimalSubscriber()[m[K’:
[5.016s] [01m[K/home/jacob/MTRN4231/lab1_workspace/src/cpp_pubsub/src/subscriber_member_function.cpp:31:5:[m[K [01;31m[Kerror: [m[K‘[01m[Ksubscription_[m[K’ was not declared in this scope; did you mean ‘[01m[Krmw_subscription_t[m[K’?
[5.016s]    31 |     [01;31m[Ksubscription_[m[K = this->create_subscription<geometry_msgs::msg::Pose>(
[5.016s]       |     [01;31m[K^~~~~~~~~~~~~[m[K
[5.016s]       |     [32m[Krmw_subscription_t[m[K
[8.393s] [ 75%] [32m[1mLinking CXX executable talker[0m
[9.140s] [ 75%] Built target talker
[9.239s] gmake[2]: *** [CMakeFiles/listener.dir/build.make:76: CMakeFiles/listener.dir/src/subscriber_member_function.cpp.o] Error 1
[9.240s] gmake[1]: *** [CMakeFiles/Makefile2:165: CMakeFiles/listener.dir/all] Error 2
[9.240s] gmake: *** [Makefile:146: all] Error 2
[9.245s] Invoked command in '/home/jacob/MTRN4231/lab1_workspace/build/cpp_pubsub' returned '2': CMAKE_PREFIX_PATH=${CMAKE_PREFIX_PATH}:/opt/ros/humble /usr/bin/cmake --build /home/jacob/MTRN4231/lab1_workspace/build/cpp_pubsub -- -j8 -l8
