[0.039s] Invoking command in '/home/jacob/MTRN4231/lab2_workspace/src/build/my_interface': CMAKE_PREFIX_PATH=${CMAKE_PREFIX_PATH}:/opt/ros/humble /usr/bin/cmake --build /home/jacob/MTRN4231/lab2_workspace/src/build/my_interface -- -j8 -l8
[0.093s] -- Found ament_cmake: 1.3.12 (/opt/ros/humble/share/ament_cmake/cmake)
[0.379s] -- Found geometry_msgs: 4.9.0 (/opt/ros/humble/share/geometry_msgs/cmake)
[0.433s] -- Found rosidl_generator_c: 3.1.7 (/opt/ros/humble/share/rosidl_generator_c/cmake)
[0.441s] -- Found rosidl_adapter: 3.1.7 (/opt/ros/humble/share/rosidl_adapter/cmake)
[0.452s] -- Found rosidl_generator_cpp: 3.1.7 (/opt/ros/humble/share/rosidl_generator_cpp/cmake)
[0.476s] -- Using all available rosidl_typesupport_c: rosidl_typesupport_fastrtps_c;rosidl_typesupport_introspection_c
[0.506s] -- Using all available rosidl_typesupport_cpp: rosidl_typesupport_fastrtps_cpp;rosidl_typesupport_introspection_cpp
[0.589s] -- Found rosidl_default_generators: 1.2.0 (/opt/ros/humble/share/rosidl_default_generators/cmake)
[1.249s] -- Found ament_cmake_ros: 0.10.0 (/opt/ros/humble/share/ament_cmake_ros/cmake)
[2.105s] -- Using all available rosidl_typesupport_c: rosidl_typesupport_fastrtps_c;rosidl_typesupport_introspection_c
[2.429s] -- Using all available rosidl_typesupport_cpp: rosidl_typesupport_fastrtps_cpp;rosidl_typesupport_introspection_cpp
[2.504s] -- Found python_cmake_module: 0.10.0 (/opt/ros/humble/share/python_cmake_module/cmake)
[2.570s] -- Using PYTHON_EXECUTABLE: /usr/bin/python3
[2.570s] -- Using PYTHON_INCLUDE_DIRS: /usr/include/python3.10
[2.570s] -- Using PYTHON_LIBRARIES: /usr/lib/x86_64-linux-gnu/libpython3.10.so
[2.640s] -- Found ament_lint_auto: 0.12.14 (/opt/ros/humble/share/ament_lint_auto/cmake)
[2.654s] -- Added test 'lint_cmake' to check CMake code style
[2.655s] -- Added test 'xmllint' to check XML markup files
[2.658s] -- Configuring done
[2.752s] -- Generating done
[2.771s] -- Build files have been written to: /home/jacob/MTRN4231/lab2_workspace/src/build/my_interface
[2.812s] [  3%] [34m[1mGenerating C code for ROS interfaces[0m
[2.828s] [  6%] [34m[1mGenerating C++ code for ROS interfaces[0m
[2.848s] [  6%] Built target ament_cmake_python_copy_my_interface
[3.275s] running egg_info
[3.276s] creating my_interface.egg-info
[3.276s] writing my_interface.egg-info/PKG-INFO
[3.276s] writing dependency_links to my_interface.egg-info/dependency_links.txt
[3.277s] writing top-level names to my_interface.egg-info/top_level.txt
[3.277s] writing manifest file 'my_interface.egg-info/SOURCES.txt'
[3.281s] reading manifest file 'my_interface.egg-info/SOURCES.txt'
[3.282s] writing manifest file 'my_interface.egg-info/SOURCES.txt'
[3.343s] [  6%] Built target my_interface__cpp
[3.343s] [  6%] Built target ament_cmake_python_build_my_interface_egg
[3.344s] [  9%] [32mBuilding C object CMakeFiles/my_interface__rosidl_generator_c.dir/rosidl_generator_c/my_interface/srv/detail/lookup__functions.c.o[0m
[3.360s] [ 12%] [34m[1mGenerating C++ type support for eProsima Fast-RTPS[0m
[3.362s] [ 16%] [34m[1mGenerating C++ type support dispatch for ROS interfaces[0m
[3.365s] [ 19%] [34m[1mGenerating C++ introspection for ROS interfaces[0m
[3.447s] [ 22%] [32m[1mLinking C shared library libmy_interface__rosidl_generator_c.so[0m
[3.500s] [ 22%] Built target my_interface__rosidl_generator_c
[3.528s] [ 29%] [34m[1mGenerating C type support dispatch for ROS interfaces[0m
[3.528s] [ 29%] [34m[1mGenerating C type support for eProsima Fast-RTPS[0m
[3.533s] [ 32%] [34m[1mGenerating C introspection for ROS interfaces[0m
[3.857s] [ 35%] [32mBuilding CXX object CMakeFiles/my_interface__rosidl_typesupport_cpp.dir/rosidl_typesupport_cpp/my_interface/srv/lookup__type_support.cpp.o[0m
[3.911s] [ 38%] [32mBuilding CXX object CMakeFiles/my_interface__rosidl_typesupport_introspection_cpp.dir/rosidl_typesupport_introspection_cpp/my_interface/srv/detail/lookup__type_support.cpp.o[0m
[4.027s] [ 41%] [32mBuilding CXX object CMakeFiles/my_interface__rosidl_typesupport_fastrtps_cpp.dir/rosidl_typesupport_fastrtps_cpp/my_interface/srv/detail/dds_fastrtps/lookup__type_support.cpp.o[0m
[4.130s] [ 45%] [32mBuilding CXX object CMakeFiles/my_interface__rosidl_typesupport_c.dir/rosidl_typesupport_c/my_interface/srv/lookup__type_support.cpp.o[0m
[4.170s] [ 48%] [32mBuilding CXX object CMakeFiles/my_interface__rosidl_typesupport_fastrtps_c.dir/rosidl_typesupport_fastrtps_c/my_interface/srv/detail/lookup__type_support_c.cpp.o[0m
[4.205s] [ 51%] [32m[1mLinking CXX shared library libmy_interface__rosidl_typesupport_c.so[0m
[4.235s] [ 54%] [32mBuilding C object CMakeFiles/my_interface__rosidl_typesupport_introspection_c.dir/rosidl_typesupport_introspection_c/my_interface/srv/detail/lookup__type_support.c.o[0m
[4.300s] [ 54%] Built target my_interface__rosidl_typesupport_c
[4.315s] [ 58%] [32m[1mLinking C shared library libmy_interface__rosidl_typesupport_introspection_c.so[0m
[4.382s] [ 58%] Built target my_interface__rosidl_typesupport_introspection_c
[4.495s] [ 61%] [32m[1mLinking CXX shared library libmy_interface__rosidl_typesupport_cpp.so[0m
[4.581s] [ 61%] Built target my_interface__rosidl_typesupport_cpp
[4.863s] [ 64%] [32m[1mLinking CXX shared library libmy_interface__rosidl_typesupport_introspection_cpp.so[0m
[4.923s] [ 67%] [32m[1mLinking CXX shared library libmy_interface__rosidl_typesupport_fastrtps_c.so[0m
[4.950s] [ 70%] [32m[1mLinking CXX shared library libmy_interface__rosidl_typesupport_fastrtps_cpp.so[0m
[4.981s] [ 70%] Built target my_interface__rosidl_typesupport_introspection_cpp
[5.138s] [ 70%] Built target my_interface__rosidl_typesupport_fastrtps_c
[5.165s] [ 70%] Built target my_interface__rosidl_typesupport_fastrtps_cpp
[5.210s] [ 70%] Built target my_interface
[5.269s] [ 74%] [34m[1mGenerating Python code for ROS interfaces[0m
[5.957s] [ 74%] Built target my_interface__py
[6.013s] [ 77%] [32mBuilding C object CMakeFiles/my_interface__rosidl_generator_py.dir/rosidl_generator_py/my_interface/srv/_lookup_s.c.o[0m
[6.196s] [ 80%] [32m[1mLinking C shared library rosidl_generator_py/my_interface/libmy_interface__rosidl_generator_py.so[0m
[6.259s] [ 80%] Built target my_interface__rosidl_generator_py
[6.290s] [ 87%] [32mBuilding C object CMakeFiles/my_interface__rosidl_typesupport_introspection_c__pyext.dir/rosidl_generator_py/my_interface/_my_interface_s.ep.rosidl_typesupport_introspection_c.c.o[0m
[6.291s] [ 87%] [32mBuilding C object CMakeFiles/my_interface__rosidl_typesupport_c__pyext.dir/rosidl_generator_py/my_interface/_my_interface_s.ep.rosidl_typesupport_c.c.o[0m
[6.291s] [ 90%] [32mBuilding C object CMakeFiles/my_interface__rosidl_typesupport_fastrtps_c__pyext.dir/rosidl_generator_py/my_interface/_my_interface_s.ep.rosidl_typesupport_fastrtps_c.c.o[0m
[6.467s] [ 93%] [32m[1mLinking C shared library rosidl_generator_py/my_interface/my_interface_s__rosidl_typesupport_c.cpython-310-x86_64-linux-gnu.so[0m
[6.468s] [ 96%] [32m[1mLinking C shared library rosidl_generator_py/my_interface/my_interface_s__rosidl_typesupport_introspection_c.cpython-310-x86_64-linux-gnu.so[0m
[6.478s] [100%] [32m[1mLinking C shared library rosidl_generator_py/my_interface/my_interface_s__rosidl_typesupport_fastrtps_c.cpython-310-x86_64-linux-gnu.so[0m
[6.534s] [100%] Built target my_interface__rosidl_typesupport_introspection_c__pyext
[6.535s] [100%] Built target my_interface__rosidl_typesupport_c__pyext
[6.551s] [100%] Built target my_interface__rosidl_typesupport_fastrtps_c__pyext
