[0.031s] Invoking command in '/home/jacob/MTRN4231/lab2_workspace/src/build/visualisation': CMAKE_PREFIX_PATH=${CMAKE_PREFIX_PATH}:/opt/ros/humble /usr/bin/cmake --build /home/jacob/MTRN4231/lab2_workspace/src/build/visualisation -- -j8 -l8
[0.137s] [35m[1mConsolidate compiler generated dependencies of target OOI[0m
[0.173s] [ 50%] [32mBuilding CXX object CMakeFiles/OOI.dir/src/OOI.cpp.o[0m
[10.852s] [100%] [32m[1mLinking CXX executable OOI[0m
[11.367s] [100%] Built target OOI
[11.391s] Invoked command in '/home/jacob/MTRN4231/lab2_workspace/src/build/visualisation' returned '0': CMAKE_PREFIX_PATH=${CMAKE_PREFIX_PATH}:/opt/ros/humble /usr/bin/cmake --build /home/jacob/MTRN4231/lab2_workspace/src/build/visualisation -- -j8 -l8
[11.395s] Invoking command in '/home/jacob/MTRN4231/lab2_workspace/src/build/visualisation': CMAKE_PREFIX_PATH=${CMAKE_PREFIX_PATH}:/opt/ros/humble /usr/bin/cmake --install /home/jacob/MTRN4231/lab2_workspace/src/build/visualisation
[11.408s] -- Install configuration: ""
[11.408s] -- Installing: /home/jacob/MTRN4231/lab2_workspace/src/install/visualisation/lib/visualisation/OOI
[11.411s] -- Set runtime path of "/home/jacob/MTRN4231/lab2_workspace/src/install/visualisation/lib/visualisation/OOI" to ""
[11.411s] -- Up-to-date: /home/jacob/MTRN4231/lab2_workspace/src/install/visualisation/share/ament_index/resource_index/package_run_dependencies/visualisation
[11.412s] -- Up-to-date: /home/jacob/MTRN4231/lab2_workspace/src/install/visualisation/share/ament_index/resource_index/parent_prefix_path/visualisation
[11.412s] -- Up-to-date: /home/jacob/MTRN4231/lab2_workspace/src/install/visualisation/share/visualisation/environment/ament_prefix_path.sh
[11.412s] -- Up-to-date: /home/jacob/MTRN4231/lab2_workspace/src/install/visualisation/share/visualisation/environment/ament_prefix_path.dsv
[11.412s] -- Up-to-date: /home/jacob/MTRN4231/lab2_workspace/src/install/visualisation/share/visualisation/environment/path.sh
[11.413s] -- Up-to-date: /home/jacob/MTRN4231/lab2_workspace/src/install/visualisation/share/visualisation/environment/path.dsv
[11.413s] -- Up-to-date: /home/jacob/MTRN4231/lab2_workspace/src/install/visualisation/share/visualisation/local_setup.bash
[11.413s] -- Up-to-date: /home/jacob/MTRN4231/lab2_workspace/src/install/visualisation/share/visualisation/local_setup.sh
[11.413s] -- Up-to-date: /home/jacob/MTRN4231/lab2_workspace/src/install/visualisation/share/visualisation/local_setup.zsh
[11.413s] -- Up-to-date: /home/jacob/MTRN4231/lab2_workspace/src/install/visualisation/share/visualisation/local_setup.dsv
[11.413s] -- Installing: /home/jacob/MTRN4231/lab2_workspace/src/install/visualisation/share/visualisation/package.dsv
[11.414s] -- Up-to-date: /home/jacob/MTRN4231/lab2_workspace/src/install/visualisation/share/ament_index/resource_index/packages/visualisation
[11.414s] -- Up-to-date: /home/jacob/MTRN4231/lab2_workspace/src/install/visualisation/share/visualisation/cmake/visualisationConfig.cmake
[11.414s] -- Up-to-date: /home/jacob/MTRN4231/lab2_workspace/src/install/visualisation/share/visualisation/cmake/visualisationConfig-version.cmake
[11.414s] -- Up-to-date: /home/jacob/MTRN4231/lab2_workspace/src/install/visualisation/share/visualisation/package.xml
[11.416s] Invoked command in '/home/jacob/MTRN4231/lab2_workspace/src/build/visualisation' returned '0': CMAKE_PREFIX_PATH=${CMAKE_PREFIX_PATH}:/opt/ros/humble /usr/bin/cmake --install /home/jacob/MTRN4231/lab2_workspace/src/build/visualisation
