[0.048s] Invoking command in '/home/jacob/MTRN4231/lab1_workspace/build/cpp_pubsub': CMAKE_PREFIX_PATH=${CMAKE_PREFIX_PATH}:/opt/ros/humble /usr/bin/cmake --build /home/jacob/MTRN4231/lab1_workspace/build/cpp_pubsub -- -j8 -l8
[0.140s] [35m[1mConsolidate compiler generated dependencies of target talker[0m
[0.174s] [ 25%] [32mBuilding CXX object CMakeFiles/listener.dir/src/subscriber_member_function.cpp.o[0m
[0.186s] [ 75%] Built target talker
[16.176s] [100%] [32m[1mLinking CXX executable listener[0m
[17.289s] [100%] Built target listener
[17.314s] Invoked command in '/home/jacob/MTRN4231/lab1_workspace/build/cpp_pubsub' returned '0': CMAKE_PREFIX_PATH=${CMAKE_PREFIX_PATH}:/opt/ros/humble /usr/bin/cmake --build /home/jacob/MTRN4231/lab1_workspace/build/cpp_pubsub -- -j8 -l8
[17.340s] Invoking command in '/home/jacob/MTRN4231/lab1_workspace/build/cpp_pubsub': CMAKE_PREFIX_PATH=${CMAKE_PREFIX_PATH}:/opt/ros/humble /usr/bin/cmake --install /home/jacob/MTRN4231/lab1_workspace/build/cpp_pubsub
[17.353s] -- Install configuration: ""
[17.354s] -- Up-to-date: /home/jacob/MTRN4231/lab1_workspace/install/cpp_pubsub/lib/cpp_pubsub/talker
[17.355s] -- Installing: /home/jacob/MTRN4231/lab1_workspace/install/cpp_pubsub/lib/cpp_pubsub/listener
[17.376s] -- Set runtime path of "/home/jacob/MTRN4231/lab1_workspace/install/cpp_pubsub/lib/cpp_pubsub/listener" to ""
[17.377s] -- Up-to-date: /home/jacob/MTRN4231/lab1_workspace/install/cpp_pubsub/share/ament_index/resource_index/package_run_dependencies/cpp_pubsub
[17.378s] -- Up-to-date: /home/jacob/MTRN4231/lab1_workspace/install/cpp_pubsub/share/ament_index/resource_index/parent_prefix_path/cpp_pubsub
[17.378s] -- Up-to-date: /home/jacob/MTRN4231/lab1_workspace/install/cpp_pubsub/share/cpp_pubsub/environment/ament_prefix_path.sh
[17.379s] -- Up-to-date: /home/jacob/MTRN4231/lab1_workspace/install/cpp_pubsub/share/cpp_pubsub/environment/ament_prefix_path.dsv
[17.379s] -- Up-to-date: /home/jacob/MTRN4231/lab1_workspace/install/cpp_pubsub/share/cpp_pubsub/environment/path.sh
[17.380s] -- Up-to-date: /home/jacob/MTRN4231/lab1_workspace/install/cpp_pubsub/share/cpp_pubsub/environment/path.dsv
[17.380s] -- Up-to-date: /home/jacob/MTRN4231/lab1_workspace/install/cpp_pubsub/share/cpp_pubsub/local_setup.bash
[17.381s] -- Up-to-date: /home/jacob/MTRN4231/lab1_workspace/install/cpp_pubsub/share/cpp_pubsub/local_setup.sh
[17.381s] -- Up-to-date: /home/jacob/MTRN4231/lab1_workspace/install/cpp_pubsub/share/cpp_pubsub/local_setup.zsh
[17.381s] -- Up-to-date: /home/jacob/MTRN4231/lab1_workspace/install/cpp_pubsub/share/cpp_pubsub/local_setup.dsv
[17.381s] -- Installing: /home/jacob/MTRN4231/lab1_workspace/install/cpp_pubsub/share/cpp_pubsub/package.dsv
[17.382s] -- Up-to-date: /home/jacob/MTRN4231/lab1_workspace/install/cpp_pubsub/share/ament_index/resource_index/packages/cpp_pubsub
[17.382s] -- Up-to-date: /home/jacob/MTRN4231/lab1_workspace/install/cpp_pubsub/share/cpp_pubsub/cmake/cpp_pubsubConfig.cmake
[17.382s] -- Up-to-date: /home/jacob/MTRN4231/lab1_workspace/install/cpp_pubsub/share/cpp_pubsub/cmake/cpp_pubsubConfig-version.cmake
[17.382s] -- Up-to-date: /home/jacob/MTRN4231/lab1_workspace/install/cpp_pubsub/share/cpp_pubsub/package.xml
[17.385s] Invoked command in '/home/jacob/MTRN4231/lab1_workspace/build/cpp_pubsub' returned '0': CMAKE_PREFIX_PATH=${CMAKE_PREFIX_PATH}:/opt/ros/humble /usr/bin/cmake --install /home/jacob/MTRN4231/lab1_workspace/build/cpp_pubsub
