[35m[1mConsolidate compiler generated dependencies of target lookup_server[0m
[ 33%] Built target int_addition_server
[ 50%] [32mBuilding CXX object CMakeFiles/lookup_server.dir/src/lookup_server.cpp.o[0m
[ 83%] Built target int_addition_client
[01m[K/home/jacob/MTRN4231/lab2_workspace/src/lab2_client_service/src/lookup_server.cpp:[m[K In function ‘[01m[Kint main(int, char**)[m[K’:
[01m[K/home/jacob/MTRN4231/lab2_workspace/src/lab2_client_service/src/lookup_server.cpp:50:34:[m[K [01;31m[Kerror: [m[K‘[01m[KIntAdditionServer[m[K’ was not declared in this scope
   50 |   auto server = std::make_shared<[01;31m[KIntAdditionServer[m[K>();
      |                                  [01;31m[K^~~~~~~~~~~~~~~~~[m[K
[01m[K/home/jacob/MTRN4231/lab2_workspace/src/lab2_client_service/src/lookup_server.cpp:50:52:[m[K [01;31m[Kerror: [m[Kno matching function for call to ‘[01m[Kmake_shared<<expression error> >()[m[K’
   50 |   auto server = [01;31m[Kstd::make_shared<IntAdditionServer>()[m[K;
      |                 [01;31m[K~~~~~~~~~~~~~~~~~~~~~~~~~~~~~~~~~~~^~[m[K
In file included from [01m[K/usr/include/c++/11/memory:77[m[K,
                 from [01m[K/opt/ros/humble/include/rclcpp/rclcpp/rclcpp.hpp:153[m[K,
                 from [01m[K/home/jacob/MTRN4231/lab2_workspace/src/lab2_client_service/src/lookup_server.cpp:2[m[K:
[01m[K/usr/include/c++/11/bits/shared_ptr.h:875:5:[m[K [01;36m[Knote: [m[Kcandidate: ‘[01m[Ktemplate<class _Tp, class ... _Args> std::shared_ptr<_Tp> std::make_shared(_Args&& ...)[m[K’
  875 |     [01;36m[Kmake_shared[m[K(_Args&&... __args)
      |     [01;36m[K^~~~~~~~~~~[m[K
[01m[K/usr/include/c++/11/bits/shared_ptr.h:875:5:[m[K [01;36m[Knote: [m[K  template argument deduction/substitution failed:
[01m[K/home/jacob/MTRN4231/lab2_workspace/src/lab2_client_service/src/lookup_server.cpp:50:52:[m[K [01;31m[Kerror: [m[Ktemplate argument 1 is invalid
   50 |   auto server = [01;31m[Kstd::make_shared<IntAdditionServer>()[m[K;
      |                 [01;31m[K~~~~~~~~~~~~~~~~~~~~~~~~~~~~~~~~~~~^~[m[K
gmake[2]: *** [CMakeFiles/lookup_server.dir/build.make:76: CMakeFiles/lookup_server.dir/src/lookup_server.cpp.o] Error 1
gmake[1]: *** [CMakeFiles/Makefile2:193: CMakeFiles/lookup_server.dir/all] Error 2
gmake: *** [Makefile:146: all] Error 2
