[0.038s] Invoking command in '/home/jacob/MTRN4231/lab2_workspace/src/build/interface': CMAKE_PREFIX_PATH=${CMAKE_PREFIX_PATH}:/opt/ros/humble /usr/bin/cmake --build /home/jacob/MTRN4231/lab2_workspace/src/build/interface -- -j8 -l8
[0.177s] [  9%] Built target interface__rosidl_generator_c
[0.189s] [ 12%] Built target interface__cpp
[0.236s] [ 12%] Built target ament_cmake_python_copy_interface
[0.259s] [ 22%] Built target interface__rosidl_typesupport_c
[0.262s] [ 32%] Built target interface__rosidl_typesupport_cpp
[0.269s] [ 41%] Built target interface__rosidl_typesupport_fastrtps_cpp
[0.277s] [ 51%] Built target interface__rosidl_typesupport_introspection_c
[0.287s] [ 61%] Built target interface__rosidl_typesupport_fastrtps_c
[0.294s] [ 70%] Built target interface__rosidl_typesupport_introspection_cpp
[0.358s] [ 70%] Built target interface
[0.403s] [ 74%] Built target interface__py
[0.447s] [ 80%] Built target interface__rosidl_generator_py
[0.511s] [ 87%] Built target interface__rosidl_typesupport_fastrtps_c__pyext
[0.520s] [ 93%] Built target interface__rosidl_typesupport_introspection_c__pyext
[0.531s] [100%] Built target interface__rosidl_typesupport_c__pyext
[0.820s] running egg_info
[0.821s] writing interface.egg-info/PKG-INFO
[0.821s] writing dependency_links to interface.egg-info/dependency_links.txt
[0.821s] writing top-level names to interface.egg-info/top_level.txt
[0.828s] reading manifest file 'interface.egg-info/SOURCES.txt'
[0.828s] writing manifest file 'interface.egg-info/SOURCES.txt'
[0.885s] [100%] Built target ament_cmake_python_build_interface_egg
[0.914s] Invoked command in '/home/jacob/MTRN4231/lab2_workspace/src/build/interface' returned '0': CMAKE_PREFIX_PATH=${CMAKE_PREFIX_PATH}:/opt/ros/humble /usr/bin/cmake --build /home/jacob/MTRN4231/lab2_workspace/src/build/interface -- -j8 -l8
[0.917s] Invoking command in '/home/jacob/MTRN4231/lab2_workspace/src/build/interface': CMAKE_PREFIX_PATH=${CMAKE_PREFIX_PATH}:/opt/ros/humble /usr/bin/cmake --install /home/jacob/MTRN4231/lab2_workspace/src/build/interface
[0.930s] -- Install configuration: ""
[0.931s] -- Up-to-date: /home/jacob/MTRN4231/lab2_workspace/src/install/interface/share/ament_index/resource_index/rosidl_interfaces/interface
[0.931s] -- Up-to-date: /home/jacob/MTRN4231/lab2_workspace/src/install/interface/include/interface/interface
[0.931s] -- Up-to-date: /home/jacob/MTRN4231/lab2_workspace/src/install/interface/include/interface/interface/msg
[0.931s] -- Up-to-date: /home/jacob/MTRN4231/lab2_workspace/src/install/interface/include/interface/interface/msg/rosidl_generator_c__visibility_control.h
[0.932s] -- Up-to-date: /home/jacob/MTRN4231/lab2_workspace/src/install/interface/include/interface/interface/srv
[0.932s] -- Up-to-date: /home/jacob/MTRN4231/lab2_workspace/src/install/interface/include/interface/interface/srv/lookup.h
[0.932s] -- Up-to-date: /home/jacob/MTRN4231/lab2_workspace/src/install/interface/include/interface/interface/srv/detail
[0.932s] -- Up-to-date: /home/jacob/MTRN4231/lab2_workspace/src/install/interface/include/interface/interface/srv/detail/lookup__functions.c
[0.932s] -- Up-to-date: /home/jacob/MTRN4231/lab2_workspace/src/install/interface/include/interface/interface/srv/detail/lookup__struct.h
[0.933s] -- Up-to-date: /home/jacob/MTRN4231/lab2_workspace/src/install/interface/include/interface/interface/srv/detail/lookup__functions.h
[0.933s] -- Up-to-date: /home/jacob/MTRN4231/lab2_workspace/src/install/interface/include/interface/interface/srv/detail/lookup__type_support.h
[0.933s] -- Up-to-date: /home/jacob/MTRN4231/lab2_workspace/src/install/interface/share/interface/environment/library_path.sh
[0.933s] -- Up-to-date: /home/jacob/MTRN4231/lab2_workspace/src/install/interface/share/interface/environment/library_path.dsv
[0.933s] -- Up-to-date: /home/jacob/MTRN4231/lab2_workspace/src/install/interface/lib/libinterface__rosidl_generator_c.so
[0.934s] -- Up-to-date: /home/jacob/MTRN4231/lab2_workspace/src/install/interface/include/interface/interface
[0.934s] -- Up-to-date: /home/jacob/MTRN4231/lab2_workspace/src/install/interface/include/interface/interface/msg
[0.934s] -- Up-to-date: /home/jacob/MTRN4231/lab2_workspace/src/install/interface/include/interface/interface/msg/rosidl_typesupport_fastrtps_c__visibility_control.h
[0.934s] -- Up-to-date: /home/jacob/MTRN4231/lab2_workspace/src/install/interface/include/interface/interface/srv
[0.934s] -- Up-to-date: /home/jacob/MTRN4231/lab2_workspace/src/install/interface/include/interface/interface/srv/detail
[0.934s] -- Up-to-date: /home/jacob/MTRN4231/lab2_workspace/src/install/interface/include/interface/interface/srv/detail/lookup__rosidl_typesupport_fastrtps_c.h
[0.935s] -- Up-to-date: /home/jacob/MTRN4231/lab2_workspace/src/install/interface/lib/libinterface__rosidl_typesupport_fastrtps_c.so
[0.935s] -- Up-to-date: /home/jacob/MTRN4231/lab2_workspace/src/install/interface/include/interface/interface
[0.935s] -- Up-to-date: /home/jacob/MTRN4231/lab2_workspace/src/install/interface/include/interface/interface/msg
[0.935s] -- Up-to-date: /home/jacob/MTRN4231/lab2_workspace/src/install/interface/include/interface/interface/msg/rosidl_generator_cpp__visibility_control.hpp
[0.936s] -- Up-to-date: /home/jacob/MTRN4231/lab2_workspace/src/install/interface/include/interface/interface/srv
[0.936s] -- Up-to-date: /home/jacob/MTRN4231/lab2_workspace/src/install/interface/include/interface/interface/srv/lookup.hpp
[0.936s] -- Up-to-date: /home/jacob/MTRN4231/lab2_workspace/src/install/interface/include/interface/interface/srv/detail
[0.936s] -- Up-to-date: /home/jacob/MTRN4231/lab2_workspace/src/install/interface/include/interface/interface/srv/detail/lookup__type_support.hpp
[0.936s] -- Up-to-date: /home/jacob/MTRN4231/lab2_workspace/src/install/interface/include/interface/interface/srv/detail/lookup__traits.hpp
[0.937s] -- Up-to-date: /home/jacob/MTRN4231/lab2_workspace/src/install/interface/include/interface/interface/srv/detail/lookup__builder.hpp
[0.937s] -- Up-to-date: /home/jacob/MTRN4231/lab2_workspace/src/install/interface/include/interface/interface/srv/detail/lookup__struct.hpp
[0.937s] -- Up-to-date: /home/jacob/MTRN4231/lab2_workspace/src/install/interface/include/interface/interface
[0.937s] -- Up-to-date: /home/jacob/MTRN4231/lab2_workspace/src/install/interface/include/interface/interface/msg
[0.937s] -- Up-to-date: /home/jacob/MTRN4231/lab2_workspace/src/install/interface/include/interface/interface/msg/rosidl_typesupport_fastrtps_cpp__visibility_control.h
[0.937s] -- Up-to-date: /home/jacob/MTRN4231/lab2_workspace/src/install/interface/include/interface/interface/srv
[0.938s] -- Up-to-date: /home/jacob/MTRN4231/lab2_workspace/src/install/interface/include/interface/interface/srv/detail
[0.938s] -- Up-to-date: /home/jacob/MTRN4231/lab2_workspace/src/install/interface/include/interface/interface/srv/detail/dds_fastrtps
[0.938s] -- Up-to-date: /home/jacob/MTRN4231/lab2_workspace/src/install/interface/include/interface/interface/srv/detail/lookup__rosidl_typesupport_fastrtps_cpp.hpp
[0.938s] -- Up-to-date: /home/jacob/MTRN4231/lab2_workspace/src/install/interface/lib/libinterface__rosidl_typesupport_fastrtps_cpp.so
[0.938s] -- Up-to-date: /home/jacob/MTRN4231/lab2_workspace/src/install/interface/include/interface/interface
[0.938s] -- Up-to-date: /home/jacob/MTRN4231/lab2_workspace/src/install/interface/include/interface/interface/msg
[0.938s] -- Up-to-date: /home/jacob/MTRN4231/lab2_workspace/src/install/interface/include/interface/interface/msg/rosidl_typesupport_introspection_c__visibility_control.h
[0.939s] -- Up-to-date: /home/jacob/MTRN4231/lab2_workspace/src/install/interface/include/interface/interface/srv
[0.939s] -- Up-to-date: /home/jacob/MTRN4231/lab2_workspace/src/install/interface/include/interface/interface/srv/detail
[0.939s] -- Up-to-date: /home/jacob/MTRN4231/lab2_workspace/src/install/interface/include/interface/interface/srv/detail/lookup__type_support.c
[0.939s] -- Up-to-date: /home/jacob/MTRN4231/lab2_workspace/src/install/interface/include/interface/interface/srv/detail/lookup__rosidl_typesupport_introspection_c.h
[0.939s] -- Up-to-date: /home/jacob/MTRN4231/lab2_workspace/src/install/interface/lib/libinterface__rosidl_typesupport_introspection_c.so
[0.940s] -- Up-to-date: /home/jacob/MTRN4231/lab2_workspace/src/install/interface/lib/libinterface__rosidl_typesupport_c.so
[0.940s] -- Up-to-date: /home/jacob/MTRN4231/lab2_workspace/src/install/interface/include/interface/interface
[0.940s] -- Up-to-date: /home/jacob/MTRN4231/lab2_workspace/src/install/interface/include/interface/interface/srv
[0.940s] -- Up-to-date: /home/jacob/MTRN4231/lab2_workspace/src/install/interface/include/interface/interface/srv/detail
[0.940s] -- Up-to-date: /home/jacob/MTRN4231/lab2_workspace/src/install/interface/include/interface/interface/srv/detail/lookup__type_support.cpp
[0.940s] -- Up-to-date: /home/jacob/MTRN4231/lab2_workspace/src/install/interface/include/interface/interface/srv/detail/lookup__rosidl_typesupport_introspection_cpp.hpp
[0.940s] -- Up-to-date: /home/jacob/MTRN4231/lab2_workspace/src/install/interface/lib/libinterface__rosidl_typesupport_introspection_cpp.so
[0.941s] -- Up-to-date: /home/jacob/MTRN4231/lab2_workspace/src/install/interface/lib/libinterface__rosidl_typesupport_cpp.so
[0.941s] -- Up-to-date: /home/jacob/MTRN4231/lab2_workspace/src/install/interface/share/interface/environment/pythonpath.sh
[0.941s] -- Up-to-date: /home/jacob/MTRN4231/lab2_workspace/src/install/interface/share/interface/environment/pythonpath.dsv
[0.941s] -- Up-to-date: /home/jacob/MTRN4231/lab2_workspace/src/install/interface/local/lib/python3.10/dist-packages/interface-0.0.0-py3.10.egg-info
[0.941s] -- Installing: /home/jacob/MTRN4231/lab2_workspace/src/install/interface/local/lib/python3.10/dist-packages/interface-0.0.0-py3.10.egg-info/SOURCES.txt
[0.941s] -- Installing: /home/jacob/MTRN4231/lab2_workspace/src/install/interface/local/lib/python3.10/dist-packages/interface-0.0.0-py3.10.egg-info/dependency_links.txt
[0.942s] -- Installing: /home/jacob/MTRN4231/lab2_workspace/src/install/interface/local/lib/python3.10/dist-packages/interface-0.0.0-py3.10.egg-info/top_level.txt
[0.942s] -- Installing: /home/jacob/MTRN4231/lab2_workspace/src/install/interface/local/lib/python3.10/dist-packages/interface-0.0.0-py3.10.egg-info/PKG-INFO
[0.942s] -- Up-to-date: /home/jacob/MTRN4231/lab2_workspace/src/install/interface/local/lib/python3.10/dist-packages/interface
[0.943s] -- Up-to-date: /home/jacob/MTRN4231/lab2_workspace/src/install/interface/local/lib/python3.10/dist-packages/interface/libinterface__rosidl_generator_py.so
[0.943s] -- Up-to-date: /home/jacob/MTRN4231/lab2_workspace/src/install/interface/local/lib/python3.10/dist-packages/interface/_interface_s.ep.rosidl_typesupport_c.c
[0.943s] -- Up-to-date: /home/jacob/MTRN4231/lab2_workspace/src/install/interface/local/lib/python3.10/dist-packages/interface/_interface_s.ep.rosidl_typesupport_fastrtps_c.c
[0.943s] -- Up-to-date: /home/jacob/MTRN4231/lab2_workspace/src/install/interface/local/lib/python3.10/dist-packages/interface/__init__.py
[0.943s] -- Up-to-date: /home/jacob/MTRN4231/lab2_workspace/src/install/interface/local/lib/python3.10/dist-packages/interface/interface_s__rosidl_typesupport_introspection_c.cpython-310-x86_64-linux-gnu.so
[0.943s] -- Up-to-date: /home/jacob/MTRN4231/lab2_workspace/src/install/interface/local/lib/python3.10/dist-packages/interface/interface_s__rosidl_typesupport_c.cpython-310-x86_64-linux-gnu.so
[0.944s] -- Up-to-date: /home/jacob/MTRN4231/lab2_workspace/src/install/interface/local/lib/python3.10/dist-packages/interface/interface_s__rosidl_typesupport_fastrtps_c.cpython-310-x86_64-linux-gnu.so
[0.944s] -- Up-to-date: /home/jacob/MTRN4231/lab2_workspace/src/install/interface/local/lib/python3.10/dist-packages/interface/srv
[0.944s] -- Up-to-date: /home/jacob/MTRN4231/lab2_workspace/src/install/interface/local/lib/python3.10/dist-packages/interface/srv/__init__.py
[0.944s] -- Up-to-date: /home/jacob/MTRN4231/lab2_workspace/src/install/interface/local/lib/python3.10/dist-packages/interface/srv/_lookup_s.c
[0.944s] -- Up-to-date: /home/jacob/MTRN4231/lab2_workspace/src/install/interface/local/lib/python3.10/dist-packages/interface/srv/_lookup.py
[0.944s] -- Up-to-date: /home/jacob/MTRN4231/lab2_workspace/src/install/interface/local/lib/python3.10/dist-packages/interface/_interface_s.ep.rosidl_typesupport_introspection_c.c
[1.020s] Listing '/home/jacob/MTRN4231/lab2_workspace/src/install/interface/local/lib/python3.10/dist-packages/interface'...
[1.020s] Listing '/home/jacob/MTRN4231/lab2_workspace/src/install/interface/local/lib/python3.10/dist-packages/interface/srv'...
[1.052s] -- Up-to-date: /home/jacob/MTRN4231/lab2_workspace/src/install/interface/local/lib/python3.10/dist-packages/interface/interface_s__rosidl_typesupport_fastrtps_c.cpython-310-x86_64-linux-gnu.so
[1.055s] -- Up-to-date: /home/jacob/MTRN4231/lab2_workspace/src/install/interface/local/lib/python3.10/dist-packages/interface/interface_s__rosidl_typesupport_introspection_c.cpython-310-x86_64-linux-gnu.so
[1.059s] -- Up-to-date: /home/jacob/MTRN4231/lab2_workspace/src/install/interface/local/lib/python3.10/dist-packages/interface/interface_s__rosidl_typesupport_c.cpython-310-x86_64-linux-gnu.so
[1.064s] -- Up-to-date: /home/jacob/MTRN4231/lab2_workspace/src/install/interface/lib/libinterface__rosidl_generator_py.so
[1.067s] -- Up-to-date: /home/jacob/MTRN4231/lab2_workspace/src/install/interface/share/interface/srv/Lookup.idl
[1.069s] -- Up-to-date: /home/jacob/MTRN4231/lab2_workspace/src/install/interface/share/interface/srv/Lookup.srv
[1.073s] -- Up-to-date: /home/jacob/MTRN4231/lab2_workspace/src/install/interface/share/interface/srv/Lookup_Request.msg
[1.075s] -- Up-to-date: /home/jacob/MTRN4231/lab2_workspace/src/install/interface/share/interface/srv/Lookup_Response.msg
[1.076s] -- Up-to-date: /home/jacob/MTRN4231/lab2_workspace/src/install/interface/share/ament_index/resource_index/package_run_dependencies/interface
[1.077s] -- Up-to-date: /home/jacob/MTRN4231/lab2_workspace/src/install/interface/share/ament_index/resource_index/parent_prefix_path/interface
[1.077s] -- Up-to-date: /home/jacob/MTRN4231/lab2_workspace/src/install/interface/share/interface/environment/ament_prefix_path.sh
[1.078s] -- Up-to-date: /home/jacob/MTRN4231/lab2_workspace/src/install/interface/share/interface/environment/ament_prefix_path.dsv
[1.079s] -- Up-to-date: /home/jacob/MTRN4231/lab2_workspace/src/install/interface/share/interface/environment/path.sh
[1.082s] -- Up-to-date: /home/jacob/MTRN4231/lab2_workspace/src/install/interface/share/interface/environment/path.dsv
[1.083s] -- Up-to-date: /home/jacob/MTRN4231/lab2_workspace/src/install/interface/share/interface/local_setup.bash
[1.083s] -- Up-to-date: /home/jacob/MTRN4231/lab2_workspace/src/install/interface/share/interface/local_setup.sh
[1.083s] -- Up-to-date: /home/jacob/MTRN4231/lab2_workspace/src/install/interface/share/interface/local_setup.zsh
[1.084s] -- Up-to-date: /home/jacob/MTRN4231/lab2_workspace/src/install/interface/share/interface/local_setup.dsv
[1.084s] -- Installing: /home/jacob/MTRN4231/lab2_workspace/src/install/interface/share/interface/package.dsv
[1.085s] -- Up-to-date: /home/jacob/MTRN4231/lab2_workspace/src/install/interface/share/ament_index/resource_index/packages/interface
[1.085s] -- Up-to-date: /home/jacob/MTRN4231/lab2_workspace/src/install/interface/share/interface/cmake/export_interface__rosidl_generator_cExport.cmake
[1.085s] -- Up-to-date: /home/jacob/MTRN4231/lab2_workspace/src/install/interface/share/interface/cmake/export_interface__rosidl_generator_cExport-noconfig.cmake
[1.089s] -- Up-to-date: /home/jacob/MTRN4231/lab2_workspace/src/install/interface/share/interface/cmake/export_interface__rosidl_typesupport_fastrtps_cExport.cmake
[1.090s] -- Up-to-date: /home/jacob/MTRN4231/lab2_workspace/src/install/interface/share/interface/cmake/export_interface__rosidl_typesupport_fastrtps_cExport-noconfig.cmake
[1.090s] -- Up-to-date: /home/jacob/MTRN4231/lab2_workspace/src/install/interface/share/interface/cmake/export_interface__rosidl_generator_cppExport.cmake
[1.090s] -- Up-to-date: /home/jacob/MTRN4231/lab2_workspace/src/install/interface/share/interface/cmake/export_interface__rosidl_typesupport_fastrtps_cppExport.cmake
[1.091s] -- Up-to-date: /home/jacob/MTRN4231/lab2_workspace/src/install/interface/share/interface/cmake/export_interface__rosidl_typesupport_fastrtps_cppExport-noconfig.cmake
[1.091s] -- Up-to-date: /home/jacob/MTRN4231/lab2_workspace/src/install/interface/share/interface/cmake/interface__rosidl_typesupport_introspection_cExport.cmake
[1.091s] -- Up-to-date: /home/jacob/MTRN4231/lab2_workspace/src/install/interface/share/interface/cmake/interface__rosidl_typesupport_introspection_cExport-noconfig.cmake
[1.091s] -- Up-to-date: /home/jacob/MTRN4231/lab2_workspace/src/install/interface/share/interface/cmake/interface__rosidl_typesupport_cExport.cmake
[1.092s] -- Up-to-date: /home/jacob/MTRN4231/lab2_workspace/src/install/interface/share/interface/cmake/interface__rosidl_typesupport_cExport-noconfig.cmake
[1.092s] -- Up-to-date: /home/jacob/MTRN4231/lab2_workspace/src/install/interface/share/interface/cmake/interface__rosidl_typesupport_introspection_cppExport.cmake
[1.095s] -- Up-to-date: /home/jacob/MTRN4231/lab2_workspace/src/install/interface/share/interface/cmake/interface__rosidl_typesupport_introspection_cppExport-noconfig.cmake
[1.095s] -- Up-to-date: /home/jacob/MTRN4231/lab2_workspace/src/install/interface/share/interface/cmake/interface__rosidl_typesupport_cppExport.cmake
[1.096s] -- Up-to-date: /home/jacob/MTRN4231/lab2_workspace/src/install/interface/share/interface/cmake/interface__rosidl_typesupport_cppExport-noconfig.cmake
[1.096s] -- Up-to-date: /home/jacob/MTRN4231/lab2_workspace/src/install/interface/share/interface/cmake/export_interface__rosidl_generator_pyExport.cmake
[1.096s] -- Up-to-date: /home/jacob/MTRN4231/lab2_workspace/src/install/interface/share/interface/cmake/export_interface__rosidl_generator_pyExport-noconfig.cmake
[1.096s] -- Up-to-date: /home/jacob/MTRN4231/lab2_workspace/src/install/interface/share/interface/cmake/rosidl_cmake-extras.cmake
[1.096s] -- Up-to-date: /home/jacob/MTRN4231/lab2_workspace/src/install/interface/share/interface/cmake/ament_cmake_export_dependencies-extras.cmake
[1.097s] -- Up-to-date: /home/jacob/MTRN4231/lab2_workspace/src/install/interface/share/interface/cmake/ament_cmake_export_include_directories-extras.cmake
[1.101s] -- Up-to-date: /home/jacob/MTRN4231/lab2_workspace/src/install/interface/share/interface/cmake/ament_cmake_export_libraries-extras.cmake
[1.102s] -- Up-to-date: /home/jacob/MTRN4231/lab2_workspace/src/install/interface/share/interface/cmake/ament_cmake_export_targets-extras.cmake
[1.102s] -- Up-to-date: /home/jacob/MTRN4231/lab2_workspace/src/install/interface/share/interface/cmake/rosidl_cmake_export_typesupport_targets-extras.cmake
[1.102s] -- Up-to-date: /home/jacob/MTRN4231/lab2_workspace/src/install/interface/share/interface/cmake/rosidl_cmake_export_typesupport_libraries-extras.cmake
[1.102s] -- Up-to-date: /home/jacob/MTRN4231/lab2_workspace/src/install/interface/share/interface/cmake/interfaceConfig.cmake
[1.102s] -- Up-to-date: /home/jacob/MTRN4231/lab2_workspace/src/install/interface/share/interface/cmake/interfaceConfig-version.cmake
[1.103s] -- Up-to-date: /home/jacob/MTRN4231/lab2_workspace/src/install/interface/share/interface/package.xml
[1.103s] Invoked command in '/home/jacob/MTRN4231/lab2_workspace/src/build/interface' returned '0': CMAKE_PREFIX_PATH=${CMAKE_PREFIX_PATH}:/opt/ros/humble /usr/bin/cmake --install /home/jacob/MTRN4231/lab2_workspace/src/build/interface
