[0.034s] Invoking command in '/home/jacob/MTRN4231/lab1_workspace/build/cpp_pubsub': CMAKE_PREFIX_PATH=/opt/ros/humble /usr/bin/cmake /home/jacob/MTRN4231/lab1_workspace/src/cpp_pubsub -DCMAKE_INSTALL_PREFIX=/home/jacob/MTRN4231/lab1_workspace/install/cpp_pubsub
[0.068s] -- Found ament_cmake: 1.3.12 (/opt/ros/humble/share/ament_cmake/cmake)
[0.329s] -- Found rclcpp: 16.0.14 (/opt/ros/humble/share/rclcpp/cmake)
[0.848s] -- Found rosidl_generator_c: 3.1.7 (/opt/ros/humble/share/rosidl_generator_c/cmake)
[0.852s] -- Found rosidl_adapter: 3.1.7 (/opt/ros/humble/share/rosidl_adapter/cmake)
[0.860s] -- Found rosidl_generator_cpp: 3.1.7 (/opt/ros/humble/share/rosidl_generator_cpp/cmake)
[0.873s] -- Using all available rosidl_typesupport_c: rosidl_typesupport_fastrtps_c;rosidl_typesupport_introspection_c
[0.890s] -- Using all available rosidl_typesupport_cpp: rosidl_typesupport_fastrtps_cpp;rosidl_typesupport_introspection_cpp
[0.943s] -- Found rmw_implementation_cmake: 6.1.2 (/opt/ros/humble/share/rmw_implementation_cmake/cmake)
[0.946s] -- Found rmw_fastrtps_cpp: 6.2.8 (/opt/ros/humble/share/rmw_fastrtps_cpp/cmake)
[19.993s] -- Using RMW implementation 'rmw_fastrtps_cpp' as default
[20.092s] -- Found ament_lint_auto: 0.12.14 (/opt/ros/humble/share/ament_lint_auto/cmake)
[20.275s] -- Added test 'cppcheck' to perform static code analysis on C / C++ code
[20.276s] -- Configured cppcheck include dirs: 
[20.276s] -- Configured cppcheck exclude dirs and/or files: 
[20.280s] -- Added test 'lint_cmake' to check CMake code style
[20.284s] -- Added test 'uncrustify' to check C / C++ code style
[20.284s] -- Configured uncrustify additional arguments: 
[20.289s] -- Added test 'xmllint' to check XML markup files
[20.298s] -- Configuring done
[20.305s] [31mCMake Error at CMakeLists.txt:16 (add_executable):
[20.306s]   Cannot find source file:
[20.306s] 
[20.306s]     src/publisher_member_fucntion.cpp
[20.306s] 
[20.306s]   Tried extensions .c .C .c++ .cc .cpp .cxx .cu .mpp .m .M .mm .ixx .cppm .h
[20.306s]   .hh .h++ .hm .hpp .hxx .in .txx .f .F .for .f77 .f90 .f95 .f03 .hip .ispc
[20.306s] 
[20.306s] [0m
[20.307s] [31mCMake Error at CMakeLists.txt:16 (add_executable):
[20.307s]   No SOURCES given to target: talker
[20.307s] 
[20.308s] [0m
[20.308s] [0mCMake Generate step failed.  Build files cannot be regenerated correctly.[0m
[20.327s] Invoked command in '/home/jacob/MTRN4231/lab1_workspace/build/cpp_pubsub' returned '1': CMAKE_PREFIX_PATH=/opt/ros/humble /usr/bin/cmake /home/jacob/MTRN4231/lab1_workspace/src/cpp_pubsub -DCMAKE_INSTALL_PREFIX=/home/jacob/MTRN4231/lab1_workspace/install/cpp_pubsub
